2026-05-20 15:11:32,512 INFO Round-02 MNIST 28x28 dim_g_sweep=(100, 160, 256) seeds=[3, 7, 11] device=cpu
2026-05-20 15:11:32,512 INFO === dim_g=100 ===
2026-05-20 15:11:35,913 WARNING L-BFGS did not converge for snapshot 0: residual = 1.58e-02
2026-05-20 15:11:38,422 WARNING L-BFGS did not converge for snapshot 1: residual = 5.16e-02
2026-05-20 15:11:40,824 WARNING L-BFGS did not converge for snapshot 2: residual = 5.24e-02
2026-05-20 15:11:43,160 WARNING L-BFGS did not converge for snapshot 3: residual = 6.96e-02
2026-05-20 15:11:46,705 WARNING L-BFGS did not converge for snapshot 4: residual = 1.78e-02
2026-05-20 15:11:48,563 WARNING L-BFGS did not converge for snapshot 5: residual = 9.31e-02
2026-05-20 15:11:50,393 WARNING L-BFGS did not converge for snapshot 6: residual = 1.12e-01
2026-05-20 15:11:52,179 WARNING L-BFGS did not converge for snapshot 7: residual = 2.53e-02
2026-05-20 15:11:54,009 WARNING L-BFGS did not converge for snapshot 8: residual = 5.45e-02
2026-05-20 15:11:55,848 WARNING L-BFGS did not converge for snapshot 9: residual = 6.28e-02
2026-05-20 15:11:57,646 WARNING L-BFGS did not converge for snapshot 10: residual = 3.64e-02
2026-05-20 15:11:59,438 WARNING L-BFGS did not converge for snapshot 11: residual = 1.96e-02
2026-05-20 15:12:01,300 WARNING L-BFGS did not converge for snapshot 12: residual = 5.37e-02
2026-05-20 15:12:03,152 WARNING L-BFGS did not converge for snapshot 13: residual = 3.27e-02
2026-05-20 15:12:04,973 WARNING L-BFGS did not converge for snapshot 14: residual = 2.92e-02
2026-05-20 15:12:07,126 WARNING L-BFGS did not converge for snapshot 15: residual = 3.57e-02
2026-05-20 15:12:09,779 WARNING L-BFGS did not converge for snapshot 16: residual = 5.14e-02
2026-05-20 15:12:12,351 WARNING L-BFGS did not converge for snapshot 17: residual = 6.35e-02
2026-05-20 15:12:15,087 WARNING L-BFGS did not converge for snapshot 18: residual = 2.17e-01
2026-05-20 15:12:17,729 WARNING L-BFGS did not converge for snapshot 19: residual = 1.03e-02
2026-05-20 15:12:20,233 WARNING L-BFGS did not converge for snapshot 20: residual = 2.14e-02
2026-05-20 15:12:22,650 WARNING L-BFGS did not converge for snapshot 21: residual = 1.57e-01
2026-05-20 15:12:25,134 WARNING L-BFGS did not converge for snapshot 22: residual = 6.38e-02
2026-05-20 15:12:29,636 WARNING L-BFGS did not converge for snapshot 23: residual = 1.40e-01
2026-05-20 15:12:32,119 WARNING L-BFGS did not converge for snapshot 24: residual = 7.27e-02
2026-05-20 15:12:36,799 WARNING L-BFGS did not converge for snapshot 25: residual = 2.45e-02
2026-05-20 15:12:39,589 WARNING L-BFGS did not converge for snapshot 26: residual = 2.43e-02
2026-05-20 15:12:42,109 WARNING L-BFGS did not converge for snapshot 27: residual = 7.87e-02
2026-05-20 15:12:44,603 WARNING L-BFGS did not converge for snapshot 28: residual = 6.25e-02
2026-05-20 15:12:47,075 WARNING L-BFGS did not converge for snapshot 29: residual = 4.39e-02
2026-05-20 15:12:49,539 WARNING L-BFGS did not converge for snapshot 30: residual = 9.29e-02
2026-05-20 15:12:51,948 WARNING L-BFGS did not converge for snapshot 31: residual = 1.46e-01
2026-05-20 15:12:51,950 INFO seed=3 dim_g=100 shard_oracle shard_l3 snap=0.0301 mse=0.2288 psnr=6.41 pass=False
2026-05-20 15:14:48,823 INFO JOLI inversion complete: N=32, d=784, dim_g=100, n_batch=500, adam_steps=2000, tv_adam=0.0000, tv_lbfgs=0.0050
2026-05-20 15:14:48,826 INFO seed=3 dim_g=100 shard_oracle joli_l3 snap=0.0301 mse=0.1061 psnr=9.74 pass=False
2026-05-20 15:14:53,645 WARNING L-BFGS did not converge for snapshot 0: residual = 3.36e-03
2026-05-20 15:14:56,043 WARNING L-BFGS did not converge for snapshot 1: residual = 6.58e-02
2026-05-20 15:14:58,485 WARNING L-BFGS did not converge for snapshot 2: residual = 1.28e-02
2026-05-20 15:15:00,906 WARNING L-BFGS did not converge for snapshot 3: residual = 1.31e-02
2026-05-20 15:15:03,404 WARNING L-BFGS did not converge for snapshot 4: residual = 5.62e-02
2026-05-20 15:15:05,919 WARNING L-BFGS did not converge for snapshot 5: residual = 2.20e-02
2026-05-20 15:15:08,398 WARNING L-BFGS did not converge for snapshot 6: residual = 2.62e-02
2026-05-20 15:15:10,897 WARNING L-BFGS did not converge for snapshot 7: residual = 7.76e-02
2026-05-20 15:15:13,349 WARNING L-BFGS did not converge for snapshot 8: residual = 3.13e-02
2026-05-20 15:15:15,841 WARNING L-BFGS did not converge for snapshot 9: residual = 1.04e-02
2026-05-20 15:15:18,262 WARNING L-BFGS did not converge for snapshot 10: residual = 1.78e-02
2026-05-20 15:15:20,765 WARNING L-BFGS did not converge for snapshot 11: residual = 5.10e-02
2026-05-20 15:15:23,171 WARNING L-BFGS did not converge for snapshot 12: residual = 4.31e-03
2026-05-20 15:15:25,600 WARNING L-BFGS did not converge for snapshot 13: residual = 2.40e-02
2026-05-20 15:15:28,195 WARNING L-BFGS did not converge for snapshot 14: residual = 2.09e-02
2026-05-20 15:15:30,555 WARNING L-BFGS did not converge for snapshot 15: residual = 2.06e-02
2026-05-20 15:15:33,134 WARNING L-BFGS did not converge for snapshot 16: residual = 3.72e-02
2026-05-20 15:15:35,766 WARNING L-BFGS did not converge for snapshot 17: residual = 6.49e-03
2026-05-20 15:15:37,909 WARNING L-BFGS did not converge for snapshot 18: residual = 2.70e-02
2026-05-20 15:15:39,895 WARNING L-BFGS did not converge for snapshot 19: residual = 3.05e-02
2026-05-20 15:15:41,914 WARNING L-BFGS did not converge for snapshot 20: residual = 5.99e-03
2026-05-20 15:15:43,893 WARNING L-BFGS did not converge for snapshot 21: residual = 1.28e-02
2026-05-20 15:15:45,802 WARNING L-BFGS did not converge for snapshot 22: residual = 2.18e-02
2026-05-20 15:15:47,674 WARNING L-BFGS did not converge for snapshot 23: residual = 7.31e-02
2026-05-20 15:15:49,566 WARNING L-BFGS did not converge for snapshot 24: residual = 1.14e-02
2026-05-20 15:15:51,486 WARNING L-BFGS did not converge for snapshot 25: residual = 3.17e-02
2026-05-20 15:15:53,490 WARNING L-BFGS did not converge for snapshot 26: residual = 3.53e-02
2026-05-20 15:15:56,117 WARNING L-BFGS did not converge for snapshot 27: residual = 1.94e-02
2026-05-20 15:15:58,669 WARNING L-BFGS did not converge for snapshot 28: residual = 9.49e-03
2026-05-20 15:16:01,216 WARNING L-BFGS did not converge for snapshot 29: residual = 1.92e-02
2026-05-20 15:16:03,704 WARNING L-BFGS did not converge for snapshot 30: residual = 1.99e-02
2026-05-20 15:16:06,199 WARNING L-BFGS did not converge for snapshot 31: residual = 7.38e-02
2026-05-20 15:16:06,201 INFO seed=3 dim_g=100 lasa_qterm_T1p shard_l3 snap=0.0191 mse=0.2324 psnr=6.34 pass=False
2026-05-20 15:17:59,614 INFO JOLI inversion complete: N=32, d=784, dim_g=100, n_batch=500, adam_steps=2000, tv_adam=0.0000, tv_lbfgs=0.0050
2026-05-20 15:17:59,619 INFO seed=3 dim_g=100 lasa_qterm_T1p joli_l3 snap=0.0191 mse=0.1021 psnr=9.91 pass=False
2026-05-20 15:18:02,277 WARNING L-BFGS did not converge for snapshot 0: residual = 5.35e-03
2026-05-20 15:18:05,069 WARNING L-BFGS did not converge for snapshot 1: residual = 2.00e-02
2026-05-20 15:18:07,368 WARNING L-BFGS did not converge for snapshot 2: residual = 2.91e-03
2026-05-20 15:18:10,218 WARNING L-BFGS did not converge for snapshot 4: residual = 7.66e-03
2026-05-20 15:18:12,037 WARNING L-BFGS did not converge for snapshot 5: residual = 1.84e-03
2026-05-20 15:18:13,911 WARNING L-BFGS did not converge for snapshot 6: residual = 2.61e-03
2026-05-20 15:18:15,782 WARNING L-BFGS did not converge for snapshot 7: residual = 7.89e-04
2026-05-20 15:18:19,511 WARNING L-BFGS did not converge for snapshot 9: residual = 5.56e-04
2026-05-20 15:18:21,398 WARNING L-BFGS did not converge for snapshot 10: residual = 3.62e-03
2026-05-20 15:18:24,639 WARNING L-BFGS did not converge for snapshot 12: residual = 7.66e-03
2026-05-20 15:18:27,082 WARNING L-BFGS did not converge for snapshot 13: residual = 8.40e-04
2026-05-20 15:18:29,510 WARNING L-BFGS did not converge for snapshot 14: residual = 6.82e-03
2026-05-20 15:18:32,142 WARNING L-BFGS did not converge for snapshot 15: residual = 1.26e-02
2026-05-20 15:18:34,730 WARNING L-BFGS did not converge for snapshot 16: residual = 2.22e-03
2026-05-20 15:18:36,829 WARNING L-BFGS did not converge for snapshot 17: residual = 8.99e-03
2026-05-20 15:18:39,041 WARNING L-BFGS did not converge for snapshot 18: residual = 1.36e-02
2026-05-20 15:18:41,228 WARNING L-BFGS did not converge for snapshot 19: residual = 6.77e-04
2026-05-20 15:18:47,761 WARNING L-BFGS did not converge for snapshot 22: residual = 5.43e-04
2026-05-20 15:18:52,938 WARNING L-BFGS did not converge for snapshot 24: residual = 3.53e-03
2026-05-20 15:18:55,584 WARNING L-BFGS did not converge for snapshot 25: residual = 8.11e-04
2026-05-20 15:18:58,123 WARNING L-BFGS did not converge for snapshot 26: residual = 1.66e-04
2026-05-20 15:19:00,966 WARNING L-BFGS did not converge for snapshot 27: residual = 9.10e-03
2026-05-20 15:19:03,797 WARNING L-BFGS did not converge for snapshot 28: residual = 1.11e-03
2026-05-20 15:19:06,586 WARNING L-BFGS did not converge for snapshot 29: residual = 6.91e-03
2026-05-20 15:19:11,674 WARNING L-BFGS did not converge for snapshot 31: residual = 1.12e-03
2026-05-20 15:19:11,677 INFO seed=3 dim_g=100 lasa_qterm_T1b shard_l3 snap=0.0043 mse=0.2371 psnr=6.25 pass=False
2026-05-20 15:20:48,040 INFO JOLI inversion complete: N=32, d=784, dim_g=100, n_batch=500, adam_steps=2000, tv_adam=0.0000, tv_lbfgs=0.0050
2026-05-20 15:20:48,044 INFO seed=3 dim_g=100 lasa_qterm_T1b joli_l3 snap=0.0043 mse=0.0889 psnr=10.51 pass=False
/workspace/research-artifacts/qfl-vqc-mnist-recon/code/benchmark_round02.py:282: UserWarning: SHARD did not converge within 500 iterations (final ||ΔS||_F = 4.35e+00).
  s = attacker.level2_disaggregate(
2026-05-20 15:21:08,302 WARNING L-BFGS did not converge for snapshot 0: residual = 7.70e+00
2026-05-20 15:21:10,695 WARNING L-BFGS did not converge for snapshot 1: residual = 3.78e+01
2026-05-20 15:21:12,997 WARNING L-BFGS did not converge for snapshot 2: residual = 3.56e+01
2026-05-20 15:21:15,395 WARNING L-BFGS did not converge for snapshot 3: residual = 1.71e-02
2026-05-20 15:21:17,777 WARNING L-BFGS did not converge for snapshot 4: residual = 8.55e-01
2026-05-20 15:21:20,189 WARNING L-BFGS did not converge for snapshot 5: residual = 3.25e+00
2026-05-20 15:21:22,604 WARNING L-BFGS did not converge for snapshot 6: residual = 7.51e-02
2026-05-20 15:21:25,013 WARNING L-BFGS did not converge for snapshot 7: residual = 8.32e+00
2026-05-20 15:21:27,501 WARNING L-BFGS did not converge for snapshot 8: residual = 1.91e+01
2026-05-20 15:21:29,916 WARNING L-BFGS did not converge for snapshot 9: residual = 2.29e+01
2026-05-20 15:21:32,349 WARNING L-BFGS did not converge for snapshot 10: residual = 8.80e+00
2026-05-20 15:21:34,800 WARNING L-BFGS did not converge for snapshot 11: residual = 3.26e+00
2026-05-20 15:21:37,169 WARNING L-BFGS did not converge for snapshot 12: residual = 2.82e+00
2026-05-20 15:21:39,550 WARNING L-BFGS did not converge for snapshot 13: residual = 9.42e+00
2026-05-20 15:21:41,913 WARNING L-BFGS did not converge for snapshot 14: residual = 2.20e+00
2026-05-20 15:21:44,302 WARNING L-BFGS did not converge for snapshot 15: residual = 1.74e+01
2026-05-20 15:21:46,658 WARNING L-BFGS did not converge for snapshot 16: residual = 5.70e-02
2026-05-20 15:21:49,059 WARNING L-BFGS did not converge for snapshot 17: residual = 8.64e-01
2026-05-20 15:21:51,425 WARNING L-BFGS did not converge for snapshot 18: residual = 5.21e-01
2026-05-20 15:21:53,775 WARNING L-BFGS did not converge for snapshot 19: residual = 4.82e-01
2026-05-20 15:21:56,128 WARNING L-BFGS did not converge for snapshot 20: residual = 3.07e-01
2026-05-20 15:21:58,520 WARNING L-BFGS did not converge for snapshot 21: residual = 1.86e+00
2026-05-20 15:22:00,893 WARNING L-BFGS did not converge for snapshot 22: residual = 5.57e+01
2026-05-20 15:22:03,396 WARNING L-BFGS did not converge for snapshot 23: residual = 1.21e+01
2026-05-20 15:22:05,881 WARNING L-BFGS did not converge for snapshot 24: residual = 2.80e+01
2026-05-20 15:22:08,406 WARNING L-BFGS did not converge for snapshot 25: residual = 9.73e-01
2026-05-20 15:22:10,917 WARNING L-BFGS did not converge for snapshot 26: residual = 1.47e-01
2026-05-20 15:22:13,394 WARNING L-BFGS did not converge for snapshot 27: residual = 1.95e+01
2026-05-20 15:22:15,872 WARNING L-BFGS did not converge for snapshot 28: residual = 2.23e+00
2026-05-20 15:22:18,370 WARNING L-BFGS did not converge for snapshot 29: residual = 9.77e+00
2026-05-20 15:22:20,865 WARNING L-BFGS did not converge for snapshot 30: residual = 2.91e+01
2026-05-20 15:22:23,318 WARNING L-BFGS did not converge for snapshot 31: residual = 1.82e-01
2026-05-20 15:22:23,321 INFO seed=7 dim_g=100 shard_oracle shard_l3 snap=0.3907 mse=0.2986 psnr=5.25 pass=False
2026-05-20 15:23:43,648 INFO JOLI inversion complete: N=32, d=784, dim_g=100, n_batch=500, adam_steps=2000, tv_adam=0.0000, tv_lbfgs=0.0050
2026-05-20 15:23:43,651 INFO seed=7 dim_g=100 shard_oracle joli_l3 snap=0.3907 mse=0.2627 psnr=5.81 pass=False
2026-05-20 15:23:46,343 WARNING L-BFGS did not converge for snapshot 0: residual = 8.28e-03
2026-05-20 15:23:48,864 WARNING L-BFGS did not converge for snapshot 1: residual = 1.34e-01
2026-05-20 15:23:51,383 WARNING L-BFGS did not converge for snapshot 2: residual = 2.94e-01
2026-05-20 15:23:54,010 WARNING L-BFGS did not converge for snapshot 3: residual = 1.25e+00
2026-05-20 15:23:56,468 WARNING L-BFGS did not converge for snapshot 4: residual = 4.32e-01
2026-05-20 15:23:58,903 WARNING L-BFGS did not converge for snapshot 5: residual = 9.03e-02
2026-05-20 15:24:01,497 WARNING L-BFGS did not converge for snapshot 6: residual = 1.00e-01
2026-05-20 15:24:03,978 WARNING L-BFGS did not converge for snapshot 7: residual = 1.52e+00
2026-05-20 15:24:06,351 WARNING L-BFGS did not converge for snapshot 8: residual = 1.06e-02
2026-05-20 15:24:10,021 WARNING L-BFGS did not converge for snapshot 9: residual = 8.63e-01
2026-05-20 15:24:12,537 WARNING L-BFGS did not converge for snapshot 10: residual = 2.12e-01
2026-05-20 15:24:15,026 WARNING L-BFGS did not converge for snapshot 11: residual = 2.17e+00
2026-05-20 15:24:17,495 WARNING L-BFGS did not converge for snapshot 12: residual = 1.26e+00
2026-05-20 15:24:20,084 WARNING L-BFGS did not converge for snapshot 13: residual = 1.93e-02
2026-05-20 15:24:22,660 WARNING L-BFGS did not converge for snapshot 14: residual = 7.42e-01
2026-05-20 15:24:25,206 WARNING L-BFGS did not converge for snapshot 15: residual = 1.94e-01
2026-05-20 15:24:27,814 WARNING L-BFGS did not converge for snapshot 16: residual = 4.12e-01
2026-05-20 15:24:30,310 WARNING L-BFGS did not converge for snapshot 17: residual = 1.75e-02
2026-05-20 15:24:32,733 WARNING L-BFGS did not converge for snapshot 18: residual = 9.57e-01
2026-05-20 15:24:35,122 WARNING L-BFGS did not converge for snapshot 19: residual = 1.04e+00
2026-05-20 15:24:37,548 WARNING L-BFGS did not converge for snapshot 20: residual = 2.23e+00
2026-05-20 15:24:40,037 WARNING L-BFGS did not converge for snapshot 21: residual = 4.70e-01
2026-05-20 15:24:42,500 WARNING L-BFGS did not converge for snapshot 22: residual = 1.11e-01
2026-05-20 15:24:46,001 WARNING L-BFGS did not converge for snapshot 23: residual = 7.85e-02
2026-05-20 15:24:48,437 WARNING L-BFGS did not converge for snapshot 24: residual = 1.51e-01
2026-05-20 15:24:50,927 WARNING L-BFGS did not converge for snapshot 25: residual = 2.28e-01
2026-05-20 15:24:53,467 WARNING L-BFGS did not converge for snapshot 26: residual = 1.77e-02
2026-05-20 15:24:55,929 WARNING L-BFGS did not converge for snapshot 27: residual = 1.52e+00
2026-05-20 15:24:58,380 WARNING L-BFGS did not converge for snapshot 28: residual = 4.90e-01
2026-05-20 15:25:01,056 WARNING L-BFGS did not converge for snapshot 29: residual = 1.11e+00
2026-05-20 15:25:03,861 WARNING L-BFGS did not converge for snapshot 30: residual = 1.51e-01
2026-05-20 15:25:06,637 WARNING L-BFGS did not converge for snapshot 31: residual = 4.73e+00
2026-05-20 15:25:06,640 INFO seed=7 dim_g=100 lasa_qterm_T1p shard_l3 snap=0.0665 mse=0.2451 psnr=6.11 pass=False
2026-05-20 15:27:09,052 INFO JOLI inversion complete: N=32, d=784, dim_g=100, n_batch=500, adam_steps=2000, tv_adam=0.0000, tv_lbfgs=0.0050
2026-05-20 15:27:09,055 INFO seed=7 dim_g=100 lasa_qterm_T1p joli_l3 snap=0.0665 mse=0.1649 psnr=7.83 pass=False
2026-05-20 15:28:02,102 INFO seed=7 dim_g=100 lasa_qterm_T1b shard_l3 snap=0.0000 mse=0.2765 psnr=5.58 pass=False
2026-05-20 15:29:30,538 INFO JOLI inversion complete: N=32, d=784, dim_g=100, n_batch=500, adam_steps=2000, tv_adam=0.0000, tv_lbfgs=0.0050
2026-05-20 15:29:30,541 INFO seed=7 dim_g=100 lasa_qterm_T1b joli_l3 snap=0.0000 mse=0.1172 psnr=9.31 pass=False
/workspace/research-artifacts/qfl-vqc-mnist-recon/code/benchmark_round02.py:282: UserWarning: SHARD did not converge within 500 iterations (final ||ΔS||_F = 5.60e+00).
  s = attacker.level2_disaggregate(
2026-05-20 15:29:50,557 WARNING L-BFGS did not converge for snapshot 0: residual = 1.01e+01
2026-05-20 15:29:52,870 WARNING L-BFGS did not converge for snapshot 1: residual = 1.10e+01
2026-05-20 15:29:55,228 WARNING L-BFGS did not converge for snapshot 2: residual = 6.40e-01
2026-05-20 15:29:57,721 WARNING L-BFGS did not converge for snapshot 3: residual = 6.28e-01
2026-05-20 15:30:00,103 WARNING L-BFGS did not converge for snapshot 4: residual = 3.32e-01
2026-05-20 15:30:02,484 WARNING L-BFGS did not converge for snapshot 5: residual = 1.90e+01
2026-05-20 15:30:04,886 WARNING L-BFGS did not converge for snapshot 6: residual = 1.09e+01
2026-05-20 15:30:07,293 WARNING L-BFGS did not converge for snapshot 7: residual = 5.77e-01
2026-05-20 15:30:09,664 WARNING L-BFGS did not converge for snapshot 8: residual = 3.49e-01
2026-05-20 15:30:12,039 WARNING L-BFGS did not converge for snapshot 9: residual = 1.91e+01
2026-05-20 15:30:14,470 WARNING L-BFGS did not converge for snapshot 10: residual = 8.94e+00
2026-05-20 15:30:16,830 WARNING L-BFGS did not converge for snapshot 11: residual = 2.19e-01
2026-05-20 15:30:19,184 WARNING L-BFGS did not converge for snapshot 12: residual = 7.76e+00
2026-05-20 15:30:21,709 WARNING L-BFGS did not converge for snapshot 13: residual = 3.65e+00
2026-05-20 15:30:24,471 WARNING L-BFGS did not converge for snapshot 14: residual = 5.75e-01
2026-05-20 15:30:27,202 WARNING L-BFGS did not converge for snapshot 15: residual = 6.44e-01
2026-05-20 15:30:29,834 WARNING L-BFGS did not converge for snapshot 16: residual = 7.81e+01
2026-05-20 15:30:32,538 WARNING L-BFGS did not converge for snapshot 17: residual = 7.03e-01
2026-05-20 15:30:37,150 WARNING L-BFGS did not converge for snapshot 18: residual = 5.87e-01
2026-05-20 15:30:39,771 WARNING L-BFGS did not converge for snapshot 19: residual = 1.20e+01
2026-05-20 15:30:42,315 WARNING L-BFGS did not converge for snapshot 20: residual = 1.16e+01
2026-05-20 15:30:44,765 WARNING L-BFGS did not converge for snapshot 21: residual = 6.45e+01
2026-05-20 15:30:47,193 WARNING L-BFGS did not converge for snapshot 22: residual = 1.30e-01
2026-05-20 15:30:49,703 WARNING L-BFGS did not converge for snapshot 23: residual = 1.27e+01
2026-05-20 15:30:52,168 WARNING L-BFGS did not converge for snapshot 24: residual = 1.01e+00
2026-05-20 15:30:54,632 WARNING L-BFGS did not converge for snapshot 25: residual = 8.70e+00
2026-05-20 15:30:57,136 WARNING L-BFGS did not converge for snapshot 26: residual = 4.78e-01
2026-05-20 15:30:59,668 WARNING L-BFGS did not converge for snapshot 27: residual = 5.48e+00
2026-05-20 15:31:02,263 WARNING L-BFGS did not converge for snapshot 28: residual = 5.24e-01
2026-05-20 15:31:04,685 WARNING L-BFGS did not converge for snapshot 29: residual = 1.16e+00
2026-05-20 15:31:07,139 WARNING L-BFGS did not converge for snapshot 30: residual = 1.02e+01
2026-05-20 15:31:09,412 WARNING L-BFGS did not converge for snapshot 31: residual = 9.53e-01
2026-05-20 15:31:09,415 INFO seed=11 dim_g=100 shard_oracle shard_l3 snap=0.3246 mse=0.2907 psnr=5.37 pass=False
2026-05-20 15:33:21,783 INFO JOLI inversion complete: N=32, d=784, dim_g=100, n_batch=500, adam_steps=2000, tv_adam=0.0000, tv_lbfgs=0.0050
2026-05-20 15:33:21,786 INFO seed=11 dim_g=100 shard_oracle joli_l3 snap=0.3246 mse=0.2556 psnr=5.92 pass=False
2026-05-20 15:33:26,512 WARNING L-BFGS did not converge for snapshot 0: residual = 6.82e-01
2026-05-20 15:33:28,984 WARNING L-BFGS did not converge for snapshot 1: residual = 3.63e-02
2026-05-20 15:33:31,348 WARNING L-BFGS did not converge for snapshot 2: residual = 1.82e-01
2026-05-20 15:33:33,729 WARNING L-BFGS did not converge for snapshot 3: residual = 6.07e-01
2026-05-20 15:33:36,063 WARNING L-BFGS did not converge for snapshot 4: residual = 4.10e-01
2026-05-20 15:33:38,512 WARNING L-BFGS did not converge for snapshot 5: residual = 3.37e-01
2026-05-20 15:33:40,814 WARNING L-BFGS did not converge for snapshot 6: residual = 1.33e-01
2026-05-20 15:33:42,676 WARNING L-BFGS did not converge for snapshot 7: residual = 4.13e+00
2026-05-20 15:33:44,551 WARNING L-BFGS did not converge for snapshot 8: residual = 2.72e-01
2026-05-20 15:33:46,446 WARNING L-BFGS did not converge for snapshot 9: residual = 2.44e-01
2026-05-20 15:33:48,320 WARNING L-BFGS did not converge for snapshot 10: residual = 3.17e-01
2026-05-20 15:33:50,231 WARNING L-BFGS did not converge for snapshot 11: residual = 1.41e-01
2026-05-20 15:33:52,155 WARNING L-BFGS did not converge for snapshot 12: residual = 7.87e-01
2026-05-20 15:33:53,990 WARNING L-BFGS did not converge for snapshot 13: residual = 1.72e+00
2026-05-20 15:33:55,914 WARNING L-BFGS did not converge for snapshot 14: residual = 3.19e-01
2026-05-20 15:33:57,865 WARNING L-BFGS did not converge for snapshot 15: residual = 5.47e-01
2026-05-20 15:33:59,625 WARNING L-BFGS did not converge for snapshot 16: residual = 2.04e+00
2026-05-20 15:34:01,380 WARNING L-BFGS did not converge for snapshot 17: residual = 3.80e-01
2026-05-20 15:34:03,101 WARNING L-BFGS did not converge for snapshot 18: residual = 1.67e-02
2026-05-20 15:34:04,807 WARNING L-BFGS did not converge for snapshot 19: residual = 3.36e-01
2026-05-20 15:34:06,524 WARNING L-BFGS did not converge for snapshot 20: residual = 5.00e-01
2026-05-20 15:34:08,309 WARNING L-BFGS did not converge for snapshot 21: residual = 2.36e-01
2026-05-20 15:34:10,406 WARNING L-BFGS did not converge for snapshot 22: residual = 1.75e-01
2026-05-20 15:34:12,922 WARNING L-BFGS did not converge for snapshot 23: residual = 5.88e-02
2026-05-20 15:34:15,368 WARNING L-BFGS did not converge for snapshot 24: residual = 8.01e-02
2026-05-20 15:34:17,725 WARNING L-BFGS did not converge for snapshot 25: residual = 3.97e-01
2026-05-20 15:34:20,071 WARNING L-BFGS did not converge for snapshot 26: residual = 1.11e+00
2026-05-20 15:34:22,520 WARNING L-BFGS did not converge for snapshot 27: residual = 1.75e+00
2026-05-20 15:34:25,015 WARNING L-BFGS did not converge for snapshot 28: residual = 1.77e+00
2026-05-20 15:34:27,504 WARNING L-BFGS did not converge for snapshot 29: residual = 1.30e-02
2026-05-20 15:34:29,992 WARNING L-BFGS did not converge for snapshot 30: residual = 4.62e-01
2026-05-20 15:34:32,523 WARNING L-BFGS did not converge for snapshot 31: residual = 6.20e-02
2026-05-20 15:34:32,526 INFO seed=11 dim_g=100 lasa_qterm_T1p shard_l3 snap=0.0595 mse=0.2472 psnr=6.07 pass=False
2026-05-20 15:36:38,391 INFO JOLI inversion complete: N=32, d=784, dim_g=100, n_batch=500, adam_steps=2000, tv_adam=0.0000, tv_lbfgs=0.0050
2026-05-20 15:36:38,394 INFO seed=11 dim_g=100 lasa_qterm_T1p joli_l3 snap=0.0595 mse=0.1755 psnr=7.56 pass=False
2026-05-20 15:37:33,809 INFO seed=11 dim_g=100 lasa_qterm_T1b shard_l3 snap=0.0000 mse=0.2859 psnr=5.44 pass=False
2026-05-20 15:39:02,227 INFO JOLI inversion complete: N=32, d=784, dim_g=100, n_batch=500, adam_steps=2000, tv_adam=0.0000, tv_lbfgs=0.0050
2026-05-20 15:39:02,229 INFO seed=11 dim_g=100 lasa_qterm_T1b joli_l3 snap=0.0000 mse=0.1550 psnr=8.10 pass=False
2026-05-20 15:39:02,230 INFO === dim_g=160 ===
2026-05-20 15:39:06,046 WARNING L-BFGS did not converge for snapshot 0: residual = 3.04e-02
2026-05-20 15:39:08,364 WARNING L-BFGS did not converge for snapshot 1: residual = 1.02e-01
2026-05-20 15:39:10,913 WARNING L-BFGS did not converge for snapshot 2: residual = 9.75e-03
2026-05-20 15:39:13,479 WARNING L-BFGS did not converge for snapshot 3: residual = 4.65e-03
2026-05-20 15:39:15,960 WARNING L-BFGS did not converge for snapshot 4: residual = 3.21e-02
2026-05-20 15:39:18,300 WARNING L-BFGS did not converge for snapshot 5: residual = 1.65e-02
2026-05-20 15:39:20,343 WARNING L-BFGS did not converge for snapshot 6: residual = 4.85e-02
2026-05-20 15:39:22,360 WARNING L-BFGS did not converge for snapshot 7: residual = 5.02e-02
2026-05-20 15:39:24,445 WARNING L-BFGS did not converge for snapshot 8: residual = 3.45e-02
2026-05-20 15:39:26,557 WARNING L-BFGS did not converge for snapshot 9: residual = 2.89e-02
2026-05-20 15:39:28,778 WARNING L-BFGS did not converge for snapshot 10: residual = 1.43e-02
2026-05-20 15:39:30,864 WARNING L-BFGS did not converge for snapshot 11: residual = 2.61e-02
2026-05-20 15:39:32,908 WARNING L-BFGS did not converge for snapshot 12: residual = 3.70e-03
2026-05-20 15:39:34,893 WARNING L-BFGS did not converge for snapshot 13: residual = 1.89e-02
2026-05-20 15:39:37,008 WARNING L-BFGS did not converge for snapshot 14: residual = 3.61e-02
2026-05-20 15:39:39,125 WARNING L-BFGS did not converge for snapshot 15: residual = 3.08e-02
2026-05-20 15:39:41,437 WARNING L-BFGS did not converge for snapshot 16: residual = 9.33e-02
2026-05-20 15:39:43,791 WARNING L-BFGS did not converge for snapshot 17: residual = 3.30e-02
2026-05-20 15:39:46,223 WARNING L-BFGS did not converge for snapshot 18: residual = 1.67e-02
2026-05-20 15:39:48,494 WARNING L-BFGS did not converge for snapshot 19: residual = 9.32e-02
2026-05-20 15:39:50,811 WARNING L-BFGS did not converge for snapshot 20: residual = 3.58e-02
2026-05-20 15:39:53,098 WARNING L-BFGS did not converge for snapshot 21: residual = 6.41e-03
2026-05-20 15:39:55,432 WARNING L-BFGS did not converge for snapshot 22: residual = 2.24e-02
2026-05-20 15:39:57,797 WARNING L-BFGS did not converge for snapshot 23: residual = 5.04e-02
2026-05-20 15:40:00,207 WARNING L-BFGS did not converge for snapshot 24: residual = 3.89e-02
2026-05-20 15:40:02,540 WARNING L-BFGS did not converge for snapshot 25: residual = 3.39e-02
2026-05-20 15:40:04,887 WARNING L-BFGS did not converge for snapshot 26: residual = 2.44e-02
2026-05-20 15:40:07,079 WARNING L-BFGS did not converge for snapshot 27: residual = 6.41e-02
2026-05-20 15:40:09,212 WARNING L-BFGS did not converge for snapshot 28: residual = 2.12e-02
2026-05-20 15:40:11,571 WARNING L-BFGS did not converge for snapshot 29: residual = 6.95e-02
2026-05-20 15:40:14,077 WARNING L-BFGS did not converge for snapshot 30: residual = 4.99e-02
2026-05-20 15:40:16,393 WARNING L-BFGS did not converge for snapshot 31: residual = 1.34e-01
2026-05-20 15:40:16,397 INFO seed=3 dim_g=160 shard_oracle shard_l3 snap=0.0246 mse=0.2350 psnr=6.29 pass=False
2026-05-20 15:41:54,984 INFO JOLI inversion complete: N=32, d=784, dim_g=160, n_batch=500, adam_steps=2000, tv_adam=0.0000, tv_lbfgs=0.0050
2026-05-20 15:41:54,987 INFO seed=3 dim_g=160 shard_oracle joli_l3 snap=0.0246 mse=0.1201 psnr=9.20 pass=False
2026-05-20 15:41:57,681 WARNING L-BFGS did not converge for snapshot 0: residual = 3.51e-03
2026-05-20 15:42:00,113 WARNING L-BFGS did not converge for snapshot 1: residual = 8.36e-03
2026-05-20 15:42:02,674 WARNING L-BFGS did not converge for snapshot 2: residual = 8.18e-03
2026-05-20 15:42:05,217 WARNING L-BFGS did not converge for snapshot 3: residual = 4.31e-04
2026-05-20 15:42:07,716 WARNING L-BFGS did not converge for snapshot 4: residual = 2.88e-03
2026-05-20 15:42:10,091 WARNING L-BFGS did not converge for snapshot 5: residual = 2.11e-02
2026-05-20 15:42:12,392 WARNING L-BFGS did not converge for snapshot 6: residual = 2.34e-02
2026-05-20 15:42:14,804 WARNING L-BFGS did not converge for snapshot 7: residual = 1.40e-02
2026-05-20 15:42:17,196 WARNING L-BFGS did not converge for snapshot 8: residual = 1.32e-02
2026-05-20 15:42:19,634 WARNING L-BFGS did not converge for snapshot 9: residual = 1.20e-02
2026-05-20 15:42:22,140 WARNING L-BFGS did not converge for snapshot 10: residual = 1.25e-02
2026-05-20 15:42:24,682 WARNING L-BFGS did not converge for snapshot 11: residual = 8.25e-03
2026-05-20 15:42:27,215 WARNING L-BFGS did not converge for snapshot 12: residual = 3.87e-03
2026-05-20 15:42:29,587 WARNING L-BFGS did not converge for snapshot 13: residual = 2.41e-02
2026-05-20 15:42:31,727 WARNING L-BFGS did not converge for snapshot 14: residual = 2.18e-03
2026-05-20 15:42:33,728 WARNING L-BFGS did not converge for snapshot 15: residual = 6.73e-03
2026-05-20 15:42:35,707 WARNING L-BFGS did not converge for snapshot 16: residual = 1.45e-02
2026-05-20 15:42:37,689 WARNING L-BFGS did not converge for snapshot 17: residual = 1.54e-03
2026-05-20 15:42:39,688 WARNING L-BFGS did not converge for snapshot 18: residual = 1.01e-02
2026-05-20 15:42:41,673 WARNING L-BFGS did not converge for snapshot 19: residual = 2.48e-02
2026-05-20 15:42:43,738 WARNING L-BFGS did not converge for snapshot 20: residual = 6.25e-03
2026-05-20 15:42:45,989 WARNING L-BFGS did not converge for snapshot 21: residual = 3.83e-02
2026-05-20 15:42:48,514 WARNING L-BFGS did not converge for snapshot 22: residual = 2.08e-02
2026-05-20 15:42:51,058 WARNING L-BFGS did not converge for snapshot 23: residual = 2.24e-03
2026-05-20 15:42:53,557 WARNING L-BFGS did not converge for snapshot 24: residual = 1.30e-02
2026-05-20 15:42:58,246 WARNING L-BFGS did not converge for snapshot 26: residual = 1.53e-02
2026-05-20 15:43:00,514 WARNING L-BFGS did not converge for snapshot 27: residual = 1.42e-02
2026-05-20 15:43:02,782 WARNING L-BFGS did not converge for snapshot 28: residual = 1.13e-03
2026-05-20 15:43:04,852 WARNING L-BFGS did not converge for snapshot 29: residual = 2.89e-03
2026-05-20 15:43:06,899 WARNING L-BFGS did not converge for snapshot 30: residual = 6.92e-03
2026-05-20 15:43:08,920 WARNING L-BFGS did not converge for snapshot 31: residual = 1.15e-03
2026-05-20 15:43:08,924 INFO seed=3 dim_g=160 lasa_qterm_T1p shard_l3 snap=0.0115 mse=0.2417 psnr=6.17 pass=False
2026-05-20 15:44:37,044 INFO JOLI inversion complete: N=32, d=784, dim_g=160, n_batch=500, adam_steps=2000, tv_adam=0.0000, tv_lbfgs=0.0050
2026-05-20 15:44:37,048 INFO seed=3 dim_g=160 lasa_qterm_T1p joli_l3 snap=0.0115 mse=0.1138 psnr=9.44 pass=False
2026-05-20 15:44:49,387 WARNING L-BFGS did not converge for snapshot 4: residual = 1.45e-03
2026-05-20 15:44:58,028 WARNING L-BFGS did not converge for snapshot 8: residual = 1.54e-03
2026-05-20 15:45:07,545 WARNING L-BFGS did not converge for snapshot 12: residual = 2.99e-03
2026-05-20 15:45:42,133 WARNING L-BFGS did not converge for snapshot 27: residual = 2.86e-03
2026-05-20 15:45:51,096 INFO seed=3 dim_g=160 lasa_qterm_T1b shard_l3 snap=0.0002 mse=0.2506 psnr=6.01 pass=False
2026-05-20 15:47:26,467 INFO JOLI inversion complete: N=32, d=784, dim_g=160, n_batch=500, adam_steps=2000, tv_adam=0.0000, tv_lbfgs=0.0050
2026-05-20 15:47:26,471 INFO seed=3 dim_g=160 lasa_qterm_T1b joli_l3 snap=0.0002 mse=0.1081 psnr=9.66 pass=False
/workspace/research-artifacts/qfl-vqc-mnist-recon/code/benchmark_round02.py:282: UserWarning: SHARD did not converge within 500 iterations (final ||ΔS||_F = 3.91e+00).
  s = attacker.level2_disaggregate(
2026-05-20 15:47:47,601 WARNING L-BFGS did not converge for snapshot 0: residual = 3.59e-01
2026-05-20 15:47:49,876 WARNING L-BFGS did not converge for snapshot 1: residual = 5.24e+00
2026-05-20 15:47:52,109 WARNING L-BFGS did not converge for snapshot 2: residual = 1.79e+00
2026-05-20 15:47:54,356 WARNING L-BFGS did not converge for snapshot 3: residual = 1.48e+01
2026-05-20 15:47:56,605 WARNING L-BFGS did not converge for snapshot 4: residual = 6.54e+00
2026-05-20 15:47:58,961 WARNING L-BFGS did not converge for snapshot 5: residual = 1.54e+01
2026-05-20 15:48:01,369 WARNING L-BFGS did not converge for snapshot 6: residual = 8.14e+00
2026-05-20 15:48:03,723 WARNING L-BFGS did not converge for snapshot 7: residual = 7.25e-02
2026-05-20 15:48:06,064 WARNING L-BFGS did not converge for snapshot 8: residual = 6.90e-01
2026-05-20 15:48:08,425 WARNING L-BFGS did not converge for snapshot 9: residual = 5.88e+00
2026-05-20 15:48:10,757 WARNING L-BFGS did not converge for snapshot 10: residual = 2.38e+00
2026-05-20 15:48:13,125 WARNING L-BFGS did not converge for snapshot 11: residual = 1.33e+00
2026-05-20 15:48:15,565 WARNING L-BFGS did not converge for snapshot 12: residual = 2.65e+01
2026-05-20 15:48:17,961 WARNING L-BFGS did not converge for snapshot 13: residual = 2.27e-01
2026-05-20 15:48:19,956 WARNING L-BFGS did not converge for snapshot 14: residual = 4.42e+01
2026-05-20 15:48:21,890 WARNING L-BFGS did not converge for snapshot 15: residual = 4.57e-01
2026-05-20 15:48:23,883 WARNING L-BFGS did not converge for snapshot 16: residual = 3.83e-01
2026-05-20 15:48:26,097 WARNING L-BFGS did not converge for snapshot 17: residual = 6.41e-01
2026-05-20 15:48:28,302 WARNING L-BFGS did not converge for snapshot 18: residual = 3.84e-01
2026-05-20 15:48:30,550 WARNING L-BFGS did not converge for snapshot 19: residual = 8.09e+00
2026-05-20 15:48:32,846 WARNING L-BFGS did not converge for snapshot 20: residual = 7.78e+00
2026-05-20 15:48:35,210 WARNING L-BFGS did not converge for snapshot 21: residual = 1.63e+01
2026-05-20 15:48:37,581 WARNING L-BFGS did not converge for snapshot 22: residual = 6.31e-01
2026-05-20 15:48:39,941 WARNING L-BFGS did not converge for snapshot 23: residual = 8.43e+00
2026-05-20 15:48:42,277 WARNING L-BFGS did not converge for snapshot 24: residual = 7.95e+00
2026-05-20 15:48:44,611 WARNING L-BFGS did not converge for snapshot 25: residual = 6.79e+00
2026-05-20 15:48:46,912 WARNING L-BFGS did not converge for snapshot 26: residual = 1.41e+00
2026-05-20 15:48:49,243 WARNING L-BFGS did not converge for snapshot 27: residual = 7.64e+00
2026-05-20 15:48:51,619 WARNING L-BFGS did not converge for snapshot 28: residual = 1.24e+01
2026-05-20 15:48:54,067 WARNING L-BFGS did not converge for snapshot 29: residual = 5.82e-01
2026-05-20 15:48:56,500 WARNING L-BFGS did not converge for snapshot 30: residual = 3.06e-01
2026-05-20 15:48:58,951 WARNING L-BFGS did not converge for snapshot 31: residual = 2.63e-01
2026-05-20 15:48:58,957 INFO seed=7 dim_g=160 shard_oracle shard_l3 snap=0.1813 mse=0.2812 psnr=5.51 pass=False
2026-05-20 15:50:20,657 INFO JOLI inversion complete: N=32, d=784, dim_g=160, n_batch=500, adam_steps=2000, tv_adam=0.0000, tv_lbfgs=0.0050
2026-05-20 15:50:20,659 INFO seed=7 dim_g=160 shard_oracle joli_l3 snap=0.1813 mse=0.2320 psnr=6.35 pass=False
2026-05-20 15:50:22,932 WARNING L-BFGS did not converge for snapshot 0: residual = 2.87e+00
2026-05-20 15:50:25,014 WARNING L-BFGS did not converge for snapshot 1: residual = 2.39e-02
2026-05-20 15:50:27,062 WARNING L-BFGS did not converge for snapshot 2: residual = 5.45e-01
2026-05-20 15:50:29,307 WARNING L-BFGS did not converge for snapshot 3: residual = 9.42e-01
2026-05-20 15:50:31,595 WARNING L-BFGS did not converge for snapshot 4: residual = 1.25e-01
2026-05-20 15:50:33,766 WARNING L-BFGS did not converge for snapshot 5: residual = 1.03e-01
2026-05-20 15:50:36,189 WARNING L-BFGS did not converge for snapshot 6: residual = 1.48e+00
2026-05-20 15:50:38,533 WARNING L-BFGS did not converge for snapshot 7: residual = 1.21e+00
2026-05-20 15:50:40,948 WARNING L-BFGS did not converge for snapshot 8: residual = 1.37e-01
2026-05-20 15:50:43,338 WARNING L-BFGS did not converge for snapshot 9: residual = 6.47e-01
2026-05-20 15:50:45,790 WARNING L-BFGS did not converge for snapshot 10: residual = 1.84e+00
2026-05-20 15:50:48,105 WARNING L-BFGS did not converge for snapshot 11: residual = 6.11e-01
2026-05-20 15:50:50,492 WARNING L-BFGS did not converge for snapshot 12: residual = 2.71e+00
2026-05-20 15:50:52,755 WARNING L-BFGS did not converge for snapshot 13: residual = 9.66e-01
2026-05-20 15:50:54,836 WARNING L-BFGS did not converge for snapshot 14: residual = 3.63e-01
2026-05-20 15:50:57,036 WARNING L-BFGS did not converge for snapshot 15: residual = 1.59e+00
2026-05-20 15:50:59,499 WARNING L-BFGS did not converge for snapshot 16: residual = 3.13e-02
2026-05-20 15:51:01,815 WARNING L-BFGS did not converge for snapshot 17: residual = 1.96e-01
2026-05-20 15:51:04,074 WARNING L-BFGS did not converge for snapshot 18: residual = 1.29e+00
2026-05-20 15:51:06,446 WARNING L-BFGS did not converge for snapshot 19: residual = 1.80e-01
2026-05-20 15:51:08,726 WARNING L-BFGS did not converge for snapshot 20: residual = 2.67e-01
2026-05-20 15:51:11,086 WARNING L-BFGS did not converge for snapshot 21: residual = 4.63e-02
2026-05-20 15:51:13,389 WARNING L-BFGS did not converge for snapshot 22: residual = 5.89e-01
2026-05-20 15:51:15,719 WARNING L-BFGS did not converge for snapshot 23: residual = 4.87e-01
2026-05-20 15:51:18,211 WARNING L-BFGS did not converge for snapshot 24: residual = 1.01e-01
2026-05-20 15:51:20,673 WARNING L-BFGS did not converge for snapshot 25: residual = 2.01e+00
2026-05-20 15:51:23,229 WARNING L-BFGS did not converge for snapshot 26: residual = 3.85e-02
2026-05-20 15:51:25,628 WARNING L-BFGS did not converge for snapshot 27: residual = 5.34e-01
2026-05-20 15:51:27,994 WARNING L-BFGS did not converge for snapshot 28: residual = 9.12e-02
2026-05-20 15:51:30,336 WARNING L-BFGS did not converge for snapshot 29: residual = 1.20e-01
2026-05-20 15:51:32,694 WARNING L-BFGS did not converge for snapshot 30: residual = 9.26e-02
2026-05-20 15:51:35,028 WARNING L-BFGS did not converge for snapshot 31: residual = 4.96e-01
2026-05-20 15:51:35,033 INFO seed=7 dim_g=160 lasa_qterm_T1p shard_l3 snap=0.0491 mse=0.2417 psnr=6.17 pass=False
2026-05-20 15:53:05,847 INFO JOLI inversion complete: N=32, d=784, dim_g=160, n_batch=500, adam_steps=2000, tv_adam=0.0000, tv_lbfgs=0.0050
2026-05-20 15:53:05,850 INFO seed=7 dim_g=160 lasa_qterm_T1p joli_l3 snap=0.0491 mse=0.1354 psnr=8.68 pass=False
2026-05-20 15:53:15,946 WARNING L-BFGS did not converge for snapshot 3: residual = 9.74e-03
2026-05-20 15:53:26,172 WARNING L-BFGS did not converge for snapshot 7: residual = 3.27e-03
2026-05-20 15:53:31,216 WARNING L-BFGS did not converge for snapshot 9: residual = 3.46e-03
2026-05-20 15:53:36,399 WARNING L-BFGS did not converge for snapshot 11: residual = 4.04e-03
2026-05-20 15:54:03,662 WARNING L-BFGS did not converge for snapshot 23: residual = 3.61e-03
2026-05-20 15:54:06,304 WARNING L-BFGS did not converge for snapshot 24: residual = 3.55e-03
2026-05-20 15:54:09,043 WARNING L-BFGS did not converge for snapshot 25: residual = 9.90e-04
2026-05-20 15:54:21,498 INFO seed=7 dim_g=160 lasa_qterm_T1b shard_l3 snap=0.0002 mse=0.2445 psnr=6.12 pass=False
2026-05-20 15:55:48,965 INFO JOLI inversion complete: N=32, d=784, dim_g=160, n_batch=500, adam_steps=2000, tv_adam=0.0000, tv_lbfgs=0.0050
2026-05-20 15:55:48,967 INFO seed=7 dim_g=160 lasa_qterm_T1b joli_l3 snap=0.0002 mse=0.1000 psnr=10.00 pass=False
/workspace/research-artifacts/qfl-vqc-mnist-recon/code/benchmark_round02.py:282: UserWarning: SHARD did not converge within 500 iterations (final ||ΔS||_F = 5.11e+00).
  s = attacker.level2_disaggregate(
2026-05-20 15:56:10,119 WARNING L-BFGS did not converge for snapshot 0: residual = 1.27e+01
2026-05-20 15:56:12,543 WARNING L-BFGS did not converge for snapshot 1: residual = 2.01e-03
2026-05-20 15:56:15,072 WARNING L-BFGS did not converge for snapshot 2: residual = 1.97e+01
2026-05-20 15:56:17,459 WARNING L-BFGS did not converge for snapshot 3: residual = 2.94e+00
2026-05-20 15:56:19,866 WARNING L-BFGS did not converge for snapshot 4: residual = 1.09e+00
2026-05-20 15:56:22,354 WARNING L-BFGS did not converge for snapshot 5: residual = 2.93e+01
2026-05-20 15:56:24,792 WARNING L-BFGS did not converge for snapshot 6: residual = 7.42e+00
2026-05-20 15:56:27,307 WARNING L-BFGS did not converge for snapshot 7: residual = 5.76e-01
2026-05-20 15:56:29,648 WARNING L-BFGS did not converge for snapshot 8: residual = 3.83e-01
2026-05-20 15:56:32,053 WARNING L-BFGS did not converge for snapshot 9: residual = 7.45e+00
2026-05-20 15:56:34,444 WARNING L-BFGS did not converge for snapshot 10: residual = 9.18e-01
2026-05-20 15:56:36,721 WARNING L-BFGS did not converge for snapshot 11: residual = 1.56e-02
2026-05-20 15:56:39,178 WARNING L-BFGS did not converge for snapshot 12: residual = 4.68e+00
2026-05-20 15:56:41,639 WARNING L-BFGS did not converge for snapshot 13: residual = 1.71e-01
2026-05-20 15:56:44,152 WARNING L-BFGS did not converge for snapshot 14: residual = 3.82e+01
2026-05-20 15:56:46,555 WARNING L-BFGS did not converge for snapshot 15: residual = 2.48e-02
2026-05-20 15:56:49,009 WARNING L-BFGS did not converge for snapshot 16: residual = 1.93e+00
2026-05-20 15:56:51,476 WARNING L-BFGS did not converge for snapshot 17: residual = 7.40e-02
2026-05-20 15:56:53,947 WARNING L-BFGS did not converge for snapshot 18: residual = 1.05e+01
2026-05-20 15:56:56,273 WARNING L-BFGS did not converge for snapshot 19: residual = 2.39e+00
2026-05-20 15:56:58,210 WARNING L-BFGS did not converge for snapshot 20: residual = 1.85e+00
2026-05-20 15:57:00,089 WARNING L-BFGS did not converge for snapshot 21: residual = 8.60e-01
2026-05-20 15:57:02,023 WARNING L-BFGS did not converge for snapshot 22: residual = 8.60e+01
2026-05-20 15:57:03,905 WARNING L-BFGS did not converge for snapshot 23: residual = 7.48e+00
2026-05-20 15:57:06,165 WARNING L-BFGS did not converge for snapshot 24: residual = 1.54e-01
2026-05-20 15:57:08,625 WARNING L-BFGS did not converge for snapshot 25: residual = 2.03e+00
2026-05-20 15:57:11,023 WARNING L-BFGS did not converge for snapshot 26: residual = 8.96e+00
2026-05-20 15:57:13,458 WARNING L-BFGS did not converge for snapshot 27: residual = 5.63e+00
2026-05-20 15:57:15,939 WARNING L-BFGS did not converge for snapshot 28: residual = 4.39e+01
2026-05-20 15:57:18,283 WARNING L-BFGS did not converge for snapshot 29: residual = 8.93e-02
2026-05-20 15:57:20,600 WARNING L-BFGS did not converge for snapshot 30: residual = 7.23e-01
2026-05-20 15:57:22,930 WARNING L-BFGS did not converge for snapshot 31: residual = 1.63e+01
2026-05-20 15:57:22,934 INFO seed=11 dim_g=160 shard_oracle shard_l3 snap=0.2376 mse=0.3006 psnr=5.22 pass=False
2026-05-20 15:58:41,162 INFO JOLI inversion complete: N=32, d=784, dim_g=160, n_batch=500, adam_steps=2000, tv_adam=0.0000, tv_lbfgs=0.0050
2026-05-20 15:58:41,165 INFO seed=11 dim_g=160 shard_oracle joli_l3 snap=0.2376 mse=0.2507 psnr=6.01 pass=False
2026-05-20 15:58:43,362 WARNING L-BFGS did not converge for snapshot 0: residual = 4.14e+00
2026-05-20 15:58:45,335 WARNING L-BFGS did not converge for snapshot 1: residual = 5.83e+00
2026-05-20 15:58:47,231 WARNING L-BFGS did not converge for snapshot 2: residual = 6.08e-01
2026-05-20 15:58:49,116 WARNING L-BFGS did not converge for snapshot 3: residual = 2.90e-01
2026-05-20 15:58:51,117 WARNING L-BFGS did not converge for snapshot 4: residual = 2.65e-01
2026-05-20 15:58:53,115 WARNING L-BFGS did not converge for snapshot 5: residual = 6.96e+00
2026-05-20 15:58:55,187 WARNING L-BFGS did not converge for snapshot 6: residual = 7.74e-01
2026-05-20 15:58:57,263 WARNING L-BFGS did not converge for snapshot 7: residual = 1.48e+00
2026-05-20 15:58:59,746 WARNING L-BFGS did not converge for snapshot 8: residual = 2.51e-01
2026-05-20 15:59:02,077 WARNING L-BFGS did not converge for snapshot 9: residual = 4.40e+00
2026-05-20 15:59:04,477 WARNING L-BFGS did not converge for snapshot 10: residual = 8.32e-02
2026-05-20 15:59:06,844 WARNING L-BFGS did not converge for snapshot 11: residual = 1.52e-01
2026-05-20 15:59:09,144 WARNING L-BFGS did not converge for snapshot 12: residual = 3.84e-01
2026-05-20 15:59:11,583 WARNING L-BFGS did not converge for snapshot 13: residual = 8.48e-01
2026-05-20 15:59:14,162 WARNING L-BFGS did not converge for snapshot 14: residual = 5.80e-02
2026-05-20 15:59:16,662 WARNING L-BFGS did not converge for snapshot 15: residual = 5.20e-01
2026-05-20 15:59:19,055 WARNING L-BFGS did not converge for snapshot 16: residual = 3.56e-02
2026-05-20 15:59:21,559 WARNING L-BFGS did not converge for snapshot 17: residual = 7.78e-01
2026-05-20 15:59:24,098 WARNING L-BFGS did not converge for snapshot 18: residual = 9.52e-01
2026-05-20 15:59:26,792 WARNING L-BFGS did not converge for snapshot 19: residual = 4.93e+00
2026-05-20 15:59:29,497 WARNING L-BFGS did not converge for snapshot 20: residual = 4.78e-01
2026-05-20 15:59:32,121 WARNING L-BFGS did not converge for snapshot 21: residual = 1.04e-01
2026-05-20 15:59:34,547 WARNING L-BFGS did not converge for snapshot 22: residual = 2.34e-02
2026-05-20 15:59:36,967 WARNING L-BFGS did not converge for snapshot 23: residual = 7.14e-02
2026-05-20 15:59:38,979 WARNING L-BFGS did not converge for snapshot 24: residual = 4.39e-02
2026-05-20 15:59:41,108 WARNING L-BFGS did not converge for snapshot 25: residual = 1.14e-01
2026-05-20 15:59:43,144 WARNING L-BFGS did not converge for snapshot 26: residual = 1.47e+00
2026-05-20 15:59:45,195 WARNING L-BFGS did not converge for snapshot 27: residual = 1.16e+00
2026-05-20 15:59:47,267 WARNING L-BFGS did not converge for snapshot 28: residual = 6.17e+00
2026-05-20 15:59:49,574 WARNING L-BFGS did not converge for snapshot 29: residual = 2.21e-01
2026-05-20 15:59:52,046 WARNING L-BFGS did not converge for snapshot 30: residual = 1.29e-01
2026-05-20 15:59:54,641 WARNING L-BFGS did not converge for snapshot 31: residual = 2.81e-02
2026-05-20 15:59:54,645 INFO seed=11 dim_g=160 lasa_qterm_T1p shard_l3 snap=0.0714 mse=0.2508 psnr=6.01 pass=False
2026-05-20 16:01:17,180 INFO JOLI inversion complete: N=32, d=784, dim_g=160, n_batch=500, adam_steps=2000, tv_adam=0.0000, tv_lbfgs=0.0050
2026-05-20 16:01:17,182 INFO seed=11 dim_g=160 lasa_qterm_T1p joli_l3 snap=0.0714 mse=0.1722 psnr=7.64 pass=False
2026-05-20 16:02:16,799 INFO seed=11 dim_g=160 lasa_qterm_T1b shard_l3 snap=0.0000 mse=0.2550 psnr=5.93 pass=False
2026-05-20 16:03:33,518 INFO JOLI inversion complete: N=32, d=784, dim_g=160, n_batch=500, adam_steps=2000, tv_adam=0.0000, tv_lbfgs=0.0050
2026-05-20 16:03:33,520 INFO seed=11 dim_g=160 lasa_qterm_T1b joli_l3 snap=0.0000 mse=0.1171 psnr=9.31 pass=False
2026-05-20 16:03:33,521 INFO === dim_g=256 ===
/workspace/research-artifacts/qfl-vqc-mnist-recon/code/benchmark_round02.py:282: UserWarning: SHARD did not converge within 500 iterations (final ||ΔS||_F = 6.94e+00).
  s = attacker.level2_disaggregate(
2026-05-20 16:03:59,579 WARNING L-BFGS did not converge for snapshot 0: residual = 5.36e+00
2026-05-20 16:04:01,890 WARNING L-BFGS did not converge for snapshot 1: residual = 8.53e-01
2026-05-20 16:04:04,210 WARNING L-BFGS did not converge for snapshot 2: residual = 2.67e+01
2026-05-20 16:04:06,549 WARNING L-BFGS did not converge for snapshot 3: residual = 9.26e-01
2026-05-20 16:04:08,832 WARNING L-BFGS did not converge for snapshot 4: residual = 5.29e+01
2026-05-20 16:04:11,143 WARNING L-BFGS did not converge for snapshot 5: residual = 1.50e+01
2026-05-20 16:04:13,459 WARNING L-BFGS did not converge for snapshot 6: residual = 2.28e+01
2026-05-20 16:04:15,741 WARNING L-BFGS did not converge for snapshot 7: residual = 2.46e-01
2026-05-20 16:04:18,014 WARNING L-BFGS did not converge for snapshot 8: residual = 1.58e+01
2026-05-20 16:04:20,305 WARNING L-BFGS did not converge for snapshot 9: residual = 2.23e+01
2026-05-20 16:04:22,570 WARNING L-BFGS did not converge for snapshot 10: residual = 1.09e+01
2026-05-20 16:04:24,848 WARNING L-BFGS did not converge for snapshot 11: residual = 2.60e-01
2026-05-20 16:04:27,151 WARNING L-BFGS did not converge for snapshot 12: residual = 9.81e+00
2026-05-20 16:04:29,462 WARNING L-BFGS did not converge for snapshot 13: residual = 4.45e-01
2026-05-20 16:04:31,753 WARNING L-BFGS did not converge for snapshot 14: residual = 5.98e-01
2026-05-20 16:04:34,040 WARNING L-BFGS did not converge for snapshot 15: residual = 9.87e+00
2026-05-20 16:04:36,325 WARNING L-BFGS did not converge for snapshot 16: residual = 1.02e+01
2026-05-20 16:04:38,596 WARNING L-BFGS did not converge for snapshot 17: residual = 4.48e+00
2026-05-20 16:04:40,897 WARNING L-BFGS did not converge for snapshot 18: residual = 8.12e+00
2026-05-20 16:04:43,213 WARNING L-BFGS did not converge for snapshot 19: residual = 8.82e+00
2026-05-20 16:04:45,522 WARNING L-BFGS did not converge for snapshot 20: residual = 1.04e+00
2026-05-20 16:04:47,865 WARNING L-BFGS did not converge for snapshot 21: residual = 1.07e+01
2026-05-20 16:04:50,197 WARNING L-BFGS did not converge for snapshot 22: residual = 8.62e+00
2026-05-20 16:04:52,474 WARNING L-BFGS did not converge for snapshot 23: residual = 7.01e-01
2026-05-20 16:04:54,769 WARNING L-BFGS did not converge for snapshot 24: residual = 9.71e+00
2026-05-20 16:04:57,032 WARNING L-BFGS did not converge for snapshot 25: residual = 8.26e+00
2026-05-20 16:04:59,292 WARNING L-BFGS did not converge for snapshot 26: residual = 3.94e+01
2026-05-20 16:05:01,545 WARNING L-BFGS did not converge for snapshot 27: residual = 6.50e-01
2026-05-20 16:05:03,886 WARNING L-BFGS did not converge for snapshot 28: residual = 1.02e+01
2026-05-20 16:05:06,197 WARNING L-BFGS did not converge for snapshot 29: residual = 4.08e-01
2026-05-20 16:05:08,507 WARNING L-BFGS did not converge for snapshot 30: residual = 7.33e+00
2026-05-20 16:05:10,845 WARNING L-BFGS did not converge for snapshot 31: residual = 1.50e+02
2026-05-20 16:05:10,847 INFO seed=3 dim_g=256 shard_oracle shard_l3 snap=0.2184 mse=0.3233 psnr=4.90 pass=False
2026-05-20 16:06:29,689 INFO JOLI inversion complete: N=32, d=784, dim_g=256, n_batch=500, adam_steps=2000, tv_adam=0.0000, tv_lbfgs=0.0050
2026-05-20 16:06:29,691 INFO seed=3 dim_g=256 shard_oracle joli_l3 snap=0.2184 mse=0.2846 psnr=5.46 pass=False
2026-05-20 16:06:32,206 WARNING L-BFGS did not converge for snapshot 0: residual = 1.05e+01
2026-05-20 16:06:34,437 WARNING L-BFGS did not converge for snapshot 1: residual = 1.18e+00
2026-05-20 16:06:36,668 WARNING L-BFGS did not converge for snapshot 2: residual = 5.96e+00
2026-05-20 16:06:38,924 WARNING L-BFGS did not converge for snapshot 3: residual = 3.95e+00
2026-05-20 16:06:41,143 WARNING L-BFGS did not converge for snapshot 4: residual = 1.88e+00
2026-05-20 16:06:43,381 WARNING L-BFGS did not converge for snapshot 5: residual = 5.62e-02
2026-05-20 16:06:45,627 WARNING L-BFGS did not converge for snapshot 6: residual = 2.51e-02
2026-05-20 16:06:47,851 WARNING L-BFGS did not converge for snapshot 7: residual = 1.50e+00
2026-05-20 16:06:50,121 WARNING L-BFGS did not converge for snapshot 8: residual = 3.80e+00
2026-05-20 16:06:52,455 WARNING L-BFGS did not converge for snapshot 9: residual = 3.53e+00
2026-05-20 16:06:54,722 WARNING L-BFGS did not converge for snapshot 10: residual = 6.25e-01
2026-05-20 16:06:57,044 WARNING L-BFGS did not converge for snapshot 11: residual = 4.23e-01
2026-05-20 16:06:59,385 WARNING L-BFGS did not converge for snapshot 12: residual = 9.27e-01
2026-05-20 16:07:01,763 WARNING L-BFGS did not converge for snapshot 13: residual = 9.20e-01
2026-05-20 16:07:04,095 WARNING L-BFGS did not converge for snapshot 14: residual = 3.85e-01
2026-05-20 16:07:06,391 WARNING L-BFGS did not converge for snapshot 15: residual = 4.58e-01
2026-05-20 16:07:08,879 WARNING L-BFGS did not converge for snapshot 16: residual = 2.36e-01
2026-05-20 16:07:11,626 WARNING L-BFGS did not converge for snapshot 17: residual = 3.43e-01
2026-05-20 16:07:14,469 WARNING L-BFGS did not converge for snapshot 18: residual = 1.09e+00
2026-05-20 16:07:17,213 WARNING L-BFGS did not converge for snapshot 19: residual = 4.52e-01
2026-05-20 16:07:19,891 WARNING L-BFGS did not converge for snapshot 20: residual = 8.76e-01
2026-05-20 16:07:22,482 WARNING L-BFGS did not converge for snapshot 21: residual = 1.42e-01
2026-05-20 16:07:25,155 WARNING L-BFGS did not converge for snapshot 22: residual = 5.34e-01
2026-05-20 16:07:27,742 WARNING L-BFGS did not converge for snapshot 23: residual = 5.21e-01
2026-05-20 16:07:30,288 WARNING L-BFGS did not converge for snapshot 24: residual = 3.11e+00
2026-05-20 16:07:33,021 WARNING L-BFGS did not converge for snapshot 25: residual = 1.82e+00
2026-05-20 16:07:35,616 WARNING L-BFGS did not converge for snapshot 26: residual = 9.19e-01
2026-05-20 16:07:38,112 WARNING L-BFGS did not converge for snapshot 27: residual = 1.06e+00
2026-05-20 16:07:40,701 WARNING L-BFGS did not converge for snapshot 28: residual = 6.76e-01
2026-05-20 16:07:43,239 WARNING L-BFGS did not converge for snapshot 29: residual = 6.48e-01
2026-05-20 16:07:45,955 WARNING L-BFGS did not converge for snapshot 30: residual = 4.10e+00
2026-05-20 16:07:48,615 WARNING L-BFGS did not converge for snapshot 31: residual = 5.46e-01
2026-05-20 16:07:48,618 INFO seed=3 dim_g=256 lasa_qterm_T1p shard_l3 snap=0.0618 mse=0.2673 psnr=5.73 pass=False
2026-05-20 16:09:23,520 INFO JOLI inversion complete: N=32, d=784, dim_g=256, n_batch=500, adam_steps=2000, tv_adam=0.0000, tv_lbfgs=0.0050
2026-05-20 16:09:23,522 INFO seed=3 dim_g=256 lasa_qterm_T1p joli_l3 snap=0.0618 mse=0.1721 psnr=7.64 pass=False
2026-05-20 16:10:51,571 INFO seed=3 dim_g=256 lasa_qterm_T1b shard_l3 snap=0.0000 mse=0.2164 psnr=6.65 pass=False
2026-05-20 16:12:35,237 INFO JOLI inversion complete: N=32, d=784, dim_g=256, n_batch=500, adam_steps=2000, tv_adam=0.0000, tv_lbfgs=0.0050
2026-05-20 16:12:35,239 INFO seed=3 dim_g=256 lasa_qterm_T1b joli_l3 snap=0.0000 mse=0.0852 psnr=10.69 pass=False
2026-05-20 16:12:52,219 WARNING L-BFGS did not converge for snapshot 0: residual = 2.09e-01
2026-05-20 16:12:54,897 WARNING L-BFGS did not converge for snapshot 1: residual = 7.58e-01
2026-05-20 16:12:57,651 WARNING L-BFGS did not converge for snapshot 2: residual = 1.96e+02
2026-05-20 16:13:00,486 WARNING L-BFGS did not converge for snapshot 3: residual = 3.69e-01
2026-05-20 16:13:03,143 WARNING L-BFGS did not converge for snapshot 4: residual = 4.96e-01
2026-05-20 16:13:05,893 WARNING L-BFGS did not converge for snapshot 5: residual = 1.15e-01
2026-05-20 16:13:08,767 WARNING L-BFGS did not converge for snapshot 6: residual = 4.27e-01
2026-05-20 16:13:11,554 WARNING L-BFGS did not converge for snapshot 7: residual = 6.95e-01
2026-05-20 16:13:14,180 WARNING L-BFGS did not converge for snapshot 8: residual = 4.20e-01
2026-05-20 16:13:16,540 WARNING L-BFGS did not converge for snapshot 9: residual = 2.63e-02
2026-05-20 16:13:18,848 WARNING L-BFGS did not converge for snapshot 10: residual = 5.45e-02
2026-05-20 16:13:21,177 WARNING L-BFGS did not converge for snapshot 11: residual = 4.42e-01
2026-05-20 16:13:23,523 WARNING L-BFGS did not converge for snapshot 12: residual = 9.93e-02
2026-05-20 16:13:25,846 WARNING L-BFGS did not converge for snapshot 13: residual = 5.79e-01
2026-05-20 16:13:28,170 WARNING L-BFGS did not converge for snapshot 14: residual = 7.22e-02
2026-05-20 16:13:30,488 WARNING L-BFGS did not converge for snapshot 15: residual = 3.34e-01
2026-05-20 16:13:32,770 WARNING L-BFGS did not converge for snapshot 16: residual = 1.19e-01
2026-05-20 16:13:35,102 WARNING L-BFGS did not converge for snapshot 17: residual = 1.23e-01
2026-05-20 16:13:37,430 WARNING L-BFGS did not converge for snapshot 18: residual = 3.70e-02
2026-05-20 16:13:39,754 WARNING L-BFGS did not converge for snapshot 19: residual = 9.09e-02
2026-05-20 16:13:42,029 WARNING L-BFGS did not converge for snapshot 20: residual = 1.55e-01
2026-05-20 16:13:44,321 WARNING L-BFGS did not converge for snapshot 21: residual = 1.80e-01
2026-05-20 16:13:46,564 WARNING L-BFGS did not converge for snapshot 22: residual = 1.01e-01
2026-05-20 16:13:48,839 WARNING L-BFGS did not converge for snapshot 23: residual = 6.38e-02
2026-05-20 16:13:51,181 WARNING L-BFGS did not converge for snapshot 24: residual = 1.99e+02
2026-05-20 16:13:53,468 WARNING L-BFGS did not converge for snapshot 25: residual = 1.17e-01
2026-05-20 16:13:55,758 WARNING L-BFGS did not converge for snapshot 26: residual = 8.69e-02
2026-05-20 16:13:58,028 WARNING L-BFGS did not converge for snapshot 27: residual = 2.26e-01
2026-05-20 16:14:00,403 WARNING L-BFGS did not converge for snapshot 28: residual = 1.09e-01
2026-05-20 16:14:02,746 WARNING L-BFGS did not converge for snapshot 29: residual = 1.69e-01
2026-05-20 16:14:05,076 WARNING L-BFGS did not converge for snapshot 30: residual = 2.82e-01
2026-05-20 16:14:07,413 WARNING L-BFGS did not converge for snapshot 31: residual = 6.53e-02
2026-05-20 16:14:07,419 INFO seed=7 dim_g=256 shard_oracle shard_l3 snap=0.1212 mse=0.2349 psnr=6.29 pass=False
2026-05-20 16:15:42,547 INFO JOLI inversion complete: N=32, d=784, dim_g=256, n_batch=500, adam_steps=2000, tv_adam=0.0000, tv_lbfgs=0.0050
2026-05-20 16:15:42,550 INFO seed=7 dim_g=256 shard_oracle joli_l3 snap=0.1212 mse=0.1339 psnr=8.73 pass=False
2026-05-20 16:15:45,117 WARNING L-BFGS did not converge for snapshot 0: residual = 1.13e-01
2026-05-20 16:15:47,449 WARNING L-BFGS did not converge for snapshot 1: residual = 6.31e-02
2026-05-20 16:15:49,865 WARNING L-BFGS did not converge for snapshot 2: residual = 2.73e-01
2026-05-20 16:15:52,219 WARNING L-BFGS did not converge for snapshot 3: residual = 4.02e-02
2026-05-20 16:15:54,605 WARNING L-BFGS did not converge for snapshot 4: residual = 8.01e-01
2026-05-20 16:15:56,979 WARNING L-BFGS did not converge for snapshot 5: residual = 2.18e-01
2026-05-20 16:15:59,270 WARNING L-BFGS did not converge for snapshot 6: residual = 2.31e-02
2026-05-20 16:16:01,572 WARNING L-BFGS did not converge for snapshot 7: residual = 3.30e-02
2026-05-20 16:16:03,906 WARNING L-BFGS did not converge for snapshot 8: residual = 5.93e-01
2026-05-20 16:16:06,220 WARNING L-BFGS did not converge for snapshot 9: residual = 1.44e-01
2026-05-20 16:16:08,483 WARNING L-BFGS did not converge for snapshot 10: residual = 2.35e-02
2026-05-20 16:16:10,792 WARNING L-BFGS did not converge for snapshot 11: residual = 4.51e-02
2026-05-20 16:16:13,143 WARNING L-BFGS did not converge for snapshot 12: residual = 1.11e-01
2026-05-20 16:16:15,398 WARNING L-BFGS did not converge for snapshot 13: residual = 3.80e-01
2026-05-20 16:16:17,655 WARNING L-BFGS did not converge for snapshot 14: residual = 1.49e-01
2026-05-20 16:16:20,018 WARNING L-BFGS did not converge for snapshot 15: residual = 8.96e-02
2026-05-20 16:16:22,262 WARNING L-BFGS did not converge for snapshot 16: residual = 2.33e-01
2026-05-20 16:16:24,548 WARNING L-BFGS did not converge for snapshot 17: residual = 2.96e-01
2026-05-20 16:16:26,786 WARNING L-BFGS did not converge for snapshot 18: residual = 6.42e-02
2026-05-20 16:16:29,122 WARNING L-BFGS did not converge for snapshot 19: residual = 3.86e-01
2026-05-20 16:16:31,418 WARNING L-BFGS did not converge for snapshot 20: residual = 2.36e-01
2026-05-20 16:16:33,676 WARNING L-BFGS did not converge for snapshot 21: residual = 5.93e-02
2026-05-20 16:16:35,941 WARNING L-BFGS did not converge for snapshot 22: residual = 9.32e-02
2026-05-20 16:16:38,187 WARNING L-BFGS did not converge for snapshot 23: residual = 4.16e-01
2026-05-20 16:16:40,465 WARNING L-BFGS did not converge for snapshot 24: residual = 1.78e-02
2026-05-20 16:16:42,782 WARNING L-BFGS did not converge for snapshot 25: residual = 1.54e-02
2026-05-20 16:16:45,081 WARNING L-BFGS did not converge for snapshot 26: residual = 1.52e-01
2026-05-20 16:16:47,340 WARNING L-BFGS did not converge for snapshot 27: residual = 2.19e-02
2026-05-20 16:16:49,629 WARNING L-BFGS did not converge for snapshot 28: residual = 2.02e-02
2026-05-20 16:16:51,907 WARNING L-BFGS did not converge for snapshot 29: residual = 2.58e-01
2026-05-20 16:16:54,184 WARNING L-BFGS did not converge for snapshot 30: residual = 9.97e-02
2026-05-20 16:16:56,471 WARNING L-BFGS did not converge for snapshot 31: residual = 2.66e-02
2026-05-20 16:16:56,476 INFO seed=7 dim_g=256 lasa_qterm_T1p shard_l3 snap=0.0272 mse=0.2292 psnr=6.40 pass=False
2026-05-20 16:18:29,123 INFO JOLI inversion complete: N=32, d=784, dim_g=256, n_batch=500, adam_steps=2000, tv_adam=0.0000, tv_lbfgs=0.0050
2026-05-20 16:18:29,125 INFO seed=7 dim_g=256 lasa_qterm_T1p joli_l3 snap=0.0272 mse=0.1218 psnr=9.14 pass=False
2026-05-20 16:19:48,580 INFO seed=7 dim_g=256 lasa_qterm_T1b shard_l3 snap=0.0000 mse=0.2067 psnr=6.85 pass=False
2026-05-20 16:21:22,464 INFO JOLI inversion complete: N=32, d=784, dim_g=256, n_batch=500, adam_steps=2000, tv_adam=0.0000, tv_lbfgs=0.0050
2026-05-20 16:21:22,465 INFO seed=7 dim_g=256 lasa_qterm_T1b joli_l3 snap=0.0000 mse=0.0885 psnr=10.53 pass=False
/workspace/research-artifacts/qfl-vqc-mnist-recon/code/benchmark_round02.py:282: UserWarning: SHARD did not converge within 500 iterations (final ||ΔS||_F = 6.42e+00).
  s = attacker.level2_disaggregate(
2026-05-20 16:21:47,658 WARNING L-BFGS did not converge for snapshot 0: residual = 1.22e+01
2026-05-20 16:21:49,968 WARNING L-BFGS did not converge for snapshot 1: residual = 1.07e+02
2026-05-20 16:21:52,280 WARNING L-BFGS did not converge for snapshot 2: residual = 1.03e+02
2026-05-20 16:21:54,532 WARNING L-BFGS did not converge for snapshot 3: residual = 9.85e-02
2026-05-20 16:21:56,836 WARNING L-BFGS did not converge for snapshot 4: residual = 1.77e-01
2026-05-20 16:21:59,165 WARNING L-BFGS did not converge for snapshot 5: residual = 1.39e+01
2026-05-20 16:22:01,496 WARNING L-BFGS did not converge for snapshot 6: residual = 1.49e+01
2026-05-20 16:22:03,851 WARNING L-BFGS did not converge for snapshot 7: residual = 1.01e+02
2026-05-20 16:22:06,166 WARNING L-BFGS did not converge for snapshot 8: residual = 1.97e+01
2026-05-20 16:22:08,455 WARNING L-BFGS did not converge for snapshot 9: residual = 1.10e+01
2026-05-20 16:22:10,743 WARNING L-BFGS did not converge for snapshot 10: residual = 1.20e-01
2026-05-20 16:22:13,035 WARNING L-BFGS did not converge for snapshot 11: residual = 1.21e+01
2026-05-20 16:22:15,353 WARNING L-BFGS did not converge for snapshot 12: residual = 3.45e-01
2026-05-20 16:22:17,660 WARNING L-BFGS did not converge for snapshot 13: residual = 1.31e-01
2026-05-20 16:22:19,977 WARNING L-BFGS did not converge for snapshot 14: residual = 2.85e-01
2026-05-20 16:22:22,270 WARNING L-BFGS did not converge for snapshot 15: residual = 8.53e-02
2026-05-20 16:22:24,570 WARNING L-BFGS did not converge for snapshot 16: residual = 3.10e-02
2026-05-20 16:22:26,902 WARNING L-BFGS did not converge for snapshot 17: residual = 1.18e+01
2026-05-20 16:22:29,222 WARNING L-BFGS did not converge for snapshot 18: residual = 3.28e-01
2026-05-20 16:22:31,543 WARNING L-BFGS did not converge for snapshot 19: residual = 9.78e+01
2026-05-20 16:22:33,873 WARNING L-BFGS did not converge for snapshot 20: residual = 4.50e-01
2026-05-20 16:22:36,186 WARNING L-BFGS did not converge for snapshot 21: residual = 1.30e+01
2026-05-20 16:22:38,495 WARNING L-BFGS did not converge for snapshot 22: residual = 2.02e+01
2026-05-20 16:22:40,774 WARNING L-BFGS did not converge for snapshot 23: residual = 7.88e-02
2026-05-20 16:22:43,105 WARNING L-BFGS did not converge for snapshot 24: residual = 9.27e+01
2026-05-20 16:22:45,413 WARNING L-BFGS did not converge for snapshot 25: residual = 1.20e+01
2026-05-20 16:22:47,684 WARNING L-BFGS did not converge for snapshot 26: residual = 9.43e-01
2026-05-20 16:22:50,008 WARNING L-BFGS did not converge for snapshot 27: residual = 7.57e-02
2026-05-20 16:22:52,316 WARNING L-BFGS did not converge for snapshot 28: residual = 1.00e+02
2026-05-20 16:22:54,597 WARNING L-BFGS did not converge for snapshot 29: residual = 4.30e-01
2026-05-20 16:22:56,941 WARNING L-BFGS did not converge for snapshot 30: residual = 2.56e-01
2026-05-20 16:22:59,263 WARNING L-BFGS did not converge for snapshot 31: residual = 9.50e+01
2026-05-20 16:22:59,265 INFO seed=11 dim_g=256 shard_oracle shard_l3 snap=0.2896 mse=0.3052 psnr=5.15 pass=False
2026-05-20 16:24:31,858 INFO JOLI inversion complete: N=32, d=784, dim_g=256, n_batch=500, adam_steps=2000, tv_adam=0.0000, tv_lbfgs=0.0050
2026-05-20 16:24:31,861 INFO seed=11 dim_g=256 shard_oracle joli_l3 snap=0.2896 mse=0.2478 psnr=6.06 pass=False
2026-05-20 16:24:34,842 WARNING L-BFGS did not converge for snapshot 0: residual = 1.85e-01
2026-05-20 16:24:37,588 WARNING L-BFGS did not converge for snapshot 1: residual = 1.34e-02
2026-05-20 16:24:40,333 WARNING L-BFGS did not converge for snapshot 2: residual = 3.34e-01
2026-05-20 16:24:43,018 WARNING L-BFGS did not converge for snapshot 3: residual = 5.15e+00
2026-05-20 16:24:45,764 WARNING L-BFGS did not converge for snapshot 4: residual = 1.98e+00
2026-05-20 16:24:48,490 WARNING L-BFGS did not converge for snapshot 5: residual = 3.14e-01
2026-05-20 16:24:51,226 WARNING L-BFGS did not converge for snapshot 6: residual = 4.84e+00
2026-05-20 16:24:54,004 WARNING L-BFGS did not converge for snapshot 7: residual = 9.37e-02
2026-05-20 16:24:56,680 WARNING L-BFGS did not converge for snapshot 8: residual = 4.71e+00
2026-05-20 16:24:59,053 WARNING L-BFGS did not converge for snapshot 9: residual = 3.75e-01
2026-05-20 16:25:01,315 WARNING L-BFGS did not converge for snapshot 10: residual = 1.11e+00
2026-05-20 16:25:03,528 WARNING L-BFGS did not converge for snapshot 11: residual = 8.78e-02
2026-05-20 16:25:05,815 WARNING L-BFGS did not converge for snapshot 12: residual = 1.01e+00
2026-05-20 16:25:08,105 WARNING L-BFGS did not converge for snapshot 13: residual = 6.28e-02
2026-05-20 16:25:10,387 WARNING L-BFGS did not converge for snapshot 14: residual = 2.92e-02
2026-05-20 16:25:13,032 WARNING L-BFGS did not converge for snapshot 15: residual = 5.64e+00
2026-05-20 16:25:15,777 WARNING L-BFGS did not converge for snapshot 16: residual = 6.56e-01
2026-05-20 16:25:18,600 WARNING L-BFGS did not converge for snapshot 17: residual = 1.86e+00
2026-05-20 16:25:21,299 WARNING L-BFGS did not converge for snapshot 18: residual = 1.15e+00
2026-05-20 16:25:24,084 WARNING L-BFGS did not converge for snapshot 19: residual = 1.99e-01
2026-05-20 16:25:26,865 WARNING L-BFGS did not converge for snapshot 20: residual = 3.04e+00
2026-05-20 16:25:29,660 WARNING L-BFGS did not converge for snapshot 21: residual = 1.60e+00
2026-05-20 16:25:32,483 WARNING L-BFGS did not converge for snapshot 22: residual = 5.97e+00
2026-05-20 16:25:35,378 WARNING L-BFGS did not converge for snapshot 23: residual = 2.39e-01
2026-05-20 16:25:38,016 WARNING L-BFGS did not converge for snapshot 24: residual = 2.45e+00
2026-05-20 16:25:40,736 WARNING L-BFGS did not converge for snapshot 25: residual = 3.43e+00
2026-05-20 16:25:43,514 WARNING L-BFGS did not converge for snapshot 26: residual = 1.66e+01
2026-05-20 16:25:46,148 WARNING L-BFGS did not converge for snapshot 27: residual = 3.01e-01
2026-05-20 16:25:48,583 WARNING L-BFGS did not converge for snapshot 28: residual = 2.12e+01
2026-05-20 16:25:50,919 WARNING L-BFGS did not converge for snapshot 29: residual = 1.17e-01
2026-05-20 16:25:53,235 WARNING L-BFGS did not converge for snapshot 30: residual = 3.39e-01
2026-05-20 16:25:55,633 WARNING L-BFGS did not converge for snapshot 31: residual = 2.26e-01
2026-05-20 16:25:55,638 INFO seed=11 dim_g=256 lasa_qterm_T1p shard_l3 snap=0.0699 mse=0.2563 psnr=5.91 pass=False
2026-05-20 16:27:33,252 INFO JOLI inversion complete: N=32, d=784, dim_g=256, n_batch=500, adam_steps=2000, tv_adam=0.0000, tv_lbfgs=0.0050
2026-05-20 16:27:33,255 INFO seed=11 dim_g=256 lasa_qterm_T1p joli_l3 snap=0.0699 mse=0.1766 psnr=7.53 pass=False
2026-05-20 16:29:05,610 INFO seed=11 dim_g=256 lasa_qterm_T1b shard_l3 snap=0.0000 mse=0.1988 psnr=7.02 pass=False
2026-05-20 16:30:52,982 INFO JOLI inversion complete: N=32, d=784, dim_g=256, n_batch=500, adam_steps=2000, tv_adam=0.0000, tv_lbfgs=0.0050
2026-05-20 16:30:52,985 INFO seed=11 dim_g=256 lasa_qterm_T1b joli_l3 snap=0.0000 mse=0.0694 psnr=11.58 pass=False
2026-05-20 16:30:53,424 INFO Wrote /workspace/research-artifacts/qfl-vqc-mnist-recon/artifacts/round02_metrics.json
