2026-05-20 10:07:48,219 INFO GARD-SPARSE seed=3 frac=1.00 rows=60 ls=0.0020 gard=0.0020
2026-05-20 10:07:48,220 INFO GARD-SPARSE seed=7 frac=1.00 rows=60 ls=0.0020 gard=0.0020
2026-05-20 10:07:48,221 INFO GARD-SPARSE seed=11 frac=1.00 rows=60 ls=0.0018 gard=0.0018
2026-05-20 10:07:48,221 INFO GARD-SPARSE seed=19 frac=1.00 rows=60 ls=0.0025 gard=0.0025
2026-05-20 10:07:48,222 INFO GARD-SPARSE seed=23 frac=1.00 rows=60 ls=0.0015 gard=0.0015
2026-05-20 10:07:48,224 INFO GARD-SPARSE seed=3 frac=0.60 rows=36 ls=0.2239 gard=0.0120
2026-05-20 10:07:48,225 INFO GARD-SPARSE seed=7 frac=0.60 rows=36 ls=0.1936 gard=0.0085
2026-05-20 10:07:48,226 INFO GARD-SPARSE seed=11 frac=0.60 rows=36 ls=0.2049 gard=0.0100
2026-05-20 10:07:48,228 INFO GARD-SPARSE seed=19 frac=0.60 rows=36 ls=0.2250 gard=0.0108
2026-05-20 10:07:48,229 INFO GARD-SPARSE seed=23 frac=0.60 rows=36 ls=0.2502 gard=0.0118
2026-05-20 10:07:48,230 INFO GARD-SPARSE seed=3 frac=0.40 rows=24 ls=0.5325 gard=0.0245
2026-05-20 10:07:48,232 INFO GARD-SPARSE seed=7 frac=0.40 rows=24 ls=0.3832 gard=0.0182
2026-05-20 10:07:48,233 INFO GARD-SPARSE seed=11 frac=0.40 rows=24 ls=0.4618 gard=0.0224
2026-05-20 10:07:48,234 INFO GARD-SPARSE seed=19 frac=0.40 rows=24 ls=0.4935 gard=0.0270
2026-05-20 10:07:48,236 INFO GARD-SPARSE seed=23 frac=0.40 rows=24 ls=0.5981 gard=0.0206
2026-05-20 10:07:48,237 INFO GARD-SPARSE seed=3 frac=0.25 rows=15 ls=0.6032 gard=0.0523
2026-05-20 10:07:48,238 INFO GARD-SPARSE seed=7 frac=0.25 rows=15 ls=0.6583 gard=0.0640
2026-05-20 10:07:48,240 INFO GARD-SPARSE seed=11 frac=0.25 rows=15 ls=0.6158 gard=0.0531
2026-05-20 10:07:48,241 INFO GARD-SPARSE seed=19 frac=0.25 rows=15 ls=0.7034 gard=0.0409
2026-05-20 10:07:48,242 INFO GARD-SPARSE seed=23 frac=0.25 rows=15 ls=0.6994 gard=0.0392
2026-05-20 10:07:48,243 INFO GARD-SPARSE seed=3 frac=0.15 rows=9 ls=0.8197 gard=0.1371
2026-05-20 10:07:48,245 INFO GARD-SPARSE seed=7 frac=0.15 rows=9 ls=0.8038 gard=0.1582
2026-05-20 10:07:48,246 INFO GARD-SPARSE seed=11 frac=0.15 rows=9 ls=0.7893 gard=0.0878
2026-05-20 10:07:48,247 INFO GARD-SPARSE seed=19 frac=0.15 rows=9 ls=0.7412 gard=0.1340
2026-05-20 10:07:48,248 INFO GARD-SPARSE seed=23 frac=0.15 rows=9 ls=0.7970 gard=0.1325
2026-05-20 10:08:11,780 INFO SHIELD seed=3 t1p=0.4340 defended=0.5663 util=12.2614 reduction=-30.5%
2026-05-20 10:08:11,781 INFO SHIELD seed=7 t1p=0.4087 defended=0.5223 util=13.4664 reduction=-27.8%
2026-05-20 10:08:11,782 INFO SHIELD seed=11 t1p=0.4080 defended=0.5874 util=10.2394 reduction=-44.0%
2026-05-20 10:08:11,783 INFO SHIELD seed=19 t1p=0.5729 defended=0.5399 util=12.5886 reduction=5.8%
2026-05-20 10:08:11,783 INFO SHIELD seed=23 t1p=0.4069 defended=0.5609 util=13.5041 reduction=-37.8%
2026-05-20 10:08:12,321 INFO Wrote /workspace/research-artifacts/qfl-privacy-breakthrough/artifacts/round01_metrics.json
2026-05-20 10:08:12,322 INFO Primary lane: GARD-SPARSE
2026-05-20 10:08:12,322 INFO Runtime 24.10s
