2026-05-20 10:40:58,598 INFO Round 07 — JASPER-Q v7 (multi-epoch warm-start, spectral graph) + LEAK-CERT trace
2026-05-20 10:40:59,397 INFO JASPER-Q v7 seed=3 frac=0.25 wrong40 blend=0.65 gard=2.492 jasper=0.9617
2026-05-20 10:41:00,204 INFO JASPER-Q v7 seed=7 frac=0.25 wrong40 blend=0.65 gard=2.762 jasper=0.9634
2026-05-20 10:41:01,009 INFO JASPER-Q v7 seed=11 frac=0.25 wrong40 blend=0.65 gard=2.777 jasper=0.9456
2026-05-20 10:41:01,814 INFO JASPER-Q v7 seed=19 frac=0.25 wrong40 blend=0.65 gard=2.497 jasper=0.9503
2026-05-20 10:41:02,582 INFO JASPER-Q v7 seed=23 frac=0.25 wrong40 blend=0.65 gard=2.738 jasper=0.952
2026-05-20 10:41:03,395 INFO JASPER-Q v7 seed=3 frac=0.25 oracle blend=0.00 gard=0.3639 jasper=0.8393
2026-05-20 10:41:04,211 INFO JASPER-Q v7 seed=7 frac=0.25 oracle blend=0.00 gard=0.3619 jasper=0.8453
2026-05-20 10:41:05,016 INFO JASPER-Q v7 seed=11 frac=0.25 oracle blend=0.00 gard=0.3798 jasper=0.8404
2026-05-20 10:41:05,848 INFO JASPER-Q v7 seed=19 frac=0.25 oracle blend=0.00 gard=0.4903 jasper=0.8766
2026-05-20 10:41:06,623 INFO JASPER-Q v7 seed=23 frac=0.25 oracle blend=0.00 gard=0.4146 jasper=0.8515
2026-05-20 10:41:07,441 INFO JASPER-Q v7 seed=3 frac=0.35 wrong40 blend=0.65 gard=14.86 jasper=0.9623
2026-05-20 10:41:08,274 INFO JASPER-Q v7 seed=7 frac=0.35 wrong40 blend=0.65 gard=12.74 jasper=0.9309
2026-05-20 10:41:09,109 INFO JASPER-Q v7 seed=11 frac=0.35 wrong40 blend=0.65 gard=44.82 jasper=0.9346
2026-05-20 10:41:09,971 INFO JASPER-Q v7 seed=19 frac=0.35 wrong40 blend=0.65 gard=9.257 jasper=0.9584
2026-05-20 10:41:10,791 INFO JASPER-Q v7 seed=23 frac=0.35 wrong40 blend=0.65 gard=6.995 jasper=0.954
2026-05-20 10:41:11,607 INFO JASPER-Q v7 seed=3 frac=0.35 oracle blend=0.00 gard=0.1967 jasper=0.8206
2026-05-20 10:41:12,449 INFO JASPER-Q v7 seed=7 frac=0.35 oracle blend=0.00 gard=0.1723 jasper=0.8182
2026-05-20 10:41:13,293 INFO JASPER-Q v7 seed=11 frac=0.35 oracle blend=0.00 gard=0.4005 jasper=0.8103
2026-05-20 10:41:14,137 INFO JASPER-Q v7 seed=19 frac=0.35 oracle blend=0.00 gard=0.2604 jasper=0.8224
2026-05-20 10:41:14,972 INFO JASPER-Q v7 seed=23 frac=0.35 oracle blend=0.00 gard=0.4193 jasper=0.8003
2026-05-20 10:41:15,870 INFO JASPER-Q v7 seed=3 frac=0.50 wrong40 blend=0.65 gard=2.485 jasper=0.929
2026-05-20 10:41:16,749 INFO JASPER-Q v7 seed=7 frac=0.50 wrong40 blend=0.65 gard=1.992 jasper=0.9103
2026-05-20 10:41:17,636 INFO JASPER-Q v7 seed=11 frac=0.50 wrong40 blend=0.65 gard=2.769 jasper=0.8865
2026-05-20 10:41:18,516 INFO JASPER-Q v7 seed=19 frac=0.50 wrong40 blend=0.65 gard=4.764 jasper=0.9066
2026-05-20 10:41:19,397 INFO JASPER-Q v7 seed=23 frac=0.50 wrong40 blend=0.65 gard=2.816 jasper=0.9018
2026-05-20 10:41:20,286 INFO JASPER-Q v7 seed=3 frac=0.50 oracle blend=0.00 gard=0.04739 jasper=0.7497
2026-05-20 10:41:21,168 INFO JASPER-Q v7 seed=7 frac=0.50 oracle blend=0.00 gard=0.09609 jasper=0.7489
2026-05-20 10:41:22,071 INFO JASPER-Q v7 seed=11 frac=0.50 oracle blend=0.00 gard=0.01963 jasper=0.7626
2026-05-20 10:41:22,955 INFO JASPER-Q v7 seed=19 frac=0.50 oracle blend=0.00 gard=0.04265 jasper=0.724
2026-05-20 10:41:23,847 INFO JASPER-Q v7 seed=23 frac=0.50 oracle blend=0.00 gard=0.02495 jasper=0.7336
2026-05-20 10:41:24,781 INFO JASPER-Q v7 seed=3 frac=0.65 wrong40 blend=0.65 gard=1.33 jasper=0.9154
2026-05-20 10:41:25,718 INFO JASPER-Q v7 seed=7 frac=0.65 wrong40 blend=0.65 gard=1.463 jasper=0.8862
2026-05-20 10:41:26,658 INFO JASPER-Q v7 seed=11 frac=0.65 wrong40 blend=0.65 gard=1.636 jasper=0.8632
2026-05-20 10:41:27,595 INFO JASPER-Q v7 seed=19 frac=0.65 wrong40 blend=0.65 gard=1.454 jasper=0.92
2026-05-20 10:41:28,525 INFO JASPER-Q v7 seed=23 frac=0.65 wrong40 blend=0.65 gard=1.43 jasper=0.8778
2026-05-20 10:41:29,468 INFO JASPER-Q v7 seed=3 frac=0.65 oracle blend=0.00 gard=0.001037 jasper=0.7192
2026-05-20 10:41:30,404 INFO JASPER-Q v7 seed=7 frac=0.65 oracle blend=0.00 gard=0.02821 jasper=0.7281
2026-05-20 10:41:31,334 INFO JASPER-Q v7 seed=11 frac=0.65 oracle blend=0.00 gard=0.00169 jasper=0.7076
2026-05-20 10:41:32,269 INFO JASPER-Q v7 seed=19 frac=0.65 oracle blend=0.00 gard=0.03774 jasper=0.7086
2026-05-20 10:41:33,195 INFO JASPER-Q v7 seed=23 frac=0.65 oracle blend=0.00 gard=0.004619 jasper=0.6939
2026-05-20 10:41:34,161 INFO JASPER-Q v7 seed=3 frac=0.75 wrong40 blend=0.65 gard=0.8475 jasper=0.8766
2026-05-20 10:41:35,128 INFO JASPER-Q v7 seed=7 frac=0.75 wrong40 blend=0.65 gard=1.234 jasper=0.8801
2026-05-20 10:41:36,102 INFO JASPER-Q v7 seed=11 frac=0.75 wrong40 blend=0.65 gard=1.05 jasper=0.9076
2026-05-20 10:41:37,074 INFO JASPER-Q v7 seed=19 frac=0.75 wrong40 blend=0.65 gard=0.9781 jasper=0.9113
2026-05-20 10:41:38,039 INFO JASPER-Q v7 seed=23 frac=0.75 wrong40 blend=0.65 gard=1.449 jasper=0.8626
2026-05-20 10:41:39,012 INFO JASPER-Q v7 seed=3 frac=0.75 oracle blend=0.00 gard=0.001408 jasper=0.6922
2026-05-20 10:41:39,972 INFO JASPER-Q v7 seed=7 frac=0.75 oracle blend=0.00 gard=0.000897 jasper=0.6787
2026-05-20 10:41:40,940 INFO JASPER-Q v7 seed=11 frac=0.75 oracle blend=0.00 gard=0.002651 jasper=0.6845
2026-05-20 10:41:41,906 INFO JASPER-Q v7 seed=19 frac=0.75 oracle blend=0.00 gard=0.002119 jasper=0.6859
2026-05-20 10:41:42,865 INFO JASPER-Q v7 seed=23 frac=0.75 oracle blend=0.00 gard=0.003599 jasper=0.6693
2026-05-20 10:41:46,328 INFO LEAK-CERT-T1p v2 seed=3 emp=0.4122 cert=1.08 naive_tr=16 ratio_tr=14.81 cover=True
2026-05-20 10:41:46,328 INFO LEAK-CERT-T1p v2 seed=7 emp=0.4175 cert=1.08 naive_tr=16 ratio_tr=14.81 cover=True
2026-05-20 10:41:46,328 INFO LEAK-CERT-T1p v2 seed=11 emp=0.382 cert=1.08 naive_tr=16 ratio_tr=14.81 cover=True
2026-05-20 10:41:46,328 INFO LEAK-CERT-T1p v2 seed=19 emp=0.5072 cert=1.08 naive_tr=16 ratio_tr=14.81 cover=True
2026-05-20 10:41:46,328 INFO LEAK-CERT-T1p v2 seed=23 emp=0.4024 cert=1.08 naive_tr=16 ratio_tr=14.81 cover=True
2026-05-20 10:41:46,330 INFO Wrote /workspace/research-artifacts/qfl-privacy-breakthrough/artifacts/round07_metrics.json
2026-05-20 10:41:46,331 INFO Gates: A_std=False relaxed_A=False wrong40_010_40=False C=True
2026-05-20 10:41:46,331 INFO Runtime 47.73s
