2026-05-20 10:21:13,432 INFO Round 03 assignment-barrier stress
2026-05-20 10:21:13,439 INFO barrier seed=3 frac=0.25 wrong20 anchor=level1_estimate refine=1.006 co=0.9735
2026-05-20 10:21:13,445 INFO barrier seed=7 frac=0.25 wrong20 anchor=level1_estimate refine=0.9025 co=0.8942
2026-05-20 10:21:13,450 INFO barrier seed=11 frac=0.25 wrong20 anchor=level1_estimate refine=0.913 co=0.9998
2026-05-20 10:21:13,456 INFO barrier seed=19 frac=0.25 wrong20 anchor=level1_estimate refine=1.011 co=0.9433
2026-05-20 10:21:13,462 INFO barrier seed=23 frac=0.25 wrong20 anchor=level1_estimate refine=0.957 co=0.9613
2026-05-20 10:21:13,468 INFO barrier seed=3 frac=0.25 wrong20 anchor=dp_mean refine=0.9978 co=0.9714
2026-05-20 10:21:13,473 INFO barrier seed=7 frac=0.25 wrong20 anchor=dp_mean refine=0.9411 co=0.9025
2026-05-20 10:21:13,479 INFO barrier seed=11 frac=0.25 wrong20 anchor=dp_mean refine=0.9249 co=1.005
2026-05-20 10:21:13,485 INFO barrier seed=19 frac=0.25 wrong20 anchor=dp_mean refine=1.03 co=0.9518
2026-05-20 10:21:13,491 INFO barrier seed=23 frac=0.25 wrong20 anchor=dp_mean refine=0.9606 co=0.9703
2026-05-20 10:21:13,496 INFO barrier seed=3 frac=0.25 wrong20 anchor=oracle_true refine=0.9673 co=0.954
2026-05-20 10:21:13,502 INFO barrier seed=7 frac=0.25 wrong20 anchor=oracle_true refine=0.927 co=0.8783
2026-05-20 10:21:13,508 INFO barrier seed=11 frac=0.25 wrong20 anchor=oracle_true refine=0.9025 co=0.9806
2026-05-20 10:21:13,513 INFO barrier seed=19 frac=0.25 wrong20 anchor=oracle_true refine=0.9836 co=0.8954
2026-05-20 10:21:13,519 INFO barrier seed=23 frac=0.25 wrong20 anchor=oracle_true refine=0.9677 co=0.9988
2026-05-20 10:21:13,525 INFO barrier seed=3 frac=0.25 wrong40 anchor=level1_estimate refine=1.038 co=0.9994
2026-05-20 10:21:13,531 INFO barrier seed=7 frac=0.25 wrong40 anchor=level1_estimate refine=0.9496 co=1.144
2026-05-20 10:21:13,536 INFO barrier seed=11 frac=0.25 wrong40 anchor=level1_estimate refine=1.086 co=1.007
2026-05-20 10:21:13,542 INFO barrier seed=19 frac=0.25 wrong40 anchor=level1_estimate refine=1.029 co=0.9648
2026-05-20 10:21:13,548 INFO barrier seed=23 frac=0.25 wrong40 anchor=level1_estimate refine=1.083 co=1.009
2026-05-20 10:21:13,557 INFO barrier seed=3 frac=0.25 wrong40 anchor=dp_mean refine=0.9957 co=1.002
2026-05-20 10:21:13,563 INFO barrier seed=7 frac=0.25 wrong40 anchor=dp_mean refine=0.9724 co=1.156
2026-05-20 10:21:13,569 INFO barrier seed=11 frac=0.25 wrong40 anchor=dp_mean refine=1.089 co=1.012
2026-05-20 10:21:13,575 INFO barrier seed=19 frac=0.25 wrong40 anchor=dp_mean refine=1.045 co=0.9737
2026-05-20 10:21:13,580 INFO barrier seed=23 frac=0.25 wrong40 anchor=dp_mean refine=1.083 co=1.013
2026-05-20 10:21:13,586 INFO barrier seed=3 frac=0.25 wrong40 anchor=oracle_true refine=0.9715 co=1.028
2026-05-20 10:21:13,592 INFO barrier seed=7 frac=0.25 wrong40 anchor=oracle_true refine=0.9311 co=1.118
2026-05-20 10:21:13,597 INFO barrier seed=11 frac=0.25 wrong40 anchor=oracle_true refine=1.104 co=1.067
2026-05-20 10:21:13,603 INFO barrier seed=19 frac=0.25 wrong40 anchor=oracle_true refine=0.9839 co=0.8964
2026-05-20 10:21:13,609 INFO barrier seed=23 frac=0.25 wrong40 anchor=oracle_true refine=1.025 co=1.005
2026-05-20 10:21:13,614 INFO barrier seed=3 frac=0.25 unknown_random anchor=level1_estimate refine=1.181 co=1.022
2026-05-20 10:21:13,619 INFO barrier seed=7 frac=0.25 unknown_random anchor=level1_estimate refine=1.013 co=1.003
2026-05-20 10:21:13,624 INFO barrier seed=11 frac=0.25 unknown_random anchor=level1_estimate refine=1.171 co=1.02
2026-05-20 10:21:13,629 INFO barrier seed=19 frac=0.25 unknown_random anchor=level1_estimate refine=1.097 co=1.182
2026-05-20 10:21:13,635 INFO barrier seed=23 frac=0.25 unknown_random anchor=level1_estimate refine=1.198 co=1.012
2026-05-20 10:21:13,640 INFO barrier seed=3 frac=0.25 unknown_random anchor=dp_mean refine=1.18 co=1.024
2026-05-20 10:21:13,645 INFO barrier seed=7 frac=0.25 unknown_random anchor=dp_mean refine=1.03 co=1.012
2026-05-20 10:21:13,650 INFO barrier seed=11 frac=0.25 unknown_random anchor=dp_mean refine=1.171 co=1.023
2026-05-20 10:21:13,655 INFO barrier seed=19 frac=0.25 unknown_random anchor=dp_mean refine=1.173 co=1.189
2026-05-20 10:21:13,661 INFO barrier seed=23 frac=0.25 unknown_random anchor=dp_mean refine=1.202 co=1.018
2026-05-20 10:21:13,666 INFO barrier seed=3 frac=0.25 unknown_random anchor=oracle_true refine=1.151 co=1.075
2026-05-20 10:21:13,671 INFO barrier seed=7 frac=0.25 unknown_random anchor=oracle_true refine=1.024 co=0.9966
2026-05-20 10:21:13,676 INFO barrier seed=11 frac=0.25 unknown_random anchor=oracle_true refine=1.15 co=1.047
2026-05-20 10:21:13,681 INFO barrier seed=19 frac=0.25 unknown_random anchor=oracle_true refine=1.124 co=1.225
2026-05-20 10:21:13,686 INFO barrier seed=23 frac=0.25 unknown_random anchor=oracle_true refine=1.135 co=1.038
2026-05-20 10:21:13,691 INFO barrier seed=3 frac=0.15 wrong20 anchor=level1_estimate refine=0.9877 co=0.9829
2026-05-20 10:21:13,696 INFO barrier seed=7 frac=0.15 wrong20 anchor=level1_estimate refine=0.9953 co=1.035
2026-05-20 10:21:13,701 INFO barrier seed=11 frac=0.15 wrong20 anchor=level1_estimate refine=0.9513 co=0.9629
2026-05-20 10:21:13,706 INFO barrier seed=19 frac=0.15 wrong20 anchor=level1_estimate refine=1.011 co=0.9548
2026-05-20 10:21:13,710 INFO barrier seed=23 frac=0.15 wrong20 anchor=level1_estimate refine=0.9642 co=0.999
2026-05-20 10:21:13,715 INFO barrier seed=3 frac=0.15 wrong20 anchor=dp_mean refine=1.004 co=0.985
2026-05-20 10:21:13,720 INFO barrier seed=7 frac=0.15 wrong20 anchor=dp_mean refine=0.9926 co=1.039
2026-05-20 10:21:13,725 INFO barrier seed=11 frac=0.15 wrong20 anchor=dp_mean refine=0.9369 co=0.9629
2026-05-20 10:21:13,730 INFO barrier seed=19 frac=0.15 wrong20 anchor=dp_mean refine=1.008 co=0.9558
2026-05-20 10:21:13,734 INFO barrier seed=23 frac=0.15 wrong20 anchor=dp_mean refine=0.9523 co=1.004
2026-05-20 10:21:13,739 INFO barrier seed=3 frac=0.15 wrong20 anchor=oracle_true refine=0.9621 co=0.9602
2026-05-20 10:21:13,744 INFO barrier seed=7 frac=0.15 wrong20 anchor=oracle_true refine=0.9334 co=1.016
2026-05-20 10:21:13,749 INFO barrier seed=11 frac=0.15 wrong20 anchor=oracle_true refine=0.9085 co=0.9492
2026-05-20 10:21:13,753 INFO barrier seed=19 frac=0.15 wrong20 anchor=oracle_true refine=0.95 co=0.9052
2026-05-20 10:21:13,758 INFO barrier seed=23 frac=0.15 wrong20 anchor=oracle_true refine=0.9132 co=0.9882
2026-05-20 10:21:13,763 INFO barrier seed=3 frac=0.15 wrong40 anchor=level1_estimate refine=1.03 co=1.016
2026-05-20 10:21:13,768 INFO barrier seed=7 frac=0.15 wrong40 anchor=level1_estimate refine=1.06 co=1.037
2026-05-20 10:21:13,773 INFO barrier seed=11 frac=0.15 wrong40 anchor=level1_estimate refine=1.049 co=1.125
2026-05-20 10:21:13,777 INFO barrier seed=19 frac=0.15 wrong40 anchor=level1_estimate refine=1.057 co=1.118
2026-05-20 10:21:13,782 INFO barrier seed=23 frac=0.15 wrong40 anchor=level1_estimate refine=1.02 co=1.026
2026-05-20 10:21:13,787 INFO barrier seed=3 frac=0.15 wrong40 anchor=dp_mean refine=1.002 co=1.018
2026-05-20 10:21:13,792 INFO barrier seed=7 frac=0.15 wrong40 anchor=dp_mean refine=1.052 co=1.042
2026-05-20 10:21:13,796 INFO barrier seed=11 frac=0.15 wrong40 anchor=dp_mean refine=1.052 co=1.124
2026-05-20 10:21:13,801 INFO barrier seed=19 frac=0.15 wrong40 anchor=dp_mean refine=1.058 co=1.12
2026-05-20 10:21:13,806 INFO barrier seed=23 frac=0.15 wrong40 anchor=dp_mean refine=1.024 co=1.031
2026-05-20 10:21:13,811 INFO barrier seed=3 frac=0.15 wrong40 anchor=oracle_true refine=0.9832 co=0.9624
2026-05-20 10:21:13,816 INFO barrier seed=7 frac=0.15 wrong40 anchor=oracle_true refine=1.001 co=1.09
2026-05-20 10:21:13,820 INFO barrier seed=11 frac=0.15 wrong40 anchor=oracle_true refine=1.033 co=1.003
2026-05-20 10:21:13,826 INFO barrier seed=19 frac=0.15 wrong40 anchor=oracle_true refine=0.9813 co=0.9885
2026-05-20 10:21:13,830 INFO barrier seed=23 frac=0.15 wrong40 anchor=oracle_true refine=1.008 co=1.004
2026-05-20 10:21:13,835 INFO barrier seed=3 frac=0.15 unknown_random anchor=level1_estimate refine=1.171 co=1.034
2026-05-20 10:21:13,839 INFO barrier seed=7 frac=0.15 unknown_random anchor=level1_estimate refine=1.196 co=1.245
2026-05-20 10:21:13,844 INFO barrier seed=11 frac=0.15 unknown_random anchor=level1_estimate refine=1.155 co=1.3
2026-05-20 10:21:13,848 INFO barrier seed=19 frac=0.15 unknown_random anchor=level1_estimate refine=1.136 co=1.299
2026-05-20 10:21:13,855 INFO barrier seed=23 frac=0.15 unknown_random anchor=level1_estimate refine=1.112 co=1.074
2026-05-20 10:21:13,860 INFO barrier seed=3 frac=0.15 unknown_random anchor=dp_mean refine=1.171 co=1.036
2026-05-20 10:21:13,865 INFO barrier seed=7 frac=0.15 unknown_random anchor=dp_mean refine=1.197 co=1.248
2026-05-20 10:21:13,869 INFO barrier seed=11 frac=0.15 unknown_random anchor=dp_mean refine=1.147 co=1.301
2026-05-20 10:21:13,873 INFO barrier seed=19 frac=0.15 unknown_random anchor=dp_mean refine=1.141 co=1.3
2026-05-20 10:21:13,878 INFO barrier seed=23 frac=0.15 unknown_random anchor=dp_mean refine=1.12 co=1.081
2026-05-20 10:21:13,883 INFO barrier seed=3 frac=0.15 unknown_random anchor=oracle_true refine=1.134 co=0.9925
2026-05-20 10:21:13,887 INFO barrier seed=7 frac=0.15 unknown_random anchor=oracle_true refine=1.166 co=1.187
2026-05-20 10:21:13,891 INFO barrier seed=11 frac=0.15 unknown_random anchor=oracle_true refine=1.148 co=1.192
2026-05-20 10:21:13,896 INFO barrier seed=19 frac=0.15 unknown_random anchor=oracle_true refine=1.133 co=1.125
2026-05-20 10:21:13,900 INFO barrier seed=23 frac=0.15 unknown_random anchor=oracle_true refine=1.07 co=1.082
2026-05-20 10:21:14,160 INFO hybrid seed=3 oracle t1p=0.4212 gard=0.2028 best=0.2028 blend=0.00
2026-05-20 10:21:14,263 INFO hybrid seed=7 oracle t1p=0.4664 gard=0.3519 best=0.3519 blend=0.00
2026-05-20 10:21:14,373 INFO hybrid seed=11 oracle t1p=0.3986 gard=0.3109 best=0.3109 blend=0.00
2026-05-20 10:21:14,475 INFO hybrid seed=19 oracle t1p=0.5686 gard=0.2886 best=0.2886 blend=0.00
2026-05-20 10:21:14,577 INFO hybrid seed=23 oracle t1p=0.403 gard=0.3086 best=0.3086 blend=0.00
2026-05-20 10:21:14,683 INFO hybrid seed=3 wrong20 t1p=0.4212 gard=0.7569 best=0.3987 blend=0.50
2026-05-20 10:21:14,791 INFO hybrid seed=7 wrong20 t1p=0.4055 gard=0.6002 best=0.4055 blend=1.00
2026-05-20 10:21:14,894 INFO hybrid seed=11 wrong20 t1p=0.3985 gard=0.8414 best=0.3985 blend=1.00
2026-05-20 10:21:15,001 INFO hybrid seed=19 wrong20 t1p=0.5686 gard=0.4377 best=0.3918 blend=0.25
2026-05-20 10:21:15,108 INFO hybrid seed=23 wrong20 t1p=0.403 gard=0.7833 best=0.403 blend=1.00
2026-05-20 10:21:15,210 INFO hybrid seed=3 wrong40 t1p=0.4212 gard=1.6 best=0.4212 blend=1.00
2026-05-20 10:21:15,317 INFO hybrid seed=7 wrong40 t1p=0.4055 gard=0.6304 best=0.4055 blend=1.00
2026-05-20 10:21:15,422 INFO hybrid seed=11 wrong40 t1p=0.3985 gard=0.5618 best=0.3985 blend=1.00
2026-05-20 10:21:15,525 INFO hybrid seed=19 wrong40 t1p=0.5686 gard=0.5453 best=0.3715 blend=0.25
2026-05-20 10:21:15,629 INFO hybrid seed=23 wrong40 t1p=0.403 gard=1.119 best=0.403 blend=1.00
2026-05-20 10:21:15,717 INFO Wrote /workspace/research-artifacts/qfl-privacy-breakthrough/artifacts/round03_metrics.json
2026-05-20 10:21:15,717 INFO Criterion A oracle level1 co: False wrong40 refine: False
2026-05-20 10:21:15,717 INFO Cooccurrence vs oracle: [{'assignment_regime': 'wrong20', 'fraction': 0.25, 'cooccurrence_mse': 0.9601286216309006, 'oracle_chain_mse': 0.6720498781391685, 'cooccurrence_minus_oracle': 0.2880787434917321, 'incidence_refine_mse': 0.9708505719354144}, {'assignment_regime': 'wrong40', 'fraction': 0.25, 'cooccurrence_mse': 1.0311158361241841, 'oracle_chain_mse': 0.8922446929626929, 'cooccurrence_minus_oracle': 0.13887114316149118, 'incidence_refine_mse': 1.0369495593046876}, {'assignment_regime': 'unknown_random', 'fraction': 0.25, 'cooccurrence_mse': 1.0531164740926884, 'oracle_chain_mse': 1.097813894486516, 'cooccurrence_minus_oracle': -0.044697420393827514, 'incidence_refine_mse': 1.1510035502300349}]
2026-05-20 10:21:15,718 INFO Runtime 2.28s
