2026-05-20 10:15:01,346 INFO Round 02 Stage-2 stress: seeds=[3, 7, 11, 19, 23] assignments=['oracle', 'wrong20', 'wrong40', 'unknown_random']
2026-05-20 10:15:01,356 INFO stage2 seed=3 frac=1.00 assign=oracle gard_oracle=0.002252 ls=0.002252
2026-05-20 10:15:01,364 INFO stage2 seed=7 frac=1.00 assign=oracle gard_oracle=0.001679 ls=0.001679
2026-05-20 10:15:01,371 INFO stage2 seed=11 frac=1.00 assign=oracle gard_oracle=0.00179 ls=0.00179
2026-05-20 10:15:01,379 INFO stage2 seed=19 frac=1.00 assign=oracle gard_oracle=0.002243 ls=0.002243
2026-05-20 10:15:01,386 INFO stage2 seed=23 frac=1.00 assign=oracle gard_oracle=0.001725 ls=0.001725
2026-05-20 10:15:01,397 INFO stage2 seed=3 frac=1.00 assign=wrong20 gard_oracle=2.79 ls=2.79
2026-05-20 10:15:01,407 INFO stage2 seed=7 frac=1.00 assign=wrong20 gard_oracle=1.573 ls=1.573
2026-05-20 10:15:01,417 INFO stage2 seed=11 frac=1.00 assign=wrong20 gard_oracle=1.717 ls=1.717
2026-05-20 10:15:01,427 INFO stage2 seed=19 frac=1.00 assign=wrong20 gard_oracle=1.766 ls=1.766
2026-05-20 10:15:01,437 INFO stage2 seed=23 frac=1.00 assign=wrong20 gard_oracle=2.188 ls=2.188
2026-05-20 10:15:01,447 INFO stage2 seed=3 frac=1.00 assign=wrong40 gard_oracle=2.535 ls=2.535
2026-05-20 10:15:01,457 INFO stage2 seed=7 frac=1.00 assign=wrong40 gard_oracle=2.879 ls=2.879
2026-05-20 10:15:01,467 INFO stage2 seed=11 frac=1.00 assign=wrong40 gard_oracle=4.835 ls=4.835
2026-05-20 10:15:01,477 INFO stage2 seed=19 frac=1.00 assign=wrong40 gard_oracle=2.566 ls=2.566
2026-05-20 10:15:01,487 INFO stage2 seed=23 frac=1.00 assign=wrong40 gard_oracle=3.316 ls=3.316
2026-05-20 10:15:01,495 INFO stage2 seed=3 frac=1.00 assign=unknown_random gard_oracle=5.597 ls=5.597
2026-05-20 10:15:01,503 INFO stage2 seed=7 frac=1.00 assign=unknown_random gard_oracle=5.538 ls=5.538
2026-05-20 10:15:01,511 INFO stage2 seed=11 frac=1.00 assign=unknown_random gard_oracle=9.982 ls=9.982
2026-05-20 10:15:01,519 INFO stage2 seed=19 frac=1.00 assign=unknown_random gard_oracle=5.552 ls=5.552
2026-05-20 10:15:01,527 INFO stage2 seed=23 frac=1.00 assign=unknown_random gard_oracle=3.688 ls=3.688
2026-05-20 10:15:01,536 INFO stage2 seed=3 frac=0.60 assign=oracle gard_oracle=0.0119 ls=0.2243
2026-05-20 10:15:01,545 INFO stage2 seed=7 frac=0.60 assign=oracle gard_oracle=0.008382 ls=0.1935
2026-05-20 10:15:01,555 INFO stage2 seed=11 frac=0.60 assign=oracle gard_oracle=0.009665 ls=0.2049
2026-05-20 10:15:01,564 INFO stage2 seed=19 frac=0.60 assign=oracle gard_oracle=0.01099 ls=0.2252
2026-05-20 10:15:01,573 INFO stage2 seed=23 frac=0.60 assign=oracle gard_oracle=0.01137 ls=0.2499
2026-05-20 10:15:01,584 INFO stage2 seed=3 frac=0.60 assign=wrong20 gard_oracle=0.4296 ls=1.736
2026-05-20 10:15:01,595 INFO stage2 seed=7 frac=0.60 assign=wrong20 gard_oracle=0.2435 ls=1.304
2026-05-20 10:15:01,606 INFO stage2 seed=11 frac=0.60 assign=wrong20 gard_oracle=0.2331 ls=1.482
2026-05-20 10:15:01,616 INFO stage2 seed=19 frac=0.60 assign=wrong20 gard_oracle=0.2398 ls=1.369
2026-05-20 10:15:01,627 INFO stage2 seed=23 frac=0.60 assign=wrong20 gard_oracle=0.4185 ls=1.274
2026-05-20 10:15:01,638 INFO stage2 seed=3 frac=0.60 assign=wrong40 gard_oracle=0.5238 ls=2.616
2026-05-20 10:15:01,649 INFO stage2 seed=7 frac=0.60 assign=wrong40 gard_oracle=0.6811 ls=4.008
2026-05-20 10:15:01,659 INFO stage2 seed=11 frac=0.60 assign=wrong40 gard_oracle=0.5351 ls=5.556
2026-05-20 10:15:01,670 INFO stage2 seed=19 frac=0.60 assign=wrong40 gard_oracle=0.7266 ls=5.183
2026-05-20 10:15:01,681 INFO stage2 seed=23 frac=0.60 assign=wrong40 gard_oracle=0.7875 ls=3.171
2026-05-20 10:15:01,691 INFO stage2 seed=3 frac=0.60 assign=unknown_random gard_oracle=0.9306 ls=5.552
2026-05-20 10:15:01,700 INFO stage2 seed=7 frac=0.60 assign=unknown_random gard_oracle=1.097 ls=8.874
2026-05-20 10:15:01,710 INFO stage2 seed=11 frac=0.60 assign=unknown_random gard_oracle=1.12 ls=5.384
2026-05-20 10:15:01,720 INFO stage2 seed=19 frac=0.60 assign=unknown_random gard_oracle=0.9154 ls=4.679
2026-05-20 10:15:01,729 INFO stage2 seed=23 frac=0.60 assign=unknown_random gard_oracle=1.018 ls=2.937
2026-05-20 10:15:01,738 INFO stage2 seed=3 frac=0.40 assign=oracle gard_oracle=0.02444 ls=0.5326
2026-05-20 10:15:01,747 INFO stage2 seed=7 frac=0.40 assign=oracle gard_oracle=0.01827 ls=0.3833
2026-05-20 10:15:01,755 INFO stage2 seed=11 frac=0.40 assign=oracle gard_oracle=0.02229 ls=0.4618
2026-05-20 10:15:01,764 INFO stage2 seed=19 frac=0.40 assign=oracle gard_oracle=0.02624 ls=0.4935
2026-05-20 10:15:01,773 INFO stage2 seed=23 frac=0.40 assign=oracle gard_oracle=0.02129 ls=0.5981
2026-05-20 10:15:01,783 INFO stage2 seed=3 frac=0.40 assign=wrong20 gard_oracle=0.3978 ls=0.9962
2026-05-20 10:15:01,792 INFO stage2 seed=7 frac=0.40 assign=wrong20 gard_oracle=0.4332 ls=0.9139
2026-05-20 10:15:01,802 INFO stage2 seed=11 frac=0.40 assign=wrong20 gard_oracle=0.4197 ls=0.9614
2026-05-20 10:15:01,812 INFO stage2 seed=19 frac=0.40 assign=wrong20 gard_oracle=0.2475 ls=0.9126
2026-05-20 10:15:01,822 INFO stage2 seed=23 frac=0.40 assign=wrong20 gard_oracle=0.4468 ls=0.8884
2026-05-20 10:15:01,832 INFO stage2 seed=3 frac=0.40 assign=wrong40 gard_oracle=0.5832 ls=1.556
2026-05-20 10:15:01,842 INFO stage2 seed=7 frac=0.40 assign=wrong40 gard_oracle=0.7572 ls=1.729
2026-05-20 10:15:01,852 INFO stage2 seed=11 frac=0.40 assign=wrong40 gard_oracle=0.8612 ls=1.918
2026-05-20 10:15:01,861 INFO stage2 seed=19 frac=0.40 assign=wrong40 gard_oracle=0.7981 ls=2.1
2026-05-20 10:15:01,871 INFO stage2 seed=23 frac=0.40 assign=wrong40 gard_oracle=0.6379 ls=1.048
2026-05-20 10:15:01,880 INFO stage2 seed=3 frac=0.40 assign=unknown_random gard_oracle=0.974 ls=2.129
2026-05-20 10:15:01,889 INFO stage2 seed=7 frac=0.40 assign=unknown_random gard_oracle=1.011 ls=2.82
2026-05-20 10:15:01,898 INFO stage2 seed=11 frac=0.40 assign=unknown_random gard_oracle=1.052 ls=2.185
2026-05-20 10:15:01,907 INFO stage2 seed=19 frac=0.40 assign=unknown_random gard_oracle=0.9187 ls=1.759
2026-05-20 10:15:01,916 INFO stage2 seed=23 frac=0.40 assign=unknown_random gard_oracle=1.109 ls=1.681
2026-05-20 10:15:01,924 INFO stage2 seed=3 frac=0.25 assign=oracle gard_oracle=0.05182 ls=0.6033
2026-05-20 10:15:01,932 INFO stage2 seed=7 frac=0.25 assign=oracle gard_oracle=0.06305 ls=0.6583
2026-05-20 10:15:01,941 INFO stage2 seed=11 frac=0.25 assign=oracle gard_oracle=0.05052 ls=0.6158
2026-05-20 10:15:01,949 INFO stage2 seed=19 frac=0.25 assign=oracle gard_oracle=0.04089 ls=0.7034
2026-05-20 10:15:01,957 INFO stage2 seed=23 frac=0.25 assign=oracle gard_oracle=0.03908 ls=0.6994
2026-05-20 10:15:01,966 INFO stage2 seed=3 frac=0.25 assign=wrong20 gard_oracle=0.954 ls=0.954
2026-05-20 10:15:01,975 INFO stage2 seed=7 frac=0.25 assign=wrong20 gard_oracle=0.3608 ls=0.8783
2026-05-20 10:15:01,984 INFO stage2 seed=11 frac=0.25 assign=wrong20 gard_oracle=0.6716 ls=1.004
2026-05-20 10:15:01,993 INFO stage2 seed=19 frac=0.25 assign=wrong20 gard_oracle=0.5701 ls=0.8954
2026-05-20 10:15:02,001 INFO stage2 seed=23 frac=0.25 assign=wrong20 gard_oracle=0.5894 ls=0.9713
2026-05-20 10:15:02,010 INFO stage2 seed=3 frac=0.25 assign=wrong40 gard_oracle=0.7851 ls=1.206
2026-05-20 10:15:02,019 INFO stage2 seed=7 frac=0.25 assign=wrong40 gard_oracle=0.6597 ls=1.118
2026-05-20 10:15:02,028 INFO stage2 seed=11 frac=0.25 assign=wrong40 gard_oracle=0.992 ls=1.267
2026-05-20 10:15:02,037 INFO stage2 seed=19 frac=0.25 assign=wrong40 gard_oracle=0.8392 ls=1.078
2026-05-20 10:15:02,046 INFO stage2 seed=23 frac=0.25 assign=wrong40 gard_oracle=0.9444 ls=1.306
2026-05-20 10:15:02,054 INFO stage2 seed=3 frac=0.25 assign=unknown_random gard_oracle=0.8899 ls=1.671
2026-05-20 10:15:02,062 INFO stage2 seed=7 frac=0.25 assign=unknown_random gard_oracle=0.9453 ls=1.246
2026-05-20 10:15:02,071 INFO stage2 seed=11 frac=0.25 assign=unknown_random gard_oracle=1.074 ls=1.482
2026-05-20 10:15:02,079 INFO stage2 seed=19 frac=0.25 assign=unknown_random gard_oracle=1.144 ls=1.476
2026-05-20 10:15:02,087 INFO stage2 seed=23 frac=0.25 assign=unknown_random gard_oracle=1.106 ls=1.466
2026-05-20 10:15:02,095 INFO stage2 seed=3 frac=0.15 assign=oracle gard_oracle=0.1378 ls=0.8197
2026-05-20 10:15:02,103 INFO stage2 seed=7 frac=0.15 assign=oracle gard_oracle=0.16 ls=0.8038
2026-05-20 10:15:02,111 INFO stage2 seed=11 frac=0.15 assign=oracle gard_oracle=0.08749 ls=0.7893
2026-05-20 10:15:02,119 INFO stage2 seed=19 frac=0.15 assign=oracle gard_oracle=0.1329 ls=0.7412
2026-05-20 10:15:02,127 INFO stage2 seed=23 frac=0.15 assign=oracle gard_oracle=0.1333 ls=0.797
2026-05-20 10:15:02,135 INFO stage2 seed=3 frac=0.15 assign=wrong20 gard_oracle=0.6454 ls=0.9602
2026-05-20 10:15:02,143 INFO stage2 seed=7 frac=0.15 assign=wrong20 gard_oracle=0.7345 ls=0.9619
2026-05-20 10:15:02,152 INFO stage2 seed=11 frac=0.15 assign=wrong20 gard_oracle=0.8083 ls=0.9492
2026-05-20 10:15:02,160 INFO stage2 seed=19 frac=0.15 assign=wrong20 gard_oracle=0.5448 ls=0.9052
2026-05-20 10:15:02,169 INFO stage2 seed=23 frac=0.15 assign=wrong20 gard_oracle=0.8304 ls=0.9882
2026-05-20 10:15:02,177 INFO stage2 seed=3 frac=0.15 assign=wrong40 gard_oracle=0.9624 ls=0.9624
2026-05-20 10:15:02,185 INFO stage2 seed=7 frac=0.15 assign=wrong40 gard_oracle=0.8618 ls=1.09
2026-05-20 10:15:02,194 INFO stage2 seed=11 frac=0.15 assign=wrong40 gard_oracle=0.7776 ls=1.078
2026-05-20 10:15:02,202 INFO stage2 seed=19 frac=0.15 assign=wrong40 gard_oracle=0.8472 ls=1.08
2026-05-20 10:15:02,210 INFO stage2 seed=23 frac=0.15 assign=wrong40 gard_oracle=0.899 ls=1.004
2026-05-20 10:15:02,218 INFO stage2 seed=3 frac=0.15 assign=unknown_random gard_oracle=0.9612 ls=1.227
2026-05-20 10:15:02,226 INFO stage2 seed=7 frac=0.15 assign=unknown_random gard_oracle=1.132 ls=1.326
2026-05-20 10:15:02,235 INFO stage2 seed=11 frac=0.15 assign=unknown_random gard_oracle=1.921 ls=1.298
2026-05-20 10:15:02,243 INFO stage2 seed=19 frac=0.15 assign=unknown_random gard_oracle=1.311 ls=1.363
2026-05-20 10:15:02,251 INFO stage2 seed=23 frac=0.15 assign=unknown_random gard_oracle=1.047 ls=1.217
2026-05-20 10:15:02,570 INFO ASSIGN-LOCK seed=3 frac=0.25 lock_mse=1.285 oracle_gard=0.6032
2026-05-20 10:15:02,571 INFO ASSIGN-LOCK seed=7 frac=0.25 lock_mse=1.422 oracle_gard=0.6583
2026-05-20 10:15:02,572 INFO ASSIGN-LOCK seed=11 frac=0.25 lock_mse=1.44 oracle_gard=0.6158
2026-05-20 10:15:02,573 INFO ASSIGN-LOCK seed=19 frac=0.25 lock_mse=1.253 oracle_gard=0.7034
2026-05-20 10:15:02,574 INFO ASSIGN-LOCK seed=23 frac=0.25 lock_mse=1.478 oracle_gard=0.6994
2026-05-20 10:15:02,575 INFO ASSIGN-LOCK seed=3 frac=0.15 lock_mse=1.226 oracle_gard=0.8197
2026-05-20 10:15:02,576 INFO ASSIGN-LOCK seed=7 frac=0.15 lock_mse=1.314 oracle_gard=0.8038
2026-05-20 10:15:02,576 INFO ASSIGN-LOCK seed=11 frac=0.15 lock_mse=1.312 oracle_gard=0.7893
2026-05-20 10:15:02,577 INFO ASSIGN-LOCK seed=19 frac=0.15 lock_mse=0.9987 oracle_gard=0.7412
2026-05-20 10:15:02,578 INFO ASSIGN-LOCK seed=23 frac=0.15 lock_mse=1.288 oracle_gard=0.797
2026-05-20 10:15:36,020 INFO Wrote /workspace/research-artifacts/qfl-privacy-breakthrough/artifacts/round02_metrics.json
2026-05-20 10:15:36,021 INFO Criterion A oracle parent gate @0.10: True reduction=0.75
2026-05-20 10:15:36,022 INFO Criterion A wrong40: False unknown: False
2026-05-20 10:15:36,022 INFO Best honest reduction: {'reduction': 0.75, 'assignment': 'oracle', 'method': 'gard_oracle_graph', 'min_rows': 15}
2026-05-20 10:15:36,022 INFO Shield feasible cells: 0
2026-05-20 10:15:36,022 INFO Runtime 34.66s
