2026-05-20 08:13:46,002 INFO Round 01 QFL terminal-snapshot benchmark started
2026-05-20 08:13:46,002 INFO N=32 B=4 E=10 dim_g=32 seeds=[3, 7, 11, 19, 23] parent=/workspace
2026-05-20 08:13:46,006 INFO Level 1 mean recovery: E=10, D=32, system shape=(320, 32), rank=32
2026-05-20 08:13:46,006 INFO Phase 1: Recovered 10×8 batch means (D=32, dim_g=32)
2026-05-20 08:13:46,037 INFO Iteration 1/50: Matching Acc = 0.0%, residual = 1.88e+02
2026-05-20 08:13:46,066 INFO Iteration 2/50: Matching Acc = 0.0%, residual = 5.07e+01
2026-05-20 08:13:46,094 INFO Iteration 3/50: Matching Acc = 0.0%, residual = 2.69e+01
2026-05-20 08:13:46,120 INFO Iteration 4/50: Matching Acc = 0.0%, residual = 2.13e+01
2026-05-20 08:13:46,138 INFO Iteration 5/50: Matching Acc = 0.0%, residual = 1.97e+01
2026-05-20 08:13:46,158 INFO Iteration 6/50: Matching Acc = 0.0%, residual = 2.10e+01
2026-05-20 08:13:46,177 INFO Iteration 7/50: Matching Acc = 0.0%, residual = 2.05e+01
2026-05-20 08:13:46,200 INFO Iteration 8/50: Matching Acc = 0.0%, residual = 2.11e+01
2026-05-20 08:13:46,221 INFO Iteration 9/50: Matching Acc = 0.0%, residual = 2.13e+01
2026-05-20 08:13:46,243 INFO Iteration 10/50: Matching Acc = 0.0%, residual = 2.00e+01
2026-05-20 08:13:46,266 INFO Iteration 11/50: Matching Acc = 0.0%, residual = 2.02e+01
2026-05-20 08:13:46,288 INFO Iteration 12/50: Matching Acc = 0.0%, residual = 2.25e+01
2026-05-20 08:13:46,311 INFO Iteration 13/50: Matching Acc = 0.0%, residual = 2.39e+01
2026-05-20 08:13:46,332 INFO Iteration 14/50: Matching Acc = 0.0%, residual = 2.12e+01
2026-05-20 08:13:46,352 INFO Iteration 15/50: Matching Acc = 0.0%, residual = 2.45e+01
2026-05-20 08:13:46,374 INFO Iteration 16/50: Matching Acc = 0.0%, residual = 2.60e+01
2026-05-20 08:13:46,395 INFO Iteration 17/50: Matching Acc = 0.0%, residual = 2.22e+01
2026-05-20 08:13:46,417 INFO Iteration 18/50: Matching Acc = 0.0%, residual = 1.76e+01
2026-05-20 08:13:46,437 INFO Iteration 19/50: Matching Acc = 0.0%, residual = 2.37e+01
2026-05-20 08:13:46,456 INFO Iteration 20/50: Matching Acc = 0.0%, residual = 2.15e+01
2026-05-20 08:13:46,483 INFO Iteration 21/50: Matching Acc = 0.0%, residual = 2.09e+01
2026-05-20 08:13:46,504 INFO Iteration 22/50: Matching Acc = 0.0%, residual = 2.44e+01
2026-05-20 08:13:46,526 INFO Iteration 23/50: Matching Acc = 0.0%, residual = 2.34e+01
2026-05-20 08:13:46,547 INFO Iteration 24/50: Matching Acc = 0.0%, residual = 2.36e+01
2026-05-20 08:13:46,565 INFO Iteration 25/50: Matching Acc = 0.0%, residual = 2.48e+01
2026-05-20 08:13:46,586 INFO Iteration 26/50: Matching Acc = 0.0%, residual = 2.28e+01
2026-05-20 08:13:46,607 INFO Iteration 27/50: Matching Acc = 0.0%, residual = 2.55e+01
2026-05-20 08:13:46,628 INFO Iteration 28/50: Matching Acc = 0.0%, residual = 1.99e+01
2026-05-20 08:13:46,647 INFO Iteration 29/50: Matching Acc = 0.0%, residual = 2.36e+01
2026-05-20 08:13:46,668 INFO Iteration 30/50: Matching Acc = 0.0%, residual = 2.32e+01
2026-05-20 08:13:46,687 INFO Iteration 31/50: Matching Acc = 0.0%, residual = 2.58e+01
2026-05-20 08:13:46,708 INFO Iteration 32/50: Matching Acc = 0.0%, residual = 2.34e+01
2026-05-20 08:13:46,727 INFO Iteration 33/50: Matching Acc = 0.0%, residual = 2.00e+01
2026-05-20 08:13:46,747 INFO Iteration 34/50: Matching Acc = 0.0%, residual = 1.96e+01
2026-05-20 08:13:46,767 INFO Iteration 35/50: Matching Acc = 0.0%, residual = 2.00e+01
2026-05-20 08:13:46,788 INFO Iteration 36/50: Matching Acc = 0.0%, residual = 1.99e+01
2026-05-20 08:13:46,807 INFO Iteration 37/50: Matching Acc = 0.0%, residual = 2.27e+01
2026-05-20 08:13:46,832 INFO Iteration 38/50: Matching Acc = 0.0%, residual = 2.36e+01
2026-05-20 08:13:46,852 INFO Iteration 39/50: Matching Acc = 0.0%, residual = 2.68e+01
2026-05-20 08:13:46,871 INFO Iteration 40/50: Matching Acc = 0.0%, residual = 2.51e+01
2026-05-20 08:13:46,892 INFO Iteration 41/50: Matching Acc = 0.0%, residual = 2.47e+01
2026-05-20 08:13:46,913 INFO Iteration 42/50: Matching Acc = 0.0%, residual = 2.33e+01
2026-05-20 08:13:46,933 INFO Iteration 43/50: Matching Acc = 0.0%, residual = 2.15e+01
2026-05-20 08:13:46,953 INFO Iteration 44/50: Matching Acc = 0.0%, residual = 2.42e+01
2026-05-20 08:13:46,974 INFO Iteration 45/50: Matching Acc = 0.0%, residual = 2.35e+01
2026-05-20 08:13:46,996 INFO Iteration 46/50: Matching Acc = 0.0%, residual = 2.03e+01
2026-05-20 08:13:47,015 INFO Iteration 47/50: Matching Acc = 0.0%, residual = 2.30e+01
2026-05-20 08:13:47,036 INFO Iteration 48/50: Matching Acc = 0.0%, residual = 2.48e+01
2026-05-20 08:13:47,057 INFO Iteration 49/50: Matching Acc = 0.0%, residual = 2.22e+01
2026-05-20 08:13:47,077 INFO Iteration 50/50: Matching Acc = 0.0%, residual = 2.81e+01
2026-05-20 08:13:47,078 INFO Level 1 mean recovery: E=10, D=32, system shape=(320, 32), rank=32
2026-05-20 08:13:47,079 INFO seed=3 shard_mse=0.4014 best_terminal=1.0000 (graph_term=1.0000 grank=1.0000 passive=1.0000)
2026-05-20 08:13:47,082 INFO Level 1 mean recovery: E=10, D=32, system shape=(320, 32), rank=32
2026-05-20 08:13:47,082 INFO Phase 1: Recovered 10×8 batch means (D=32, dim_g=32)
2026-05-20 08:13:47,114 INFO Iteration 1/50: Matching Acc = 0.0%, residual = 2.12e+02
2026-05-20 08:13:47,146 INFO Iteration 2/50: Matching Acc = 0.0%, residual = 5.48e+01
2026-05-20 08:13:47,173 INFO Iteration 3/50: Matching Acc = 0.0%, residual = 3.41e+01
2026-05-20 08:13:47,198 INFO Iteration 4/50: Matching Acc = 0.0%, residual = 3.14e+01
2026-05-20 08:13:47,217 INFO Iteration 5/50: Matching Acc = 0.0%, residual = 3.17e+01
2026-05-20 08:13:47,237 INFO Iteration 6/50: Matching Acc = 0.0%, residual = 2.77e+01
2026-05-20 08:13:47,258 INFO Iteration 7/50: Matching Acc = 0.0%, residual = 2.86e+01
2026-05-20 08:13:47,278 INFO Iteration 8/50: Matching Acc = 0.0%, residual = 2.77e+01
2026-05-20 08:13:47,297 INFO Iteration 9/50: Matching Acc = 0.0%, residual = 2.94e+01
2026-05-20 08:13:47,316 INFO Iteration 10/50: Matching Acc = 0.0%, residual = 2.96e+01
2026-05-20 08:13:47,337 INFO Iteration 11/50: Matching Acc = 0.0%, residual = 2.70e+01
2026-05-20 08:13:47,358 INFO Iteration 12/50: Matching Acc = 0.0%, residual = 3.15e+01
2026-05-20 08:13:47,377 INFO Iteration 13/50: Matching Acc = 0.0%, residual = 2.87e+01
2026-05-20 08:13:47,398 INFO Iteration 14/50: Matching Acc = 0.0%, residual = 3.02e+01
2026-05-20 08:13:47,421 INFO Iteration 15/50: Matching Acc = 0.0%, residual = 2.89e+01
2026-05-20 08:13:47,442 INFO Iteration 16/50: Matching Acc = 0.0%, residual = 3.44e+01
2026-05-20 08:13:47,462 INFO Iteration 17/50: Matching Acc = 0.0%, residual = 3.14e+01
2026-05-20 08:13:47,484 INFO Iteration 18/50: Matching Acc = 0.0%, residual = 3.32e+01
2026-05-20 08:13:47,503 INFO Iteration 19/50: Matching Acc = 0.0%, residual = 2.98e+01
2026-05-20 08:13:47,524 INFO Iteration 20/50: Matching Acc = 0.0%, residual = 3.28e+01
2026-05-20 08:13:47,546 INFO Iteration 21/50: Matching Acc = 0.0%, residual = 3.05e+01
2026-05-20 08:13:47,566 INFO Iteration 22/50: Matching Acc = 0.0%, residual = 3.35e+01
2026-05-20 08:13:47,584 INFO Iteration 23/50: Matching Acc = 0.0%, residual = 3.54e+01
2026-05-20 08:13:47,605 INFO Iteration 24/50: Matching Acc = 0.0%, residual = 3.30e+01
2026-05-20 08:13:47,629 INFO Iteration 25/50: Matching Acc = 0.0%, residual = 3.34e+01
2026-05-20 08:13:47,648 INFO Iteration 26/50: Matching Acc = 0.0%, residual = 3.33e+01
2026-05-20 08:13:47,669 INFO Iteration 27/50: Matching Acc = 0.0%, residual = 3.15e+01
2026-05-20 08:13:47,691 INFO Iteration 28/50: Matching Acc = 0.0%, residual = 3.26e+01
2026-05-20 08:13:47,713 INFO Iteration 29/50: Matching Acc = 0.0%, residual = 3.08e+01
2026-05-20 08:13:47,733 INFO Iteration 30/50: Matching Acc = 0.0%, residual = 2.88e+01
2026-05-20 08:13:47,756 INFO Iteration 31/50: Matching Acc = 0.0%, residual = 2.79e+01
2026-05-20 08:13:47,777 INFO Iteration 32/50: Matching Acc = 0.0%, residual = 2.83e+01
2026-05-20 08:13:47,799 INFO Iteration 33/50: Matching Acc = 0.0%, residual = 3.03e+01
2026-05-20 08:13:47,822 INFO Iteration 34/50: Matching Acc = 0.0%, residual = 2.94e+01
2026-05-20 08:13:47,847 INFO Iteration 35/50: Matching Acc = 0.0%, residual = 3.40e+01
2026-05-20 08:13:47,870 INFO Iteration 36/50: Matching Acc = 0.0%, residual = 2.99e+01
2026-05-20 08:13:47,894 INFO Iteration 37/50: Matching Acc = 0.0%, residual = 2.98e+01
2026-05-20 08:13:47,915 INFO Iteration 38/50: Matching Acc = 0.0%, residual = 2.95e+01
2026-05-20 08:13:47,936 INFO Iteration 39/50: Matching Acc = 0.0%, residual = 2.76e+01
2026-05-20 08:13:47,958 INFO Iteration 40/50: Matching Acc = 0.0%, residual = 3.05e+01
2026-05-20 08:13:47,978 INFO Iteration 41/50: Matching Acc = 0.0%, residual = 3.05e+01
2026-05-20 08:13:48,000 INFO Iteration 42/50: Matching Acc = 0.0%, residual = 2.75e+01
2026-05-20 08:13:48,026 INFO Iteration 43/50: Matching Acc = 0.0%, residual = 2.71e+01
2026-05-20 08:13:48,047 INFO Iteration 44/50: Matching Acc = 0.0%, residual = 3.02e+01
2026-05-20 08:13:48,068 INFO Iteration 45/50: Matching Acc = 0.0%, residual = 3.56e+01
2026-05-20 08:13:48,087 INFO Iteration 46/50: Matching Acc = 0.0%, residual = 3.15e+01
2026-05-20 08:13:48,105 INFO Iteration 47/50: Matching Acc = 0.0%, residual = 3.27e+01
2026-05-20 08:13:48,125 INFO Iteration 48/50: Matching Acc = 0.0%, residual = 3.01e+01
2026-05-20 08:13:48,146 INFO Iteration 49/50: Matching Acc = 0.0%, residual = 2.88e+01
2026-05-20 08:13:48,166 INFO Iteration 50/50: Matching Acc = 0.0%, residual = 2.78e+01
2026-05-20 08:13:48,167 INFO Level 1 mean recovery: E=10, D=32, system shape=(320, 32), rank=32
2026-05-20 08:13:48,168 INFO seed=7 shard_mse=0.3767 best_terminal=1.0000 (graph_term=1.0000 grank=1.0000 passive=1.0000)
2026-05-20 08:13:48,171 INFO Level 1 mean recovery: E=10, D=32, system shape=(320, 32), rank=32
2026-05-20 08:13:48,171 INFO Phase 1: Recovered 10×8 batch means (D=32, dim_g=32)
2026-05-20 08:13:48,201 INFO Iteration 1/50: Matching Acc = 0.0%, residual = 1.70e+02
2026-05-20 08:13:48,227 INFO Iteration 2/50: Matching Acc = 0.0%, residual = 5.14e+01
2026-05-20 08:13:48,254 INFO Iteration 3/50: Matching Acc = 0.0%, residual = 2.89e+01
2026-05-20 08:13:48,283 INFO Iteration 4/50: Matching Acc = 0.0%, residual = 2.27e+01
2026-05-20 08:13:48,305 INFO Iteration 5/50: Matching Acc = 0.0%, residual = 2.24e+01
2026-05-20 08:13:48,328 INFO Iteration 6/50: Matching Acc = 0.0%, residual = 1.88e+01
2026-05-20 08:13:48,348 INFO Iteration 7/50: Matching Acc = 0.0%, residual = 2.35e+01
2026-05-20 08:13:48,368 INFO Iteration 8/50: Matching Acc = 0.0%, residual = 1.98e+01
2026-05-20 08:13:48,391 INFO Iteration 9/50: Matching Acc = 0.0%, residual = 1.99e+01
2026-05-20 08:13:48,408 INFO Iteration 10/50: Matching Acc = 0.0%, residual = 2.30e+01
2026-05-20 08:13:48,428 INFO Iteration 11/50: Matching Acc = 0.0%, residual = 2.27e+01
2026-05-20 08:13:48,447 INFO Iteration 12/50: Matching Acc = 0.0%, residual = 2.29e+01
2026-05-20 08:13:48,467 INFO Iteration 13/50: Matching Acc = 0.0%, residual = 2.43e+01
2026-05-20 08:13:48,489 INFO Iteration 14/50: Matching Acc = 0.0%, residual = 2.31e+01
2026-05-20 08:13:48,511 INFO Iteration 15/50: Matching Acc = 0.0%, residual = 2.42e+01
2026-05-20 08:13:48,531 INFO Iteration 16/50: Matching Acc = 0.0%, residual = 2.56e+01
2026-05-20 08:13:48,550 INFO Iteration 17/50: Matching Acc = 0.0%, residual = 2.60e+01
2026-05-20 08:13:48,572 INFO Iteration 18/50: Matching Acc = 0.0%, residual = 2.04e+01
2026-05-20 08:13:48,592 INFO Iteration 19/50: Matching Acc = 0.0%, residual = 2.43e+01
2026-05-20 08:13:48,612 INFO Iteration 20/50: Matching Acc = 0.0%, residual = 2.42e+01
2026-05-20 08:13:48,632 INFO Iteration 21/50: Matching Acc = 0.0%, residual = 2.53e+01
2026-05-20 08:13:48,651 INFO Iteration 22/50: Matching Acc = 0.0%, residual = 2.52e+01
2026-05-20 08:13:48,670 INFO Iteration 23/50: Matching Acc = 0.0%, residual = 2.45e+01
2026-05-20 08:13:48,691 INFO Iteration 24/50: Matching Acc = 0.0%, residual = 2.77e+01
2026-05-20 08:13:48,711 INFO Iteration 25/50: Matching Acc = 0.0%, residual = 2.18e+01
2026-05-20 08:13:48,731 INFO Iteration 26/50: Matching Acc = 0.0%, residual = 2.30e+01
2026-05-20 08:13:48,752 INFO Iteration 27/50: Matching Acc = 0.0%, residual = 2.55e+01
2026-05-20 08:13:48,771 INFO Iteration 28/50: Matching Acc = 0.0%, residual = 2.51e+01
2026-05-20 08:13:48,793 INFO Iteration 29/50: Matching Acc = 0.0%, residual = 2.19e+01
2026-05-20 08:13:48,813 INFO Iteration 30/50: Matching Acc = 0.0%, residual = 2.61e+01
2026-05-20 08:13:48,835 INFO Iteration 31/50: Matching Acc = 0.0%, residual = 2.49e+01
2026-05-20 08:13:48,858 INFO Iteration 32/50: Matching Acc = 0.0%, residual = 2.27e+01
2026-05-20 08:13:48,879 INFO Iteration 33/50: Matching Acc = 0.0%, residual = 2.66e+01
2026-05-20 08:13:48,898 INFO Iteration 34/50: Matching Acc = 0.0%, residual = 2.48e+01
2026-05-20 08:13:48,918 INFO Iteration 35/50: Matching Acc = 0.0%, residual = 2.41e+01
2026-05-20 08:13:48,936 INFO Iteration 36/50: Matching Acc = 0.0%, residual = 2.34e+01
2026-05-20 08:13:48,957 INFO Iteration 37/50: Matching Acc = 0.0%, residual = 2.44e+01
2026-05-20 08:13:48,977 INFO Iteration 38/50: Matching Acc = 0.0%, residual = 2.64e+01
2026-05-20 08:13:48,997 INFO Iteration 39/50: Matching Acc = 0.0%, residual = 2.41e+01
2026-05-20 08:13:49,016 INFO Iteration 40/50: Matching Acc = 0.0%, residual = 2.19e+01
2026-05-20 08:13:49,037 INFO Iteration 41/50: Matching Acc = 0.0%, residual = 2.32e+01
2026-05-20 08:13:49,057 INFO Iteration 42/50: Matching Acc = 0.0%, residual = 2.32e+01
2026-05-20 08:13:49,078 INFO Iteration 43/50: Matching Acc = 3.1%, residual = 2.23e+01
2026-05-20 08:13:49,096 INFO Iteration 44/50: Matching Acc = 0.0%, residual = 2.07e+01
2026-05-20 08:13:49,117 INFO Iteration 45/50: Matching Acc = 3.1%, residual = 2.40e+01
2026-05-20 08:13:49,135 INFO Iteration 46/50: Matching Acc = 3.1%, residual = 2.68e+01
2026-05-20 08:13:49,155 INFO Iteration 47/50: Matching Acc = 0.0%, residual = 2.70e+01
2026-05-20 08:13:49,175 INFO Iteration 48/50: Matching Acc = 0.0%, residual = 2.90e+01
2026-05-20 08:13:49,196 INFO Iteration 49/50: Matching Acc = 3.1%, residual = 2.68e+01
2026-05-20 08:13:49,215 INFO Iteration 50/50: Matching Acc = 3.1%, residual = 2.60e+01
2026-05-20 08:13:49,216 INFO Level 1 mean recovery: E=10, D=32, system shape=(320, 32), rank=32
2026-05-20 08:13:49,217 INFO seed=11 shard_mse=0.3726 best_terminal=1.0000 (graph_term=1.0000 grank=1.0000 passive=1.0000)
2026-05-20 08:13:49,220 INFO Level 1 mean recovery: E=10, D=32, system shape=(320, 32), rank=32
2026-05-20 08:13:49,220 INFO Phase 1: Recovered 10×8 batch means (D=32, dim_g=32)
2026-05-20 08:13:49,251 INFO Iteration 1/50: Matching Acc = 0.0%, residual = 2.44e+02
2026-05-20 08:13:49,281 INFO Iteration 2/50: Matching Acc = 0.0%, residual = 9.20e+01
2026-05-20 08:13:49,317 INFO Iteration 3/50: Matching Acc = 0.0%, residual = 5.68e+01
2026-05-20 08:13:49,344 INFO Iteration 4/50: Matching Acc = 0.0%, residual = 6.18e+01
2026-05-20 08:13:49,362 INFO Iteration 5/50: Matching Acc = 0.0%, residual = 5.91e+01
2026-05-20 08:13:49,382 INFO Iteration 6/50: Matching Acc = 0.0%, residual = 5.22e+01
2026-05-20 08:13:49,403 INFO Iteration 7/50: Matching Acc = 0.0%, residual = 5.88e+01
2026-05-20 08:13:49,425 INFO Iteration 8/50: Matching Acc = 0.0%, residual = 4.91e+01
2026-05-20 08:13:49,448 INFO Iteration 9/50: Matching Acc = 0.0%, residual = 6.38e+01
2026-05-20 08:13:49,469 INFO Iteration 10/50: Matching Acc = 0.0%, residual = 5.88e+01
2026-05-20 08:13:49,491 INFO Iteration 11/50: Matching Acc = 0.0%, residual = 5.08e+01
2026-05-20 08:13:49,513 INFO Iteration 12/50: Matching Acc = 0.0%, residual = 5.46e+01
2026-05-20 08:13:49,534 INFO Iteration 13/50: Matching Acc = 0.0%, residual = 5.69e+01
2026-05-20 08:13:49,557 INFO Iteration 14/50: Matching Acc = 0.0%, residual = 5.23e+01
2026-05-20 08:13:49,576 INFO Iteration 15/50: Matching Acc = 0.0%, residual = 5.58e+01
2026-05-20 08:13:49,600 INFO Iteration 16/50: Matching Acc = 0.0%, residual = 5.21e+01
2026-05-20 08:13:49,622 INFO Iteration 17/50: Matching Acc = 0.0%, residual = 5.05e+01
2026-05-20 08:13:49,643 INFO Iteration 18/50: Matching Acc = 0.0%, residual = 5.30e+01
2026-05-20 08:13:49,664 INFO Iteration 19/50: Matching Acc = 0.0%, residual = 5.50e+01
2026-05-20 08:13:49,685 INFO Iteration 20/50: Matching Acc = 0.0%, residual = 5.93e+01
2026-05-20 08:13:49,705 INFO Iteration 21/50: Matching Acc = 0.0%, residual = 6.24e+01
2026-05-20 08:13:49,727 INFO Iteration 22/50: Matching Acc = 0.0%, residual = 5.69e+01
2026-05-20 08:13:49,749 INFO Iteration 23/50: Matching Acc = 0.0%, residual = 6.09e+01
2026-05-20 08:13:49,771 INFO Iteration 24/50: Matching Acc = 0.0%, residual = 5.76e+01
2026-05-20 08:13:49,790 INFO Iteration 25/50: Matching Acc = 0.0%, residual = 6.04e+01
2026-05-20 08:13:49,812 INFO Iteration 26/50: Matching Acc = 0.0%, residual = 6.35e+01
2026-05-20 08:13:49,834 INFO Iteration 27/50: Matching Acc = 0.0%, residual = 6.31e+01
2026-05-20 08:13:49,855 INFO Iteration 28/50: Matching Acc = 0.0%, residual = 5.60e+01
2026-05-20 08:13:49,875 INFO Iteration 29/50: Matching Acc = 0.0%, residual = 6.37e+01
2026-05-20 08:13:49,896 INFO Iteration 30/50: Matching Acc = 0.0%, residual = 5.46e+01
2026-05-20 08:13:49,917 INFO Iteration 31/50: Matching Acc = 0.0%, residual = 5.62e+01
2026-05-20 08:13:49,937 INFO Iteration 32/50: Matching Acc = 0.0%, residual = 6.02e+01
2026-05-20 08:13:49,959 INFO Iteration 33/50: Matching Acc = 0.0%, residual = 5.79e+01
2026-05-20 08:13:49,981 INFO Iteration 34/50: Matching Acc = 0.0%, residual = 5.74e+01
2026-05-20 08:13:50,003 INFO Iteration 35/50: Matching Acc = 0.0%, residual = 5.80e+01
2026-05-20 08:13:50,023 INFO Iteration 36/50: Matching Acc = 0.0%, residual = 4.92e+01
2026-05-20 08:13:50,044 INFO Iteration 37/50: Matching Acc = 0.0%, residual = 5.32e+01
2026-05-20 08:13:50,067 INFO Iteration 38/50: Matching Acc = 0.0%, residual = 5.68e+01
2026-05-20 08:13:50,090 INFO Iteration 39/50: Matching Acc = 0.0%, residual = 5.96e+01
2026-05-20 08:13:50,114 INFO Iteration 40/50: Matching Acc = 0.0%, residual = 5.19e+01
2026-05-20 08:13:50,137 INFO Iteration 41/50: Matching Acc = 0.0%, residual = 5.60e+01
2026-05-20 08:13:50,159 INFO Iteration 42/50: Matching Acc = 0.0%, residual = 5.65e+01
2026-05-20 08:13:50,181 INFO Iteration 43/50: Matching Acc = 0.0%, residual = 5.70e+01
2026-05-20 08:13:50,202 INFO Iteration 44/50: Matching Acc = 0.0%, residual = 6.28e+01
2026-05-20 08:13:50,224 INFO Iteration 45/50: Matching Acc = 0.0%, residual = 6.03e+01
2026-05-20 08:13:50,247 INFO Iteration 46/50: Matching Acc = 0.0%, residual = 6.34e+01
2026-05-20 08:13:50,269 INFO Iteration 47/50: Matching Acc = 0.0%, residual = 5.52e+01
2026-05-20 08:13:50,293 INFO Iteration 48/50: Matching Acc = 0.0%, residual = 6.23e+01
2026-05-20 08:13:50,317 INFO Iteration 49/50: Matching Acc = 0.0%, residual = 5.83e+01
2026-05-20 08:13:50,338 INFO Iteration 50/50: Matching Acc = 0.0%, residual = 5.35e+01
2026-05-20 08:13:50,339 INFO Level 1 mean recovery: E=10, D=32, system shape=(320, 32), rank=32
2026-05-20 08:13:50,340 INFO seed=19 shard_mse=0.7072 best_terminal=1.0000 (graph_term=1.0000 grank=1.0000 passive=1.0000)
2026-05-20 08:13:50,343 INFO Level 1 mean recovery: E=10, D=32, system shape=(320, 32), rank=32
2026-05-20 08:13:50,343 INFO Phase 1: Recovered 10×8 batch means (D=32, dim_g=32)
2026-05-20 08:13:50,374 INFO Iteration 1/50: Matching Acc = 0.0%, residual = 1.89e+02
2026-05-20 08:13:50,404 INFO Iteration 2/50: Matching Acc = 0.0%, residual = 5.23e+01
2026-05-20 08:13:50,437 INFO Iteration 3/50: Matching Acc = 0.0%, residual = 2.82e+01
2026-05-20 08:13:50,463 INFO Iteration 4/50: Matching Acc = 0.0%, residual = 2.81e+01
2026-05-20 08:13:50,483 INFO Iteration 5/50: Matching Acc = 0.0%, residual = 2.54e+01
2026-05-20 08:13:50,501 INFO Iteration 6/50: Matching Acc = 0.0%, residual = 2.46e+01
2026-05-20 08:13:50,525 INFO Iteration 7/50: Matching Acc = 0.0%, residual = 2.57e+01
2026-05-20 08:13:50,546 INFO Iteration 8/50: Matching Acc = 0.0%, residual = 2.63e+01
2026-05-20 08:13:50,566 INFO Iteration 9/50: Matching Acc = 0.0%, residual = 2.44e+01
2026-05-20 08:13:50,590 INFO Iteration 10/50: Matching Acc = 0.0%, residual = 2.61e+01
2026-05-20 08:13:50,614 INFO Iteration 11/50: Matching Acc = 0.0%, residual = 2.93e+01
2026-05-20 08:13:50,634 INFO Iteration 12/50: Matching Acc = 0.0%, residual = 2.18e+01
2026-05-20 08:13:50,655 INFO Iteration 13/50: Matching Acc = 0.0%, residual = 2.58e+01
2026-05-20 08:13:50,676 INFO Iteration 14/50: Matching Acc = 0.0%, residual = 2.69e+01
2026-05-20 08:13:50,696 INFO Iteration 15/50: Matching Acc = 0.0%, residual = 2.50e+01
2026-05-20 08:13:50,715 INFO Iteration 16/50: Matching Acc = 0.0%, residual = 2.81e+01
2026-05-20 08:13:50,736 INFO Iteration 17/50: Matching Acc = 0.0%, residual = 3.14e+01
2026-05-20 08:13:50,758 INFO Iteration 18/50: Matching Acc = 0.0%, residual = 2.46e+01
2026-05-20 08:13:50,779 INFO Iteration 19/50: Matching Acc = 0.0%, residual = 2.67e+01
2026-05-20 08:13:50,800 INFO Iteration 20/50: Matching Acc = 0.0%, residual = 2.82e+01
2026-05-20 08:13:50,820 INFO Iteration 21/50: Matching Acc = 0.0%, residual = 2.82e+01
2026-05-20 08:13:50,842 INFO Iteration 22/50: Matching Acc = 0.0%, residual = 2.88e+01
2026-05-20 08:13:50,864 INFO Iteration 23/50: Matching Acc = 0.0%, residual = 2.93e+01
2026-05-20 08:13:50,883 INFO Iteration 24/50: Matching Acc = 0.0%, residual = 3.00e+01
2026-05-20 08:13:50,905 INFO Iteration 25/50: Matching Acc = 0.0%, residual = 2.81e+01
2026-05-20 08:13:50,924 INFO Iteration 26/50: Matching Acc = 0.0%, residual = 2.58e+01
2026-05-20 08:13:50,945 INFO Iteration 27/50: Matching Acc = 0.0%, residual = 2.78e+01
2026-05-20 08:13:50,969 INFO Iteration 28/50: Matching Acc = 0.0%, residual = 2.44e+01
2026-05-20 08:13:50,991 INFO Iteration 29/50: Matching Acc = 0.0%, residual = 2.57e+01
2026-05-20 08:13:51,011 INFO Iteration 30/50: Matching Acc = 0.0%, residual = 2.62e+01
2026-05-20 08:13:51,029 INFO Iteration 31/50: Matching Acc = 0.0%, residual = 2.70e+01
2026-05-20 08:13:51,049 INFO Iteration 32/50: Matching Acc = 0.0%, residual = 2.47e+01
2026-05-20 08:13:51,072 INFO Iteration 33/50: Matching Acc = 0.0%, residual = 2.60e+01
2026-05-20 08:13:51,093 INFO Iteration 34/50: Matching Acc = 0.0%, residual = 2.73e+01
2026-05-20 08:13:51,112 INFO Iteration 35/50: Matching Acc = 0.0%, residual = 2.56e+01
2026-05-20 08:13:51,133 INFO Iteration 36/50: Matching Acc = 0.0%, residual = 3.15e+01
2026-05-20 08:13:51,153 INFO Iteration 37/50: Matching Acc = 0.0%, residual = 2.86e+01
2026-05-20 08:13:51,175 INFO Iteration 38/50: Matching Acc = 0.0%, residual = 2.81e+01
2026-05-20 08:13:51,197 INFO Iteration 39/50: Matching Acc = 0.0%, residual = 2.74e+01
2026-05-20 08:13:51,221 INFO Iteration 40/50: Matching Acc = 0.0%, residual = 2.87e+01
2026-05-20 08:13:51,241 INFO Iteration 41/50: Matching Acc = 0.0%, residual = 2.44e+01
2026-05-20 08:13:51,263 INFO Iteration 42/50: Matching Acc = 0.0%, residual = 2.70e+01
2026-05-20 08:13:51,283 INFO Iteration 43/50: Matching Acc = 0.0%, residual = 2.36e+01
2026-05-20 08:13:51,304 INFO Iteration 44/50: Matching Acc = 0.0%, residual = 2.23e+01
2026-05-20 08:13:51,325 INFO Iteration 45/50: Matching Acc = 0.0%, residual = 2.01e+01
2026-05-20 08:13:51,346 INFO Iteration 46/50: Matching Acc = 0.0%, residual = 2.49e+01
2026-05-20 08:13:51,366 INFO Iteration 47/50: Matching Acc = 0.0%, residual = 2.35e+01
2026-05-20 08:13:51,388 INFO Iteration 48/50: Matching Acc = 0.0%, residual = 2.64e+01
2026-05-20 08:13:51,408 INFO Iteration 49/50: Matching Acc = 0.0%, residual = 2.35e+01
2026-05-20 08:13:51,429 INFO Iteration 50/50: Matching Acc = 3.1%, residual = 2.18e+01
2026-05-20 08:13:51,429 INFO Level 1 mean recovery: E=10, D=32, system shape=(320, 32), rank=32
2026-05-20 08:13:51,430 INFO seed=23 shard_mse=0.3644 best_terminal=1.0000 (graph_term=1.0000 grank=1.0000 passive=1.0000)
2026-05-20 08:13:51,431 INFO Wrote /workspace/research-artifacts/qfl-terminal-snapshot/artifacts/round01_metrics.json
2026-05-20 08:13:51,431 INFO HEADLINE shard_stage2_mse=0.4445 best_terminal(graph_rank_terminal)=1.0000 ratio=2.25
