2026-05-20 07:40:58,938 INFO Round 11 Phase-2 minibatch-primary benchmark started
2026-05-20 07:40:58,938 INFO scenario=minibatch_sgd config={'n_classes': 3, 'class_counts': (8, 8, 8), 'dim_x': 10, 'prototype_scale': 2.0, 'within_class_std': 0.55, 'lr': 0.04, 'local_steps': 6, 'probe_rounds': (1, 2, 4, 8), 'bias_scale': 1.2, 'terminal_noise_std': 0.0, 'use_minibatch': True, 'minibatch_size': 8, 'init_weight_scale': 0.0, 'seeds': (3, 7, 11, 19, 23, 29, 31, 37)} effective_gradient_steps=18.0000
2026-05-20 07:40:58,953 INFO scenario=minibatch_sgd seed=3 method=tango_vanilla count_mae=2.2574 proto_mse=1.415312
2026-05-20 07:40:58,954 INFO scenario=minibatch_sgd seed=3 method=tango_mb count_mae=0.1058 proto_mse=0.012437
2026-05-20 07:40:58,956 INFO scenario=minibatch_sgd seed=3 method=storm count_mae=0.1058 proto_mse=0.012437
2026-05-20 07:40:58,957 INFO scenario=minibatch_sgd seed=3 method=passive_multi_round count_mae=0.2772 proto_mse=0.757128
2026-05-20 07:40:58,959 INFO scenario=minibatch_sgd seed=3 method=passive_mb count_mae=0.0924 proto_mse=0.134670
2026-05-20 07:40:58,960 INFO scenario=minibatch_sgd seed=3 method=public_prior count_mae=0.0000 proto_mse=0.404725
2026-05-20 07:40:58,961 INFO scenario=minibatch_sgd seed=3 method=oracle_aggregate count_mae=0.0000 proto_mse=0.000000
2026-05-20 07:40:58,967 INFO scenario=minibatch_sgd seed=7 method=tango_vanilla count_mae=2.9775 proto_mse=2.283492
2026-05-20 07:40:58,968 INFO scenario=minibatch_sgd seed=7 method=tango_mb count_mae=0.4511 proto_mse=0.015110
2026-05-20 07:40:58,970 INFO scenario=minibatch_sgd seed=7 method=storm count_mae=0.4511 proto_mse=0.015110
2026-05-20 07:40:58,971 INFO scenario=minibatch_sgd seed=7 method=passive_multi_round count_mae=0.4487 proto_mse=0.780541
2026-05-20 07:40:58,973 INFO scenario=minibatch_sgd seed=7 method=passive_mb count_mae=0.1496 proto_mse=0.145183
2026-05-20 07:40:58,974 INFO scenario=minibatch_sgd seed=7 method=public_prior count_mae=0.0000 proto_mse=0.440698
2026-05-20 07:40:58,975 INFO scenario=minibatch_sgd seed=7 method=oracle_aggregate count_mae=0.0000 proto_mse=0.000000
2026-05-20 07:40:58,980 INFO scenario=minibatch_sgd seed=11 method=tango_vanilla count_mae=1.5330 proto_mse=1.243278
2026-05-20 07:40:58,982 INFO scenario=minibatch_sgd seed=11 method=tango_mb count_mae=0.2240 proto_mse=0.010376
2026-05-20 07:40:58,983 INFO scenario=minibatch_sgd seed=11 method=storm count_mae=0.2240 proto_mse=0.010376
2026-05-20 07:40:58,985 INFO scenario=minibatch_sgd seed=11 method=passive_multi_round count_mae=0.0710 proto_mse=0.744634
2026-05-20 07:40:58,986 INFO scenario=minibatch_sgd seed=11 method=passive_mb count_mae=0.0237 proto_mse=0.162631
2026-05-20 07:40:58,987 INFO scenario=minibatch_sgd seed=11 method=public_prior count_mae=0.0000 proto_mse=0.410619
2026-05-20 07:40:58,988 INFO scenario=minibatch_sgd seed=11 method=oracle_aggregate count_mae=0.0000 proto_mse=0.000000
2026-05-20 07:40:58,994 INFO scenario=minibatch_sgd seed=19 method=tango_vanilla count_mae=3.7302 proto_mse=6.236028
2026-05-20 07:40:58,995 INFO scenario=minibatch_sgd seed=19 method=tango_mb count_mae=0.4246 proto_mse=0.007839
2026-05-20 07:40:58,997 INFO scenario=minibatch_sgd seed=19 method=storm count_mae=0.4246 proto_mse=0.007839
2026-05-20 07:40:58,998 INFO scenario=minibatch_sgd seed=19 method=passive_multi_round count_mae=0.2463 proto_mse=0.720909
2026-05-20 07:40:59,000 INFO scenario=minibatch_sgd seed=19 method=passive_mb count_mae=0.0821 proto_mse=0.126170
2026-05-20 07:40:59,001 INFO scenario=minibatch_sgd seed=19 method=public_prior count_mae=0.0000 proto_mse=0.376279
2026-05-20 07:40:59,002 INFO scenario=minibatch_sgd seed=19 method=oracle_aggregate count_mae=0.0000 proto_mse=0.000000
2026-05-20 07:40:59,008 INFO scenario=minibatch_sgd seed=23 method=tango_vanilla count_mae=1.6442 proto_mse=1.334516
2026-05-20 07:40:59,009 INFO scenario=minibatch_sgd seed=23 method=tango_mb count_mae=0.5406 proto_mse=0.008769
2026-05-20 07:40:59,011 INFO scenario=minibatch_sgd seed=23 method=storm count_mae=0.5406 proto_mse=0.008769
2026-05-20 07:40:59,012 INFO scenario=minibatch_sgd seed=23 method=passive_multi_round count_mae=0.2976 proto_mse=0.717698
2026-05-20 07:40:59,014 INFO scenario=minibatch_sgd seed=23 method=passive_mb count_mae=0.0992 proto_mse=0.135195
2026-05-20 07:40:59,015 INFO scenario=minibatch_sgd seed=23 method=public_prior count_mae=0.0000 proto_mse=0.394298
2026-05-20 07:40:59,016 INFO scenario=minibatch_sgd seed=23 method=oracle_aggregate count_mae=0.0000 proto_mse=0.000000
2026-05-20 07:40:59,022 INFO scenario=minibatch_sgd seed=29 method=tango_vanilla count_mae=0.6361 proto_mse=1.038834
2026-05-20 07:40:59,023 INFO scenario=minibatch_sgd seed=29 method=tango_mb count_mae=0.2222 proto_mse=0.013155
2026-05-20 07:40:59,025 INFO scenario=minibatch_sgd seed=29 method=storm count_mae=0.2222 proto_mse=0.013155
2026-05-20 07:40:59,026 INFO scenario=minibatch_sgd seed=29 method=passive_multi_round count_mae=0.3840 proto_mse=0.788260
2026-05-20 07:40:59,028 INFO scenario=minibatch_sgd seed=29 method=passive_mb count_mae=0.1280 proto_mse=0.173312
2026-05-20 07:40:59,029 INFO scenario=minibatch_sgd seed=29 method=public_prior count_mae=0.0000 proto_mse=0.446705
2026-05-20 07:40:59,030 INFO scenario=minibatch_sgd seed=29 method=oracle_aggregate count_mae=0.0000 proto_mse=0.000000
2026-05-20 07:40:59,035 INFO scenario=minibatch_sgd seed=31 method=tango_vanilla count_mae=3.0635 proto_mse=2.183711
2026-05-20 07:40:59,037 INFO scenario=minibatch_sgd seed=31 method=tango_mb count_mae=0.6196 proto_mse=0.013602
2026-05-20 07:40:59,038 INFO scenario=minibatch_sgd seed=31 method=storm count_mae=0.6196 proto_mse=0.013602
2026-05-20 07:40:59,040 INFO scenario=minibatch_sgd seed=31 method=passive_multi_round count_mae=0.3729 proto_mse=0.813874
2026-05-20 07:40:59,041 INFO scenario=minibatch_sgd seed=31 method=passive_mb count_mae=0.1243 proto_mse=0.195856
2026-05-20 07:40:59,042 INFO scenario=minibatch_sgd seed=31 method=public_prior count_mae=0.0000 proto_mse=0.465387
2026-05-20 07:40:59,043 INFO scenario=minibatch_sgd seed=31 method=oracle_aggregate count_mae=0.0000 proto_mse=0.000000
2026-05-20 07:40:59,049 INFO scenario=minibatch_sgd seed=37 method=tango_vanilla count_mae=4.7520 proto_mse=36.966372
2026-05-20 07:40:59,051 INFO scenario=minibatch_sgd seed=37 method=tango_mb count_mae=0.3091 proto_mse=0.006915
2026-05-20 07:40:59,052 INFO scenario=minibatch_sgd seed=37 method=storm count_mae=0.3091 proto_mse=0.006915
2026-05-20 07:40:59,053 INFO scenario=minibatch_sgd seed=37 method=passive_multi_round count_mae=0.2606 proto_mse=0.702736
2026-05-20 07:40:59,055 INFO scenario=minibatch_sgd seed=37 method=passive_mb count_mae=0.0869 proto_mse=0.131176
2026-05-20 07:40:59,056 INFO scenario=minibatch_sgd seed=37 method=public_prior count_mae=0.0000 proto_mse=0.362839
2026-05-20 07:40:59,057 INFO scenario=minibatch_sgd seed=37 method=oracle_aggregate count_mae=0.0000 proto_mse=0.000000
2026-05-20 07:40:59,057 INFO scenario=minibatch_nonzero_init config={'n_classes': 3, 'class_counts': (8, 8, 8), 'dim_x': 10, 'prototype_scale': 2.0, 'within_class_std': 0.55, 'lr': 0.04, 'local_steps': 6, 'probe_rounds': (1, 2, 4, 8), 'bias_scale': 1.2, 'terminal_noise_std': 0.0, 'use_minibatch': True, 'minibatch_size': 8, 'init_weight_scale': 0.18, 'seeds': (3, 7, 11, 19, 23, 29, 31, 37)} effective_gradient_steps=18.0000
2026-05-20 07:40:59,063 INFO scenario=minibatch_nonzero_init seed=3 method=tango_vanilla count_mae=0.4145 proto_mse=1.316037
2026-05-20 07:40:59,064 INFO scenario=minibatch_nonzero_init seed=3 method=tango_mb count_mae=0.7141 proto_mse=0.017945
2026-05-20 07:40:59,066 INFO scenario=minibatch_nonzero_init seed=3 method=storm count_mae=0.7141 proto_mse=0.017945
2026-05-20 07:40:59,067 INFO scenario=minibatch_nonzero_init seed=3 method=passive_multi_round count_mae=3.5079 proto_mse=4.747283
2026-05-20 07:40:59,069 INFO scenario=minibatch_nonzero_init seed=3 method=passive_mb count_mae=1.1693 proto_mse=0.162644
2026-05-20 07:40:59,070 INFO scenario=minibatch_nonzero_init seed=3 method=public_prior count_mae=0.0000 proto_mse=0.404725
2026-05-20 07:40:59,071 INFO scenario=minibatch_nonzero_init seed=3 method=oracle_aggregate count_mae=0.0000 proto_mse=0.000000
2026-05-20 07:40:59,077 INFO scenario=minibatch_nonzero_init seed=7 method=tango_vanilla count_mae=2.8035 proto_mse=3.385520
2026-05-20 07:40:59,078 INFO scenario=minibatch_nonzero_init seed=7 method=tango_mb count_mae=0.9931 proto_mse=0.014850
2026-05-20 07:40:59,080 INFO scenario=minibatch_nonzero_init seed=7 method=storm count_mae=0.9931 proto_mse=0.014850
2026-05-20 07:40:59,081 INFO scenario=minibatch_nonzero_init seed=7 method=passive_multi_round count_mae=4.3133 proto_mse=23.066146
2026-05-20 07:40:59,083 INFO scenario=minibatch_nonzero_init seed=7 method=passive_mb count_mae=1.4378 proto_mse=0.202646
2026-05-20 07:40:59,084 INFO scenario=minibatch_nonzero_init seed=7 method=public_prior count_mae=0.0000 proto_mse=0.440698
2026-05-20 07:40:59,085 INFO scenario=minibatch_nonzero_init seed=7 method=oracle_aggregate count_mae=0.0000 proto_mse=0.000000
2026-05-20 07:40:59,090 INFO scenario=minibatch_nonzero_init seed=11 method=tango_vanilla count_mae=2.8536 proto_mse=2.548429
2026-05-20 07:40:59,092 INFO scenario=minibatch_nonzero_init seed=11 method=tango_mb count_mae=0.7404 proto_mse=0.022314
2026-05-20 07:40:59,093 INFO scenario=minibatch_nonzero_init seed=11 method=storm count_mae=0.7404 proto_mse=0.022314
2026-05-20 07:40:59,095 INFO scenario=minibatch_nonzero_init seed=11 method=passive_multi_round count_mae=2.2323 proto_mse=1.371854
2026-05-20 07:40:59,096 INFO scenario=minibatch_nonzero_init seed=11 method=passive_mb count_mae=0.7441 proto_mse=0.182676
2026-05-20 07:40:59,097 INFO scenario=minibatch_nonzero_init seed=11 method=public_prior count_mae=0.0000 proto_mse=0.410619
2026-05-20 07:40:59,098 INFO scenario=minibatch_nonzero_init seed=11 method=oracle_aggregate count_mae=0.0000 proto_mse=0.000000
2026-05-20 07:40:59,104 INFO scenario=minibatch_nonzero_init seed=19 method=tango_vanilla count_mae=4.8203 proto_mse=40.235159
2026-05-20 07:40:59,105 INFO scenario=minibatch_nonzero_init seed=19 method=tango_mb count_mae=0.0656 proto_mse=0.010346
2026-05-20 07:40:59,107 INFO scenario=minibatch_nonzero_init seed=19 method=storm count_mae=0.0656 proto_mse=0.010346
2026-05-20 07:40:59,108 INFO scenario=minibatch_nonzero_init seed=19 method=passive_multi_round count_mae=1.7528 proto_mse=1.405686
2026-05-20 07:40:59,110 INFO scenario=minibatch_nonzero_init seed=19 method=passive_mb count_mae=0.5843 proto_mse=0.126863
2026-05-20 07:40:59,111 INFO scenario=minibatch_nonzero_init seed=19 method=public_prior count_mae=0.0000 proto_mse=0.376279
2026-05-20 07:40:59,112 INFO scenario=minibatch_nonzero_init seed=19 method=oracle_aggregate count_mae=0.0000 proto_mse=0.000000
2026-05-20 07:40:59,118 INFO scenario=minibatch_nonzero_init seed=23 method=tango_vanilla count_mae=0.5668 proto_mse=0.880128
2026-05-20 07:40:59,119 INFO scenario=minibatch_nonzero_init seed=23 method=tango_mb count_mae=0.9806 proto_mse=0.014778
2026-05-20 07:40:59,121 INFO scenario=minibatch_nonzero_init seed=23 method=storm count_mae=0.9806 proto_mse=0.014778
2026-05-20 07:40:59,122 INFO scenario=minibatch_nonzero_init seed=23 method=passive_multi_round count_mae=1.9840 proto_mse=1.491390
2026-05-20 07:40:59,124 INFO scenario=minibatch_nonzero_init seed=23 method=passive_mb count_mae=0.6613 proto_mse=0.143781
2026-05-20 07:40:59,125 INFO scenario=minibatch_nonzero_init seed=23 method=public_prior count_mae=0.0000 proto_mse=0.394298
2026-05-20 07:40:59,126 INFO scenario=minibatch_nonzero_init seed=23 method=oracle_aggregate count_mae=0.0000 proto_mse=0.000000
2026-05-20 07:40:59,131 INFO scenario=minibatch_nonzero_init seed=29 method=tango_vanilla count_mae=0.9371 proto_mse=1.470785
2026-05-20 07:40:59,133 INFO scenario=minibatch_nonzero_init seed=29 method=tango_mb count_mae=0.2108 proto_mse=0.009508
2026-05-20 07:40:59,134 INFO scenario=minibatch_nonzero_init seed=29 method=storm count_mae=0.2108 proto_mse=0.009508
2026-05-20 07:40:59,136 INFO scenario=minibatch_nonzero_init seed=29 method=passive_multi_round count_mae=1.7263 proto_mse=0.978942
2026-05-20 07:40:59,137 INFO scenario=minibatch_nonzero_init seed=29 method=passive_mb count_mae=0.5754 proto_mse=0.184840
2026-05-20 07:40:59,138 INFO scenario=minibatch_nonzero_init seed=29 method=public_prior count_mae=0.0000 proto_mse=0.446705
2026-05-20 07:40:59,139 INFO scenario=minibatch_nonzero_init seed=29 method=oracle_aggregate count_mae=0.0000 proto_mse=0.000000
2026-05-20 07:40:59,145 INFO scenario=minibatch_nonzero_init seed=31 method=tango_vanilla count_mae=4.7767 proto_mse=28.920967
2026-05-20 07:40:59,146 INFO scenario=minibatch_nonzero_init seed=31 method=tango_mb count_mae=1.3988 proto_mse=0.034729
2026-05-20 07:40:59,148 INFO scenario=minibatch_nonzero_init seed=31 method=storm count_mae=1.3988 proto_mse=0.034729
2026-05-20 07:40:59,149 INFO scenario=minibatch_nonzero_init seed=31 method=passive_multi_round count_mae=2.7750 proto_mse=1.468862
2026-05-20 07:40:59,151 INFO scenario=minibatch_nonzero_init seed=31 method=passive_mb count_mae=0.9250 proto_mse=0.223225
2026-05-20 07:40:59,152 INFO scenario=minibatch_nonzero_init seed=31 method=public_prior count_mae=0.0000 proto_mse=0.465387
2026-05-20 07:40:59,153 INFO scenario=minibatch_nonzero_init seed=31 method=oracle_aggregate count_mae=0.0000 proto_mse=0.000000
2026-05-20 07:40:59,158 INFO scenario=minibatch_nonzero_init seed=37 method=tango_vanilla count_mae=2.3339 proto_mse=1.870925
2026-05-20 07:40:59,160 INFO scenario=minibatch_nonzero_init seed=37 method=tango_mb count_mae=1.3989 proto_mse=0.009898
2026-05-20 07:40:59,161 INFO scenario=minibatch_nonzero_init seed=37 method=storm count_mae=1.3989 proto_mse=0.009898
2026-05-20 07:40:59,163 INFO scenario=minibatch_nonzero_init seed=37 method=passive_multi_round count_mae=1.5751 proto_mse=1.415174
2026-05-20 07:40:59,164 INFO scenario=minibatch_nonzero_init seed=37 method=passive_mb count_mae=0.5250 proto_mse=0.149645
2026-05-20 07:40:59,165 INFO scenario=minibatch_nonzero_init seed=37 method=public_prior count_mae=0.0000 proto_mse=0.362839
2026-05-20 07:40:59,166 INFO scenario=minibatch_nonzero_init seed=37 method=oracle_aggregate count_mae=0.0000 proto_mse=0.000000
2026-05-20 07:40:59,166 INFO scenario=balanced_clean config={'n_classes': 3, 'class_counts': (8, 8, 8), 'dim_x': 10, 'prototype_scale': 2.0, 'within_class_std': 0.55, 'lr': 0.04, 'local_steps': 3, 'probe_rounds': (1, 2, 4, 8), 'bias_scale': 1.2, 'terminal_noise_std': 0.0, 'use_minibatch': False, 'minibatch_size': 8, 'init_weight_scale': 0.0, 'seeds': (3, 7, 11, 19, 23, 29, 31, 37)} effective_gradient_steps=3.0000
2026-05-20 07:40:59,169 INFO scenario=balanced_clean seed=3 method=tango_vanilla count_mae=0.0151 proto_mse=0.000179
2026-05-20 07:40:59,170 INFO scenario=balanced_clean seed=3 method=tango_mb count_mae=0.0151 proto_mse=0.000179
2026-05-20 07:40:59,172 INFO scenario=balanced_clean seed=3 method=storm count_mae=0.0151 proto_mse=0.000179
2026-05-20 07:40:59,173 INFO scenario=balanced_clean seed=3 method=passive_multi_round count_mae=0.0147 proto_mse=0.127284
2026-05-20 07:40:59,175 INFO scenario=balanced_clean seed=3 method=passive_mb count_mae=0.0147 proto_mse=0.127284
2026-05-20 07:40:59,176 INFO scenario=balanced_clean seed=3 method=public_prior count_mae=0.0000 proto_mse=0.404725
2026-05-20 07:40:59,177 INFO scenario=balanced_clean seed=3 method=oracle_aggregate count_mae=0.0000 proto_mse=0.000000
2026-05-20 07:40:59,179 INFO scenario=balanced_clean seed=7 method=tango_vanilla count_mae=0.0592 proto_mse=0.000219
2026-05-20 07:40:59,181 INFO scenario=balanced_clean seed=7 method=tango_mb count_mae=0.0592 proto_mse=0.000219
2026-05-20 07:40:59,182 INFO scenario=balanced_clean seed=7 method=storm count_mae=0.0592 proto_mse=0.000219
2026-05-20 07:40:59,184 INFO scenario=balanced_clean seed=7 method=passive_multi_round count_mae=0.0226 proto_mse=0.135155
2026-05-20 07:40:59,185 INFO scenario=balanced_clean seed=7 method=passive_mb count_mae=0.0226 proto_mse=0.135155
2026-05-20 07:40:59,186 INFO scenario=balanced_clean seed=7 method=public_prior count_mae=0.0000 proto_mse=0.440698
2026-05-20 07:40:59,187 INFO scenario=balanced_clean seed=7 method=oracle_aggregate count_mae=0.0000 proto_mse=0.000000
2026-05-20 07:40:59,190 INFO scenario=balanced_clean seed=11 method=tango_vanilla count_mae=0.0264 proto_mse=0.000157
2026-05-20 07:40:59,191 INFO scenario=balanced_clean seed=11 method=tango_mb count_mae=0.0264 proto_mse=0.000157
2026-05-20 07:40:59,193 INFO scenario=balanced_clean seed=11 method=storm count_mae=0.0264 proto_mse=0.000157
2026-05-20 07:40:59,194 INFO scenario=balanced_clean seed=11 method=passive_multi_round count_mae=0.0100 proto_mse=0.155968
2026-05-20 07:40:59,196 INFO scenario=balanced_clean seed=11 method=passive_mb count_mae=0.0100 proto_mse=0.155968
2026-05-20 07:40:59,197 INFO scenario=balanced_clean seed=11 method=public_prior count_mae=0.0000 proto_mse=0.410619
2026-05-20 07:40:59,198 INFO scenario=balanced_clean seed=11 method=oracle_aggregate count_mae=0.0000 proto_mse=0.000000
2026-05-20 07:40:59,200 INFO scenario=balanced_clean seed=19 method=tango_vanilla count_mae=0.0417 proto_mse=0.000094
2026-05-20 07:40:59,202 INFO scenario=balanced_clean seed=19 method=tango_mb count_mae=0.0417 proto_mse=0.000094
2026-05-20 07:40:59,203 INFO scenario=balanced_clean seed=19 method=storm count_mae=0.0417 proto_mse=0.000094
2026-05-20 07:40:59,205 INFO scenario=balanced_clean seed=19 method=passive_multi_round count_mae=0.0110 proto_mse=0.119838
2026-05-20 07:40:59,206 INFO scenario=balanced_clean seed=19 method=passive_mb count_mae=0.0110 proto_mse=0.119838
2026-05-20 07:40:59,207 INFO scenario=balanced_clean seed=19 method=public_prior count_mae=0.0000 proto_mse=0.376279
2026-05-20 07:40:59,208 INFO scenario=balanced_clean seed=19 method=oracle_aggregate count_mae=0.0000 proto_mse=0.000000
2026-05-20 07:40:59,211 INFO scenario=balanced_clean seed=23 method=tango_vanilla count_mae=0.0687 proto_mse=0.000125
2026-05-20 07:40:59,212 INFO scenario=balanced_clean seed=23 method=tango_mb count_mae=0.0687 proto_mse=0.000125
2026-05-20 07:40:59,214 INFO scenario=balanced_clean seed=23 method=storm count_mae=0.0687 proto_mse=0.000125
2026-05-20 07:40:59,215 INFO scenario=balanced_clean seed=23 method=passive_multi_round count_mae=0.0141 proto_mse=0.127497
2026-05-20 07:40:59,216 INFO scenario=balanced_clean seed=23 method=passive_mb count_mae=0.0141 proto_mse=0.127497
2026-05-20 07:40:59,218 INFO scenario=balanced_clean seed=23 method=public_prior count_mae=0.0000 proto_mse=0.394298
2026-05-20 07:40:59,219 INFO scenario=balanced_clean seed=23 method=oracle_aggregate count_mae=0.0000 proto_mse=0.000000
2026-05-20 07:40:59,221 INFO scenario=balanced_clean seed=29 method=tango_vanilla count_mae=0.0298 proto_mse=0.000177
2026-05-20 07:40:59,223 INFO scenario=balanced_clean seed=29 method=tango_mb count_mae=0.0298 proto_mse=0.000177
2026-05-20 07:40:59,224 INFO scenario=balanced_clean seed=29 method=storm count_mae=0.0298 proto_mse=0.000177
2026-05-20 07:40:59,225 INFO scenario=balanced_clean seed=29 method=passive_multi_round count_mae=0.0224 proto_mse=0.165269
2026-05-20 07:40:59,227 INFO scenario=balanced_clean seed=29 method=passive_mb count_mae=0.0224 proto_mse=0.165269
2026-05-20 07:40:59,228 INFO scenario=balanced_clean seed=29 method=public_prior count_mae=0.0000 proto_mse=0.446705
2026-05-20 07:40:59,229 INFO scenario=balanced_clean seed=29 method=oracle_aggregate count_mae=0.0000 proto_mse=0.000000
2026-05-20 07:40:59,231 INFO scenario=balanced_clean seed=31 method=tango_vanilla count_mae=0.0635 proto_mse=0.000164
2026-05-20 07:40:59,233 INFO scenario=balanced_clean seed=31 method=tango_mb count_mae=0.0635 proto_mse=0.000164
2026-05-20 07:40:59,234 INFO scenario=balanced_clean seed=31 method=storm count_mae=0.0635 proto_mse=0.000164
2026-05-20 07:40:59,236 INFO scenario=balanced_clean seed=31 method=passive_multi_round count_mae=0.0149 proto_mse=0.188069
2026-05-20 07:40:59,237 INFO scenario=balanced_clean seed=31 method=passive_mb count_mae=0.0149 proto_mse=0.188069
2026-05-20 07:40:59,238 INFO scenario=balanced_clean seed=31 method=public_prior count_mae=0.0000 proto_mse=0.465387
2026-05-20 07:40:59,239 INFO scenario=balanced_clean seed=31 method=oracle_aggregate count_mae=0.0000 proto_mse=0.000000
2026-05-20 07:40:59,242 INFO scenario=balanced_clean seed=37 method=tango_vanilla count_mae=0.0306 proto_mse=0.000089
2026-05-20 07:40:59,243 INFO scenario=balanced_clean seed=37 method=tango_mb count_mae=0.0306 proto_mse=0.000089
2026-05-20 07:40:59,245 INFO scenario=balanced_clean seed=37 method=storm count_mae=0.0306 proto_mse=0.000089
2026-05-20 07:40:59,246 INFO scenario=balanced_clean seed=37 method=passive_multi_round count_mae=0.0118 proto_mse=0.126051
2026-05-20 07:40:59,248 INFO scenario=balanced_clean seed=37 method=passive_mb count_mae=0.0118 proto_mse=0.126051
2026-05-20 07:40:59,249 INFO scenario=balanced_clean seed=37 method=public_prior count_mae=0.0000 proto_mse=0.362839
2026-05-20 07:40:59,250 INFO scenario=balanced_clean seed=37 method=oracle_aggregate count_mae=0.0000 proto_mse=0.000000
2026-05-20 07:40:59,250 INFO scenario=imbalanced_clean config={'n_classes': 3, 'class_counts': (4, 8, 12), 'dim_x': 10, 'prototype_scale': 2.0, 'within_class_std': 0.55, 'lr': 0.04, 'local_steps': 3, 'probe_rounds': (1, 2, 4, 8), 'bias_scale': 1.2, 'terminal_noise_std': 0.0, 'use_minibatch': False, 'minibatch_size': 8, 'init_weight_scale': 0.0, 'seeds': (3, 7, 11, 19, 23, 29, 31, 37)} effective_gradient_steps=3.0000
2026-05-20 07:40:59,253 INFO scenario=imbalanced_clean seed=3 method=tango_vanilla count_mae=0.1138 proto_mse=0.000531
2026-05-20 07:40:59,254 INFO scenario=imbalanced_clean seed=3 method=tango_mb count_mae=0.1138 proto_mse=0.000531
2026-05-20 07:40:59,255 INFO scenario=imbalanced_clean seed=3 method=storm count_mae=0.1138 proto_mse=0.000531
2026-05-20 07:40:59,257 INFO scenario=imbalanced_clean seed=3 method=passive_multi_round count_mae=0.1304 proto_mse=0.265950
2026-05-20 07:40:59,258 INFO scenario=imbalanced_clean seed=3 method=passive_mb count_mae=0.1304 proto_mse=0.265950
2026-05-20 07:40:59,259 INFO scenario=imbalanced_clean seed=3 method=public_prior count_mae=2.6667 proto_mse=0.445430
2026-05-20 07:40:59,260 INFO scenario=imbalanced_clean seed=3 method=oracle_aggregate count_mae=0.0000 proto_mse=0.000000
2026-05-20 07:40:59,263 INFO scenario=imbalanced_clean seed=7 method=tango_vanilla count_mae=0.1878 proto_mse=0.000657
2026-05-20 07:40:59,264 INFO scenario=imbalanced_clean seed=7 method=tango_mb count_mae=0.1878 proto_mse=0.000657
2026-05-20 07:40:59,266 INFO scenario=imbalanced_clean seed=7 method=storm count_mae=0.1878 proto_mse=0.000657
2026-05-20 07:40:59,267 INFO scenario=imbalanced_clean seed=7 method=passive_multi_round count_mae=0.1803 proto_mse=0.283718
2026-05-20 07:40:59,269 INFO scenario=imbalanced_clean seed=7 method=passive_mb count_mae=0.1803 proto_mse=0.283718
2026-05-20 07:40:59,270 INFO scenario=imbalanced_clean seed=7 method=public_prior count_mae=2.6667 proto_mse=0.390214
2026-05-20 07:40:59,271 INFO scenario=imbalanced_clean seed=7 method=oracle_aggregate count_mae=0.0000 proto_mse=0.000000
2026-05-20 07:40:59,273 INFO scenario=imbalanced_clean seed=11 method=tango_vanilla count_mae=0.1078 proto_mse=0.000265
2026-05-20 07:40:59,275 INFO scenario=imbalanced_clean seed=11 method=tango_mb count_mae=0.1078 proto_mse=0.000265
2026-05-20 07:40:59,276 INFO scenario=imbalanced_clean seed=11 method=storm count_mae=0.1078 proto_mse=0.000265
2026-05-20 07:40:59,278 INFO scenario=imbalanced_clean seed=11 method=passive_multi_round count_mae=0.1494 proto_mse=0.305565
2026-05-20 07:40:59,279 INFO scenario=imbalanced_clean seed=11 method=passive_mb count_mae=0.1494 proto_mse=0.305565
2026-05-20 07:40:59,280 INFO scenario=imbalanced_clean seed=11 method=public_prior count_mae=2.6667 proto_mse=0.375039
2026-05-20 07:40:59,281 INFO scenario=imbalanced_clean seed=11 method=oracle_aggregate count_mae=0.0000 proto_mse=0.000000
2026-05-20 07:40:59,284 INFO scenario=imbalanced_clean seed=19 method=tango_vanilla count_mae=0.1444 proto_mse=0.000481
2026-05-20 07:40:59,285 INFO scenario=imbalanced_clean seed=19 method=tango_mb count_mae=0.1444 proto_mse=0.000481
2026-05-20 07:40:59,287 INFO scenario=imbalanced_clean seed=19 method=storm count_mae=0.1444 proto_mse=0.000481
2026-05-20 07:40:59,288 INFO scenario=imbalanced_clean seed=19 method=passive_multi_round count_mae=0.1471 proto_mse=0.245613
2026-05-20 07:40:59,290 INFO scenario=imbalanced_clean seed=19 method=passive_mb count_mae=0.1471 proto_mse=0.245613
2026-05-20 07:40:59,291 INFO scenario=imbalanced_clean seed=19 method=public_prior count_mae=2.6667 proto_mse=0.428503
2026-05-20 07:40:59,292 INFO scenario=imbalanced_clean seed=19 method=oracle_aggregate count_mae=0.0000 proto_mse=0.000000
2026-05-20 07:40:59,295 INFO scenario=imbalanced_clean seed=23 method=tango_vanilla count_mae=0.0643 proto_mse=0.000302
2026-05-20 07:40:59,296 INFO scenario=imbalanced_clean seed=23 method=tango_mb count_mae=0.0643 proto_mse=0.000302
2026-05-20 07:40:59,298 INFO scenario=imbalanced_clean seed=23 method=storm count_mae=0.0643 proto_mse=0.000302
2026-05-20 07:40:59,299 INFO scenario=imbalanced_clean seed=23 method=passive_multi_round count_mae=0.1283 proto_mse=0.224140
2026-05-20 07:40:59,300 INFO scenario=imbalanced_clean seed=23 method=passive_mb count_mae=0.1283 proto_mse=0.224140
2026-05-20 07:40:59,302 INFO scenario=imbalanced_clean seed=23 method=public_prior count_mae=2.6667 proto_mse=0.438730
2026-05-20 07:40:59,303 INFO scenario=imbalanced_clean seed=23 method=oracle_aggregate count_mae=0.0000 proto_mse=0.000000
2026-05-20 07:40:59,305 INFO scenario=imbalanced_clean seed=29 method=tango_vanilla count_mae=0.1360 proto_mse=0.000381
2026-05-20 07:40:59,307 INFO scenario=imbalanced_clean seed=29 method=tango_mb count_mae=0.1360 proto_mse=0.000381
2026-05-20 07:40:59,308 INFO scenario=imbalanced_clean seed=29 method=storm count_mae=0.1360 proto_mse=0.000381
2026-05-20 07:40:59,309 INFO scenario=imbalanced_clean seed=29 method=passive_multi_round count_mae=0.1763 proto_mse=0.315462
2026-05-20 07:40:59,311 INFO scenario=imbalanced_clean seed=29 method=passive_mb count_mae=0.1763 proto_mse=0.315462
2026-05-20 07:40:59,312 INFO scenario=imbalanced_clean seed=29 method=public_prior count_mae=2.6667 proto_mse=0.447008
2026-05-20 07:40:59,313 INFO scenario=imbalanced_clean seed=29 method=oracle_aggregate count_mae=0.0000 proto_mse=0.000000
2026-05-20 07:40:59,316 INFO scenario=imbalanced_clean seed=31 method=tango_vanilla count_mae=0.0648 proto_mse=0.000190
2026-05-20 07:40:59,317 INFO scenario=imbalanced_clean seed=31 method=tango_mb count_mae=0.0648 proto_mse=0.000190
2026-05-20 07:40:59,318 INFO scenario=imbalanced_clean seed=31 method=storm count_mae=0.0648 proto_mse=0.000190
2026-05-20 07:40:59,320 INFO scenario=imbalanced_clean seed=31 method=passive_multi_round count_mae=0.1458 proto_mse=0.335138
2026-05-20 07:40:59,321 INFO scenario=imbalanced_clean seed=31 method=passive_mb count_mae=0.1458 proto_mse=0.335138
2026-05-20 07:40:59,322 INFO scenario=imbalanced_clean seed=31 method=public_prior count_mae=2.6667 proto_mse=0.466650
2026-05-20 07:40:59,323 INFO scenario=imbalanced_clean seed=31 method=oracle_aggregate count_mae=0.0000 proto_mse=0.000000
2026-05-20 07:40:59,326 INFO scenario=imbalanced_clean seed=37 method=tango_vanilla count_mae=0.0665 proto_mse=0.000247
2026-05-20 07:40:59,328 INFO scenario=imbalanced_clean seed=37 method=tango_mb count_mae=0.0665 proto_mse=0.000247
2026-05-20 07:40:59,329 INFO scenario=imbalanced_clean seed=37 method=storm count_mae=0.0665 proto_mse=0.000247
2026-05-20 07:40:59,330 INFO scenario=imbalanced_clean seed=37 method=passive_multi_round count_mae=0.1372 proto_mse=0.258440
2026-05-20 07:40:59,332 INFO scenario=imbalanced_clean seed=37 method=passive_mb count_mae=0.1372 proto_mse=0.258440
2026-05-20 07:40:59,333 INFO scenario=imbalanced_clean seed=37 method=public_prior count_mae=2.6667 proto_mse=0.459534
2026-05-20 07:40:59,334 INFO scenario=imbalanced_clean seed=37 method=oracle_aggregate count_mae=0.0000 proto_mse=0.000000
2026-05-20 07:40:59,341 INFO wrote /workspace/artifacts/round11_metrics.json
2026-05-20 07:40:59,341 INFO phase2_primary={'scenario': 'minibatch_sgd', 'passive_prototype_mse': 0.7532224427330506, 'tango_vanilla_prototype_mse': 6.587692807101611, 'tango_mb_prototype_mse': 0.011025348154678465, 'storm_prototype_mse': 0.011025348154678467, 'passive_mb_prototype_mse': 0.15052416933561713, 'tango_mb_vs_passive_gain_x': 68.31733856979658, 'phase2_primary_win': 1.0}
2026-05-20 07:40:59,341 INFO headline={'minibatch_tango_vanilla_mse': 6.587692807101611, 'minibatch_tango_mb_mse': 0.011025348154678465, 'minibatch_storm_mse': 0.011025348154678467, 'minibatch_passive_mse': 0.7532224427330506, 'minibatch_passive_mb_mse': 0.15052416933561713, 'minibatch_tango_mb_vs_passive_gain_x': 68.31733856979658, 'minibatch_phase2_win': 1.0, 'balanced_tango_mb_mse': 0.00015058279086769904, 'balanced_tango_vanilla_mse': 0.00015058279086769904}
