2026-05-20 07:48:17,713 INFO Round 12 Phase-2 revision benchmark started
2026-05-20 07:48:17,713 INFO scenario=minibatch_sgd config={'n_classes': 3, 'class_counts': (8, 8, 8), 'dim_x': 10, 'prototype_scale': 2.0, 'within_class_std': 0.55, 'lr': 0.04, 'local_steps': 6, 'probe_rounds': (1, 2, 4, 8), 'bias_scale': 1.2, 'terminal_noise_std': 0.0, 'use_minibatch': True, 'minibatch_size': 8, 'init_weight_scale': 0.0, 'seeds': (3, 7, 11, 19, 23, 29, 31, 37)} effective_gradient_steps=18.0000
2026-05-20 07:48:17,727 INFO scenario=minibatch_sgd seed=3 method=tango_vanilla count_mae=2.2574 proto_mse=1.415312
2026-05-20 07:48:17,728 INFO scenario=minibatch_sgd seed=3 method=tango_mb count_mae=0.0916 proto_mse=0.012437
2026-05-20 07:48:17,730 INFO scenario=minibatch_sgd seed=3 method=tango_mb_iter count_mae=0.0916 proto_mse=0.012437
2026-05-20 07:48:17,731 INFO scenario=minibatch_sgd seed=3 method=tango_mb_drift2 count_mae=0.0823 proto_mse=0.027090
2026-05-20 07:48:17,733 INFO scenario=minibatch_sgd seed=3 method=stack_mb_ridge count_mae=0.2861 proto_mse=0.134302
2026-05-20 07:48:17,734 INFO scenario=minibatch_sgd seed=3 method=passive_multi_round count_mae=0.2772 proto_mse=0.757128
2026-05-20 07:48:17,736 INFO scenario=minibatch_sgd seed=3 method=passive_mb count_mae=0.0318 proto_mse=0.271877
2026-05-20 07:48:17,737 INFO scenario=minibatch_sgd seed=3 method=public_prior count_mae=0.0000 proto_mse=0.404725
2026-05-20 07:48:17,738 INFO scenario=minibatch_sgd seed=3 method=oracle_aggregate count_mae=0.0000 proto_mse=0.000000
2026-05-20 07:48:17,744 INFO scenario=minibatch_sgd seed=7 method=tango_vanilla count_mae=2.9775 proto_mse=2.283492
2026-05-20 07:48:17,746 INFO scenario=minibatch_sgd seed=7 method=tango_mb count_mae=0.1519 proto_mse=0.015110
2026-05-20 07:48:17,747 INFO scenario=minibatch_sgd seed=7 method=tango_mb_iter count_mae=0.1519 proto_mse=0.015110
2026-05-20 07:48:17,749 INFO scenario=minibatch_sgd seed=7 method=tango_mb_drift2 count_mae=0.1358 proto_mse=0.032265
2026-05-20 07:48:17,750 INFO scenario=minibatch_sgd seed=7 method=stack_mb_ridge count_mae=0.4655 proto_mse=0.143975
2026-05-20 07:48:17,752 INFO scenario=minibatch_sgd seed=7 method=passive_multi_round count_mae=0.4487 proto_mse=0.780541
2026-05-20 07:48:17,753 INFO scenario=minibatch_sgd seed=7 method=passive_mb count_mae=0.0517 proto_mse=0.297407
2026-05-20 07:48:17,754 INFO scenario=minibatch_sgd seed=7 method=public_prior count_mae=0.0000 proto_mse=0.440698
2026-05-20 07:48:17,755 INFO scenario=minibatch_sgd seed=7 method=oracle_aggregate count_mae=0.0000 proto_mse=0.000000
2026-05-20 07:48:17,761 INFO scenario=minibatch_sgd seed=11 method=tango_vanilla count_mae=1.5330 proto_mse=1.243278
2026-05-20 07:48:17,762 INFO scenario=minibatch_sgd seed=11 method=tango_mb count_mae=0.0284 proto_mse=0.010376
2026-05-20 07:48:17,764 INFO scenario=minibatch_sgd seed=11 method=tango_mb_iter count_mae=0.0284 proto_mse=0.010376
2026-05-20 07:48:17,766 INFO scenario=minibatch_sgd seed=11 method=tango_mb_drift2 count_mae=0.0256 proto_mse=0.023538
2026-05-20 07:48:17,767 INFO scenario=minibatch_sgd seed=11 method=stack_mb_ridge count_mae=0.0925 proto_mse=0.162736
2026-05-20 07:48:17,768 INFO scenario=minibatch_sgd seed=11 method=passive_multi_round count_mae=0.0710 proto_mse=0.744634
2026-05-20 07:48:17,770 INFO scenario=minibatch_sgd seed=11 method=passive_mb count_mae=0.0103 proto_mse=0.287958
2026-05-20 07:48:17,771 INFO scenario=minibatch_sgd seed=11 method=public_prior count_mae=0.0000 proto_mse=0.410619
2026-05-20 07:48:17,772 INFO scenario=minibatch_sgd seed=11 method=oracle_aggregate count_mae=0.0000 proto_mse=0.000000
2026-05-20 07:48:17,778 INFO scenario=minibatch_sgd seed=19 method=tango_vanilla count_mae=3.7302 proto_mse=6.236028
2026-05-20 07:48:17,779 INFO scenario=minibatch_sgd seed=19 method=tango_mb count_mae=0.0985 proto_mse=0.007839
2026-05-20 07:48:17,781 INFO scenario=minibatch_sgd seed=19 method=tango_mb_iter count_mae=0.0985 proto_mse=0.007839
2026-05-20 07:48:17,782 INFO scenario=minibatch_sgd seed=19 method=tango_mb_drift2 count_mae=0.0889 proto_mse=0.018777
2026-05-20 07:48:17,784 INFO scenario=minibatch_sgd seed=19 method=stack_mb_ridge count_mae=0.2393 proto_mse=0.125761
2026-05-20 07:48:17,785 INFO scenario=minibatch_sgd seed=19 method=passive_multi_round count_mae=0.2463 proto_mse=0.720909
2026-05-20 07:48:17,787 INFO scenario=minibatch_sgd seed=19 method=passive_mb count_mae=0.0266 proto_mse=0.252676
2026-05-20 07:48:17,788 INFO scenario=minibatch_sgd seed=19 method=public_prior count_mae=0.0000 proto_mse=0.376279
2026-05-20 07:48:17,789 INFO scenario=minibatch_sgd seed=19 method=oracle_aggregate count_mae=0.0000 proto_mse=0.000000
2026-05-20 07:48:17,794 INFO scenario=minibatch_sgd seed=23 method=tango_vanilla count_mae=1.6442 proto_mse=1.334516
2026-05-20 07:48:17,796 INFO scenario=minibatch_sgd seed=23 method=tango_mb count_mae=0.1065 proto_mse=0.008769
2026-05-20 07:48:17,798 INFO scenario=minibatch_sgd seed=23 method=tango_mb_iter count_mae=0.1065 proto_mse=0.008769
2026-05-20 07:48:17,799 INFO scenario=minibatch_sgd seed=23 method=tango_mb_drift2 count_mae=0.0959 proto_mse=0.020934
2026-05-20 07:48:17,801 INFO scenario=minibatch_sgd seed=23 method=stack_mb_ridge count_mae=0.3307 proto_mse=0.134636
2026-05-20 07:48:17,802 INFO scenario=minibatch_sgd seed=23 method=passive_multi_round count_mae=0.2976 proto_mse=0.717698
2026-05-20 07:48:17,804 INFO scenario=minibatch_sgd seed=23 method=passive_mb count_mae=0.0367 proto_mse=0.267416
2026-05-20 07:48:17,805 INFO scenario=minibatch_sgd seed=23 method=public_prior count_mae=0.0000 proto_mse=0.394298
2026-05-20 07:48:17,806 INFO scenario=minibatch_sgd seed=23 method=oracle_aggregate count_mae=0.0000 proto_mse=0.000000
2026-05-20 07:48:17,811 INFO scenario=minibatch_sgd seed=29 method=tango_vanilla count_mae=0.6361 proto_mse=1.038834
2026-05-20 07:48:17,813 INFO scenario=minibatch_sgd seed=29 method=tango_mb count_mae=0.1374 proto_mse=0.013155
2026-05-20 07:48:17,814 INFO scenario=minibatch_sgd seed=29 method=tango_mb_iter count_mae=0.1374 proto_mse=0.013155
2026-05-20 07:48:17,816 INFO scenario=minibatch_sgd seed=29 method=tango_mb_drift2 count_mae=0.1234 proto_mse=0.028858
2026-05-20 07:48:17,817 INFO scenario=minibatch_sgd seed=29 method=stack_mb_ridge count_mae=0.3610 proto_mse=0.172714
2026-05-20 07:48:17,819 INFO scenario=minibatch_sgd seed=29 method=passive_multi_round count_mae=0.3840 proto_mse=0.788260
2026-05-20 07:48:17,820 INFO scenario=minibatch_sgd seed=29 method=passive_mb count_mae=0.0401 proto_mse=0.312790
2026-05-20 07:48:17,821 INFO scenario=minibatch_sgd seed=29 method=public_prior count_mae=0.0000 proto_mse=0.446705
2026-05-20 07:48:17,822 INFO scenario=minibatch_sgd seed=29 method=oracle_aggregate count_mae=0.0000 proto_mse=0.000000
2026-05-20 07:48:17,828 INFO scenario=minibatch_sgd seed=31 method=tango_vanilla count_mae=3.0635 proto_mse=2.183711
2026-05-20 07:48:17,830 INFO scenario=minibatch_sgd seed=31 method=tango_mb count_mae=0.1053 proto_mse=0.013602
2026-05-20 07:48:17,831 INFO scenario=minibatch_sgd seed=31 method=tango_mb_iter count_mae=0.1053 proto_mse=0.013602
2026-05-20 07:48:17,833 INFO scenario=minibatch_sgd seed=31 method=tango_mb_drift2 count_mae=0.0945 proto_mse=0.029100
2026-05-20 07:48:17,834 INFO scenario=minibatch_sgd seed=31 method=stack_mb_ridge count_mae=0.3890 proto_mse=0.195008
2026-05-20 07:48:17,836 INFO scenario=minibatch_sgd seed=31 method=passive_multi_round count_mae=0.3729 proto_mse=0.813874
2026-05-20 07:48:17,837 INFO scenario=minibatch_sgd seed=31 method=passive_mb count_mae=0.0432 proto_mse=0.333291
2026-05-20 07:48:17,838 INFO scenario=minibatch_sgd seed=31 method=public_prior count_mae=0.0000 proto_mse=0.465387
2026-05-20 07:48:17,839 INFO scenario=minibatch_sgd seed=31 method=oracle_aggregate count_mae=0.0000 proto_mse=0.000000
2026-05-20 07:48:17,845 INFO scenario=minibatch_sgd seed=37 method=tango_vanilla count_mae=4.7520 proto_mse=36.966372
2026-05-20 07:48:17,846 INFO scenario=minibatch_sgd seed=37 method=tango_mb count_mae=0.0843 proto_mse=0.006915
2026-05-20 07:48:17,848 INFO scenario=minibatch_sgd seed=37 method=tango_mb_iter count_mae=0.0843 proto_mse=0.006915
2026-05-20 07:48:17,849 INFO scenario=minibatch_sgd seed=37 method=tango_mb_drift2 count_mae=0.0763 proto_mse=0.016840
2026-05-20 07:48:17,851 INFO scenario=minibatch_sgd seed=37 method=stack_mb_ridge count_mae=0.2444 proto_mse=0.130731
2026-05-20 07:48:17,852 INFO scenario=minibatch_sgd seed=37 method=passive_multi_round count_mae=0.2606 proto_mse=0.702736
2026-05-20 07:48:17,854 INFO scenario=minibatch_sgd seed=37 method=passive_mb count_mae=0.0272 proto_mse=0.247678
2026-05-20 07:48:17,855 INFO scenario=minibatch_sgd seed=37 method=public_prior count_mae=0.0000 proto_mse=0.362839
2026-05-20 07:48:17,856 INFO scenario=minibatch_sgd seed=37 method=oracle_aggregate count_mae=0.0000 proto_mse=0.000000
2026-05-20 07:48:17,856 INFO scenario=minibatch_nonzero_init config={'n_classes': 3, 'class_counts': (8, 8, 8), 'dim_x': 10, 'prototype_scale': 2.0, 'within_class_std': 0.55, 'lr': 0.04, 'local_steps': 6, 'probe_rounds': (1, 2, 4, 8), 'bias_scale': 1.2, 'terminal_noise_std': 0.0, 'use_minibatch': True, 'minibatch_size': 8, 'init_weight_scale': 0.18, 'seeds': (3, 7, 11, 19, 23, 29, 31, 37)} effective_gradient_steps=18.0000
2026-05-20 07:48:17,862 INFO scenario=minibatch_nonzero_init seed=3 method=tango_vanilla count_mae=0.4145 proto_mse=1.316037
2026-05-20 07:48:17,863 INFO scenario=minibatch_nonzero_init seed=3 method=tango_mb count_mae=0.6965 proto_mse=0.017945
2026-05-20 07:48:17,865 INFO scenario=minibatch_nonzero_init seed=3 method=tango_mb_iter count_mae=0.6725 proto_mse=0.017022
2026-05-20 07:48:17,867 INFO scenario=minibatch_nonzero_init seed=3 method=tango_mb_drift2 count_mae=0.6167 proto_mse=0.028137
2026-05-20 07:48:17,868 INFO scenario=minibatch_nonzero_init seed=3 method=stack_mb_ridge count_mae=3.5350 proto_mse=0.464166
2026-05-20 07:48:17,870 INFO scenario=minibatch_nonzero_init seed=3 method=passive_multi_round count_mae=3.5079 proto_mse=4.747283
2026-05-20 07:48:17,871 INFO scenario=minibatch_nonzero_init seed=3 method=passive_mb count_mae=0.3928 proto_mse=0.276004
2026-05-20 07:48:17,872 INFO scenario=minibatch_nonzero_init seed=3 method=public_prior count_mae=0.0000 proto_mse=0.404725
2026-05-20 07:48:17,873 INFO scenario=minibatch_nonzero_init seed=3 method=oracle_aggregate count_mae=0.0000 proto_mse=0.000000
2026-05-20 07:48:17,879 INFO scenario=minibatch_nonzero_init seed=7 method=tango_vanilla count_mae=2.8035 proto_mse=3.385520
2026-05-20 07:48:17,880 INFO scenario=minibatch_nonzero_init seed=7 method=tango_mb count_mae=0.7196 proto_mse=0.014850
2026-05-20 07:48:17,882 INFO scenario=minibatch_nonzero_init seed=7 method=tango_mb_iter count_mae=1.1575 proto_mse=0.011386
2026-05-20 07:48:17,884 INFO scenario=minibatch_nonzero_init seed=7 method=tango_mb_drift2 count_mae=0.6396 proto_mse=0.030299
2026-05-20 07:48:17,885 INFO scenario=minibatch_nonzero_init seed=7 method=stack_mb_ridge count_mae=4.3300 proto_mse=2.332301
2026-05-20 07:48:17,887 INFO scenario=minibatch_nonzero_init seed=7 method=passive_multi_round count_mae=4.3133 proto_mse=23.066146
2026-05-20 07:48:17,888 INFO scenario=minibatch_nonzero_init seed=7 method=passive_mb count_mae=0.4811 proto_mse=0.287988
2026-05-20 07:48:17,889 INFO scenario=minibatch_nonzero_init seed=7 method=public_prior count_mae=0.0000 proto_mse=0.440698
2026-05-20 07:48:17,890 INFO scenario=minibatch_nonzero_init seed=7 method=oracle_aggregate count_mae=0.0000 proto_mse=0.000000
2026-05-20 07:48:17,898 INFO scenario=minibatch_nonzero_init seed=11 method=tango_vanilla count_mae=2.8536 proto_mse=2.548429
2026-05-20 07:48:17,900 INFO scenario=minibatch_nonzero_init seed=11 method=tango_mb count_mae=0.8362 proto_mse=0.022314
2026-05-20 07:48:17,904 INFO scenario=minibatch_nonzero_init seed=11 method=tango_mb_iter count_mae=1.1935 proto_mse=0.016271
2026-05-20 07:48:17,906 INFO scenario=minibatch_nonzero_init seed=11 method=tango_mb_drift2 count_mae=0.7514 proto_mse=0.034698
2026-05-20 07:48:17,909 INFO scenario=minibatch_nonzero_init seed=11 method=stack_mb_ridge count_mae=2.2019 proto_mse=0.221387
2026-05-20 07:48:17,911 INFO scenario=minibatch_nonzero_init seed=11 method=passive_multi_round count_mae=2.2323 proto_mse=1.371854
2026-05-20 07:48:17,914 INFO scenario=minibatch_nonzero_init seed=11 method=passive_mb count_mae=0.2447 proto_mse=0.298752
2026-05-20 07:48:17,916 INFO scenario=minibatch_nonzero_init seed=11 method=public_prior count_mae=0.0000 proto_mse=0.410619
2026-05-20 07:48:17,918 INFO scenario=minibatch_nonzero_init seed=11 method=oracle_aggregate count_mae=0.0000 proto_mse=0.000000
2026-05-20 07:48:17,928 INFO scenario=minibatch_nonzero_init seed=19 method=tango_vanilla count_mae=4.8203 proto_mse=40.235159
2026-05-20 07:48:17,930 INFO scenario=minibatch_nonzero_init seed=19 method=tango_mb count_mae=0.4092 proto_mse=0.010346
2026-05-20 07:48:17,933 INFO scenario=minibatch_nonzero_init seed=19 method=tango_mb_iter count_mae=0.5980 proto_mse=0.007677
2026-05-20 07:48:17,935 INFO scenario=minibatch_nonzero_init seed=19 method=tango_mb_drift2 count_mae=0.3666 proto_mse=0.020484
2026-05-20 07:48:17,936 INFO scenario=minibatch_nonzero_init seed=19 method=stack_mb_ridge count_mae=1.7482 proto_mse=0.145794
2026-05-20 07:48:17,938 INFO scenario=minibatch_nonzero_init seed=19 method=passive_multi_round count_mae=1.7528 proto_mse=1.405686
2026-05-20 07:48:17,940 INFO scenario=minibatch_nonzero_init seed=19 method=passive_mb count_mae=0.1942 proto_mse=0.244216
2026-05-20 07:48:17,941 INFO scenario=minibatch_nonzero_init seed=19 method=public_prior count_mae=0.0000 proto_mse=0.376279
2026-05-20 07:48:17,943 INFO scenario=minibatch_nonzero_init seed=19 method=oracle_aggregate count_mae=0.0000 proto_mse=0.000000
2026-05-20 07:48:17,949 INFO scenario=minibatch_nonzero_init seed=23 method=tango_vanilla count_mae=0.5668 proto_mse=0.880128
2026-05-20 07:48:17,951 INFO scenario=minibatch_nonzero_init seed=23 method=tango_mb count_mae=0.7769 proto_mse=0.014778
2026-05-20 07:48:17,953 INFO scenario=minibatch_nonzero_init seed=23 method=tango_mb_iter count_mae=1.0893 proto_mse=0.008674
2026-05-20 07:48:17,955 INFO scenario=minibatch_nonzero_init seed=23 method=tango_mb_drift2 count_mae=0.7036 proto_mse=0.027288
2026-05-20 07:48:17,956 INFO scenario=minibatch_nonzero_init seed=23 method=stack_mb_ridge count_mae=2.0262 proto_mse=0.163959
2026-05-20 07:48:17,958 INFO scenario=minibatch_nonzero_init seed=23 method=passive_multi_round count_mae=1.9840 proto_mse=1.491390
2026-05-20 07:48:17,960 INFO scenario=minibatch_nonzero_init seed=23 method=passive_mb count_mae=0.2251 proto_mse=0.257913
2026-05-20 07:48:17,961 INFO scenario=minibatch_nonzero_init seed=23 method=public_prior count_mae=0.0000 proto_mse=0.394298
2026-05-20 07:48:17,962 INFO scenario=minibatch_nonzero_init seed=23 method=oracle_aggregate count_mae=0.0000 proto_mse=0.000000
2026-05-20 07:48:17,968 INFO scenario=minibatch_nonzero_init seed=29 method=tango_vanilla count_mae=0.9371 proto_mse=1.470785
2026-05-20 07:48:17,970 INFO scenario=minibatch_nonzero_init seed=29 method=tango_mb count_mae=0.0946 proto_mse=0.009508
2026-05-20 07:48:17,971 INFO scenario=minibatch_nonzero_init seed=29 method=tango_mb_iter count_mae=0.5097 proto_mse=0.007358
2026-05-20 07:48:17,973 INFO scenario=minibatch_nonzero_init seed=29 method=tango_mb_drift2 count_mae=0.0835 proto_mse=0.022048
2026-05-20 07:48:17,974 INFO scenario=minibatch_nonzero_init seed=29 method=stack_mb_ridge count_mae=1.7450 proto_mse=0.198480
2026-05-20 07:48:17,976 INFO scenario=minibatch_nonzero_init seed=29 method=passive_multi_round count_mae=1.7263 proto_mse=0.978942
2026-05-20 07:48:17,977 INFO scenario=minibatch_nonzero_init seed=29 method=passive_mb count_mae=0.1939 proto_mse=0.317959
2026-05-20 07:48:17,978 INFO scenario=minibatch_nonzero_init seed=29 method=public_prior count_mae=0.0000 proto_mse=0.446705
2026-05-20 07:48:17,979 INFO scenario=minibatch_nonzero_init seed=29 method=oracle_aggregate count_mae=0.0000 proto_mse=0.000000
2026-05-20 07:48:17,985 INFO scenario=minibatch_nonzero_init seed=31 method=tango_vanilla count_mae=4.7767 proto_mse=28.920967
2026-05-20 07:48:17,986 INFO scenario=minibatch_nonzero_init seed=31 method=tango_mb count_mae=1.4983 proto_mse=0.034729
2026-05-20 07:48:17,988 INFO scenario=minibatch_nonzero_init seed=31 method=tango_mb_iter count_mae=2.3699 proto_mse=0.021982
2026-05-20 07:48:17,990 INFO scenario=minibatch_nonzero_init seed=31 method=tango_mb_drift2 count_mae=1.3658 proto_mse=0.051550
2026-05-20 07:48:17,991 INFO scenario=minibatch_nonzero_init seed=31 method=stack_mb_ridge count_mae=2.7198 proto_mse=0.265098
2026-05-20 07:48:17,993 INFO scenario=minibatch_nonzero_init seed=31 method=passive_multi_round count_mae=2.7750 proto_mse=1.468862
2026-05-20 07:48:17,994 INFO scenario=minibatch_nonzero_init seed=31 method=passive_mb count_mae=0.3022 proto_mse=0.349646
2026-05-20 07:48:17,995 INFO scenario=minibatch_nonzero_init seed=31 method=public_prior count_mae=0.0000 proto_mse=0.465387
2026-05-20 07:48:17,996 INFO scenario=minibatch_nonzero_init seed=31 method=oracle_aggregate count_mae=0.0000 proto_mse=0.000000
2026-05-20 07:48:18,002 INFO scenario=minibatch_nonzero_init seed=37 method=tango_vanilla count_mae=2.3339 proto_mse=1.870925
2026-05-20 07:48:18,003 INFO scenario=minibatch_nonzero_init seed=37 method=tango_mb count_mae=1.2843 proto_mse=0.009898
2026-05-20 07:48:18,005 INFO scenario=minibatch_nonzero_init seed=37 method=tango_mb_iter count_mae=1.9180 proto_mse=0.014748
2026-05-20 07:48:18,006 INFO scenario=minibatch_nonzero_init seed=37 method=tango_mb_drift2 count_mae=1.1535 proto_mse=0.014902
2026-05-20 07:48:18,008 INFO scenario=minibatch_nonzero_init seed=37 method=stack_mb_ridge count_mae=1.5763 proto_mse=0.174020
2026-05-20 07:48:18,009 INFO scenario=minibatch_nonzero_init seed=37 method=passive_multi_round count_mae=1.5751 proto_mse=1.415174
2026-05-20 07:48:18,011 INFO scenario=minibatch_nonzero_init seed=37 method=passive_mb count_mae=0.1751 proto_mse=0.241104
2026-05-20 07:48:18,012 INFO scenario=minibatch_nonzero_init seed=37 method=public_prior count_mae=0.0000 proto_mse=0.362839
2026-05-20 07:48:18,013 INFO scenario=minibatch_nonzero_init seed=37 method=oracle_aggregate count_mae=0.0000 proto_mse=0.000000
2026-05-20 07:48:18,013 INFO scenario=minibatch_label_noise config={'n_classes': 3, 'class_counts': (8, 8, 8), 'dim_x': 10, 'prototype_scale': 2.0, 'within_class_std': 0.55, 'lr': 0.04, 'local_steps': 6, 'probe_rounds': (1, 2, 4, 8), 'bias_scale': 1.2, 'terminal_noise_std': 0.0, 'use_minibatch': True, 'minibatch_size': 8, 'init_weight_scale': 0.0, 'seeds': (3, 7, 11, 19, 23, 29, 31, 37)} effective_gradient_steps=18.0000
2026-05-20 07:48:18,019 INFO scenario=minibatch_label_noise seed=3 method=tango_vanilla count_mae=2.2087 proto_mse=1.149760
2026-05-20 07:48:18,020 INFO scenario=minibatch_label_noise seed=3 method=tango_mb count_mae=0.0656 proto_mse=0.010358
2026-05-20 07:48:18,022 INFO scenario=minibatch_label_noise seed=3 method=tango_mb_iter count_mae=0.0656 proto_mse=0.010358
2026-05-20 07:48:18,023 INFO scenario=minibatch_label_noise seed=3 method=tango_mb_drift2 count_mae=0.0596 proto_mse=0.021209
2026-05-20 07:48:18,025 INFO scenario=minibatch_label_noise seed=3 method=stack_mb_ridge count_mae=0.2041 proto_mse=0.132923
2026-05-20 07:48:18,026 INFO scenario=minibatch_label_noise seed=3 method=passive_multi_round count_mae=0.2003 proto_mse=0.632082
2026-05-20 07:48:18,028 INFO scenario=minibatch_label_noise seed=3 method=passive_mb count_mae=0.0227 proto_mse=0.242284
2026-05-20 07:48:18,029 INFO scenario=minibatch_label_noise seed=3 method=public_prior count_mae=0.0000 proto_mse=0.348843
2026-05-20 07:48:18,030 INFO scenario=minibatch_label_noise seed=3 method=oracle_aggregate count_mae=0.0000 proto_mse=0.000000
2026-05-20 07:48:18,035 INFO scenario=minibatch_label_noise seed=7 method=tango_vanilla count_mae=1.0855 proto_mse=0.977927
2026-05-20 07:48:18,037 INFO scenario=minibatch_label_noise seed=7 method=tango_mb count_mae=0.9422 proto_mse=0.026011
2026-05-20 07:48:18,038 INFO scenario=minibatch_label_noise seed=7 method=tango_mb_iter count_mae=0.9422 proto_mse=0.026011
2026-05-20 07:48:18,040 INFO scenario=minibatch_label_noise seed=7 method=tango_mb_drift2 count_mae=0.8506 proto_mse=0.038655
2026-05-20 07:48:18,041 INFO scenario=minibatch_label_noise seed=7 method=stack_mb_ridge count_mae=2.8682 proto_mse=0.237363
2026-05-20 07:48:18,043 INFO scenario=minibatch_label_noise seed=7 method=passive_multi_round count_mae=2.8399 proto_mse=1.752008
2026-05-20 07:48:18,044 INFO scenario=minibatch_label_noise seed=7 method=passive_mb count_mae=0.3187 proto_mse=0.270195
2026-05-20 07:48:18,045 INFO scenario=minibatch_label_noise seed=7 method=public_prior count_mae=0.0000 proto_mse=0.387743
2026-05-20 07:48:18,046 INFO scenario=minibatch_label_noise seed=7 method=oracle_aggregate count_mae=0.0000 proto_mse=0.000000
2026-05-20 07:48:18,052 INFO scenario=minibatch_label_noise seed=11 method=tango_vanilla count_mae=1.3094 proto_mse=0.947744
2026-05-20 07:48:18,053 INFO scenario=minibatch_label_noise seed=11 method=tango_mb count_mae=0.0444 proto_mse=0.009281
2026-05-20 07:48:18,055 INFO scenario=minibatch_label_noise seed=11 method=tango_mb_iter count_mae=0.0444 proto_mse=0.009281
2026-05-20 07:48:18,056 INFO scenario=minibatch_label_noise seed=11 method=tango_mb_drift2 count_mae=0.0404 proto_mse=0.019705
2026-05-20 07:48:18,058 INFO scenario=minibatch_label_noise seed=11 method=stack_mb_ridge count_mae=0.1409 proto_mse=0.161311
2026-05-20 07:48:18,059 INFO scenario=minibatch_label_noise seed=11 method=passive_multi_round count_mae=0.1739 proto_mse=0.649732
2026-05-20 07:48:18,061 INFO scenario=minibatch_label_noise seed=11 method=passive_mb count_mae=0.0157 proto_mse=0.265006
2026-05-20 07:48:18,062 INFO scenario=minibatch_label_noise seed=11 method=public_prior count_mae=0.0000 proto_mse=0.366193
2026-05-20 07:48:18,063 INFO scenario=minibatch_label_noise seed=11 method=oracle_aggregate count_mae=0.0000 proto_mse=0.000000
2026-05-20 07:48:18,068 INFO scenario=minibatch_label_noise seed=19 method=tango_vanilla count_mae=0.7353 proto_mse=0.849416
2026-05-20 07:48:18,070 INFO scenario=minibatch_label_noise seed=19 method=tango_mb count_mae=1.0640 proto_mse=0.014102
2026-05-20 07:48:18,071 INFO scenario=minibatch_label_noise seed=19 method=tango_mb_iter count_mae=1.0640 proto_mse=0.014102
2026-05-20 07:48:18,073 INFO scenario=minibatch_label_noise seed=19 method=tango_mb_drift2 count_mae=0.9719 proto_mse=0.021051
2026-05-20 07:48:18,074 INFO scenario=minibatch_label_noise seed=19 method=stack_mb_ridge count_mae=3.1724 proto_mse=0.151134
2026-05-20 07:48:18,076 INFO scenario=minibatch_label_noise seed=19 method=passive_multi_round count_mae=3.1655 proto_mse=1.085562
2026-05-20 07:48:18,077 INFO scenario=minibatch_label_noise seed=19 method=passive_mb count_mae=0.3525 proto_mse=0.220346
2026-05-20 07:48:18,078 INFO scenario=minibatch_label_noise seed=19 method=public_prior count_mae=0.0000 proto_mse=0.314038
2026-05-20 07:48:18,079 INFO scenario=minibatch_label_noise seed=19 method=oracle_aggregate count_mae=0.0000 proto_mse=0.000000
2026-05-20 07:48:18,085 INFO scenario=minibatch_label_noise seed=23 method=tango_vanilla count_mae=1.4229 proto_mse=1.051479
2026-05-20 07:48:18,086 INFO scenario=minibatch_label_noise seed=23 method=tango_mb count_mae=1.1108 proto_mse=0.012550
2026-05-20 07:48:18,088 INFO scenario=minibatch_label_noise seed=23 method=tango_mb_iter count_mae=1.1108 proto_mse=0.012550
2026-05-20 07:48:18,089 INFO scenario=minibatch_label_noise seed=23 method=tango_mb_drift2 count_mae=1.0129 proto_mse=0.019385
2026-05-20 07:48:18,091 INFO scenario=minibatch_label_noise seed=23 method=stack_mb_ridge count_mae=3.3590 proto_mse=0.157228
2026-05-20 07:48:18,092 INFO scenario=minibatch_label_noise seed=23 method=passive_multi_round count_mae=3.3067 proto_mse=1.138093
2026-05-20 07:48:18,094 INFO scenario=minibatch_label_noise seed=23 method=passive_mb count_mae=0.3732 proto_mse=0.234107
2026-05-20 07:48:18,095 INFO scenario=minibatch_label_noise seed=23 method=public_prior count_mae=0.0000 proto_mse=0.331035
2026-05-20 07:48:18,096 INFO scenario=minibatch_label_noise seed=23 method=oracle_aggregate count_mae=0.0000 proto_mse=0.000000
2026-05-20 07:48:18,102 INFO scenario=minibatch_label_noise seed=29 method=tango_vanilla count_mae=1.9486 proto_mse=1.202704
2026-05-20 07:48:18,103 INFO scenario=minibatch_label_noise seed=29 method=tango_mb count_mae=0.6899 proto_mse=0.013528
2026-05-20 07:48:18,105 INFO scenario=minibatch_label_noise seed=29 method=tango_mb_iter count_mae=0.6899 proto_mse=0.013528
2026-05-20 07:48:18,106 INFO scenario=minibatch_label_noise seed=29 method=tango_mb_drift2 count_mae=0.6250 proto_mse=0.025278
2026-05-20 07:48:18,108 INFO scenario=minibatch_label_noise seed=29 method=stack_mb_ridge count_mae=2.0760 proto_mse=0.182394
2026-05-20 07:48:18,109 INFO scenario=minibatch_label_noise seed=29 method=passive_multi_round count_mae=2.0548 proto_mse=0.962954
2026-05-20 07:48:18,110 INFO scenario=minibatch_label_noise seed=29 method=passive_mb count_mae=0.2307 proto_mse=0.286115
2026-05-20 07:48:18,111 INFO scenario=minibatch_label_noise seed=29 method=public_prior count_mae=0.0000 proto_mse=0.397189
2026-05-20 07:48:18,112 INFO scenario=minibatch_label_noise seed=29 method=oracle_aggregate count_mae=0.0000 proto_mse=0.000000
2026-05-20 07:48:18,118 INFO scenario=minibatch_label_noise seed=31 method=tango_vanilla count_mae=2.1370 proto_mse=1.739277
2026-05-20 07:48:18,120 INFO scenario=minibatch_label_noise seed=31 method=tango_mb count_mae=0.5942 proto_mse=0.016253
2026-05-20 07:48:18,121 INFO scenario=minibatch_label_noise seed=31 method=tango_mb_iter count_mae=0.5942 proto_mse=0.016253
2026-05-20 07:48:18,123 INFO scenario=minibatch_label_noise seed=31 method=tango_mb_drift2 count_mae=0.5403 proto_mse=0.027709
2026-05-20 07:48:18,124 INFO scenario=minibatch_label_noise seed=31 method=stack_mb_ridge count_mae=1.7883 proto_mse=0.204295
2026-05-20 07:48:18,125 INFO scenario=minibatch_label_noise seed=31 method=passive_multi_round count_mae=1.7999 proto_mse=0.859147
2026-05-20 07:48:18,127 INFO scenario=minibatch_label_noise seed=31 method=passive_mb count_mae=0.1987 proto_mse=0.299102
2026-05-20 07:48:18,128 INFO scenario=minibatch_label_noise seed=31 method=public_prior count_mae=0.0000 proto_mse=0.401599
2026-05-20 07:48:18,129 INFO scenario=minibatch_label_noise seed=31 method=oracle_aggregate count_mae=0.0000 proto_mse=0.000000
2026-05-20 07:48:18,135 INFO scenario=minibatch_label_noise seed=37 method=tango_vanilla count_mae=3.2411 proto_mse=3.090958
2026-05-20 07:48:18,136 INFO scenario=minibatch_label_noise seed=37 method=tango_mb count_mae=0.6071 proto_mse=0.009678
2026-05-20 07:48:18,138 INFO scenario=minibatch_label_noise seed=37 method=tango_mb_iter count_mae=0.6071 proto_mse=0.009678
2026-05-20 07:48:18,139 INFO scenario=minibatch_label_noise seed=37 method=tango_mb_drift2 count_mae=0.5571 proto_mse=0.016417
2026-05-20 07:48:18,140 INFO scenario=minibatch_label_noise seed=37 method=stack_mb_ridge count_mae=1.7487 proto_mse=0.139574
2026-05-20 07:48:18,142 INFO scenario=minibatch_label_noise seed=37 method=passive_multi_round count_mae=1.7860 proto_mse=0.757070
2026-05-20 07:48:18,143 INFO scenario=minibatch_label_noise seed=37 method=passive_mb count_mae=0.1943 proto_mse=0.214451
2026-05-20 07:48:18,144 INFO scenario=minibatch_label_noise seed=37 method=public_prior count_mae=0.0000 proto_mse=0.298927
2026-05-20 07:48:18,145 INFO scenario=minibatch_label_noise seed=37 method=oracle_aggregate count_mae=0.0000 proto_mse=0.000000
2026-05-20 07:48:18,146 INFO scenario=minibatch_terminal_noise config={'n_classes': 3, 'class_counts': (8, 8, 8), 'dim_x': 10, 'prototype_scale': 2.0, 'within_class_std': 0.55, 'lr': 0.04, 'local_steps': 6, 'probe_rounds': (1, 2, 4, 8), 'bias_scale': 1.2, 'terminal_noise_std': 0.002, 'use_minibatch': True, 'minibatch_size': 8, 'init_weight_scale': 0.0, 'seeds': (3, 7, 11, 19, 23, 29, 31, 37)} effective_gradient_steps=18.0000
2026-05-20 07:48:18,151 INFO scenario=minibatch_terminal_noise seed=3 method=tango_vanilla count_mae=2.2596 proto_mse=1.472889
2026-05-20 07:48:18,153 INFO scenario=minibatch_terminal_noise seed=3 method=tango_mb count_mae=0.1324 proto_mse=0.012002
2026-05-20 07:48:18,154 INFO scenario=minibatch_terminal_noise seed=3 method=tango_mb_iter count_mae=0.1324 proto_mse=0.012002
2026-05-20 07:48:18,156 INFO scenario=minibatch_terminal_noise seed=3 method=tango_mb_drift2 count_mae=0.1189 proto_mse=0.026524
2026-05-20 07:48:18,157 INFO scenario=minibatch_terminal_noise seed=3 method=stack_mb_ridge count_mae=0.1999 proto_mse=0.132807
2026-05-20 07:48:18,159 INFO scenario=minibatch_terminal_noise seed=3 method=passive_multi_round count_mae=0.2628 proto_mse=0.761221
2026-05-20 07:48:18,160 INFO scenario=minibatch_terminal_noise seed=3 method=passive_mb count_mae=0.0222 proto_mse=0.271843
2026-05-20 07:48:18,161 INFO scenario=minibatch_terminal_noise seed=3 method=public_prior count_mae=0.0000 proto_mse=0.409692
2026-05-20 07:48:18,162 INFO scenario=minibatch_terminal_noise seed=3 method=oracle_aggregate count_mae=0.0000 proto_mse=0.000000
2026-05-20 07:48:18,168 INFO scenario=minibatch_terminal_noise seed=7 method=tango_vanilla count_mae=3.0114 proto_mse=2.277649
2026-05-20 07:48:18,169 INFO scenario=minibatch_terminal_noise seed=7 method=tango_mb count_mae=0.1824 proto_mse=0.015113
2026-05-20 07:48:18,171 INFO scenario=minibatch_terminal_noise seed=7 method=tango_mb_iter count_mae=0.1824 proto_mse=0.015113
2026-05-20 07:48:18,172 INFO scenario=minibatch_terminal_noise seed=7 method=tango_mb_drift2 count_mae=0.1630 proto_mse=0.032283
2026-05-20 07:48:18,174 INFO scenario=minibatch_terminal_noise seed=7 method=stack_mb_ridge count_mae=0.5146 proto_mse=0.143295
2026-05-20 07:48:18,175 INFO scenario=minibatch_terminal_noise seed=7 method=passive_multi_round count_mae=0.4073 proto_mse=0.797109
2026-05-20 07:48:18,177 INFO scenario=minibatch_terminal_noise seed=7 method=passive_mb count_mae=0.0572 proto_mse=0.297130
2026-05-20 07:48:18,178 INFO scenario=minibatch_terminal_noise seed=7 method=public_prior count_mae=0.0000 proto_mse=0.432838
2026-05-20 07:48:18,179 INFO scenario=minibatch_terminal_noise seed=7 method=oracle_aggregate count_mae=0.0000 proto_mse=0.000000
2026-05-20 07:48:18,184 INFO scenario=minibatch_terminal_noise seed=11 method=tango_vanilla count_mae=1.5724 proto_mse=1.273665
2026-05-20 07:48:18,186 INFO scenario=minibatch_terminal_noise seed=11 method=tango_mb count_mae=0.0706 proto_mse=0.010463
2026-05-20 07:48:18,187 INFO scenario=minibatch_terminal_noise seed=11 method=tango_mb_iter count_mae=0.0706 proto_mse=0.010463
2026-05-20 07:48:18,189 INFO scenario=minibatch_terminal_noise seed=11 method=tango_mb_drift2 count_mae=0.0637 proto_mse=0.023656
2026-05-20 07:48:18,190 INFO scenario=minibatch_terminal_noise seed=11 method=stack_mb_ridge count_mae=0.1322 proto_mse=0.162972
2026-05-20 07:48:18,192 INFO scenario=minibatch_terminal_noise seed=11 method=passive_multi_round count_mae=0.1362 proto_mse=0.743979
2026-05-20 07:48:18,193 INFO scenario=minibatch_terminal_noise seed=11 method=passive_mb count_mae=0.0147 proto_mse=0.288053
2026-05-20 07:48:18,194 INFO scenario=minibatch_terminal_noise seed=11 method=public_prior count_mae=0.0000 proto_mse=0.418990
2026-05-20 07:48:18,195 INFO scenario=minibatch_terminal_noise seed=11 method=oracle_aggregate count_mae=0.0000 proto_mse=0.000000
2026-05-20 07:48:18,201 INFO scenario=minibatch_terminal_noise seed=19 method=tango_vanilla count_mae=3.7363 proto_mse=6.232674
2026-05-20 07:48:18,202 INFO scenario=minibatch_terminal_noise seed=19 method=tango_mb count_mae=0.1147 proto_mse=0.007869
2026-05-20 07:48:18,204 INFO scenario=minibatch_terminal_noise seed=19 method=tango_mb_iter count_mae=0.1147 proto_mse=0.007869
2026-05-20 07:48:18,205 INFO scenario=minibatch_terminal_noise seed=19 method=tango_mb_drift2 count_mae=0.1034 proto_mse=0.018788
2026-05-20 07:48:18,207 INFO scenario=minibatch_terminal_noise seed=19 method=stack_mb_ridge count_mae=0.3103 proto_mse=0.126149
2026-05-20 07:48:18,208 INFO scenario=minibatch_terminal_noise seed=19 method=passive_multi_round count_mae=0.2403 proto_mse=0.724500
2026-05-20 07:48:18,210 INFO scenario=minibatch_terminal_noise seed=19 method=passive_mb count_mae=0.0345 proto_mse=0.252732
2026-05-20 07:48:18,211 INFO scenario=minibatch_terminal_noise seed=19 method=public_prior count_mae=0.0000 proto_mse=0.378525
2026-05-20 07:48:18,212 INFO scenario=minibatch_terminal_noise seed=19 method=oracle_aggregate count_mae=0.0000 proto_mse=0.000000
2026-05-20 07:48:18,218 INFO scenario=minibatch_terminal_noise seed=23 method=tango_vanilla count_mae=1.7321 proto_mse=1.398603
2026-05-20 07:48:18,219 INFO scenario=minibatch_terminal_noise seed=23 method=tango_mb count_mae=0.0632 proto_mse=0.008616
2026-05-20 07:48:18,220 INFO scenario=minibatch_terminal_noise seed=23 method=tango_mb_iter count_mae=0.0632 proto_mse=0.008616
2026-05-20 07:48:18,222 INFO scenario=minibatch_terminal_noise seed=23 method=tango_mb_drift2 count_mae=0.0569 proto_mse=0.020769
2026-05-20 07:48:18,223 INFO scenario=minibatch_terminal_noise seed=23 method=stack_mb_ridge count_mae=0.2216 proto_mse=0.135454
2026-05-20 07:48:18,225 INFO scenario=minibatch_terminal_noise seed=23 method=passive_multi_round count_mae=0.3189 proto_mse=0.696004
2026-05-20 07:48:18,226 INFO scenario=minibatch_terminal_noise seed=23 method=passive_mb count_mae=0.0246 proto_mse=0.267666
2026-05-20 07:48:18,227 INFO scenario=minibatch_terminal_noise seed=23 method=public_prior count_mae=0.0000 proto_mse=0.391140
2026-05-20 07:48:18,228 INFO scenario=minibatch_terminal_noise seed=23 method=oracle_aggregate count_mae=0.0000 proto_mse=0.000000
2026-05-20 07:48:18,234 INFO scenario=minibatch_terminal_noise seed=29 method=tango_vanilla count_mae=0.5367 proto_mse=1.051887
2026-05-20 07:48:18,236 INFO scenario=minibatch_terminal_noise seed=29 method=tango_mb count_mae=0.1956 proto_mse=0.012952
2026-05-20 07:48:18,237 INFO scenario=minibatch_terminal_noise seed=29 method=tango_mb_iter count_mae=0.1956 proto_mse=0.012952
2026-05-20 07:48:18,239 INFO scenario=minibatch_terminal_noise seed=29 method=tango_mb_drift2 count_mae=0.1756 proto_mse=0.028596
2026-05-20 07:48:18,240 INFO scenario=minibatch_terminal_noise seed=29 method=stack_mb_ridge count_mae=0.3986 proto_mse=0.171694
2026-05-20 07:48:18,241 INFO scenario=minibatch_terminal_noise seed=29 method=passive_multi_round count_mae=0.3657 proto_mse=0.807066
2026-05-20 07:48:18,243 INFO scenario=minibatch_terminal_noise seed=29 method=passive_mb count_mae=0.0443 proto_mse=0.312603
2026-05-20 07:48:18,244 INFO scenario=minibatch_terminal_noise seed=29 method=public_prior count_mae=0.0000 proto_mse=0.447233
2026-05-20 07:48:18,245 INFO scenario=minibatch_terminal_noise seed=29 method=oracle_aggregate count_mae=0.0000 proto_mse=0.000000
2026-05-20 07:48:18,250 INFO scenario=minibatch_terminal_noise seed=31 method=tango_vanilla count_mae=3.0337 proto_mse=2.090236
2026-05-20 07:48:18,252 INFO scenario=minibatch_terminal_noise seed=31 method=tango_mb count_mae=0.0896 proto_mse=0.014139
2026-05-20 07:48:18,253 INFO scenario=minibatch_terminal_noise seed=31 method=tango_mb_iter count_mae=0.0896 proto_mse=0.014139
2026-05-20 07:48:18,255 INFO scenario=minibatch_terminal_noise seed=31 method=tango_mb_drift2 count_mae=0.0805 proto_mse=0.029796
2026-05-20 07:48:18,257 INFO scenario=minibatch_terminal_noise seed=31 method=stack_mb_ridge count_mae=0.3161 proto_mse=0.194365
2026-05-20 07:48:18,258 INFO scenario=minibatch_terminal_noise seed=31 method=passive_multi_round count_mae=0.3598 proto_mse=0.820850
2026-05-20 07:48:18,259 INFO scenario=minibatch_terminal_noise seed=31 method=passive_mb count_mae=0.0351 proto_mse=0.333159
2026-05-20 07:48:18,260 INFO scenario=minibatch_terminal_noise seed=31 method=public_prior count_mae=0.0000 proto_mse=0.450115
2026-05-20 07:48:18,261 INFO scenario=minibatch_terminal_noise seed=31 method=oracle_aggregate count_mae=0.0000 proto_mse=0.000000
2026-05-20 07:48:18,267 INFO scenario=minibatch_terminal_noise seed=37 method=tango_vanilla count_mae=4.7114 proto_mse=36.841861
2026-05-20 07:48:18,269 INFO scenario=minibatch_terminal_noise seed=37 method=tango_mb count_mae=0.0728 proto_mse=0.006964
2026-05-20 07:48:18,270 INFO scenario=minibatch_terminal_noise seed=37 method=tango_mb_iter count_mae=0.0728 proto_mse=0.006964
2026-05-20 07:48:18,272 INFO scenario=minibatch_terminal_noise seed=37 method=tango_mb_drift2 count_mae=0.0659 proto_mse=0.016879
2026-05-20 07:48:18,273 INFO scenario=minibatch_terminal_noise seed=37 method=stack_mb_ridge count_mae=0.3272 proto_mse=0.129347
2026-05-20 07:48:18,274 INFO scenario=minibatch_terminal_noise seed=37 method=passive_multi_round count_mae=0.2734 proto_mse=0.702896
2026-05-20 07:48:18,276 INFO scenario=minibatch_terminal_noise seed=37 method=passive_mb count_mae=0.0364 proto_mse=0.247503
2026-05-20 07:48:18,277 INFO scenario=minibatch_terminal_noise seed=37 method=public_prior count_mae=0.0000 proto_mse=0.356940
2026-05-20 07:48:18,278 INFO scenario=minibatch_terminal_noise seed=37 method=oracle_aggregate count_mae=0.0000 proto_mse=0.000000
2026-05-20 07:48:18,278 INFO scenario=frozen_mlp_minibatch config={'n_classes': 3, 'class_counts': (8, 8, 8), 'dim_x': 10, 'prototype_scale': 2.0, 'within_class_std': 0.55, 'lr': 0.04, 'local_steps': 6, 'probe_rounds': (1, 2, 4, 8), 'bias_scale': 1.2, 'terminal_noise_std': 0.0, 'use_minibatch': True, 'minibatch_size': 8, 'init_weight_scale': 0.0, 'seeds': (3, 7, 11, 19, 23, 29, 31, 37)} effective_gradient_steps=18.0000
2026-05-20 07:48:18,284 INFO scenario=frozen_mlp_minibatch seed=3 method=tango_vanilla count_mae=3.0672 proto_mse=3.654903
2026-05-20 07:48:18,285 INFO scenario=frozen_mlp_minibatch seed=3 method=tango_mb count_mae=0.8653 proto_mse=0.081660
2026-05-20 07:48:18,287 INFO scenario=frozen_mlp_minibatch seed=3 method=tango_mb_iter count_mae=0.8653 proto_mse=0.081660
2026-05-20 07:48:18,288 INFO scenario=frozen_mlp_minibatch seed=3 method=tango_mb_drift2 count_mae=0.7783 proto_mse=0.113009
2026-05-20 07:48:18,290 INFO scenario=frozen_mlp_minibatch seed=3 method=stack_mb_ridge count_mae=2.5211 proto_mse=0.271828
2026-05-20 07:48:18,291 INFO scenario=frozen_mlp_minibatch seed=3 method=passive_multi_round count_mae=2.5851 proto_mse=1.285534
2026-05-20 07:48:18,293 INFO scenario=frozen_mlp_minibatch seed=3 method=passive_mb count_mae=0.2801 proto_mse=0.475604
2026-05-20 07:48:18,294 INFO scenario=frozen_mlp_minibatch seed=3 method=public_prior count_mae=0.0000 proto_mse=0.598250
2026-05-20 07:48:18,295 INFO scenario=frozen_mlp_minibatch seed=3 method=oracle_aggregate count_mae=0.0000 proto_mse=0.000000
2026-05-20 07:48:18,300 INFO scenario=frozen_mlp_minibatch seed=7 method=tango_vanilla count_mae=3.0671 proto_mse=3.949144
2026-05-20 07:48:18,302 INFO scenario=frozen_mlp_minibatch seed=7 method=tango_mb count_mae=0.4425 proto_mse=0.036962
2026-05-20 07:48:18,303 INFO scenario=frozen_mlp_minibatch seed=7 method=tango_mb_iter count_mae=0.4425 proto_mse=0.036962
2026-05-20 07:48:18,305 INFO scenario=frozen_mlp_minibatch seed=7 method=tango_mb_drift2 count_mae=0.3964 proto_mse=0.061010
2026-05-20 07:48:18,306 INFO scenario=frozen_mlp_minibatch seed=7 method=stack_mb_ridge count_mae=1.3412 proto_mse=0.248604
2026-05-20 07:48:18,308 INFO scenario=frozen_mlp_minibatch seed=7 method=passive_multi_round count_mae=1.3266 proto_mse=0.871102
2026-05-20 07:48:18,309 INFO scenario=frozen_mlp_minibatch seed=7 method=passive_mb count_mae=0.1490 proto_mse=0.412946
2026-05-20 07:48:18,310 INFO scenario=frozen_mlp_minibatch seed=7 method=public_prior count_mae=0.0000 proto_mse=0.547081
2026-05-20 07:48:18,311 INFO scenario=frozen_mlp_minibatch seed=7 method=oracle_aggregate count_mae=0.0000 proto_mse=0.000000
2026-05-20 07:48:18,317 INFO scenario=frozen_mlp_minibatch seed=11 method=tango_vanilla count_mae=3.3465 proto_mse=1.908379
2026-05-20 07:48:18,318 INFO scenario=frozen_mlp_minibatch seed=11 method=tango_mb count_mae=0.8913 proto_mse=0.128146
2026-05-20 07:48:18,320 INFO scenario=frozen_mlp_minibatch seed=11 method=tango_mb_iter count_mae=0.8913 proto_mse=0.128146
2026-05-20 07:48:18,321 INFO scenario=frozen_mlp_minibatch seed=11 method=tango_mb_drift2 count_mae=0.7878 proto_mse=0.182296
2026-05-20 07:48:18,323 INFO scenario=frozen_mlp_minibatch seed=11 method=stack_mb_ridge count_mae=2.6837 proto_mse=0.486555
2026-05-20 07:48:18,324 INFO scenario=frozen_mlp_minibatch seed=11 method=passive_multi_round count_mae=2.6806 proto_mse=1.304496
2026-05-20 07:48:18,326 INFO scenario=frozen_mlp_minibatch seed=11 method=passive_mb count_mae=0.2982 proto_mse=0.738304
2026-05-20 07:48:18,327 INFO scenario=frozen_mlp_minibatch seed=11 method=public_prior count_mae=0.0000 proto_mse=0.903117
2026-05-20 07:48:18,328 INFO scenario=frozen_mlp_minibatch seed=11 method=oracle_aggregate count_mae=0.0000 proto_mse=0.000000
2026-05-20 07:48:18,333 INFO scenario=frozen_mlp_minibatch seed=19 method=tango_vanilla count_mae=3.3888 proto_mse=3.838912
2026-05-20 07:48:18,335 INFO scenario=frozen_mlp_minibatch seed=19 method=tango_mb count_mae=0.6318 proto_mse=0.438114
2026-05-20 07:48:18,336 INFO scenario=frozen_mlp_minibatch seed=19 method=tango_mb_iter count_mae=0.6318 proto_mse=0.438114
2026-05-20 07:48:18,338 INFO scenario=frozen_mlp_minibatch seed=19 method=tango_mb_drift2 count_mae=0.5367 proto_mse=0.549134
2026-05-20 07:48:18,339 INFO scenario=frozen_mlp_minibatch seed=19 method=stack_mb_ridge count_mae=2.0028 proto_mse=0.865827
2026-05-20 07:48:18,341 INFO scenario=frozen_mlp_minibatch seed=19 method=passive_multi_round count_mae=2.0004 proto_mse=1.157094
2026-05-20 07:48:18,342 INFO scenario=frozen_mlp_minibatch seed=19 method=passive_mb count_mae=0.2225 proto_mse=1.254628
2026-05-20 07:48:18,343 INFO scenario=frozen_mlp_minibatch seed=19 method=public_prior count_mae=0.0000 proto_mse=1.512597
2026-05-20 07:48:18,344 INFO scenario=frozen_mlp_minibatch seed=19 method=oracle_aggregate count_mae=0.0000 proto_mse=0.000000
2026-05-20 07:48:18,350 INFO scenario=frozen_mlp_minibatch seed=23 method=tango_vanilla count_mae=0.6939 proto_mse=0.734094
2026-05-20 07:48:18,351 INFO scenario=frozen_mlp_minibatch seed=23 method=tango_mb count_mae=0.4065 proto_mse=0.066794
2026-05-20 07:48:18,353 INFO scenario=frozen_mlp_minibatch seed=23 method=tango_mb_iter count_mae=0.4065 proto_mse=0.066794
2026-05-20 07:48:18,354 INFO scenario=frozen_mlp_minibatch seed=23 method=tango_mb_drift2 count_mae=0.3534 proto_mse=0.103586
2026-05-20 07:48:18,356 INFO scenario=frozen_mlp_minibatch seed=23 method=stack_mb_ridge count_mae=1.2197 proto_mse=0.161352
2026-05-20 07:48:18,357 INFO scenario=frozen_mlp_minibatch seed=23 method=passive_multi_round count_mae=1.2325 proto_mse=0.626852
2026-05-20 07:48:18,359 INFO scenario=frozen_mlp_minibatch seed=23 method=passive_mb count_mae=0.1355 proto_mse=0.444241
2026-05-20 07:48:18,360 INFO scenario=frozen_mlp_minibatch seed=23 method=public_prior count_mae=0.0000 proto_mse=0.642517
2026-05-20 07:48:18,361 INFO scenario=frozen_mlp_minibatch seed=23 method=oracle_aggregate count_mae=0.0000 proto_mse=0.000000
2026-05-20 07:48:18,366 INFO scenario=frozen_mlp_minibatch seed=29 method=tango_vanilla count_mae=1.1096 proto_mse=1.072216
2026-05-20 07:48:18,368 INFO scenario=frozen_mlp_minibatch seed=29 method=tango_mb count_mae=0.5878 proto_mse=0.100282
2026-05-20 07:48:18,369 INFO scenario=frozen_mlp_minibatch seed=29 method=tango_mb_iter count_mae=0.5878 proto_mse=0.100282
2026-05-20 07:48:18,371 INFO scenario=frozen_mlp_minibatch seed=29 method=tango_mb_drift2 count_mae=0.5250 proto_mse=0.141665
2026-05-20 07:48:18,372 INFO scenario=frozen_mlp_minibatch seed=29 method=stack_mb_ridge count_mae=1.6634 proto_mse=0.491387
2026-05-20 07:48:18,374 INFO scenario=frozen_mlp_minibatch seed=29 method=passive_multi_round count_mae=1.7233 proto_mse=1.051808
2026-05-20 07:48:18,375 INFO scenario=frozen_mlp_minibatch seed=29 method=passive_mb count_mae=0.1848 proto_mse=0.671287
2026-05-20 07:48:18,376 INFO scenario=frozen_mlp_minibatch seed=29 method=public_prior count_mae=0.0000 proto_mse=0.803462
2026-05-20 07:48:18,377 INFO scenario=frozen_mlp_minibatch seed=29 method=oracle_aggregate count_mae=0.0000 proto_mse=0.000000
2026-05-20 07:48:18,383 INFO scenario=frozen_mlp_minibatch seed=31 method=tango_vanilla count_mae=2.9924 proto_mse=4.317040
2026-05-20 07:48:18,384 INFO scenario=frozen_mlp_minibatch seed=31 method=tango_mb count_mae=0.6938 proto_mse=0.117591
2026-05-20 07:48:18,386 INFO scenario=frozen_mlp_minibatch seed=31 method=tango_mb_iter count_mae=0.6938 proto_mse=0.117591
2026-05-20 07:48:18,387 INFO scenario=frozen_mlp_minibatch seed=31 method=tango_mb_drift2 count_mae=0.6005 proto_mse=0.178882
2026-05-20 07:48:18,389 INFO scenario=frozen_mlp_minibatch seed=31 method=stack_mb_ridge count_mae=2.0903 proto_mse=0.409404
2026-05-20 07:48:18,390 INFO scenario=frozen_mlp_minibatch seed=31 method=passive_multi_round count_mae=2.0994 proto_mse=1.160004
2026-05-20 07:48:18,392 INFO scenario=frozen_mlp_minibatch seed=31 method=passive_mb count_mae=0.2323 proto_mse=0.726728
2026-05-20 07:48:18,393 INFO scenario=frozen_mlp_minibatch seed=31 method=public_prior count_mae=0.0000 proto_mse=0.950232
2026-05-20 07:48:18,394 INFO scenario=frozen_mlp_minibatch seed=31 method=oracle_aggregate count_mae=0.0000 proto_mse=0.000000
2026-05-20 07:48:18,399 INFO scenario=frozen_mlp_minibatch seed=37 method=tango_vanilla count_mae=3.0854 proto_mse=2.862849
2026-05-20 07:48:18,401 INFO scenario=frozen_mlp_minibatch seed=37 method=tango_mb count_mae=0.4321 proto_mse=0.039999
2026-05-20 07:48:18,402 INFO scenario=frozen_mlp_minibatch seed=37 method=tango_mb_iter count_mae=0.4321 proto_mse=0.039999
2026-05-20 07:48:18,404 INFO scenario=frozen_mlp_minibatch seed=37 method=tango_mb_drift2 count_mae=0.3797 proto_mse=0.070057
2026-05-20 07:48:18,405 INFO scenario=frozen_mlp_minibatch seed=37 method=stack_mb_ridge count_mae=1.2897 proto_mse=0.247516
2026-05-20 07:48:18,407 INFO scenario=frozen_mlp_minibatch seed=37 method=passive_multi_round count_mae=1.2946 proto_mse=0.847429
2026-05-20 07:48:18,408 INFO scenario=frozen_mlp_minibatch seed=37 method=passive_mb count_mae=0.1433 proto_mse=0.475247
2026-05-20 07:48:18,409 INFO scenario=frozen_mlp_minibatch seed=37 method=public_prior count_mae=0.0000 proto_mse=0.654102
2026-05-20 07:48:18,410 INFO scenario=frozen_mlp_minibatch seed=37 method=oracle_aggregate count_mae=0.0000 proto_mse=0.000000
2026-05-20 07:48:18,410 INFO scenario=balanced_clean config={'n_classes': 3, 'class_counts': (8, 8, 8), 'dim_x': 10, 'prototype_scale': 2.0, 'within_class_std': 0.55, 'lr': 0.04, 'local_steps': 3, 'probe_rounds': (1, 2, 4, 8), 'bias_scale': 1.2, 'terminal_noise_std': 0.0, 'use_minibatch': False, 'minibatch_size': 8, 'init_weight_scale': 0.0, 'seeds': (3, 7, 11, 19, 23, 29, 31, 37)} effective_gradient_steps=3.0000
2026-05-20 07:48:18,413 INFO scenario=balanced_clean seed=3 method=tango_vanilla count_mae=0.0151 proto_mse=0.000179
2026-05-20 07:48:18,414 INFO scenario=balanced_clean seed=3 method=tango_mb count_mae=0.0147 proto_mse=0.000179
2026-05-20 07:48:18,416 INFO scenario=balanced_clean seed=3 method=tango_mb_iter count_mae=0.0147 proto_mse=0.000179
2026-05-20 07:48:18,417 INFO scenario=balanced_clean seed=3 method=tango_mb_drift2 count_mae=0.0132 proto_mse=0.006044
2026-05-20 07:48:18,419 INFO scenario=balanced_clean seed=3 method=stack_mb_ridge count_mae=0.0147 proto_mse=0.127299
2026-05-20 07:48:18,420 INFO scenario=balanced_clean seed=3 method=passive_multi_round count_mae=0.0147 proto_mse=0.127284
2026-05-20 07:48:18,422 INFO scenario=balanced_clean seed=3 method=passive_mb count_mae=0.0147 proto_mse=0.127284
2026-05-20 07:48:18,423 INFO scenario=balanced_clean seed=3 method=public_prior count_mae=0.0000 proto_mse=0.404725
2026-05-20 07:48:18,424 INFO scenario=balanced_clean seed=3 method=oracle_aggregate count_mae=0.0000 proto_mse=0.000000
2026-05-20 07:48:18,426 INFO scenario=balanced_clean seed=7 method=tango_vanilla count_mae=0.0592 proto_mse=0.000219
2026-05-20 07:48:18,428 INFO scenario=balanced_clean seed=7 method=tango_mb count_mae=0.0226 proto_mse=0.000219
2026-05-20 07:48:18,429 INFO scenario=balanced_clean seed=7 method=tango_mb_iter count_mae=0.0226 proto_mse=0.000219
2026-05-20 07:48:18,431 INFO scenario=balanced_clean seed=7 method=tango_mb_drift2 count_mae=0.0202 proto_mse=0.007262
2026-05-20 07:48:18,432 INFO scenario=balanced_clean seed=7 method=stack_mb_ridge count_mae=0.0226 proto_mse=0.135174
2026-05-20 07:48:18,434 INFO scenario=balanced_clean seed=7 method=passive_multi_round count_mae=0.0226 proto_mse=0.135155
2026-05-20 07:48:18,435 INFO scenario=balanced_clean seed=7 method=passive_mb count_mae=0.0226 proto_mse=0.135155
2026-05-20 07:48:18,436 INFO scenario=balanced_clean seed=7 method=public_prior count_mae=0.0000 proto_mse=0.440698
2026-05-20 07:48:18,437 INFO scenario=balanced_clean seed=7 method=oracle_aggregate count_mae=0.0000 proto_mse=0.000000
2026-05-20 07:48:18,440 INFO scenario=balanced_clean seed=11 method=tango_vanilla count_mae=0.0264 proto_mse=0.000157
2026-05-20 07:48:18,441 INFO scenario=balanced_clean seed=11 method=tango_mb count_mae=0.0100 proto_mse=0.000157
2026-05-20 07:48:18,443 INFO scenario=balanced_clean seed=11 method=tango_mb_iter count_mae=0.0100 proto_mse=0.000157
2026-05-20 07:48:18,444 INFO scenario=balanced_clean seed=11 method=tango_mb_drift2 count_mae=0.0090 proto_mse=0.005426
2026-05-20 07:48:18,446 INFO scenario=balanced_clean seed=11 method=stack_mb_ridge count_mae=0.0100 proto_mse=0.155981
2026-05-20 07:48:18,447 INFO scenario=balanced_clean seed=11 method=passive_multi_round count_mae=0.0100 proto_mse=0.155968
2026-05-20 07:48:18,449 INFO scenario=balanced_clean seed=11 method=passive_mb count_mae=0.0100 proto_mse=0.155968
2026-05-20 07:48:18,450 INFO scenario=balanced_clean seed=11 method=public_prior count_mae=0.0000 proto_mse=0.410619
2026-05-20 07:48:18,451 INFO scenario=balanced_clean seed=11 method=oracle_aggregate count_mae=0.0000 proto_mse=0.000000
2026-05-20 07:48:18,453 INFO scenario=balanced_clean seed=19 method=tango_vanilla count_mae=0.0417 proto_mse=0.000094
2026-05-20 07:48:18,455 INFO scenario=balanced_clean seed=19 method=tango_mb count_mae=0.0110 proto_mse=0.000094
2026-05-20 07:48:18,456 INFO scenario=balanced_clean seed=19 method=tango_mb_iter count_mae=0.0110 proto_mse=0.000094
2026-05-20 07:48:18,458 INFO scenario=balanced_clean seed=19 method=tango_mb_drift2 count_mae=0.0099 proto_mse=0.004673
2026-05-20 07:48:18,459 INFO scenario=balanced_clean seed=19 method=stack_mb_ridge count_mae=0.0110 proto_mse=0.119852
2026-05-20 07:48:18,461 INFO scenario=balanced_clean seed=19 method=passive_multi_round count_mae=0.0110 proto_mse=0.119838
2026-05-20 07:48:18,462 INFO scenario=balanced_clean seed=19 method=passive_mb count_mae=0.0110 proto_mse=0.119838
2026-05-20 07:48:18,463 INFO scenario=balanced_clean seed=19 method=public_prior count_mae=0.0000 proto_mse=0.376279
2026-05-20 07:48:18,464 INFO scenario=balanced_clean seed=19 method=oracle_aggregate count_mae=0.0000 proto_mse=0.000000
2026-05-20 07:48:18,467 INFO scenario=balanced_clean seed=23 method=tango_vanilla count_mae=0.0687 proto_mse=0.000125
2026-05-20 07:48:18,468 INFO scenario=balanced_clean seed=23 method=tango_mb count_mae=0.0141 proto_mse=0.000125
2026-05-20 07:48:18,470 INFO scenario=balanced_clean seed=23 method=tango_mb_iter count_mae=0.0141 proto_mse=0.000125
2026-05-20 07:48:18,471 INFO scenario=balanced_clean seed=23 method=tango_mb_drift2 count_mae=0.0127 proto_mse=0.005158
2026-05-20 07:48:18,473 INFO scenario=balanced_clean seed=23 method=stack_mb_ridge count_mae=0.0141 proto_mse=0.127512
2026-05-20 07:48:18,474 INFO scenario=balanced_clean seed=23 method=passive_multi_round count_mae=0.0141 proto_mse=0.127497
2026-05-20 07:48:18,476 INFO scenario=balanced_clean seed=23 method=passive_mb count_mae=0.0141 proto_mse=0.127497
2026-05-20 07:48:18,477 INFO scenario=balanced_clean seed=23 method=public_prior count_mae=0.0000 proto_mse=0.394298
2026-05-20 07:48:18,478 INFO scenario=balanced_clean seed=23 method=oracle_aggregate count_mae=0.0000 proto_mse=0.000000
2026-05-20 07:48:18,480 INFO scenario=balanced_clean seed=29 method=tango_vanilla count_mae=0.0298 proto_mse=0.000177
2026-05-20 07:48:18,482 INFO scenario=balanced_clean seed=29 method=tango_mb count_mae=0.0224 proto_mse=0.000177
2026-05-20 07:48:18,483 INFO scenario=balanced_clean seed=29 method=tango_mb_iter count_mae=0.0224 proto_mse=0.000177
2026-05-20 07:48:18,485 INFO scenario=balanced_clean seed=29 method=tango_mb_drift2 count_mae=0.0201 proto_mse=0.006362
2026-05-20 07:48:18,486 INFO scenario=balanced_clean seed=29 method=stack_mb_ridge count_mae=0.0224 proto_mse=0.165285
2026-05-20 07:48:18,488 INFO scenario=balanced_clean seed=29 method=passive_multi_round count_mae=0.0224 proto_mse=0.165269
2026-05-20 07:48:18,489 INFO scenario=balanced_clean seed=29 method=passive_mb count_mae=0.0224 proto_mse=0.165269
2026-05-20 07:48:18,490 INFO scenario=balanced_clean seed=29 method=public_prior count_mae=0.0000 proto_mse=0.446705
2026-05-20 07:48:18,491 INFO scenario=balanced_clean seed=29 method=oracle_aggregate count_mae=0.0000 proto_mse=0.000000
2026-05-20 07:48:18,494 INFO scenario=balanced_clean seed=31 method=tango_vanilla count_mae=0.0635 proto_mse=0.000164
2026-05-20 07:48:18,495 INFO scenario=balanced_clean seed=31 method=tango_mb count_mae=0.0149 proto_mse=0.000164
2026-05-20 07:48:18,497 INFO scenario=balanced_clean seed=31 method=tango_mb_iter count_mae=0.0149 proto_mse=0.000164
2026-05-20 07:48:18,498 INFO scenario=balanced_clean seed=31 method=tango_mb_drift2 count_mae=0.0134 proto_mse=0.006598
2026-05-20 07:48:18,500 INFO scenario=balanced_clean seed=31 method=stack_mb_ridge count_mae=0.0149 proto_mse=0.188085
2026-05-20 07:48:18,501 INFO scenario=balanced_clean seed=31 method=passive_multi_round count_mae=0.0149 proto_mse=0.188069
2026-05-20 07:48:18,503 INFO scenario=balanced_clean seed=31 method=passive_mb count_mae=0.0149 proto_mse=0.188069
2026-05-20 07:48:18,504 INFO scenario=balanced_clean seed=31 method=public_prior count_mae=0.0000 proto_mse=0.465387
2026-05-20 07:48:18,505 INFO scenario=balanced_clean seed=31 method=oracle_aggregate count_mae=0.0000 proto_mse=0.000000
2026-05-20 07:48:18,507 INFO scenario=balanced_clean seed=37 method=tango_vanilla count_mae=0.0306 proto_mse=0.000089
2026-05-20 07:48:18,509 INFO scenario=balanced_clean seed=37 method=tango_mb count_mae=0.0118 proto_mse=0.000089
2026-05-20 07:48:18,510 INFO scenario=balanced_clean seed=37 method=tango_mb_iter count_mae=0.0118 proto_mse=0.000089
2026-05-20 07:48:18,512 INFO scenario=balanced_clean seed=37 method=tango_mb_drift2 count_mae=0.0107 proto_mse=0.004278
2026-05-20 07:48:18,513 INFO scenario=balanced_clean seed=37 method=stack_mb_ridge count_mae=0.0118 proto_mse=0.126062
2026-05-20 07:48:18,515 INFO scenario=balanced_clean seed=37 method=passive_multi_round count_mae=0.0118 proto_mse=0.126051
2026-05-20 07:48:18,516 INFO scenario=balanced_clean seed=37 method=passive_mb count_mae=0.0118 proto_mse=0.126051
2026-05-20 07:48:18,517 INFO scenario=balanced_clean seed=37 method=public_prior count_mae=0.0000 proto_mse=0.362839
2026-05-20 07:48:18,518 INFO scenario=balanced_clean seed=37 method=oracle_aggregate count_mae=0.0000 proto_mse=0.000000
2026-05-20 07:48:18,518 INFO scenario=imbalanced_clean config={'n_classes': 3, 'class_counts': (4, 8, 12), 'dim_x': 10, 'prototype_scale': 2.0, 'within_class_std': 0.55, 'lr': 0.04, 'local_steps': 3, 'probe_rounds': (1, 2, 4, 8), 'bias_scale': 1.2, 'terminal_noise_std': 0.0, 'use_minibatch': False, 'minibatch_size': 8, 'init_weight_scale': 0.0, 'seeds': (3, 7, 11, 19, 23, 29, 31, 37)} effective_gradient_steps=3.0000
2026-05-20 07:48:18,521 INFO scenario=imbalanced_clean seed=3 method=tango_vanilla count_mae=0.1138 proto_mse=0.000531
2026-05-20 07:48:18,522 INFO scenario=imbalanced_clean seed=3 method=tango_mb count_mae=0.1304 proto_mse=0.000531
2026-05-20 07:48:18,524 INFO scenario=imbalanced_clean seed=3 method=tango_mb_iter count_mae=0.1304 proto_mse=0.000531
2026-05-20 07:48:18,525 INFO scenario=imbalanced_clean seed=3 method=tango_mb_drift2 count_mae=0.4067 proto_mse=0.012633
2026-05-20 07:48:18,527 INFO scenario=imbalanced_clean seed=3 method=stack_mb_ridge count_mae=0.1304 proto_mse=0.265653
2026-05-20 07:48:18,528 INFO scenario=imbalanced_clean seed=3 method=passive_multi_round count_mae=0.1304 proto_mse=0.265950
2026-05-20 07:48:18,530 INFO scenario=imbalanced_clean seed=3 method=passive_mb count_mae=0.1304 proto_mse=0.265950
2026-05-20 07:48:18,531 INFO scenario=imbalanced_clean seed=3 method=public_prior count_mae=2.6667 proto_mse=0.445430
2026-05-20 07:48:18,532 INFO scenario=imbalanced_clean seed=3 method=oracle_aggregate count_mae=0.0000 proto_mse=0.000000
2026-05-20 07:48:18,534 INFO scenario=imbalanced_clean seed=7 method=tango_vanilla count_mae=0.1878 proto_mse=0.000657
2026-05-20 07:48:18,536 INFO scenario=imbalanced_clean seed=7 method=tango_mb count_mae=0.1803 proto_mse=0.000657
2026-05-20 07:48:18,537 INFO scenario=imbalanced_clean seed=7 method=tango_mb_iter count_mae=0.1803 proto_mse=0.000657
2026-05-20 07:48:18,539 INFO scenario=imbalanced_clean seed=7 method=tango_mb_drift2 count_mae=0.4589 proto_mse=0.010498
2026-05-20 07:48:18,540 INFO scenario=imbalanced_clean seed=7 method=stack_mb_ridge count_mae=0.1803 proto_mse=0.283364
2026-05-20 07:48:18,542 INFO scenario=imbalanced_clean seed=7 method=passive_multi_round count_mae=0.1803 proto_mse=0.283718
2026-05-20 07:48:18,543 INFO scenario=imbalanced_clean seed=7 method=passive_mb count_mae=0.1803 proto_mse=0.283718
2026-05-20 07:48:18,544 INFO scenario=imbalanced_clean seed=7 method=public_prior count_mae=2.6667 proto_mse=0.390214
2026-05-20 07:48:18,545 INFO scenario=imbalanced_clean seed=7 method=oracle_aggregate count_mae=0.0000 proto_mse=0.000000
2026-05-20 07:48:18,548 INFO scenario=imbalanced_clean seed=11 method=tango_vanilla count_mae=0.1078 proto_mse=0.000265
2026-05-20 07:48:18,549 INFO scenario=imbalanced_clean seed=11 method=tango_mb count_mae=0.1494 proto_mse=0.000265
2026-05-20 07:48:18,551 INFO scenario=imbalanced_clean seed=11 method=tango_mb_iter count_mae=0.1494 proto_mse=0.000265
2026-05-20 07:48:18,552 INFO scenario=imbalanced_clean seed=11 method=tango_mb_drift2 count_mae=0.4038 proto_mse=0.007001
2026-05-20 07:48:18,554 INFO scenario=imbalanced_clean seed=11 method=stack_mb_ridge count_mae=0.1494 proto_mse=0.305218
2026-05-20 07:48:18,555 INFO scenario=imbalanced_clean seed=11 method=passive_multi_round count_mae=0.1494 proto_mse=0.305565
2026-05-20 07:48:18,557 INFO scenario=imbalanced_clean seed=11 method=passive_mb count_mae=0.1494 proto_mse=0.305565
2026-05-20 07:48:18,558 INFO scenario=imbalanced_clean seed=11 method=public_prior count_mae=2.6667 proto_mse=0.375039
2026-05-20 07:48:18,559 INFO scenario=imbalanced_clean seed=11 method=oracle_aggregate count_mae=0.0000 proto_mse=0.000000
2026-05-20 07:48:18,561 INFO scenario=imbalanced_clean seed=19 method=tango_vanilla count_mae=0.1444 proto_mse=0.000481
2026-05-20 07:48:18,563 INFO scenario=imbalanced_clean seed=19 method=tango_mb count_mae=0.1471 proto_mse=0.000481
2026-05-20 07:48:18,564 INFO scenario=imbalanced_clean seed=19 method=tango_mb_iter count_mae=0.1471 proto_mse=0.000481
2026-05-20 07:48:18,566 INFO scenario=imbalanced_clean seed=19 method=tango_mb_drift2 count_mae=0.4337 proto_mse=0.013716
2026-05-20 07:48:18,567 INFO scenario=imbalanced_clean seed=19 method=stack_mb_ridge count_mae=0.1471 proto_mse=0.245300
2026-05-20 07:48:18,569 INFO scenario=imbalanced_clean seed=19 method=passive_multi_round count_mae=0.1471 proto_mse=0.245613
2026-05-20 07:48:18,570 INFO scenario=imbalanced_clean seed=19 method=passive_mb count_mae=0.1471 proto_mse=0.245613
2026-05-20 07:48:18,571 INFO scenario=imbalanced_clean seed=19 method=public_prior count_mae=2.6667 proto_mse=0.428503
2026-05-20 07:48:18,572 INFO scenario=imbalanced_clean seed=19 method=oracle_aggregate count_mae=0.0000 proto_mse=0.000000
2026-05-20 07:48:18,575 INFO scenario=imbalanced_clean seed=23 method=tango_vanilla count_mae=0.0643 proto_mse=0.000302
2026-05-20 07:48:18,577 INFO scenario=imbalanced_clean seed=23 method=tango_mb count_mae=0.1283 proto_mse=0.000302
2026-05-20 07:48:18,578 INFO scenario=imbalanced_clean seed=23 method=tango_mb_iter count_mae=0.1283 proto_mse=0.000302
2026-05-20 07:48:18,580 INFO scenario=imbalanced_clean seed=23 method=tango_mb_drift2 count_mae=0.4070 proto_mse=0.009405
2026-05-20 07:48:18,581 INFO scenario=imbalanced_clean seed=23 method=stack_mb_ridge count_mae=0.1283 proto_mse=0.223889
2026-05-20 07:48:18,583 INFO scenario=imbalanced_clean seed=23 method=passive_multi_round count_mae=0.1283 proto_mse=0.224140
2026-05-20 07:48:18,584 INFO scenario=imbalanced_clean seed=23 method=passive_mb count_mae=0.1283 proto_mse=0.224140
2026-05-20 07:48:18,585 INFO scenario=imbalanced_clean seed=23 method=public_prior count_mae=2.6667 proto_mse=0.438730
2026-05-20 07:48:18,586 INFO scenario=imbalanced_clean seed=23 method=oracle_aggregate count_mae=0.0000 proto_mse=0.000000
2026-05-20 07:48:18,589 INFO scenario=imbalanced_clean seed=29 method=tango_vanilla count_mae=0.1360 proto_mse=0.000381
2026-05-20 07:48:18,590 INFO scenario=imbalanced_clean seed=29 method=tango_mb count_mae=0.1763 proto_mse=0.000381
2026-05-20 07:48:18,592 INFO scenario=imbalanced_clean seed=29 method=tango_mb_iter count_mae=0.1763 proto_mse=0.000381
2026-05-20 07:48:18,593 INFO scenario=imbalanced_clean seed=29 method=tango_mb_drift2 count_mae=0.4581 proto_mse=0.012021
2026-05-20 07:48:18,595 INFO scenario=imbalanced_clean seed=29 method=stack_mb_ridge count_mae=0.1763 proto_mse=0.315128
2026-05-20 07:48:18,596 INFO scenario=imbalanced_clean seed=29 method=passive_multi_round count_mae=0.1763 proto_mse=0.315462
2026-05-20 07:48:18,598 INFO scenario=imbalanced_clean seed=29 method=passive_mb count_mae=0.1763 proto_mse=0.315462
2026-05-20 07:48:18,599 INFO scenario=imbalanced_clean seed=29 method=public_prior count_mae=2.6667 proto_mse=0.447008
2026-05-20 07:48:18,600 INFO scenario=imbalanced_clean seed=29 method=oracle_aggregate count_mae=0.0000 proto_mse=0.000000
2026-05-20 07:48:18,602 INFO scenario=imbalanced_clean seed=31 method=tango_vanilla count_mae=0.0648 proto_mse=0.000190
2026-05-20 07:48:18,604 INFO scenario=imbalanced_clean seed=31 method=tango_mb count_mae=0.1458 proto_mse=0.000190
2026-05-20 07:48:18,605 INFO scenario=imbalanced_clean seed=31 method=tango_mb_iter count_mae=0.1458 proto_mse=0.000190
2026-05-20 07:48:18,607 INFO scenario=imbalanced_clean seed=31 method=tango_mb_drift2 count_mae=0.4182 proto_mse=0.007796
2026-05-20 07:48:18,608 INFO scenario=imbalanced_clean seed=31 method=stack_mb_ridge count_mae=0.1458 proto_mse=0.334866
2026-05-20 07:48:18,610 INFO scenario=imbalanced_clean seed=31 method=passive_multi_round count_mae=0.1458 proto_mse=0.335138
2026-05-20 07:48:18,611 INFO scenario=imbalanced_clean seed=31 method=passive_mb count_mae=0.1458 proto_mse=0.335138
2026-05-20 07:48:18,612 INFO scenario=imbalanced_clean seed=31 method=public_prior count_mae=2.6667 proto_mse=0.466650
2026-05-20 07:48:18,613 INFO scenario=imbalanced_clean seed=31 method=oracle_aggregate count_mae=0.0000 proto_mse=0.000000
2026-05-20 07:48:18,616 INFO scenario=imbalanced_clean seed=37 method=tango_vanilla count_mae=0.0665 proto_mse=0.000247
2026-05-20 07:48:18,617 INFO scenario=imbalanced_clean seed=37 method=tango_mb count_mae=0.1372 proto_mse=0.000247
2026-05-20 07:48:18,619 INFO scenario=imbalanced_clean seed=37 method=tango_mb_iter count_mae=0.1372 proto_mse=0.000247
2026-05-20 07:48:18,620 INFO scenario=imbalanced_clean seed=37 method=tango_mb_drift2 count_mae=0.4137 proto_mse=0.011015
2026-05-20 07:48:18,622 INFO scenario=imbalanced_clean seed=37 method=stack_mb_ridge count_mae=0.1372 proto_mse=0.258179
2026-05-20 07:48:18,623 INFO scenario=imbalanced_clean seed=37 method=passive_multi_round count_mae=0.1372 proto_mse=0.258440
2026-05-20 07:48:18,624 INFO scenario=imbalanced_clean seed=37 method=passive_mb count_mae=0.1372 proto_mse=0.258440
2026-05-20 07:48:18,626 INFO scenario=imbalanced_clean seed=37 method=public_prior count_mae=2.6667 proto_mse=0.459534
2026-05-20 07:48:18,627 INFO scenario=imbalanced_clean seed=37 method=oracle_aggregate count_mae=0.0000 proto_mse=0.000000
2026-05-20 07:48:18,667 INFO wrote /workspace/artifacts/round12_metrics.json
2026-05-20 07:48:18,667 INFO phase2_primary={'scenario': 'minibatch_sgd', 'passive_prototype_mse_mean': 0.7532224427330506, 'passive_prototype_mse_median': 0.7508806811901247, 'tango_vanilla_prototype_mse_mean': 6.587692807101611, 'tango_mb_prototype_mse_mean': 0.011025348154678465, 'tango_mb_prototype_mse_median': 0.011406367115738615, 'tango_mb_drift2_prototype_mse_mean': 0.024675316763279366, 'passive_mb_prototype_mse_mean': 0.2838866057759546, 'passive_count_mae_mean': 0.2947947378128666, 'tango_mb_count_mae_mean': 0.10048982792321062, 'tango_mb_count_mae_median': 0.1018902218288226, 'count_mae_beats_passive': 1.0, 'tango_mb_vs_passive_gain_x': 68.31733856979658, 'active_probe_gain_over_scaling_only_x': 25.748538893575976, 'phase2_primary_win': 1.0}
2026-05-20 07:48:18,667 INFO headline={'minibatch_tango_vanilla_mse_mean': 6.587692807101611, 'minibatch_tango_mb_mse_mean': 0.011025348154678465, 'minibatch_tango_mb_mse_median': 0.011406367115738615, 'minibatch_tango_mb_drift2_mse_mean': 0.024675316763279366, 'minibatch_passive_mse_mean': 0.7532224427330506, 'minibatch_passive_mb_mse_mean': 0.2838866057759546, 'minibatch_tango_mb_count_mae_mean': 0.10048982792321062, 'minibatch_passive_count_mae_mean': 0.2947947378128666, 'minibatch_phase2_win': 1.0, 'balanced_tango_mb_mse_mean': 0.00015058279086769904}
2026-05-20 07:48:18,667 INFO lemma_mb_b_empirical={'within_step_weight_drift_mean': 0.11151655531317048, 'within_step_weight_drift_std': 0.0038869582240486904, 'effective_gradient_steps_minibatch_sgd': 18.0}
