2026-05-20 14:15:21,671 INFO Using device: mps
2026-05-20 14:15:21,671 INFO === Regime compressive_28x28: resize=28 dim_g=100 seeds=[7, 11, 23] ===
2026-05-20 14:15:21,671 INFO   seed=7
2026-05-20 14:15:35,247 INFO Level 3 inversion complete: 12 snapshots inverted to input dimension 784
2026-05-20 14:15:51,698 INFO JOLI inversion complete: N=12, d=784, dim_g=100, n_batch=500, adam_steps=2000, tv_adam=0.0000, tv_lbfgs=0.0050
2026-05-20 14:15:51,699 INFO   seed=11
2026-05-20 14:16:03,403 INFO Level 3 inversion complete: 12 snapshots inverted to input dimension 784
2026-05-20 14:16:22,523 INFO JOLI inversion complete: N=12, d=784, dim_g=100, n_batch=500, adam_steps=2000, tv_adam=0.0000, tv_lbfgs=0.0050
2026-05-20 14:16:22,524 INFO   seed=23
2026-05-20 14:16:35,518 INFO Level 3 inversion complete: 12 snapshots inverted to input dimension 784
2026-05-20 14:16:50,869 INFO JOLI inversion complete: N=12, d=784, dim_g=100, n_batch=500, adam_steps=2000, tv_adam=0.0000, tv_lbfgs=0.0050
2026-05-20 14:16:50,870 INFO === Regime reference_14x14: resize=14 dim_g=160 seeds=[7, 11, 23] ===
2026-05-20 14:16:50,870 INFO   seed=7
2026-05-20 14:16:52,463 WARNING L-BFGS did not converge for snapshot 0: residual = 1.43e-02
2026-05-20 14:16:54,470 WARNING L-BFGS did not converge for snapshot 1: residual = 3.88e-02
2026-05-20 14:16:56,505 WARNING L-BFGS did not converge for snapshot 2: residual = 1.33e-03
2026-05-20 14:16:58,641 WARNING L-BFGS did not converge for snapshot 3: residual = 1.93e-03
2026-05-20 14:17:00,863 WARNING L-BFGS did not converge for snapshot 4: residual = 5.30e-02
2026-05-20 14:17:02,158 WARNING L-BFGS did not converge for snapshot 5: residual = 1.21e-02
2026-05-20 14:17:04,810 WARNING L-BFGS did not converge for snapshot 7: residual = 1.72e-02
2026-05-20 14:17:07,380 WARNING L-BFGS did not converge for snapshot 9: residual = 7.61e-03
2026-05-20 14:17:08,612 WARNING L-BFGS did not converge for snapshot 10: residual = 6.07e-04
2026-05-20 14:17:09,953 WARNING L-BFGS did not converge for snapshot 11: residual = 1.34e-03
2026-05-20 14:17:09,953 INFO Level 3 inversion complete: 12 snapshots inverted to input dimension 196
2026-05-20 14:17:25,589 INFO JOLI inversion complete: N=12, d=196, dim_g=160, n_batch=500, adam_steps=2000, tv_adam=0.0000, tv_lbfgs=0.0000
2026-05-20 14:17:25,590 INFO   seed=11
2026-05-20 14:17:26,993 WARNING L-BFGS did not converge for snapshot 0: residual = 6.69e-02
2026-05-20 14:17:28,295 WARNING L-BFGS did not converge for snapshot 1: residual = 4.02e-03
2026-05-20 14:17:29,542 WARNING L-BFGS did not converge for snapshot 2: residual = 5.47e-04
2026-05-20 14:17:30,850 WARNING L-BFGS did not converge for snapshot 3: residual = 2.87e-03
2026-05-20 14:17:33,401 WARNING L-BFGS did not converge for snapshot 5: residual = 4.56e-03
2026-05-20 14:17:36,011 WARNING L-BFGS did not converge for snapshot 7: residual = 1.33e-02
2026-05-20 14:17:38,570 WARNING L-BFGS did not converge for snapshot 9: residual = 4.72e-04
2026-05-20 14:17:39,950 WARNING L-BFGS did not converge for snapshot 10: residual = 1.04e-01
2026-05-20 14:17:41,144 INFO Level 3 inversion complete: 12 snapshots inverted to input dimension 196
2026-05-20 14:17:56,853 INFO JOLI inversion complete: N=12, d=196, dim_g=160, n_batch=500, adam_steps=2000, tv_adam=0.0000, tv_lbfgs=0.0000
2026-05-20 14:17:56,853 INFO   seed=23
2026-05-20 14:17:58,147 WARNING L-BFGS did not converge for snapshot 0: residual = 8.35e-02
2026-05-20 14:17:59,496 WARNING L-BFGS did not converge for snapshot 1: residual = 5.57e-03
2026-05-20 14:18:02,096 WARNING L-BFGS did not converge for snapshot 3: residual = 1.14e-04
2026-05-20 14:18:05,033 WARNING L-BFGS did not converge for snapshot 5: residual = 1.49e-03
2026-05-20 14:18:06,384 WARNING L-BFGS did not converge for snapshot 6: residual = 7.28e-04
2026-05-20 14:18:08,346 WARNING L-BFGS did not converge for snapshot 7: residual = 1.68e-02
2026-05-20 14:18:09,602 WARNING L-BFGS did not converge for snapshot 8: residual = 1.35e-04
2026-05-20 14:18:12,346 WARNING L-BFGS did not converge for snapshot 10: residual = 2.32e-02
2026-05-20 14:18:13,575 INFO Level 3 inversion complete: 12 snapshots inverted to input dimension 196
2026-05-20 14:18:29,093 INFO JOLI inversion complete: N=12, d=196, dim_g=160, n_batch=500, adam_steps=2000, tv_adam=0.0000, tv_lbfgs=0.0000
2026-05-20 14:18:49,125 INFO Level 3 inversion complete: 12 snapshots inverted to input dimension 784
2026-05-20 14:19:02,822 INFO JOLI inversion complete: N=12, d=784, dim_g=100, n_batch=500, adam_steps=2000, tv_adam=0.0000, tv_lbfgs=0.0050
2026-05-20 14:19:05,197 WARNING L-BFGS did not converge for snapshot 0: residual = 1.43e-02
2026-05-20 14:19:07,559 WARNING L-BFGS did not converge for snapshot 1: residual = 3.88e-02
2026-05-20 14:19:09,886 WARNING L-BFGS did not converge for snapshot 2: residual = 1.33e-03
2026-05-20 14:19:12,207 WARNING L-BFGS did not converge for snapshot 3: residual = 1.93e-03
2026-05-20 14:19:14,515 WARNING L-BFGS did not converge for snapshot 4: residual = 5.30e-02
2026-05-20 14:19:16,790 WARNING L-BFGS did not converge for snapshot 5: residual = 1.21e-02
2026-05-20 14:19:21,268 WARNING L-BFGS did not converge for snapshot 7: residual = 1.72e-02
2026-05-20 14:19:25,830 WARNING L-BFGS did not converge for snapshot 9: residual = 7.61e-03
2026-05-20 14:19:28,016 WARNING L-BFGS did not converge for snapshot 10: residual = 6.07e-04
2026-05-20 14:19:30,342 WARNING L-BFGS did not converge for snapshot 11: residual = 1.34e-03
2026-05-20 14:19:30,342 INFO Level 3 inversion complete: 12 snapshots inverted to input dimension 196
2026-05-20 14:19:46,389 INFO JOLI inversion complete: N=12, d=196, dim_g=160, n_batch=500, adam_steps=2000, tv_adam=0.0000, tv_lbfgs=0.0000
2026-05-20 14:19:46,471 INFO Wrote /Users/yetao/Documents/06.My Papers/CQU/2026/01.SHARD/research-artifacts/novel-inversion-vs-shard/artifacts/round02_metrics.json
