2026-05-20 07:09:29,407 INFO Round 09 TALON paper-readiness benchmark started
2026-05-20 07:09:29,407 INFO scenario=balanced_clean config={'n_classes': 3, 'class_counts': (8, 8, 8), 'dim_x': 10, 'prototype_scale': 2.0, 'within_class_std': 0.55, 'lr': 0.04, 'local_steps': 3, 'probe_rounds': (1, 2, 4, 8), 'bias_scale': 1.2, 'terminal_noise_std': 0.0, 'use_minibatch': False, 'minibatch_size': 8, 'init_weight_scale': 0.0, 'seeds': (3, 7, 11, 19, 23, 29, 31, 37)}
2026-05-20 07:09:29,421 INFO scenario=balanced_clean seed=3 method=tango_active count_mae=0.0151 proto_mse=0.000179 indiv=0.264027
2026-05-20 07:09:29,422 INFO scenario=balanced_clean seed=3 method=passive_multi_round count_mae=0.0147 proto_mse=0.127284 indiv=0.391132
2026-05-20 07:09:29,424 INFO scenario=balanced_clean seed=3 method=public_prior count_mae=0.0000 proto_mse=0.404725 indiv=0.668573
2026-05-20 07:09:29,426 INFO scenario=balanced_clean seed=3 method=oracle_aggregate count_mae=0.0000 proto_mse=0.000000 indiv=0.263848
2026-05-20 07:09:29,430 INFO scenario=balanced_clean seed=7 method=tango_active count_mae=0.0592 proto_mse=0.000219 indiv=0.226540
2026-05-20 07:09:29,431 INFO scenario=balanced_clean seed=7 method=passive_multi_round count_mae=0.0226 proto_mse=0.135155 indiv=0.361476
2026-05-20 07:09:29,433 INFO scenario=balanced_clean seed=7 method=public_prior count_mae=0.0000 proto_mse=0.440698 indiv=0.667018
2026-05-20 07:09:29,434 INFO scenario=balanced_clean seed=7 method=oracle_aggregate count_mae=0.0000 proto_mse=0.000000 indiv=0.226321
2026-05-20 07:09:29,438 INFO scenario=balanced_clean seed=11 method=tango_active count_mae=0.0264 proto_mse=0.000157 indiv=0.281473
2026-05-20 07:09:29,440 INFO scenario=balanced_clean seed=11 method=passive_multi_round count_mae=0.0100 proto_mse=0.155968 indiv=0.487890
2026-05-20 07:09:29,442 INFO scenario=balanced_clean seed=11 method=public_prior count_mae=0.0000 proto_mse=0.410619 indiv=0.641768
2026-05-20 07:09:29,443 INFO scenario=balanced_clean seed=11 method=oracle_aggregate count_mae=0.0000 proto_mse=0.000000 indiv=0.282224
2026-05-20 07:09:29,447 INFO scenario=balanced_clean seed=19 method=tango_active count_mae=0.0417 proto_mse=0.000094 indiv=0.244715
2026-05-20 07:09:29,449 INFO scenario=balanced_clean seed=19 method=passive_multi_round count_mae=0.0110 proto_mse=0.119838 indiv=0.445332
2026-05-20 07:09:29,450 INFO scenario=balanced_clean seed=19 method=public_prior count_mae=0.0000 proto_mse=0.376279 indiv=0.620900
2026-05-20 07:09:29,452 INFO scenario=balanced_clean seed=19 method=oracle_aggregate count_mae=0.0000 proto_mse=0.000000 indiv=0.244620
2026-05-20 07:09:29,456 INFO scenario=balanced_clean seed=23 method=tango_active count_mae=0.0687 proto_mse=0.000125 indiv=0.359113
2026-05-20 07:09:29,457 INFO scenario=balanced_clean seed=23 method=passive_multi_round count_mae=0.0141 proto_mse=0.127497 indiv=0.505439
2026-05-20 07:09:29,459 INFO scenario=balanced_clean seed=23 method=public_prior count_mae=0.0000 proto_mse=0.394298 indiv=0.696713
2026-05-20 07:09:29,460 INFO scenario=balanced_clean seed=23 method=oracle_aggregate count_mae=0.0000 proto_mse=0.000000 indiv=0.359880
2026-05-20 07:09:29,465 INFO scenario=balanced_clean seed=29 method=tango_active count_mae=0.0298 proto_mse=0.000177 indiv=0.285807
2026-05-20 07:09:29,466 INFO scenario=balanced_clean seed=29 method=passive_multi_round count_mae=0.0224 proto_mse=0.165269 indiv=0.450899
2026-05-20 07:09:29,468 INFO scenario=balanced_clean seed=29 method=public_prior count_mae=0.0000 proto_mse=0.446705 indiv=0.732334
2026-05-20 07:09:29,469 INFO scenario=balanced_clean seed=29 method=oracle_aggregate count_mae=0.0000 proto_mse=0.000000 indiv=0.285630
2026-05-20 07:09:29,473 INFO scenario=balanced_clean seed=31 method=tango_active count_mae=0.0635 proto_mse=0.000164 indiv=0.232474
2026-05-20 07:09:29,475 INFO scenario=balanced_clean seed=31 method=passive_multi_round count_mae=0.0149 proto_mse=0.188069 indiv=0.420380
2026-05-20 07:09:29,476 INFO scenario=balanced_clean seed=31 method=public_prior count_mae=0.0000 proto_mse=0.465387 indiv=0.697697
2026-05-20 07:09:29,478 INFO scenario=balanced_clean seed=31 method=oracle_aggregate count_mae=0.0000 proto_mse=0.000000 indiv=0.232311
2026-05-20 07:09:29,481 INFO scenario=balanced_clean seed=37 method=tango_active count_mae=0.0306 proto_mse=0.000089 indiv=0.239206
2026-05-20 07:09:29,482 INFO scenario=balanced_clean seed=37 method=passive_multi_round count_mae=0.0118 proto_mse=0.126051 indiv=0.365168
2026-05-20 07:09:29,483 INFO scenario=balanced_clean seed=37 method=public_prior count_mae=0.0000 proto_mse=0.362839 indiv=0.601956
2026-05-20 07:09:29,484 INFO scenario=balanced_clean seed=37 method=oracle_aggregate count_mae=0.0000 proto_mse=0.000000 indiv=0.239117
2026-05-20 07:09:29,484 INFO scenario=imbalanced_clean config={'n_classes': 3, 'class_counts': (4, 8, 12), 'dim_x': 10, 'prototype_scale': 2.0, 'within_class_std': 0.55, 'lr': 0.04, 'local_steps': 3, 'probe_rounds': (1, 2, 4, 8), 'bias_scale': 1.2, 'terminal_noise_std': 0.0, 'use_minibatch': False, 'minibatch_size': 8, 'init_weight_scale': 0.0, 'seeds': (3, 7, 11, 19, 23, 29, 31, 37)}
2026-05-20 07:09:29,487 INFO scenario=imbalanced_clean seed=3 method=tango_active count_mae=0.1138 proto_mse=0.000531 indiv=0.269337
2026-05-20 07:09:29,488 INFO scenario=imbalanced_clean seed=3 method=passive_multi_round count_mae=0.1304 proto_mse=0.265950 indiv=0.453836
2026-05-20 07:09:29,489 INFO scenario=imbalanced_clean seed=3 method=public_prior count_mae=2.6667 proto_mse=0.445430 indiv=0.701981
2026-05-20 07:09:29,490 INFO scenario=imbalanced_clean seed=3 method=oracle_aggregate count_mae=0.0000 proto_mse=0.000000 indiv=0.269034
2026-05-20 07:09:29,493 INFO scenario=imbalanced_clean seed=7 method=tango_active count_mae=0.1878 proto_mse=0.000657 indiv=0.233694
2026-05-20 07:09:29,494 INFO scenario=imbalanced_clean seed=7 method=passive_multi_round count_mae=0.1803 proto_mse=0.283718 indiv=0.430695
2026-05-20 07:09:29,495 INFO scenario=imbalanced_clean seed=7 method=public_prior count_mae=2.6667 proto_mse=0.390214 indiv=0.660784
2026-05-20 07:09:29,496 INFO scenario=imbalanced_clean seed=7 method=oracle_aggregate count_mae=0.0000 proto_mse=0.000000 indiv=0.233243
2026-05-20 07:09:29,500 INFO scenario=imbalanced_clean seed=11 method=tango_active count_mae=0.1078 proto_mse=0.000265 indiv=0.288761
2026-05-20 07:09:29,501 INFO scenario=imbalanced_clean seed=11 method=passive_multi_round count_mae=0.1494 proto_mse=0.305565 indiv=0.501697
2026-05-20 07:09:29,502 INFO scenario=imbalanced_clean seed=11 method=public_prior count_mae=2.6667 proto_mse=0.375039 indiv=0.627856
2026-05-20 07:09:29,503 INFO scenario=imbalanced_clean seed=11 method=oracle_aggregate count_mae=0.0000 proto_mse=0.000000 indiv=0.289268
2026-05-20 07:09:29,506 INFO scenario=imbalanced_clean seed=19 method=tango_active count_mae=0.1444 proto_mse=0.000481 indiv=0.237149
2026-05-20 07:09:29,507 INFO scenario=imbalanced_clean seed=19 method=passive_multi_round count_mae=0.1471 proto_mse=0.245613 indiv=0.407933
2026-05-20 07:09:29,508 INFO scenario=imbalanced_clean seed=19 method=public_prior count_mae=2.6667 proto_mse=0.428503 indiv=0.677730
2026-05-20 07:09:29,509 INFO scenario=imbalanced_clean seed=19 method=oracle_aggregate count_mae=0.0000 proto_mse=0.000000 indiv=0.236880
2026-05-20 07:09:29,512 INFO scenario=imbalanced_clean seed=23 method=tango_active count_mae=0.0643 proto_mse=0.000302 indiv=0.342405
2026-05-20 07:09:29,513 INFO scenario=imbalanced_clean seed=23 method=passive_multi_round count_mae=0.1283 proto_mse=0.224140 indiv=0.496887
2026-05-20 07:09:29,514 INFO scenario=imbalanced_clean seed=23 method=public_prior count_mae=2.6667 proto_mse=0.438730 indiv=0.718882
2026-05-20 07:09:29,515 INFO scenario=imbalanced_clean seed=23 method=oracle_aggregate count_mae=0.0000 proto_mse=0.000000 indiv=0.342849
2026-05-20 07:09:29,518 INFO scenario=imbalanced_clean seed=29 method=tango_active count_mae=0.1360 proto_mse=0.000381 indiv=0.284917
2026-05-20 07:09:29,519 INFO scenario=imbalanced_clean seed=29 method=passive_multi_round count_mae=0.1763 proto_mse=0.315462 indiv=0.562530
2026-05-20 07:09:29,520 INFO scenario=imbalanced_clean seed=29 method=public_prior count_mae=2.6667 proto_mse=0.447008 indiv=0.746614
2026-05-20 07:09:29,521 INFO scenario=imbalanced_clean seed=29 method=oracle_aggregate count_mae=0.0000 proto_mse=0.000000 indiv=0.284653
2026-05-20 07:09:29,524 INFO scenario=imbalanced_clean seed=31 method=tango_active count_mae=0.0648 proto_mse=0.000190 indiv=0.231817
2026-05-20 07:09:29,525 INFO scenario=imbalanced_clean seed=31 method=passive_multi_round count_mae=0.1458 proto_mse=0.335138 indiv=0.465285
2026-05-20 07:09:29,526 INFO scenario=imbalanced_clean seed=31 method=public_prior count_mae=2.6667 proto_mse=0.466650 indiv=0.686222
2026-05-20 07:09:29,527 INFO scenario=imbalanced_clean seed=31 method=oracle_aggregate count_mae=0.0000 proto_mse=0.000000 indiv=0.231632
2026-05-20 07:09:29,530 INFO scenario=imbalanced_clean seed=37 method=tango_active count_mae=0.0665 proto_mse=0.000247 indiv=0.249398
2026-05-20 07:09:29,532 INFO scenario=imbalanced_clean seed=37 method=passive_multi_round count_mae=0.1372 proto_mse=0.258440 indiv=0.427499
2026-05-20 07:09:29,533 INFO scenario=imbalanced_clean seed=37 method=public_prior count_mae=2.6667 proto_mse=0.459534 indiv=0.679242
2026-05-20 07:09:29,534 INFO scenario=imbalanced_clean seed=37 method=oracle_aggregate count_mae=0.0000 proto_mse=0.000000 indiv=0.249209
2026-05-20 07:09:29,534 INFO scenario=minibatch_sgd config={'n_classes': 3, 'class_counts': (8, 8, 8), 'dim_x': 10, 'prototype_scale': 2.0, 'within_class_std': 0.55, 'lr': 0.04, 'local_steps': 6, 'probe_rounds': (1, 2, 4, 8), 'bias_scale': 1.2, 'terminal_noise_std': 0.0, 'use_minibatch': True, 'minibatch_size': 8, 'init_weight_scale': 0.0, 'seeds': (3, 7, 11, 19, 23, 29, 31, 37)}
2026-05-20 07:09:29,540 INFO scenario=minibatch_sgd seed=3 method=tango_active count_mae=2.2574 proto_mse=1.415312 indiv=1.679160
2026-05-20 07:09:29,541 INFO scenario=minibatch_sgd seed=3 method=passive_multi_round count_mae=0.2772 proto_mse=0.757128 indiv=1.020976
2026-05-20 07:09:29,542 INFO scenario=minibatch_sgd seed=3 method=public_prior count_mae=0.0000 proto_mse=0.404725 indiv=0.668573
2026-05-20 07:09:29,543 INFO scenario=minibatch_sgd seed=3 method=oracle_aggregate count_mae=0.0000 proto_mse=0.000000 indiv=0.263848
2026-05-20 07:09:29,549 INFO scenario=minibatch_sgd seed=7 method=tango_active count_mae=2.9775 proto_mse=2.283492 indiv=2.509813
2026-05-20 07:09:29,550 INFO scenario=minibatch_sgd seed=7 method=passive_multi_round count_mae=0.4487 proto_mse=0.780541 indiv=1.006862
2026-05-20 07:09:29,551 INFO scenario=minibatch_sgd seed=7 method=public_prior count_mae=0.0000 proto_mse=0.440698 indiv=0.667018
2026-05-20 07:09:29,552 INFO scenario=minibatch_sgd seed=7 method=oracle_aggregate count_mae=0.0000 proto_mse=0.000000 indiv=0.226321
2026-05-20 07:09:29,558 INFO scenario=minibatch_sgd seed=11 method=tango_active count_mae=1.5330 proto_mse=1.243278 indiv=1.474428
2026-05-20 07:09:29,559 INFO scenario=minibatch_sgd seed=11 method=passive_multi_round count_mae=0.0710 proto_mse=0.744634 indiv=0.975783
2026-05-20 07:09:29,560 INFO scenario=minibatch_sgd seed=11 method=public_prior count_mae=0.0000 proto_mse=0.410619 indiv=0.641768
2026-05-20 07:09:29,561 INFO scenario=minibatch_sgd seed=11 method=oracle_aggregate count_mae=0.0000 proto_mse=0.000000 indiv=0.282224
2026-05-20 07:09:29,567 INFO scenario=minibatch_sgd seed=19 method=tango_active count_mae=3.7302 proto_mse=6.236028 indiv=6.480648
2026-05-20 07:09:29,568 INFO scenario=minibatch_sgd seed=19 method=passive_multi_round count_mae=0.2463 proto_mse=0.720909 indiv=0.965529
2026-05-20 07:09:29,569 INFO scenario=minibatch_sgd seed=19 method=public_prior count_mae=0.0000 proto_mse=0.376279 indiv=0.620900
2026-05-20 07:09:29,570 INFO scenario=minibatch_sgd seed=19 method=oracle_aggregate count_mae=0.0000 proto_mse=0.000000 indiv=0.244620
2026-05-20 07:09:29,576 INFO scenario=minibatch_sgd seed=23 method=tango_active count_mae=1.6442 proto_mse=1.334516 indiv=1.636932
2026-05-20 07:09:29,577 INFO scenario=minibatch_sgd seed=23 method=passive_multi_round count_mae=0.2976 proto_mse=0.717698 indiv=1.020113
2026-05-20 07:09:29,578 INFO scenario=minibatch_sgd seed=23 method=public_prior count_mae=0.0000 proto_mse=0.394298 indiv=0.696713
2026-05-20 07:09:29,579 INFO scenario=minibatch_sgd seed=23 method=oracle_aggregate count_mae=0.0000 proto_mse=0.000000 indiv=0.359880
2026-05-20 07:09:29,585 INFO scenario=minibatch_sgd seed=29 method=tango_active count_mae=0.6361 proto_mse=1.038834 indiv=1.324464
2026-05-20 07:09:29,587 INFO scenario=minibatch_sgd seed=29 method=passive_multi_round count_mae=0.3840 proto_mse=0.788260 indiv=1.073890
2026-05-20 07:09:29,588 INFO scenario=minibatch_sgd seed=29 method=public_prior count_mae=0.0000 proto_mse=0.446705 indiv=0.732334
2026-05-20 07:09:29,589 INFO scenario=minibatch_sgd seed=29 method=oracle_aggregate count_mae=0.0000 proto_mse=0.000000 indiv=0.285630
2026-05-20 07:09:29,595 INFO scenario=minibatch_sgd seed=31 method=tango_active count_mae=3.0635 proto_mse=2.183711 indiv=2.416022
2026-05-20 07:09:29,596 INFO scenario=minibatch_sgd seed=31 method=passive_multi_round count_mae=0.3729 proto_mse=0.813874 indiv=1.046185
2026-05-20 07:09:29,597 INFO scenario=minibatch_sgd seed=31 method=public_prior count_mae=0.0000 proto_mse=0.465387 indiv=0.697697
2026-05-20 07:09:29,598 INFO scenario=minibatch_sgd seed=31 method=oracle_aggregate count_mae=0.0000 proto_mse=0.000000 indiv=0.232311
2026-05-20 07:09:29,604 INFO scenario=minibatch_sgd seed=37 method=tango_active count_mae=4.7520 proto_mse=36.966372 indiv=37.111307
2026-05-20 07:09:29,605 INFO scenario=minibatch_sgd seed=37 method=passive_multi_round count_mae=0.2606 proto_mse=0.702736 indiv=0.941853
2026-05-20 07:09:29,606 INFO scenario=minibatch_sgd seed=37 method=public_prior count_mae=0.0000 proto_mse=0.362839 indiv=0.601956
2026-05-20 07:09:29,607 INFO scenario=minibatch_sgd seed=37 method=oracle_aggregate count_mae=0.0000 proto_mse=0.000000 indiv=0.239117
2026-05-20 07:09:29,607 INFO scenario=nonzero_init_head config={'n_classes': 3, 'class_counts': (8, 8, 8), 'dim_x': 10, 'prototype_scale': 2.0, 'within_class_std': 0.55, 'lr': 0.04, 'local_steps': 3, 'probe_rounds': (1, 2, 4, 8), 'bias_scale': 1.2, 'terminal_noise_std': 0.0, 'use_minibatch': False, 'minibatch_size': 8, 'init_weight_scale': 0.18, 'seeds': (3, 7, 11, 19, 23, 29, 31, 37)}
2026-05-20 07:09:29,610 INFO scenario=nonzero_init_head seed=3 method=tango_active count_mae=0.8748 proto_mse=0.018913 indiv=0.282761
2026-05-20 07:09:29,611 INFO scenario=nonzero_init_head seed=3 method=passive_multi_round count_mae=1.5686 proto_mse=0.187922 indiv=0.451771
2026-05-20 07:09:29,612 INFO scenario=nonzero_init_head seed=3 method=public_prior count_mae=0.0000 proto_mse=0.404725 indiv=0.668573
2026-05-20 07:09:29,613 INFO scenario=nonzero_init_head seed=3 method=oracle_aggregate count_mae=0.0000 proto_mse=0.000000 indiv=0.263848
2026-05-20 07:09:29,616 INFO scenario=nonzero_init_head seed=7 method=tango_active count_mae=0.7391 proto_mse=0.005735 indiv=0.232056
2026-05-20 07:09:29,617 INFO scenario=nonzero_init_head seed=7 method=passive_multi_round count_mae=2.0465 proto_mse=0.312683 indiv=0.539004
2026-05-20 07:09:29,618 INFO scenario=nonzero_init_head seed=7 method=public_prior count_mae=0.0000 proto_mse=0.440698 indiv=0.667018
2026-05-20 07:09:29,619 INFO scenario=nonzero_init_head seed=7 method=oracle_aggregate count_mae=0.0000 proto_mse=0.000000 indiv=0.226321
2026-05-20 07:09:29,622 INFO scenario=nonzero_init_head seed=11 method=tango_active count_mae=0.7359 proto_mse=0.017596 indiv=0.311077
2026-05-20 07:09:29,624 INFO scenario=nonzero_init_head seed=11 method=passive_multi_round count_mae=1.0686 proto_mse=0.187743 indiv=0.458658
2026-05-20 07:09:29,625 INFO scenario=nonzero_init_head seed=11 method=public_prior count_mae=0.0000 proto_mse=0.410619 indiv=0.641768
2026-05-20 07:09:29,626 INFO scenario=nonzero_init_head seed=11 method=oracle_aggregate count_mae=0.0000 proto_mse=0.000000 indiv=0.282224
2026-05-20 07:09:29,629 INFO scenario=nonzero_init_head seed=19 method=tango_active count_mae=0.3893 proto_mse=0.004788 indiv=0.249409
2026-05-20 07:09:29,630 INFO scenario=nonzero_init_head seed=19 method=passive_multi_round count_mae=0.6926 proto_mse=0.133528 indiv=0.537909
2026-05-20 07:09:29,631 INFO scenario=nonzero_init_head seed=19 method=public_prior count_mae=0.0000 proto_mse=0.376279 indiv=0.620900
2026-05-20 07:09:29,632 INFO scenario=nonzero_init_head seed=19 method=oracle_aggregate count_mae=0.0000 proto_mse=0.000000 indiv=0.244620
2026-05-20 07:09:29,635 INFO scenario=nonzero_init_head seed=23 method=tango_active count_mae=0.7121 proto_mse=0.003998 indiv=0.357736
2026-05-20 07:09:29,636 INFO scenario=nonzero_init_head seed=23 method=passive_multi_round count_mae=0.7810 proto_mse=0.154963 indiv=0.494724
2026-05-20 07:09:29,637 INFO scenario=nonzero_init_head seed=23 method=public_prior count_mae=0.0000 proto_mse=0.394298 indiv=0.696713
2026-05-20 07:09:29,638 INFO scenario=nonzero_init_head seed=23 method=oracle_aggregate count_mae=0.0000 proto_mse=0.000000 indiv=0.359880
2026-05-20 07:09:29,641 INFO scenario=nonzero_init_head seed=29 method=tango_active count_mae=0.1046 proto_mse=0.006588 indiv=0.292218
2026-05-20 07:09:29,642 INFO scenario=nonzero_init_head seed=29 method=passive_multi_round count_mae=0.9224 proto_mse=0.184948 indiv=0.470578
2026-05-20 07:09:29,643 INFO scenario=nonzero_init_head seed=29 method=public_prior count_mae=0.0000 proto_mse=0.446705 indiv=0.732334
2026-05-20 07:09:29,644 INFO scenario=nonzero_init_head seed=29 method=oracle_aggregate count_mae=0.0000 proto_mse=0.000000 indiv=0.285630
2026-05-20 07:09:29,647 INFO scenario=nonzero_init_head seed=31 method=tango_active count_mae=1.1932 proto_mse=0.010522 indiv=0.242832
2026-05-20 07:09:29,648 INFO scenario=nonzero_init_head seed=31 method=passive_multi_round count_mae=1.2059 proto_mse=0.218806 indiv=0.500271
2026-05-20 07:09:29,649 INFO scenario=nonzero_init_head seed=31 method=public_prior count_mae=0.0000 proto_mse=0.465387 indiv=0.697697
2026-05-20 07:09:29,650 INFO scenario=nonzero_init_head seed=31 method=oracle_aggregate count_mae=0.0000 proto_mse=0.000000 indiv=0.232311
2026-05-20 07:09:29,653 INFO scenario=nonzero_init_head seed=37 method=tango_active count_mae=1.1933 proto_mse=0.009623 indiv=0.248740
2026-05-20 07:09:29,654 INFO scenario=nonzero_init_head seed=37 method=passive_multi_round count_mae=0.8560 proto_mse=0.169887 indiv=0.409004
2026-05-20 07:09:29,656 INFO scenario=nonzero_init_head seed=37 method=public_prior count_mae=0.0000 proto_mse=0.362839 indiv=0.601956
2026-05-20 07:09:29,657 INFO scenario=nonzero_init_head seed=37 method=oracle_aggregate count_mae=0.0000 proto_mse=0.000000 indiv=0.239117
2026-05-20 07:09:29,657 INFO scenario=large_10class_30dim config={'n_classes': 10, 'class_counts': (6, 6, 6, 6, 6, 6, 6, 6, 6, 6), 'dim_x': 30, 'prototype_scale': 2.0, 'within_class_std': 0.55, 'lr': 0.04, 'local_steps': 3, 'probe_rounds': (1, 2, 4, 8), 'bias_scale': 1.5, 'terminal_noise_std': 0.0, 'use_minibatch': False, 'minibatch_size': 8, 'init_weight_scale': 0.0, 'seeds': (3, 7, 11, 19, 23, 29, 31, 37)}
2026-05-20 07:09:29,671 INFO scenario=large_10class_30dim seed=3 method=tango_active count_mae=0.0299 proto_mse=0.000011 indiv=0.250761
2026-05-20 07:09:29,676 INFO scenario=large_10class_30dim seed=3 method=passive_multi_round count_mae=0.0048 proto_mse=0.021576 indiv=0.288637
2026-05-20 07:09:29,682 INFO scenario=large_10class_30dim seed=3 method=public_prior count_mae=0.0000 proto_mse=0.187462 indiv=0.433198
2026-05-20 07:09:29,687 INFO scenario=large_10class_30dim seed=3 method=oracle_aggregate count_mae=0.0000 proto_mse=0.000000 indiv=0.250809
2026-05-20 07:09:29,701 INFO scenario=large_10class_30dim seed=7 method=tango_active count_mae=0.0248 proto_mse=0.000010 indiv=0.257238
2026-05-20 07:09:29,707 INFO scenario=large_10class_30dim seed=7 method=passive_multi_round count_mae=0.0056 proto_mse=0.021658 indiv=0.278875
2026-05-20 07:09:29,712 INFO scenario=large_10class_30dim seed=7 method=public_prior count_mae=0.0000 proto_mse=0.197962 indiv=0.445669
2026-05-20 07:09:29,718 INFO scenario=large_10class_30dim seed=7 method=oracle_aggregate count_mae=0.0000 proto_mse=0.000000 indiv=0.257265
2026-05-20 07:09:29,732 INFO scenario=large_10class_30dim seed=11 method=tango_active count_mae=0.0245 proto_mse=0.000008 indiv=0.315762
2026-05-20 07:09:29,737 INFO scenario=large_10class_30dim seed=11 method=passive_multi_round count_mae=0.0027 proto_mse=0.015537 indiv=0.347336
2026-05-20 07:09:29,743 INFO scenario=large_10class_30dim seed=11 method=public_prior count_mae=0.0000 proto_mse=0.175395 indiv=0.446194
2026-05-20 07:09:29,748 INFO scenario=large_10class_30dim seed=11 method=oracle_aggregate count_mae=0.0000 proto_mse=0.000000 indiv=0.315808
2026-05-20 07:09:29,762 INFO scenario=large_10class_30dim seed=19 method=tango_active count_mae=0.0249 proto_mse=0.000008 indiv=0.314437
2026-05-20 07:09:29,768 INFO scenario=large_10class_30dim seed=19 method=passive_multi_round count_mae=0.0035 proto_mse=0.019755 indiv=0.320763
2026-05-20 07:09:29,773 INFO scenario=large_10class_30dim seed=19 method=public_prior count_mae=0.0000 proto_mse=0.192040 indiv=0.432722
2026-05-20 07:09:29,779 INFO scenario=large_10class_30dim seed=19 method=oracle_aggregate count_mae=0.0000 proto_mse=0.000000 indiv=0.314702
2026-05-20 07:09:29,792 INFO scenario=large_10class_30dim seed=23 method=tango_active count_mae=0.0242 proto_mse=0.000009 indiv=0.271064
2026-05-20 07:09:29,798 INFO scenario=large_10class_30dim seed=23 method=passive_multi_round count_mae=0.0027 proto_mse=0.016178 indiv=0.292938
2026-05-20 07:09:29,804 INFO scenario=large_10class_30dim seed=23 method=public_prior count_mae=0.0000 proto_mse=0.190710 indiv=0.436316
2026-05-20 07:09:29,809 INFO scenario=large_10class_30dim seed=23 method=oracle_aggregate count_mae=0.0000 proto_mse=0.000000 indiv=0.271068
2026-05-20 07:09:29,823 INFO scenario=large_10class_30dim seed=29 method=tango_active count_mae=0.0335 proto_mse=0.000011 indiv=0.263884
2026-05-20 07:09:29,828 INFO scenario=large_10class_30dim seed=29 method=passive_multi_round count_mae=0.0025 proto_mse=0.016311 indiv=0.280222
2026-05-20 07:09:29,834 INFO scenario=large_10class_30dim seed=29 method=public_prior count_mae=0.0000 proto_mse=0.167849 indiv=0.422521
2026-05-20 07:09:29,839 INFO scenario=large_10class_30dim seed=29 method=oracle_aggregate count_mae=0.0000 proto_mse=0.000000 indiv=0.263886
2026-05-20 07:09:29,853 INFO scenario=large_10class_30dim seed=31 method=tango_active count_mae=0.0318 proto_mse=0.000011 indiv=0.337234
2026-05-20 07:09:29,859 INFO scenario=large_10class_30dim seed=31 method=passive_multi_round count_mae=0.0041 proto_mse=0.019288 indiv=0.360578
2026-05-20 07:09:29,864 INFO scenario=large_10class_30dim seed=31 method=public_prior count_mae=0.0000 proto_mse=0.194767 indiv=0.465992
2026-05-20 07:09:29,870 INFO scenario=large_10class_30dim seed=31 method=oracle_aggregate count_mae=0.0000 proto_mse=0.000000 indiv=0.337205
2026-05-20 07:09:29,884 INFO scenario=large_10class_30dim seed=37 method=tango_active count_mae=0.0414 proto_mse=0.000016 indiv=0.298063
2026-05-20 07:09:29,889 INFO scenario=large_10class_30dim seed=37 method=passive_multi_round count_mae=0.0042 proto_mse=0.019712 indiv=0.317005
2026-05-20 07:09:29,895 INFO scenario=large_10class_30dim seed=37 method=public_prior count_mae=0.0000 proto_mse=0.194499 indiv=0.458584
2026-05-20 07:09:29,900 INFO scenario=large_10class_30dim seed=37 method=oracle_aggregate count_mae=0.0000 proto_mse=0.000000 indiv=0.298026
2026-05-20 07:09:29,901 INFO scenario=more_local_steps config={'n_classes': 3, 'class_counts': (8, 8, 8), 'dim_x': 10, 'prototype_scale': 2.0, 'within_class_std': 0.55, 'lr': 0.04, 'local_steps': 8, 'probe_rounds': (1, 2, 4, 8), 'bias_scale': 1.2, 'terminal_noise_std': 0.0, 'use_minibatch': False, 'minibatch_size': 8, 'init_weight_scale': 0.0, 'seeds': (3, 7, 11, 19, 23, 29, 31, 37)}
2026-05-20 07:09:29,904 INFO scenario=more_local_steps seed=3 method=tango_active count_mae=0.0514 proto_mse=0.002241 indiv=0.266089
2026-05-20 07:09:29,906 INFO scenario=more_local_steps seed=3 method=passive_multi_round count_mae=0.0468 proto_mse=0.128586 indiv=0.392435
2026-05-20 07:09:29,907 INFO scenario=more_local_steps seed=3 method=public_prior count_mae=0.0000 proto_mse=0.404725 indiv=0.668573
2026-05-20 07:09:29,908 INFO scenario=more_local_steps seed=3 method=oracle_aggregate count_mae=0.0000 proto_mse=0.000000 indiv=0.263848
2026-05-20 07:09:29,911 INFO scenario=more_local_steps seed=7 method=tango_active count_mae=0.2035 proto_mse=0.002735 indiv=0.229056
2026-05-20 07:09:29,913 INFO scenario=more_local_steps seed=7 method=passive_multi_round count_mae=0.0741 proto_mse=0.136908 indiv=0.363229
2026-05-20 07:09:29,914 INFO scenario=more_local_steps seed=7 method=public_prior count_mae=0.0000 proto_mse=0.440698 indiv=0.667018
2026-05-20 07:09:29,915 INFO scenario=more_local_steps seed=7 method=oracle_aggregate count_mae=0.0000 proto_mse=0.000000 indiv=0.226321
2026-05-20 07:09:29,919 INFO scenario=more_local_steps seed=11 method=tango_active count_mae=0.0944 proto_mse=0.001909 indiv=0.280945
2026-05-20 07:09:29,920 INFO scenario=more_local_steps seed=11 method=passive_multi_round count_mae=0.0237 proto_mse=0.157222 indiv=0.484511
2026-05-20 07:09:29,921 INFO scenario=more_local_steps seed=11 method=public_prior count_mae=0.0000 proto_mse=0.410619 indiv=0.641768
2026-05-20 07:09:29,922 INFO scenario=more_local_steps seed=11 method=oracle_aggregate count_mae=0.0000 proto_mse=0.000000 indiv=0.282224
2026-05-20 07:09:29,925 INFO scenario=more_local_steps seed=19 method=tango_active count_mae=0.1588 proto_mse=0.001254 indiv=0.319998
2026-05-20 07:09:29,927 INFO scenario=more_local_steps seed=19 method=passive_multi_round count_mae=0.0373 proto_mse=0.120966 indiv=0.442482
2026-05-20 07:09:29,928 INFO scenario=more_local_steps seed=19 method=public_prior count_mae=0.0000 proto_mse=0.376279 indiv=0.620900
2026-05-20 07:09:29,929 INFO scenario=more_local_steps seed=19 method=oracle_aggregate count_mae=0.0000 proto_mse=0.000000 indiv=0.244620
2026-05-20 07:09:29,932 INFO scenario=more_local_steps seed=23 method=tango_active count_mae=0.2383 proto_mse=0.001535 indiv=0.358330
2026-05-20 07:09:29,934 INFO scenario=more_local_steps seed=23 method=passive_multi_round count_mae=0.0472 proto_mse=0.128886 indiv=0.502540
2026-05-20 07:09:29,935 INFO scenario=more_local_steps seed=23 method=public_prior count_mae=0.0000 proto_mse=0.394298 indiv=0.696713
2026-05-20 07:09:29,936 INFO scenario=more_local_steps seed=23 method=oracle_aggregate count_mae=0.0000 proto_mse=0.000000 indiv=0.359880
2026-05-20 07:09:29,939 INFO scenario=more_local_steps seed=29 method=tango_active count_mae=0.1014 proto_mse=0.002268 indiv=0.287898
2026-05-20 07:09:29,941 INFO scenario=more_local_steps seed=29 method=passive_multi_round count_mae=0.0681 proto_mse=0.166625 indiv=0.452255
2026-05-20 07:09:29,942 INFO scenario=more_local_steps seed=29 method=public_prior count_mae=0.0000 proto_mse=0.446705 indiv=0.732334
2026-05-20 07:09:29,943 INFO scenario=more_local_steps seed=29 method=oracle_aggregate count_mae=0.0000 proto_mse=0.000000 indiv=0.285630
2026-05-20 07:09:29,946 INFO scenario=more_local_steps seed=31 method=tango_active count_mae=0.2384 proto_mse=0.002179 indiv=0.234490
2026-05-20 07:09:29,947 INFO scenario=more_local_steps seed=31 method=passive_multi_round count_mae=0.0524 proto_mse=0.189439 indiv=0.421750
2026-05-20 07:09:29,949 INFO scenario=more_local_steps seed=31 method=public_prior count_mae=0.0000 proto_mse=0.465387 indiv=0.697697
2026-05-20 07:09:29,950 INFO scenario=more_local_steps seed=31 method=oracle_aggregate count_mae=0.0000 proto_mse=0.000000 indiv=0.232311
2026-05-20 07:09:29,953 INFO scenario=more_local_steps seed=37 method=tango_active count_mae=0.1102 proto_mse=0.001142 indiv=0.240259
2026-05-20 07:09:29,954 INFO scenario=more_local_steps seed=37 method=passive_multi_round count_mae=0.0396 proto_mse=0.126923 indiv=0.366040
2026-05-20 07:09:29,956 INFO scenario=more_local_steps seed=37 method=public_prior count_mae=0.0000 proto_mse=0.362839 indiv=0.601956
2026-05-20 07:09:29,957 INFO scenario=more_local_steps seed=37 method=oracle_aggregate count_mae=0.0000 proto_mse=0.000000 indiv=0.239117
2026-05-20 07:09:29,957 INFO scenario=high_within_class_variance config={'n_classes': 3, 'class_counts': (8, 8, 8), 'dim_x': 10, 'prototype_scale': 2.0, 'within_class_std': 1.0, 'lr': 0.04, 'local_steps': 3, 'probe_rounds': (1, 2, 4, 8), 'bias_scale': 1.2, 'terminal_noise_std': 0.0, 'use_minibatch': False, 'minibatch_size': 8, 'init_weight_scale': 0.0, 'seeds': (3, 7, 11, 19, 23, 29, 31, 37)}
2026-05-20 07:09:29,960 INFO scenario=high_within_class_variance seed=3 method=tango_active count_mae=0.0091 proto_mse=0.000406 indiv=1.050786
2026-05-20 07:09:29,961 INFO scenario=high_within_class_variance seed=3 method=passive_multi_round count_mae=0.0227 proto_mse=0.136604 indiv=1.192153
2026-05-20 07:09:29,962 INFO scenario=high_within_class_variance seed=3 method=public_prior count_mae=0.0000 proto_mse=0.458573 indiv=1.330798
2026-05-20 07:09:29,963 INFO scenario=high_within_class_variance seed=3 method=oracle_aggregate count_mae=0.0000 proto_mse=0.000000 indiv=0.991796
2026-05-20 07:09:29,966 INFO scenario=high_within_class_variance seed=7 method=tango_active count_mae=0.0774 proto_mse=0.000513 indiv=0.748681
2026-05-20 07:09:29,967 INFO scenario=high_within_class_variance seed=7 method=passive_multi_round count_mae=0.0474 proto_mse=0.150114 indiv=0.898283
2026-05-20 07:09:29,968 INFO scenario=high_within_class_variance seed=7 method=public_prior count_mae=0.0000 proto_mse=0.524574 indiv=1.272743
2026-05-20 07:09:29,969 INFO scenario=high_within_class_variance seed=7 method=oracle_aggregate count_mae=0.0000 proto_mse=0.000000 indiv=0.748168
2026-05-20 07:09:29,972 INFO scenario=high_within_class_variance seed=11 method=tango_active count_mae=0.0254 proto_mse=0.000378 indiv=0.905956
2026-05-20 07:09:29,973 INFO scenario=high_within_class_variance seed=11 method=passive_multi_round count_mae=0.0197 proto_mse=0.193734 indiv=1.100098
2026-05-20 07:09:29,974 INFO scenario=high_within_class_variance seed=11 method=public_prior count_mae=0.0000 proto_mse=0.464046 indiv=1.228178
2026-05-20 07:09:29,975 INFO scenario=high_within_class_variance seed=11 method=oracle_aggregate count_mae=0.0000 proto_mse=0.000000 indiv=0.909511
2026-05-20 07:09:29,978 INFO scenario=high_within_class_variance seed=19 method=tango_active count_mae=0.0443 proto_mse=0.000186 indiv=1.029018
2026-05-20 07:09:29,979 INFO scenario=high_within_class_variance seed=19 method=passive_multi_round count_mae=0.0158 proto_mse=0.119299 indiv=1.203526
2026-05-20 07:09:29,980 INFO scenario=high_within_class_variance seed=19 method=public_prior count_mae=0.0000 proto_mse=0.396711 indiv=1.205373
2026-05-20 07:09:29,981 INFO scenario=high_within_class_variance seed=19 method=oracle_aggregate count_mae=0.0000 proto_mse=0.000000 indiv=1.033267
2026-05-20 07:09:29,984 INFO scenario=high_within_class_variance seed=23 method=tango_active count_mae=0.0848 proto_mse=0.000295 indiv=1.162893
2026-05-20 07:09:29,985 INFO scenario=high_within_class_variance seed=23 method=passive_multi_round count_mae=0.0294 proto_mse=0.136925 indiv=1.377490
2026-05-20 07:09:29,986 INFO scenario=high_within_class_variance seed=23 method=public_prior count_mae=0.0000 proto_mse=0.437704 indiv=1.437424
2026-05-20 07:09:29,987 INFO scenario=high_within_class_variance seed=23 method=oracle_aggregate count_mae=0.0000 proto_mse=0.000000 indiv=1.167681
2026-05-20 07:09:29,990 INFO scenario=high_within_class_variance seed=29 method=tango_active count_mae=0.0536 proto_mse=0.000492 indiv=1.130046
2026-05-20 07:09:29,991 INFO scenario=high_within_class_variance seed=29 method=passive_multi_round count_mae=0.0451 proto_mse=0.205149 indiv=1.357352
2026-05-20 07:09:29,992 INFO scenario=high_within_class_variance seed=29 method=public_prior count_mae=0.0000 proto_mse=0.530917 indiv=1.475147
2026-05-20 07:09:29,993 INFO scenario=high_within_class_variance seed=29 method=oracle_aggregate count_mae=0.0000 proto_mse=0.000000 indiv=1.134319
2026-05-20 07:09:29,997 INFO scenario=high_within_class_variance seed=31 method=tango_active count_mae=0.0821 proto_mse=0.000429 indiv=0.945325
2026-05-20 07:09:29,998 INFO scenario=high_within_class_variance seed=31 method=passive_multi_round count_mae=0.0260 proto_mse=0.247395 indiv=1.289604
2026-05-20 07:09:29,999 INFO scenario=high_within_class_variance seed=31 method=public_prior count_mae=0.0000 proto_mse=0.560772 indiv=1.328741
2026-05-20 07:09:30,000 INFO scenario=high_within_class_variance seed=31 method=oracle_aggregate count_mae=0.0000 proto_mse=0.000000 indiv=0.950143
2026-05-20 07:09:30,003 INFO scenario=high_within_class_variance seed=37 method=tango_active count_mae=0.0386 proto_mse=0.000161 indiv=0.889962
2026-05-20 07:09:30,004 INFO scenario=high_within_class_variance seed=37 method=passive_multi_round count_mae=0.0231 proto_mse=0.128685 indiv=1.057600
2026-05-20 07:09:30,005 INFO scenario=high_within_class_variance seed=37 method=public_prior count_mae=0.0000 proto_mse=0.385766 indiv=1.176235
2026-05-20 07:09:30,006 INFO scenario=high_within_class_variance seed=37 method=oracle_aggregate count_mae=0.0000 proto_mse=0.000000 indiv=0.891121
2026-05-20 07:09:30,012 INFO wrote /workspace/artifacts/round09_metrics.json
2026-05-20 07:09:30,012 INFO headline={'balanced_tango_prototype_mse': 0.00015058279086769904, 'balanced_tango_count_mae': 0.04185805312316826, 'balanced_passive_prototype_mse': 0.14314149032715154, 'balanced_public_prior_prototype_mse': 0.41269359421350343, 'balanced_oracle_prototype_mse': 0.0, 'balanced_tango_vs_passive_gain_x': 950.5833269680506, 'minibatch_tango_prototype_mse': 6.587692807101611, 'minibatch_tango_count_mae': 2.5742589163802783, 'nonzero_head_tango_prototype_mse': 0.009720362245819293, 'large_scale_tango_prototype_mse': 1.058917158691259e-05, 'large_scale_tango_count_mae': 0.029370146809785717, 'identifiability': 'aggregate moments identifiable under exact assumptions; individuals remain non-identifiable'}
