2026-05-20 07:57:55,164 INFO Round 13 Phase-2 new-directions benchmark started
2026-05-20 07:57:55,164 INFO scenario=minibatch_sgd effective_gradient_steps=18.0000
2026-05-20 07:57:55,179 INFO scenario=minibatch_sgd seed=3 method=tango_vanilla count_mae=2.2574 proto_mse=1.415312
2026-05-20 07:57:55,181 INFO scenario=minibatch_sgd seed=3 method=tango_mb count_mae=0.0916 proto_mse=0.012437
2026-05-20 07:57:55,182 INFO scenario=minibatch_sgd seed=3 method=tango_joint count_mae=0.0525 proto_mse=0.271824
2026-05-20 07:57:55,186 INFO scenario=minibatch_sgd seed=3 method=tango_coupled count_mae=0.8609 proto_mse=0.269533
2026-05-20 07:57:55,188 INFO scenario=minibatch_sgd seed=3 method=tango_dopt count_mae=0.0525 proto_mse=0.271824
2026-05-20 07:57:55,190 INFO scenario=minibatch_sgd seed=3 method=tango_trajectory_midpoint count_mae=0.8473 proto_mse=0.269560
2026-05-20 07:57:55,192 INFO scenario=minibatch_sgd seed=3 method=passive_multi_round count_mae=0.2772 proto_mse=0.757128
2026-05-20 07:57:55,193 INFO scenario=minibatch_sgd seed=3 method=passive_mb_scale_only count_mae=0.0924 proto_mse=0.134670
2026-05-20 07:57:55,195 INFO scenario=minibatch_sgd seed=3 method=passive_mb_r12_coupled count_mae=0.0954 proto_mse=0.134670
2026-05-20 07:57:55,196 INFO scenario=minibatch_sgd seed=3 method=public_prior count_mae=0.0000 proto_mse=0.404725
2026-05-20 07:57:55,197 INFO scenario=minibatch_sgd seed=3 method=oracle_aggregate count_mae=0.0000 proto_mse=0.000000
2026-05-20 07:57:55,203 INFO scenario=minibatch_sgd seed=7 method=tango_vanilla count_mae=2.9775 proto_mse=2.283492
2026-05-20 07:57:55,204 INFO scenario=minibatch_sgd seed=7 method=tango_mb count_mae=0.1519 proto_mse=0.015110
2026-05-20 07:57:55,206 INFO scenario=minibatch_sgd seed=7 method=tango_joint count_mae=0.2285 proto_mse=0.296604
2026-05-20 07:57:55,210 INFO scenario=minibatch_sgd seed=7 method=tango_coupled count_mae=1.5986 proto_mse=0.286608
2026-05-20 07:57:55,212 INFO scenario=minibatch_sgd seed=7 method=tango_dopt count_mae=0.2285 proto_mse=0.296604
2026-05-20 07:57:55,214 INFO scenario=minibatch_sgd seed=7 method=tango_trajectory_midpoint count_mae=1.5422 proto_mse=0.286996
2026-05-20 07:57:55,215 INFO scenario=minibatch_sgd seed=7 method=passive_multi_round count_mae=0.4487 proto_mse=0.780541
2026-05-20 07:57:55,217 INFO scenario=minibatch_sgd seed=7 method=passive_mb_scale_only count_mae=0.1496 proto_mse=0.145183
2026-05-20 07:57:55,218 INFO scenario=minibatch_sgd seed=7 method=passive_mb_r12_coupled count_mae=0.1552 proto_mse=0.145183
2026-05-20 07:57:55,219 INFO scenario=minibatch_sgd seed=7 method=public_prior count_mae=0.0000 proto_mse=0.440698
2026-05-20 07:57:55,220 INFO scenario=minibatch_sgd seed=7 method=oracle_aggregate count_mae=0.0000 proto_mse=0.000000
2026-05-20 07:57:55,226 INFO scenario=minibatch_sgd seed=11 method=tango_vanilla count_mae=1.5330 proto_mse=1.243278
2026-05-20 07:57:55,228 INFO scenario=minibatch_sgd seed=11 method=tango_mb count_mae=0.0284 proto_mse=0.010376
2026-05-20 07:57:55,229 INFO scenario=minibatch_sgd seed=11 method=tango_joint count_mae=0.0883 proto_mse=0.287634
2026-05-20 07:57:55,233 INFO scenario=minibatch_sgd seed=11 method=tango_coupled count_mae=0.7608 proto_mse=0.283196
2026-05-20 07:57:55,235 INFO scenario=minibatch_sgd seed=11 method=tango_dopt count_mae=0.0883 proto_mse=0.287634
2026-05-20 07:57:55,237 INFO scenario=minibatch_sgd seed=11 method=tango_trajectory_midpoint count_mae=0.7089 proto_mse=0.283360
2026-05-20 07:57:55,239 INFO scenario=minibatch_sgd seed=11 method=passive_multi_round count_mae=0.0710 proto_mse=0.744634
2026-05-20 07:57:55,240 INFO scenario=minibatch_sgd seed=11 method=passive_mb_scale_only count_mae=0.0237 proto_mse=0.162631
2026-05-20 07:57:55,241 INFO scenario=minibatch_sgd seed=11 method=passive_mb_r12_coupled count_mae=0.0308 proto_mse=0.162631
2026-05-20 07:57:55,243 INFO scenario=minibatch_sgd seed=11 method=public_prior count_mae=0.0000 proto_mse=0.410619
2026-05-20 07:57:55,244 INFO scenario=minibatch_sgd seed=11 method=oracle_aggregate count_mae=0.0000 proto_mse=0.000000
2026-05-20 07:57:55,249 INFO scenario=minibatch_sgd seed=19 method=tango_vanilla count_mae=3.7302 proto_mse=6.236028
2026-05-20 07:57:55,251 INFO scenario=minibatch_sgd seed=19 method=tango_mb count_mae=0.0985 proto_mse=0.007839
2026-05-20 07:57:55,252 INFO scenario=minibatch_sgd seed=19 method=tango_joint count_mae=0.1527 proto_mse=0.252104
2026-05-20 07:57:55,256 INFO scenario=minibatch_sgd seed=19 method=tango_coupled count_mae=1.8913 proto_mse=0.234810
2026-05-20 07:57:55,258 INFO scenario=minibatch_sgd seed=19 method=tango_dopt count_mae=0.1527 proto_mse=0.252104
2026-05-20 07:57:55,260 INFO scenario=minibatch_sgd seed=19 method=tango_trajectory_midpoint count_mae=1.8127 proto_mse=0.235319
2026-05-20 07:57:55,262 INFO scenario=minibatch_sgd seed=19 method=passive_multi_round count_mae=0.2463 proto_mse=0.720909
2026-05-20 07:57:55,263 INFO scenario=minibatch_sgd seed=19 method=passive_mb_scale_only count_mae=0.0821 proto_mse=0.126170
2026-05-20 07:57:55,265 INFO scenario=minibatch_sgd seed=19 method=passive_mb_r12_coupled count_mae=0.0798 proto_mse=0.126170
2026-05-20 07:57:55,266 INFO scenario=minibatch_sgd seed=19 method=public_prior count_mae=0.0000 proto_mse=0.376279
2026-05-20 07:57:55,267 INFO scenario=minibatch_sgd seed=19 method=oracle_aggregate count_mae=0.0000 proto_mse=0.000000
2026-05-20 07:57:55,272 INFO scenario=minibatch_sgd seed=23 method=tango_vanilla count_mae=1.6442 proto_mse=1.334516
2026-05-20 07:57:55,274 INFO scenario=minibatch_sgd seed=23 method=tango_mb count_mae=0.1065 proto_mse=0.008769
2026-05-20 07:57:55,276 INFO scenario=minibatch_sgd seed=23 method=tango_joint count_mae=0.3429 proto_mse=0.266137
2026-05-20 07:57:55,280 INFO scenario=minibatch_sgd seed=23 method=tango_coupled count_mae=1.3208 proto_mse=0.256229
2026-05-20 07:57:55,281 INFO scenario=minibatch_sgd seed=23 method=tango_dopt count_mae=0.3429 proto_mse=0.266137
2026-05-20 07:57:55,283 INFO scenario=minibatch_sgd seed=23 method=tango_trajectory_midpoint count_mae=1.2706 proto_mse=0.256479
2026-05-20 07:57:55,285 INFO scenario=minibatch_sgd seed=23 method=passive_multi_round count_mae=0.2976 proto_mse=0.717698
2026-05-20 07:57:55,286 INFO scenario=minibatch_sgd seed=23 method=passive_mb_scale_only count_mae=0.0992 proto_mse=0.135195
2026-05-20 07:57:55,288 INFO scenario=minibatch_sgd seed=23 method=passive_mb_r12_coupled count_mae=0.1102 proto_mse=0.135195
2026-05-20 07:57:55,289 INFO scenario=minibatch_sgd seed=23 method=public_prior count_mae=0.0000 proto_mse=0.394298
2026-05-20 07:57:55,290 INFO scenario=minibatch_sgd seed=23 method=oracle_aggregate count_mae=0.0000 proto_mse=0.000000
2026-05-20 07:57:55,296 INFO scenario=minibatch_sgd seed=29 method=tango_vanilla count_mae=0.6361 proto_mse=1.038834
2026-05-20 07:57:55,297 INFO scenario=minibatch_sgd seed=29 method=tango_mb count_mae=0.1374 proto_mse=0.013155
2026-05-20 07:57:55,299 INFO scenario=minibatch_sgd seed=29 method=tango_joint count_mae=0.1838 proto_mse=0.312208
2026-05-20 07:57:55,303 INFO scenario=minibatch_sgd seed=29 method=tango_coupled count_mae=0.4879 proto_mse=0.307419
2026-05-20 07:57:55,304 INFO scenario=minibatch_sgd seed=29 method=tango_dopt count_mae=0.1838 proto_mse=0.312208
2026-05-20 07:57:55,307 INFO scenario=minibatch_sgd seed=29 method=tango_trajectory_midpoint count_mae=0.4622 proto_mse=0.307481
2026-05-20 07:57:55,308 INFO scenario=minibatch_sgd seed=29 method=passive_multi_round count_mae=0.3840 proto_mse=0.788260
2026-05-20 07:57:55,310 INFO scenario=minibatch_sgd seed=29 method=passive_mb_scale_only count_mae=0.1280 proto_mse=0.173312
2026-05-20 07:57:55,311 INFO scenario=minibatch_sgd seed=29 method=passive_mb_r12_coupled count_mae=0.1203 proto_mse=0.173312
2026-05-20 07:57:55,312 INFO scenario=minibatch_sgd seed=29 method=public_prior count_mae=0.0000 proto_mse=0.446705
2026-05-20 07:57:55,313 INFO scenario=minibatch_sgd seed=29 method=oracle_aggregate count_mae=0.0000 proto_mse=0.000000
2026-05-20 07:57:55,319 INFO scenario=minibatch_sgd seed=31 method=tango_vanilla count_mae=3.0635 proto_mse=2.183711
2026-05-20 07:57:55,320 INFO scenario=minibatch_sgd seed=31 method=tango_mb count_mae=0.1053 proto_mse=0.013602
2026-05-20 07:57:55,322 INFO scenario=minibatch_sgd seed=31 method=tango_joint count_mae=0.3046 proto_mse=0.332172
2026-05-20 07:57:55,326 INFO scenario=minibatch_sgd seed=31 method=tango_coupled count_mae=1.9328 proto_mse=0.308835
2026-05-20 07:57:55,328 INFO scenario=minibatch_sgd seed=31 method=tango_dopt count_mae=0.3046 proto_mse=0.332172
2026-05-20 07:57:55,330 INFO scenario=minibatch_sgd seed=31 method=tango_trajectory_midpoint count_mae=1.8504 proto_mse=0.309761
2026-05-20 07:57:55,331 INFO scenario=minibatch_sgd seed=31 method=passive_multi_round count_mae=0.3729 proto_mse=0.813874
2026-05-20 07:57:55,333 INFO scenario=minibatch_sgd seed=31 method=passive_mb_scale_only count_mae=0.1243 proto_mse=0.195856
2026-05-20 07:57:55,334 INFO scenario=minibatch_sgd seed=31 method=passive_mb_r12_coupled count_mae=0.1297 proto_mse=0.195856
2026-05-20 07:57:55,335 INFO scenario=minibatch_sgd seed=31 method=public_prior count_mae=0.0000 proto_mse=0.465387
2026-05-20 07:57:55,336 INFO scenario=minibatch_sgd seed=31 method=oracle_aggregate count_mae=0.0000 proto_mse=0.000000
2026-05-20 07:57:55,342 INFO scenario=minibatch_sgd seed=37 method=tango_vanilla count_mae=4.7520 proto_mse=36.966372
2026-05-20 07:57:55,344 INFO scenario=minibatch_sgd seed=37 method=tango_mb count_mae=0.0843 proto_mse=0.006915
2026-05-20 07:57:55,345 INFO scenario=minibatch_sgd seed=37 method=tango_joint count_mae=0.2070 proto_mse=0.246698
2026-05-20 07:57:55,349 INFO scenario=minibatch_sgd seed=37 method=tango_coupled count_mae=2.1076 proto_mse=0.227685
2026-05-20 07:57:55,351 INFO scenario=minibatch_sgd seed=37 method=tango_dopt count_mae=0.2070 proto_mse=0.246698
2026-05-20 07:57:55,353 INFO scenario=minibatch_sgd seed=37 method=tango_trajectory_midpoint count_mae=2.0274 proto_mse=0.228199
2026-05-20 07:57:55,354 INFO scenario=minibatch_sgd seed=37 method=passive_multi_round count_mae=0.2606 proto_mse=0.702736
2026-05-20 07:57:55,356 INFO scenario=minibatch_sgd seed=37 method=passive_mb_scale_only count_mae=0.0869 proto_mse=0.131176
2026-05-20 07:57:55,357 INFO scenario=minibatch_sgd seed=37 method=passive_mb_r12_coupled count_mae=0.0815 proto_mse=0.131176
2026-05-20 07:57:55,358 INFO scenario=minibatch_sgd seed=37 method=public_prior count_mae=0.0000 proto_mse=0.362839
2026-05-20 07:57:55,359 INFO scenario=minibatch_sgd seed=37 method=oracle_aggregate count_mae=0.0000 proto_mse=0.000000
2026-05-20 07:57:55,359 INFO scenario=minibatch_nonzero_init effective_gradient_steps=18.0000
2026-05-20 07:57:55,366 INFO scenario=minibatch_nonzero_init seed=3 method=tango_vanilla count_mae=0.4145 proto_mse=1.316037
2026-05-20 07:57:55,368 INFO scenario=minibatch_nonzero_init seed=3 method=tango_mb count_mae=0.6965 proto_mse=0.017945
2026-05-20 07:57:55,370 INFO scenario=minibatch_nonzero_init seed=3 method=tango_joint count_mae=0.2060 proto_mse=0.260384
2026-05-20 07:57:55,373 INFO scenario=minibatch_nonzero_init seed=3 method=tango_coupled count_mae=1.1046 proto_mse=0.259450
2026-05-20 07:57:55,375 INFO scenario=minibatch_nonzero_init seed=3 method=tango_dopt count_mae=0.2060 proto_mse=0.260384
2026-05-20 07:57:55,377 INFO scenario=minibatch_nonzero_init seed=3 method=tango_trajectory_midpoint count_mae=1.0707 proto_mse=0.259498
2026-05-20 07:57:55,379 INFO scenario=minibatch_nonzero_init seed=3 method=passive_multi_round count_mae=3.5079 proto_mse=4.747283
2026-05-20 07:57:55,380 INFO scenario=minibatch_nonzero_init seed=3 method=passive_mb_scale_only count_mae=1.1693 proto_mse=0.162644
2026-05-20 07:57:55,382 INFO scenario=minibatch_nonzero_init seed=3 method=passive_mb_r12_coupled count_mae=1.1783 proto_mse=0.162644
2026-05-20 07:57:55,383 INFO scenario=minibatch_nonzero_init seed=3 method=public_prior count_mae=0.0000 proto_mse=0.404725
2026-05-20 07:57:55,384 INFO scenario=minibatch_nonzero_init seed=3 method=oracle_aggregate count_mae=0.0000 proto_mse=0.000000
2026-05-20 07:57:55,389 INFO scenario=minibatch_nonzero_init seed=7 method=tango_vanilla count_mae=2.8035 proto_mse=3.385520
2026-05-20 07:57:55,391 INFO scenario=minibatch_nonzero_init seed=7 method=tango_mb count_mae=0.7196 proto_mse=0.014850
2026-05-20 07:57:55,392 INFO scenario=minibatch_nonzero_init seed=7 method=tango_joint count_mae=0.4321 proto_mse=0.290718
2026-05-20 07:57:55,396 INFO scenario=minibatch_nonzero_init seed=7 method=tango_coupled count_mae=1.8325 proto_mse=0.280639
2026-05-20 07:57:55,398 INFO scenario=minibatch_nonzero_init seed=7 method=tango_dopt count_mae=0.4321 proto_mse=0.290718
2026-05-20 07:57:55,400 INFO scenario=minibatch_nonzero_init seed=7 method=tango_trajectory_midpoint count_mae=1.7187 proto_mse=0.281293
2026-05-20 07:57:55,401 INFO scenario=minibatch_nonzero_init seed=7 method=passive_multi_round count_mae=4.3133 proto_mse=23.066146
2026-05-20 07:57:55,403 INFO scenario=minibatch_nonzero_init seed=7 method=passive_mb_scale_only count_mae=1.4378 proto_mse=0.202646
2026-05-20 07:57:55,405 INFO scenario=minibatch_nonzero_init seed=7 method=passive_mb_r12_coupled count_mae=1.4433 proto_mse=0.202646
2026-05-20 07:57:55,406 INFO scenario=minibatch_nonzero_init seed=7 method=public_prior count_mae=0.0000 proto_mse=0.440698
2026-05-20 07:57:55,407 INFO scenario=minibatch_nonzero_init seed=7 method=oracle_aggregate count_mae=0.0000 proto_mse=0.000000
2026-05-20 07:57:55,412 INFO scenario=minibatch_nonzero_init seed=11 method=tango_vanilla count_mae=2.8536 proto_mse=2.548429
2026-05-20 07:57:55,414 INFO scenario=minibatch_nonzero_init seed=11 method=tango_mb count_mae=0.8362 proto_mse=0.022314
2026-05-20 07:57:55,415 INFO scenario=minibatch_nonzero_init seed=11 method=tango_joint count_mae=0.2030 proto_mse=0.288394
2026-05-20 07:57:55,419 INFO scenario=minibatch_nonzero_init seed=11 method=tango_coupled count_mae=0.9446 proto_mse=0.284839
2026-05-20 07:57:55,421 INFO scenario=minibatch_nonzero_init seed=11 method=tango_dopt count_mae=0.2030 proto_mse=0.288394
2026-05-20 07:57:55,423 INFO scenario=minibatch_nonzero_init seed=11 method=tango_trajectory_midpoint count_mae=0.7543 proto_mse=0.284976
2026-05-20 07:57:55,425 INFO scenario=minibatch_nonzero_init seed=11 method=passive_multi_round count_mae=2.2323 proto_mse=1.371854
2026-05-20 07:57:55,426 INFO scenario=minibatch_nonzero_init seed=11 method=passive_mb_scale_only count_mae=0.7441 proto_mse=0.182676
2026-05-20 07:57:55,428 INFO scenario=minibatch_nonzero_init seed=11 method=passive_mb_r12_coupled count_mae=0.7340 proto_mse=0.182676
2026-05-20 07:57:55,429 INFO scenario=minibatch_nonzero_init seed=11 method=public_prior count_mae=0.0000 proto_mse=0.410619
2026-05-20 07:57:55,430 INFO scenario=minibatch_nonzero_init seed=11 method=oracle_aggregate count_mae=0.0000 proto_mse=0.000000
2026-05-20 07:57:55,435 INFO scenario=minibatch_nonzero_init seed=19 method=tango_vanilla count_mae=4.8203 proto_mse=40.235159
2026-05-20 07:57:55,437 INFO scenario=minibatch_nonzero_init seed=19 method=tango_mb count_mae=0.4092 proto_mse=0.010346
2026-05-20 07:57:55,438 INFO scenario=minibatch_nonzero_init seed=19 method=tango_joint count_mae=0.1271 proto_mse=0.246502
2026-05-20 07:57:55,442 INFO scenario=minibatch_nonzero_init seed=19 method=tango_coupled count_mae=1.6524 proto_mse=0.231053
2026-05-20 07:57:55,444 INFO scenario=minibatch_nonzero_init seed=19 method=tango_dopt count_mae=0.1271 proto_mse=0.246502
2026-05-20 07:57:55,446 INFO scenario=minibatch_nonzero_init seed=19 method=tango_trajectory_midpoint count_mae=1.6312 proto_mse=0.231292
2026-05-20 07:57:55,448 INFO scenario=minibatch_nonzero_init seed=19 method=passive_multi_round count_mae=1.7528 proto_mse=1.405686
2026-05-20 07:57:55,449 INFO scenario=minibatch_nonzero_init seed=19 method=passive_mb_scale_only count_mae=0.5843 proto_mse=0.126863
2026-05-20 07:57:55,451 INFO scenario=minibatch_nonzero_init seed=19 method=passive_mb_r12_coupled count_mae=0.5827 proto_mse=0.126863
2026-05-20 07:57:55,452 INFO scenario=minibatch_nonzero_init seed=19 method=public_prior count_mae=0.0000 proto_mse=0.376279
2026-05-20 07:57:55,453 INFO scenario=minibatch_nonzero_init seed=19 method=oracle_aggregate count_mae=0.0000 proto_mse=0.000000
2026-05-20 07:57:55,458 INFO scenario=minibatch_nonzero_init seed=23 method=tango_vanilla count_mae=0.5668 proto_mse=0.880128
2026-05-20 07:57:55,460 INFO scenario=minibatch_nonzero_init seed=23 method=tango_mb count_mae=0.7769 proto_mse=0.014778
2026-05-20 07:57:55,461 INFO scenario=minibatch_nonzero_init seed=23 method=tango_joint count_mae=0.4937 proto_mse=0.274944
2026-05-20 07:57:55,465 INFO scenario=minibatch_nonzero_init seed=23 method=tango_coupled count_mae=1.6908 proto_mse=0.262678
2026-05-20 07:57:55,467 INFO scenario=minibatch_nonzero_init seed=23 method=tango_dopt count_mae=0.4937 proto_mse=0.274944
2026-05-20 07:57:55,469 INFO scenario=minibatch_nonzero_init seed=23 method=tango_trajectory_midpoint count_mae=1.5201 proto_mse=0.263233
2026-05-20 07:57:55,470 INFO scenario=minibatch_nonzero_init seed=23 method=passive_multi_round count_mae=1.9840 proto_mse=1.491390
2026-05-20 07:57:55,472 INFO scenario=minibatch_nonzero_init seed=23 method=passive_mb_scale_only count_mae=0.6613 proto_mse=0.143781
2026-05-20 07:57:55,473 INFO scenario=minibatch_nonzero_init seed=23 method=passive_mb_r12_coupled count_mae=0.6754 proto_mse=0.143781
2026-05-20 07:57:55,474 INFO scenario=minibatch_nonzero_init seed=23 method=public_prior count_mae=0.0000 proto_mse=0.394298
2026-05-20 07:57:55,475 INFO scenario=minibatch_nonzero_init seed=23 method=oracle_aggregate count_mae=0.0000 proto_mse=0.000000
2026-05-20 07:57:55,481 INFO scenario=minibatch_nonzero_init seed=29 method=tango_vanilla count_mae=0.9371 proto_mse=1.470785
2026-05-20 07:57:55,483 INFO scenario=minibatch_nonzero_init seed=29 method=tango_mb count_mae=0.0946 proto_mse=0.009508
2026-05-20 07:57:55,484 INFO scenario=minibatch_nonzero_init seed=29 method=tango_joint count_mae=0.1808 proto_mse=0.293410
2026-05-20 07:57:55,488 INFO scenario=minibatch_nonzero_init seed=29 method=tango_coupled count_mae=0.3971 proto_mse=0.292124
2026-05-20 07:57:55,490 INFO scenario=minibatch_nonzero_init seed=29 method=tango_dopt count_mae=0.1808 proto_mse=0.293410
2026-05-20 07:57:55,492 INFO scenario=minibatch_nonzero_init seed=29 method=tango_trajectory_midpoint count_mae=0.4015 proto_mse=0.292142
2026-05-20 07:57:55,493 INFO scenario=minibatch_nonzero_init seed=29 method=passive_multi_round count_mae=1.7263 proto_mse=0.978942
2026-05-20 07:57:55,495 INFO scenario=minibatch_nonzero_init seed=29 method=passive_mb_scale_only count_mae=0.5754 proto_mse=0.184840
2026-05-20 07:57:55,496 INFO scenario=minibatch_nonzero_init seed=29 method=passive_mb_r12_coupled count_mae=0.5817 proto_mse=0.184840
2026-05-20 07:57:55,497 INFO scenario=minibatch_nonzero_init seed=29 method=public_prior count_mae=0.0000 proto_mse=0.446705
2026-05-20 07:57:55,498 INFO scenario=minibatch_nonzero_init seed=29 method=oracle_aggregate count_mae=0.0000 proto_mse=0.000000
2026-05-20 07:57:55,504 INFO scenario=minibatch_nonzero_init seed=31 method=tango_vanilla count_mae=4.7767 proto_mse=28.920967
2026-05-20 07:57:55,505 INFO scenario=minibatch_nonzero_init seed=31 method=tango_mb count_mae=1.4983 proto_mse=0.034729
2026-05-20 07:57:55,507 INFO scenario=minibatch_nonzero_init seed=31 method=tango_joint count_mae=0.5568 proto_mse=0.356133
2026-05-20 07:57:55,511 INFO scenario=minibatch_nonzero_init seed=31 method=tango_coupled count_mae=2.1029 proto_mse=0.326768
2026-05-20 07:57:55,513 INFO scenario=minibatch_nonzero_init seed=31 method=tango_dopt count_mae=0.5568 proto_mse=0.356133
2026-05-20 07:57:55,515 INFO scenario=minibatch_nonzero_init seed=31 method=tango_trajectory_midpoint count_mae=1.9523 proto_mse=0.328029
2026-05-20 07:57:55,516 INFO scenario=minibatch_nonzero_init seed=31 method=passive_multi_round count_mae=2.7750 proto_mse=1.468862
2026-05-20 07:57:55,518 INFO scenario=minibatch_nonzero_init seed=31 method=passive_mb_scale_only count_mae=0.9250 proto_mse=0.223225
2026-05-20 07:57:55,519 INFO scenario=minibatch_nonzero_init seed=31 method=passive_mb_r12_coupled count_mae=0.9066 proto_mse=0.223225
2026-05-20 07:57:55,520 INFO scenario=minibatch_nonzero_init seed=31 method=public_prior count_mae=0.0000 proto_mse=0.465387
2026-05-20 07:57:55,521 INFO scenario=minibatch_nonzero_init seed=31 method=oracle_aggregate count_mae=0.0000 proto_mse=0.000000
2026-05-20 07:57:55,527 INFO scenario=minibatch_nonzero_init seed=37 method=tango_vanilla count_mae=2.3339 proto_mse=1.870925
2026-05-20 07:57:55,528 INFO scenario=minibatch_nonzero_init seed=37 method=tango_mb count_mae=1.2843 proto_mse=0.009898
2026-05-20 07:57:55,530 INFO scenario=minibatch_nonzero_init seed=37 method=tango_joint count_mae=0.6042 proto_mse=0.239993
2026-05-20 07:57:55,534 INFO scenario=minibatch_nonzero_init seed=37 method=tango_coupled count_mae=2.7366 proto_mse=0.219930
2026-05-20 07:57:55,535 INFO scenario=minibatch_nonzero_init seed=37 method=tango_dopt count_mae=0.6042 proto_mse=0.239993
2026-05-20 07:57:55,538 INFO scenario=minibatch_nonzero_init seed=37 method=tango_trajectory_midpoint count_mae=2.5167 proto_mse=0.220896
2026-05-20 07:57:55,539 INFO scenario=minibatch_nonzero_init seed=37 method=passive_multi_round count_mae=1.5751 proto_mse=1.415174
2026-05-20 07:57:55,541 INFO scenario=minibatch_nonzero_init seed=37 method=passive_mb_scale_only count_mae=0.5250 proto_mse=0.149645
2026-05-20 07:57:55,542 INFO scenario=minibatch_nonzero_init seed=37 method=passive_mb_r12_coupled count_mae=0.5254 proto_mse=0.149645
2026-05-20 07:57:55,543 INFO scenario=minibatch_nonzero_init seed=37 method=public_prior count_mae=0.0000 proto_mse=0.362839
2026-05-20 07:57:55,544 INFO scenario=minibatch_nonzero_init seed=37 method=oracle_aggregate count_mae=0.0000 proto_mse=0.000000
2026-05-20 07:57:55,544 INFO scenario=minibatch_label_noise effective_gradient_steps=18.0000
2026-05-20 07:57:55,550 INFO scenario=minibatch_label_noise seed=3 method=tango_vanilla count_mae=2.2087 proto_mse=1.149760
2026-05-20 07:57:55,551 INFO scenario=minibatch_label_noise seed=3 method=tango_mb count_mae=0.0656 proto_mse=0.010358
2026-05-20 07:57:55,553 INFO scenario=minibatch_label_noise seed=3 method=tango_joint count_mae=0.0471 proto_mse=0.242301
2026-05-20 07:57:55,557 INFO scenario=minibatch_label_noise seed=3 method=tango_coupled count_mae=0.8938 proto_mse=0.238264
2026-05-20 07:57:55,558 INFO scenario=minibatch_label_noise seed=3 method=tango_dopt count_mae=0.0471 proto_mse=0.242301
2026-05-20 07:57:55,561 INFO scenario=minibatch_label_noise seed=3 method=tango_trajectory_midpoint count_mae=0.8545 proto_mse=0.238390
2026-05-20 07:57:55,562 INFO scenario=minibatch_label_noise seed=3 method=passive_multi_round count_mae=0.2003 proto_mse=0.632082
2026-05-20 07:57:55,563 INFO scenario=minibatch_label_noise seed=3 method=passive_mb_scale_only count_mae=0.0668 proto_mse=0.133014
2026-05-20 07:57:55,565 INFO scenario=minibatch_label_noise seed=3 method=passive_mb_r12_coupled count_mae=0.0680 proto_mse=0.133014
2026-05-20 07:57:55,566 INFO scenario=minibatch_label_noise seed=3 method=public_prior count_mae=0.0000 proto_mse=0.348843
2026-05-20 07:57:55,568 INFO scenario=minibatch_label_noise seed=3 method=oracle_aggregate count_mae=0.0000 proto_mse=0.000000
2026-05-20 07:57:55,573 INFO scenario=minibatch_label_noise seed=7 method=tango_vanilla count_mae=1.0855 proto_mse=0.977927
2026-05-20 07:57:55,575 INFO scenario=minibatch_label_noise seed=7 method=tango_mb count_mae=0.9422 proto_mse=0.026011
2026-05-20 07:57:55,576 INFO scenario=minibatch_label_noise seed=7 method=tango_joint count_mae=0.4285 proto_mse=0.269735
2026-05-20 07:57:55,580 INFO scenario=minibatch_label_noise seed=7 method=tango_coupled count_mae=1.9374 proto_mse=0.269054
2026-05-20 07:57:55,582 INFO scenario=minibatch_label_noise seed=7 method=tango_dopt count_mae=0.4285 proto_mse=0.269735
2026-05-20 07:57:55,584 INFO scenario=minibatch_label_noise seed=7 method=tango_trajectory_midpoint count_mae=1.8928 proto_mse=0.269227
2026-05-20 07:57:55,586 INFO scenario=minibatch_label_noise seed=7 method=passive_multi_round count_mae=2.8399 proto_mse=1.752008
2026-05-20 07:57:55,587 INFO scenario=minibatch_label_noise seed=7 method=passive_mb_scale_only count_mae=0.9466 proto_mse=0.153864
2026-05-20 07:57:55,588 INFO scenario=minibatch_label_noise seed=7 method=passive_mb_r12_coupled count_mae=0.9561 proto_mse=0.153864
2026-05-20 07:57:55,590 INFO scenario=minibatch_label_noise seed=7 method=public_prior count_mae=0.0000 proto_mse=0.387743
2026-05-20 07:57:55,591 INFO scenario=minibatch_label_noise seed=7 method=oracle_aggregate count_mae=0.0000 proto_mse=0.000000
2026-05-20 07:57:55,596 INFO scenario=minibatch_label_noise seed=11 method=tango_vanilla count_mae=1.3094 proto_mse=0.947744
2026-05-20 07:57:55,598 INFO scenario=minibatch_label_noise seed=11 method=tango_mb count_mae=0.0444 proto_mse=0.009281
2026-05-20 07:57:55,599 INFO scenario=minibatch_label_noise seed=11 method=tango_joint count_mae=0.1127 proto_mse=0.264455
2026-05-20 07:57:55,603 INFO scenario=minibatch_label_noise seed=11 method=tango_coupled count_mae=0.8019 proto_mse=0.259054
2026-05-20 07:57:55,605 INFO scenario=minibatch_label_noise seed=11 method=tango_dopt count_mae=0.1127 proto_mse=0.264455
2026-05-20 07:57:55,607 INFO scenario=minibatch_label_noise seed=11 method=tango_trajectory_midpoint count_mae=0.7349 proto_mse=0.259310
2026-05-20 07:57:55,609 INFO scenario=minibatch_label_noise seed=11 method=passive_multi_round count_mae=0.1739 proto_mse=0.649732
2026-05-20 07:57:55,610 INFO scenario=minibatch_label_noise seed=11 method=passive_mb_scale_only count_mae=0.0580 proto_mse=0.161442
2026-05-20 07:57:55,612 INFO scenario=minibatch_label_noise seed=11 method=passive_mb_r12_coupled count_mae=0.0470 proto_mse=0.161442
2026-05-20 07:57:55,613 INFO scenario=minibatch_label_noise seed=11 method=public_prior count_mae=0.0000 proto_mse=0.366193
2026-05-20 07:57:55,614 INFO scenario=minibatch_label_noise seed=11 method=oracle_aggregate count_mae=0.0000 proto_mse=0.000000
2026-05-20 07:57:55,619 INFO scenario=minibatch_label_noise seed=19 method=tango_vanilla count_mae=0.7353 proto_mse=0.849416
2026-05-20 07:57:55,621 INFO scenario=minibatch_label_noise seed=19 method=tango_mb count_mae=1.0640 proto_mse=0.014102
2026-05-20 07:57:55,622 INFO scenario=minibatch_label_noise seed=19 method=tango_joint count_mae=0.4768 proto_mse=0.220229
2026-05-20 07:57:55,626 INFO scenario=minibatch_label_noise seed=19 method=tango_coupled count_mae=2.2180 proto_mse=0.211476
2026-05-20 07:57:55,628 INFO scenario=minibatch_label_noise seed=19 method=tango_dopt count_mae=0.4768 proto_mse=0.220229
2026-05-20 07:57:55,630 INFO scenario=minibatch_label_noise seed=19 method=tango_trajectory_midpoint count_mae=2.1474 proto_mse=0.211772
2026-05-20 07:57:55,632 INFO scenario=minibatch_label_noise seed=19 method=passive_multi_round count_mae=3.1655 proto_mse=1.085562
2026-05-20 07:57:55,633 INFO scenario=minibatch_label_noise seed=19 method=passive_mb_scale_only count_mae=1.0552 proto_mse=0.130021
2026-05-20 07:57:55,634 INFO scenario=minibatch_label_noise seed=19 method=passive_mb_r12_coupled count_mae=1.0575 proto_mse=0.130021
2026-05-20 07:57:55,636 INFO scenario=minibatch_label_noise seed=19 method=public_prior count_mae=0.0000 proto_mse=0.314038
2026-05-20 07:57:55,637 INFO scenario=minibatch_label_noise seed=19 method=oracle_aggregate count_mae=0.0000 proto_mse=0.000000
2026-05-20 07:57:55,642 INFO scenario=minibatch_label_noise seed=23 method=tango_vanilla count_mae=1.4229 proto_mse=1.051479
2026-05-20 07:57:55,644 INFO scenario=minibatch_label_noise seed=23 method=tango_mb count_mae=1.1108 proto_mse=0.012550
2026-05-20 07:57:55,646 INFO scenario=minibatch_label_noise seed=23 method=tango_joint count_mae=0.6766 proto_mse=0.233562
2026-05-20 07:57:55,649 INFO scenario=minibatch_label_noise seed=23 method=tango_coupled count_mae=1.6718 proto_mse=0.226639
2026-05-20 07:57:55,651 INFO scenario=minibatch_label_noise seed=23 method=tango_dopt count_mae=0.6766 proto_mse=0.233562
2026-05-20 07:57:55,653 INFO scenario=minibatch_label_noise seed=23 method=tango_trajectory_midpoint count_mae=1.6106 proto_mse=0.226838
2026-05-20 07:57:55,655 INFO scenario=minibatch_label_noise seed=23 method=passive_multi_round count_mae=3.3067 proto_mse=1.138093
2026-05-20 07:57:55,656 INFO scenario=minibatch_label_noise seed=23 method=passive_mb_scale_only count_mae=1.1022 proto_mse=0.137520
2026-05-20 07:57:55,657 INFO scenario=minibatch_label_noise seed=23 method=passive_mb_r12_coupled count_mae=1.1197 proto_mse=0.137520
2026-05-20 07:57:55,659 INFO scenario=minibatch_label_noise seed=23 method=public_prior count_mae=0.0000 proto_mse=0.331035
2026-05-20 07:57:55,660 INFO scenario=minibatch_label_noise seed=23 method=oracle_aggregate count_mae=0.0000 proto_mse=0.000000
2026-05-20 07:57:55,665 INFO scenario=minibatch_label_noise seed=29 method=tango_vanilla count_mae=1.9486 proto_mse=1.202704
2026-05-20 07:57:55,667 INFO scenario=minibatch_label_noise seed=29 method=tango_mb count_mae=0.6899 proto_mse=0.013528
2026-05-20 07:57:55,668 INFO scenario=minibatch_label_noise seed=29 method=tango_joint count_mae=0.3790 proto_mse=0.285572
2026-05-20 07:57:55,672 INFO scenario=minibatch_label_noise seed=29 method=tango_coupled count_mae=0.6510 proto_mse=0.282803
2026-05-20 07:57:55,674 INFO scenario=minibatch_label_noise seed=29 method=tango_dopt count_mae=0.3790 proto_mse=0.285572
2026-05-20 07:57:55,676 INFO scenario=minibatch_label_noise seed=29 method=tango_trajectory_midpoint count_mae=0.6209 proto_mse=0.282846
2026-05-20 07:57:55,677 INFO scenario=minibatch_label_noise seed=29 method=passive_multi_round count_mae=2.0548 proto_mse=0.962954
2026-05-20 07:57:55,679 INFO scenario=minibatch_label_noise seed=29 method=passive_mb_scale_only count_mae=0.6849 proto_mse=0.172270
2026-05-20 07:57:55,680 INFO scenario=minibatch_label_noise seed=29 method=passive_mb_r12_coupled count_mae=0.6920 proto_mse=0.172270
2026-05-20 07:57:55,681 INFO scenario=minibatch_label_noise seed=29 method=public_prior count_mae=0.0000 proto_mse=0.397189
2026-05-20 07:57:55,682 INFO scenario=minibatch_label_noise seed=29 method=oracle_aggregate count_mae=0.0000 proto_mse=0.000000
2026-05-20 07:57:55,688 INFO scenario=minibatch_label_noise seed=31 method=tango_vanilla count_mae=2.1370 proto_mse=1.739277
2026-05-20 07:57:55,690 INFO scenario=minibatch_label_noise seed=31 method=tango_mb count_mae=0.5942 proto_mse=0.016253
2026-05-20 07:57:55,691 INFO scenario=minibatch_label_noise seed=31 method=tango_joint count_mae=0.4572 proto_mse=0.298952
2026-05-20 07:57:55,695 INFO scenario=minibatch_label_noise seed=31 method=tango_coupled count_mae=2.0700 proto_mse=0.284900
2026-05-20 07:57:55,697 INFO scenario=minibatch_label_noise seed=31 method=tango_dopt count_mae=0.4572 proto_mse=0.298952
2026-05-20 07:57:55,699 INFO scenario=minibatch_label_noise seed=31 method=tango_trajectory_midpoint count_mae=2.0125 proto_mse=0.285331
2026-05-20 07:57:55,700 INFO scenario=minibatch_label_noise seed=31 method=passive_multi_round count_mae=1.7999 proto_mse=0.859147
2026-05-20 07:57:55,702 INFO scenario=minibatch_label_noise seed=31 method=passive_mb_scale_only count_mae=0.6000 proto_mse=0.195135
2026-05-20 07:57:55,703 INFO scenario=minibatch_label_noise seed=31 method=passive_mb_r12_coupled count_mae=0.5961 proto_mse=0.195135
2026-05-20 07:57:55,704 INFO scenario=minibatch_label_noise seed=31 method=public_prior count_mae=0.0000 proto_mse=0.401599
2026-05-20 07:57:55,705 INFO scenario=minibatch_label_noise seed=31 method=oracle_aggregate count_mae=0.0000 proto_mse=0.000000
2026-05-20 07:57:55,711 INFO scenario=minibatch_label_noise seed=37 method=tango_vanilla count_mae=3.2411 proto_mse=3.090958
2026-05-20 07:57:55,712 INFO scenario=minibatch_label_noise seed=37 method=tango_mb count_mae=0.6071 proto_mse=0.009678
2026-05-20 07:57:55,714 INFO scenario=minibatch_label_noise seed=37 method=tango_joint count_mae=0.3814 proto_mse=0.214120
2026-05-20 07:57:55,718 INFO scenario=minibatch_label_noise seed=37 method=tango_coupled count_mae=2.2675 proto_mse=0.201470
2026-05-20 07:57:55,720 INFO scenario=minibatch_label_noise seed=37 method=tango_dopt count_mae=0.3814 proto_mse=0.214120
2026-05-20 07:57:55,722 INFO scenario=minibatch_label_noise seed=37 method=tango_trajectory_midpoint count_mae=2.2037 proto_mse=0.201763
2026-05-20 07:57:55,723 INFO scenario=minibatch_label_noise seed=37 method=passive_multi_round count_mae=1.7860 proto_mse=0.757070
2026-05-20 07:57:55,725 INFO scenario=minibatch_label_noise seed=37 method=passive_mb_scale_only count_mae=0.5953 proto_mse=0.130848
2026-05-20 07:57:55,726 INFO scenario=minibatch_label_noise seed=37 method=passive_mb_r12_coupled count_mae=0.5829 proto_mse=0.130848
2026-05-20 07:57:55,727 INFO scenario=minibatch_label_noise seed=37 method=public_prior count_mae=0.0000 proto_mse=0.298927
2026-05-20 07:57:55,728 INFO scenario=minibatch_label_noise seed=37 method=oracle_aggregate count_mae=0.0000 proto_mse=0.000000
2026-05-20 07:57:55,728 INFO scenario=minibatch_terminal_noise effective_gradient_steps=18.0000
2026-05-20 07:57:55,734 INFO scenario=minibatch_terminal_noise seed=3 method=tango_vanilla count_mae=2.2596 proto_mse=1.472889
2026-05-20 07:57:55,736 INFO scenario=minibatch_terminal_noise seed=3 method=tango_mb count_mae=0.1324 proto_mse=0.012002
2026-05-20 07:57:55,737 INFO scenario=minibatch_terminal_noise seed=3 method=tango_joint count_mae=0.0545 proto_mse=0.271586
2026-05-20 07:57:55,743 INFO scenario=minibatch_terminal_noise seed=3 method=tango_coupled count_mae=0.8640 proto_mse=0.269261
2026-05-20 07:57:55,745 INFO scenario=minibatch_terminal_noise seed=3 method=tango_dopt count_mae=0.0545 proto_mse=0.271586
2026-05-20 07:57:55,747 INFO scenario=minibatch_terminal_noise seed=3 method=tango_trajectory_midpoint count_mae=0.8501 proto_mse=0.269288
2026-05-20 07:57:55,749 INFO scenario=minibatch_terminal_noise seed=3 method=passive_multi_round count_mae=0.2628 proto_mse=0.761221
2026-05-20 07:57:55,750 INFO scenario=minibatch_terminal_noise seed=3 method=passive_mb_scale_only count_mae=0.0876 proto_mse=0.134626
2026-05-20 07:57:55,752 INFO scenario=minibatch_terminal_noise seed=3 method=passive_mb_r12_coupled count_mae=0.0666 proto_mse=0.134626
2026-05-20 07:57:55,753 INFO scenario=minibatch_terminal_noise seed=3 method=public_prior count_mae=0.0000 proto_mse=0.409692
2026-05-20 07:57:55,754 INFO scenario=minibatch_terminal_noise seed=3 method=oracle_aggregate count_mae=0.0000 proto_mse=0.000000
2026-05-20 07:57:55,759 INFO scenario=minibatch_terminal_noise seed=7 method=tango_vanilla count_mae=3.0114 proto_mse=2.277649
2026-05-20 07:57:55,761 INFO scenario=minibatch_terminal_noise seed=7 method=tango_mb count_mae=0.1824 proto_mse=0.015113
2026-05-20 07:57:55,763 INFO scenario=minibatch_terminal_noise seed=7 method=tango_joint count_mae=0.2348 proto_mse=0.296441
2026-05-20 07:57:55,767 INFO scenario=minibatch_terminal_noise seed=7 method=tango_coupled count_mae=1.5897 proto_mse=0.286581
2026-05-20 07:57:55,768 INFO scenario=minibatch_terminal_noise seed=7 method=tango_dopt count_mae=0.2348 proto_mse=0.296441
2026-05-20 07:57:55,770 INFO scenario=minibatch_terminal_noise seed=7 method=tango_trajectory_midpoint count_mae=1.5337 proto_mse=0.286964
2026-05-20 07:57:55,772 INFO scenario=minibatch_terminal_noise seed=7 method=passive_multi_round count_mae=0.4073 proto_mse=0.797109
2026-05-20 07:57:55,773 INFO scenario=minibatch_terminal_noise seed=7 method=passive_mb_scale_only count_mae=0.1358 proto_mse=0.144866
2026-05-20 07:57:55,775 INFO scenario=minibatch_terminal_noise seed=7 method=passive_mb_r12_coupled count_mae=0.1715 proto_mse=0.144866
2026-05-20 07:57:55,776 INFO scenario=minibatch_terminal_noise seed=7 method=public_prior count_mae=0.0000 proto_mse=0.432838
2026-05-20 07:57:55,777 INFO scenario=minibatch_terminal_noise seed=7 method=oracle_aggregate count_mae=0.0000 proto_mse=0.000000
2026-05-20 07:57:55,782 INFO scenario=minibatch_terminal_noise seed=11 method=tango_vanilla count_mae=1.5724 proto_mse=1.273665
2026-05-20 07:57:55,784 INFO scenario=minibatch_terminal_noise seed=11 method=tango_mb count_mae=0.0706 proto_mse=0.010463
2026-05-20 07:57:55,785 INFO scenario=minibatch_terminal_noise seed=11 method=tango_joint count_mae=0.0776 proto_mse=0.287789
2026-05-20 07:57:55,789 INFO scenario=minibatch_terminal_noise seed=11 method=tango_coupled count_mae=0.7559 proto_mse=0.283225
2026-05-20 07:57:55,791 INFO scenario=minibatch_terminal_noise seed=11 method=tango_dopt count_mae=0.0776 proto_mse=0.287789
2026-05-20 07:57:55,793 INFO scenario=minibatch_terminal_noise seed=11 method=tango_trajectory_midpoint count_mae=0.7039 proto_mse=0.283390
2026-05-20 07:57:55,795 INFO scenario=minibatch_terminal_noise seed=11 method=passive_multi_round count_mae=0.1362 proto_mse=0.743979
2026-05-20 07:57:55,796 INFO scenario=minibatch_terminal_noise seed=11 method=passive_mb_scale_only count_mae=0.0454 proto_mse=0.162650
2026-05-20 07:57:55,797 INFO scenario=minibatch_terminal_noise seed=11 method=passive_mb_r12_coupled count_mae=0.0441 proto_mse=0.162650
2026-05-20 07:57:55,799 INFO scenario=minibatch_terminal_noise seed=11 method=public_prior count_mae=0.0000 proto_mse=0.418990
2026-05-20 07:57:55,800 INFO scenario=minibatch_terminal_noise seed=11 method=oracle_aggregate count_mae=0.0000 proto_mse=0.000000
2026-05-20 07:57:55,805 INFO scenario=minibatch_terminal_noise seed=19 method=tango_vanilla count_mae=3.7363 proto_mse=6.232674
2026-05-20 07:57:55,807 INFO scenario=minibatch_terminal_noise seed=19 method=tango_mb count_mae=0.1147 proto_mse=0.007869
2026-05-20 07:57:55,808 INFO scenario=minibatch_terminal_noise seed=19 method=tango_joint count_mae=0.1385 proto_mse=0.252636
2026-05-20 07:57:55,812 INFO scenario=minibatch_terminal_noise seed=19 method=tango_coupled count_mae=1.8907 proto_mse=0.234686
2026-05-20 07:57:55,814 INFO scenario=minibatch_terminal_noise seed=19 method=tango_dopt count_mae=0.1385 proto_mse=0.252636
2026-05-20 07:57:55,816 INFO scenario=minibatch_terminal_noise seed=19 method=tango_trajectory_midpoint count_mae=1.8121 proto_mse=0.235196
2026-05-20 07:57:55,818 INFO scenario=minibatch_terminal_noise seed=19 method=passive_multi_round count_mae=0.2403 proto_mse=0.724500
2026-05-20 07:57:55,819 INFO scenario=minibatch_terminal_noise seed=19 method=passive_mb_scale_only count_mae=0.0801 proto_mse=0.126143
2026-05-20 07:57:55,820 INFO scenario=minibatch_terminal_noise seed=19 method=passive_mb_r12_coupled count_mae=0.1034 proto_mse=0.126143
2026-05-20 07:57:55,822 INFO scenario=minibatch_terminal_noise seed=19 method=public_prior count_mae=0.0000 proto_mse=0.378525
2026-05-20 07:57:55,823 INFO scenario=minibatch_terminal_noise seed=19 method=oracle_aggregate count_mae=0.0000 proto_mse=0.000000
2026-05-20 07:57:55,828 INFO scenario=minibatch_terminal_noise seed=23 method=tango_vanilla count_mae=1.7321 proto_mse=1.398603
2026-05-20 07:57:55,830 INFO scenario=minibatch_terminal_noise seed=23 method=tango_mb count_mae=0.0632 proto_mse=0.008616
2026-05-20 07:57:55,831 INFO scenario=minibatch_terminal_noise seed=23 method=tango_joint count_mae=0.3152 proto_mse=0.266219
2026-05-20 07:57:55,835 INFO scenario=minibatch_terminal_noise seed=23 method=tango_coupled count_mae=1.3108 proto_mse=0.256277
2026-05-20 07:57:55,837 INFO scenario=minibatch_terminal_noise seed=23 method=tango_dopt count_mae=0.3152 proto_mse=0.266219
2026-05-20 07:57:55,839 INFO scenario=minibatch_terminal_noise seed=23 method=tango_trajectory_midpoint count_mae=1.2608 proto_mse=0.256525
2026-05-20 07:57:55,840 INFO scenario=minibatch_terminal_noise seed=23 method=passive_multi_round count_mae=0.3189 proto_mse=0.696004
2026-05-20 07:57:55,842 INFO scenario=minibatch_terminal_noise seed=23 method=passive_mb_scale_only count_mae=0.1063 proto_mse=0.135547
2026-05-20 07:57:55,843 INFO scenario=minibatch_terminal_noise seed=23 method=passive_mb_r12_coupled count_mae=0.0739 proto_mse=0.135547
2026-05-20 07:57:55,844 INFO scenario=minibatch_terminal_noise seed=23 method=public_prior count_mae=0.0000 proto_mse=0.391140
2026-05-20 07:57:55,845 INFO scenario=minibatch_terminal_noise seed=23 method=oracle_aggregate count_mae=0.0000 proto_mse=0.000000
2026-05-20 07:57:55,851 INFO scenario=minibatch_terminal_noise seed=29 method=tango_vanilla count_mae=0.5367 proto_mse=1.051887
2026-05-20 07:57:55,853 INFO scenario=minibatch_terminal_noise seed=29 method=tango_mb count_mae=0.1956 proto_mse=0.012952
2026-05-20 07:57:55,854 INFO scenario=minibatch_terminal_noise seed=29 method=tango_joint count_mae=0.1883 proto_mse=0.312650
2026-05-20 07:57:55,858 INFO scenario=minibatch_terminal_noise seed=29 method=tango_coupled count_mae=0.4907 proto_mse=0.307455
2026-05-20 07:57:55,860 INFO scenario=minibatch_terminal_noise seed=29 method=tango_dopt count_mae=0.1883 proto_mse=0.312650
2026-05-20 07:57:55,862 INFO scenario=minibatch_terminal_noise seed=29 method=tango_trajectory_midpoint count_mae=0.4651 proto_mse=0.307516
2026-05-20 07:57:55,864 INFO scenario=minibatch_terminal_noise seed=29 method=passive_multi_round count_mae=0.3657 proto_mse=0.807066
2026-05-20 07:57:55,865 INFO scenario=minibatch_terminal_noise seed=29 method=passive_mb_scale_only count_mae=0.1219 proto_mse=0.173071
2026-05-20 07:57:55,867 INFO scenario=minibatch_terminal_noise seed=29 method=passive_mb_r12_coupled count_mae=0.1329 proto_mse=0.173071
2026-05-20 07:57:55,868 INFO scenario=minibatch_terminal_noise seed=29 method=public_prior count_mae=0.0000 proto_mse=0.447233
2026-05-20 07:57:55,869 INFO scenario=minibatch_terminal_noise seed=29 method=oracle_aggregate count_mae=0.0000 proto_mse=0.000000
2026-05-20 07:57:55,875 INFO scenario=minibatch_terminal_noise seed=31 method=tango_vanilla count_mae=3.0337 proto_mse=2.090236
2026-05-20 07:57:55,876 INFO scenario=minibatch_terminal_noise seed=31 method=tango_mb count_mae=0.0896 proto_mse=0.014139
2026-05-20 07:57:55,878 INFO scenario=minibatch_terminal_noise seed=31 method=tango_joint count_mae=0.2985 proto_mse=0.332710
2026-05-20 07:57:55,882 INFO scenario=minibatch_terminal_noise seed=31 method=tango_coupled count_mae=1.9317 proto_mse=0.309095
2026-05-20 07:57:55,884 INFO scenario=minibatch_terminal_noise seed=31 method=tango_dopt count_mae=0.2985 proto_mse=0.332710
2026-05-20 07:57:55,886 INFO scenario=minibatch_terminal_noise seed=31 method=tango_trajectory_midpoint count_mae=1.8497 proto_mse=0.310014
2026-05-20 07:57:55,887 INFO scenario=minibatch_terminal_noise seed=31 method=passive_multi_round count_mae=0.3598 proto_mse=0.820850
2026-05-20 07:57:55,889 INFO scenario=minibatch_terminal_noise seed=31 method=passive_mb_scale_only count_mae=0.1199 proto_mse=0.195731
2026-05-20 07:57:55,890 INFO scenario=minibatch_terminal_noise seed=31 method=passive_mb_r12_coupled count_mae=0.1054 proto_mse=0.195731
2026-05-20 07:57:55,891 INFO scenario=minibatch_terminal_noise seed=31 method=public_prior count_mae=0.0000 proto_mse=0.450115
2026-05-20 07:57:55,892 INFO scenario=minibatch_terminal_noise seed=31 method=oracle_aggregate count_mae=0.0000 proto_mse=0.000000
2026-05-20 07:57:55,898 INFO scenario=minibatch_terminal_noise seed=37 method=tango_vanilla count_mae=4.7114 proto_mse=36.841861
2026-05-20 07:57:55,899 INFO scenario=minibatch_terminal_noise seed=37 method=tango_mb count_mae=0.0728 proto_mse=0.006964
2026-05-20 07:57:55,901 INFO scenario=minibatch_terminal_noise seed=37 method=tango_joint count_mae=0.2045 proto_mse=0.247144
2026-05-20 07:57:55,905 INFO scenario=minibatch_terminal_noise seed=37 method=tango_coupled count_mae=2.1156 proto_mse=0.227783
2026-05-20 07:57:55,907 INFO scenario=minibatch_terminal_noise seed=37 method=tango_dopt count_mae=0.2045 proto_mse=0.247144
2026-05-20 07:57:55,909 INFO scenario=minibatch_terminal_noise seed=37 method=tango_trajectory_midpoint count_mae=2.0352 proto_mse=0.228298
2026-05-20 07:57:55,910 INFO scenario=minibatch_terminal_noise seed=37 method=passive_multi_round count_mae=0.2734 proto_mse=0.702896
2026-05-20 07:57:55,912 INFO scenario=minibatch_terminal_noise seed=37 method=passive_mb_scale_only count_mae=0.0911 proto_mse=0.131105
2026-05-20 07:57:55,913 INFO scenario=minibatch_terminal_noise seed=37 method=passive_mb_r12_coupled count_mae=0.1091 proto_mse=0.131105
2026-05-20 07:57:55,914 INFO scenario=minibatch_terminal_noise seed=37 method=public_prior count_mae=0.0000 proto_mse=0.356940
2026-05-20 07:57:55,915 INFO scenario=minibatch_terminal_noise seed=37 method=oracle_aggregate count_mae=0.0000 proto_mse=0.000000
2026-05-20 07:57:55,915 INFO scenario=frozen_mlp_minibatch effective_gradient_steps=18.0000
2026-05-20 07:57:55,921 INFO scenario=frozen_mlp_minibatch seed=3 method=tango_vanilla count_mae=3.0672 proto_mse=3.654903
2026-05-20 07:57:55,922 INFO scenario=frozen_mlp_minibatch seed=3 method=tango_mb count_mae=0.8653 proto_mse=0.081660
2026-05-20 07:57:55,924 INFO scenario=frozen_mlp_minibatch seed=3 method=tango_joint count_mae=0.2699 proto_mse=0.475421
2026-05-20 07:57:55,928 INFO scenario=frozen_mlp_minibatch seed=3 method=tango_coupled count_mae=0.7689 proto_mse=0.474550
2026-05-20 07:57:55,930 INFO scenario=frozen_mlp_minibatch seed=3 method=tango_dopt count_mae=0.2699 proto_mse=0.475421
2026-05-20 07:57:55,932 INFO scenario=frozen_mlp_minibatch seed=3 method=tango_trajectory_midpoint count_mae=0.7911 proto_mse=0.475034
2026-05-20 07:57:55,933 INFO scenario=frozen_mlp_minibatch seed=3 method=passive_multi_round count_mae=2.5851 proto_mse=1.285534
2026-05-20 07:57:55,935 INFO scenario=frozen_mlp_minibatch seed=3 method=passive_mb_scale_only count_mae=0.8617 proto_mse=0.315173
2026-05-20 07:57:55,936 INFO scenario=frozen_mlp_minibatch seed=3 method=passive_mb_r12_coupled count_mae=0.8404 proto_mse=0.315173
2026-05-20 07:57:55,937 INFO scenario=frozen_mlp_minibatch seed=3 method=public_prior count_mae=0.0000 proto_mse=0.598250
2026-05-20 07:57:55,938 INFO scenario=frozen_mlp_minibatch seed=3 method=oracle_aggregate count_mae=0.0000 proto_mse=0.000000
2026-05-20 07:57:55,944 INFO scenario=frozen_mlp_minibatch seed=7 method=tango_vanilla count_mae=3.0671 proto_mse=3.949144
2026-05-20 07:57:55,945 INFO scenario=frozen_mlp_minibatch seed=7 method=tango_mb count_mae=0.4425 proto_mse=0.036962
2026-05-20 07:57:55,947 INFO scenario=frozen_mlp_minibatch seed=7 method=tango_joint count_mae=0.3280 proto_mse=0.411070
2026-05-20 07:57:55,951 INFO scenario=frozen_mlp_minibatch seed=7 method=tango_coupled count_mae=1.6832 proto_mse=0.397520
2026-05-20 07:57:55,953 INFO scenario=frozen_mlp_minibatch seed=7 method=tango_dopt count_mae=0.3280 proto_mse=0.411070
2026-05-20 07:57:55,955 INFO scenario=frozen_mlp_minibatch seed=7 method=tango_trajectory_midpoint count_mae=1.5860 proto_mse=0.398550
2026-05-20 07:57:55,956 INFO scenario=frozen_mlp_minibatch seed=7 method=passive_multi_round count_mae=1.3266 proto_mse=0.871102
2026-05-20 07:57:55,958 INFO scenario=frozen_mlp_minibatch seed=7 method=passive_mb_scale_only count_mae=0.4422 proto_mse=0.261337
2026-05-20 07:57:55,959 INFO scenario=frozen_mlp_minibatch seed=7 method=passive_mb_r12_coupled count_mae=0.4471 proto_mse=0.261337
2026-05-20 07:57:55,960 INFO scenario=frozen_mlp_minibatch seed=7 method=public_prior count_mae=0.0000 proto_mse=0.547081
2026-05-20 07:57:55,961 INFO scenario=frozen_mlp_minibatch seed=7 method=oracle_aggregate count_mae=0.0000 proto_mse=0.000000
2026-05-20 07:57:55,967 INFO scenario=frozen_mlp_minibatch seed=11 method=tango_vanilla count_mae=3.3465 proto_mse=1.908379
2026-05-20 07:57:55,968 INFO scenario=frozen_mlp_minibatch seed=11 method=tango_mb count_mae=0.8913 proto_mse=0.128146
2026-05-20 07:57:55,970 INFO scenario=frozen_mlp_minibatch seed=11 method=tango_joint count_mae=0.2660 proto_mse=0.739593
2026-05-20 07:57:55,974 INFO scenario=frozen_mlp_minibatch seed=11 method=tango_coupled count_mae=0.9085 proto_mse=0.734823
2026-05-20 07:57:55,975 INFO scenario=frozen_mlp_minibatch seed=11 method=tango_dopt count_mae=0.2660 proto_mse=0.739593
2026-05-20 07:57:55,978 INFO scenario=frozen_mlp_minibatch seed=11 method=tango_trajectory_midpoint count_mae=0.8136 proto_mse=0.735586
2026-05-20 07:57:55,979 INFO scenario=frozen_mlp_minibatch seed=11 method=passive_multi_round count_mae=2.6806 proto_mse=1.304496
2026-05-20 07:57:55,981 INFO scenario=frozen_mlp_minibatch seed=11 method=passive_mb_scale_only count_mae=0.8935 proto_mse=0.527149
2026-05-20 07:57:55,982 INFO scenario=frozen_mlp_minibatch seed=11 method=passive_mb_r12_coupled count_mae=0.8946 proto_mse=0.527149
2026-05-20 07:57:55,983 INFO scenario=frozen_mlp_minibatch seed=11 method=public_prior count_mae=0.0000 proto_mse=0.903117
2026-05-20 07:57:55,984 INFO scenario=frozen_mlp_minibatch seed=11 method=oracle_aggregate count_mae=0.0000 proto_mse=0.000000
2026-05-20 07:57:55,990 INFO scenario=frozen_mlp_minibatch seed=19 method=tango_vanilla count_mae=3.3888 proto_mse=3.838912
2026-05-20 07:57:55,991 INFO scenario=frozen_mlp_minibatch seed=19 method=tango_mb count_mae=0.6318 proto_mse=0.438114
2026-05-20 07:57:55,993 INFO scenario=frozen_mlp_minibatch seed=19 method=tango_joint count_mae=0.2104 proto_mse=1.251978
2026-05-20 07:57:55,997 INFO scenario=frozen_mlp_minibatch seed=19 method=tango_coupled count_mae=2.0644 proto_mse=1.211401
2026-05-20 07:57:55,998 INFO scenario=frozen_mlp_minibatch seed=19 method=tango_dopt count_mae=0.2104 proto_mse=1.251978
2026-05-20 07:57:56,000 INFO scenario=frozen_mlp_minibatch seed=19 method=tango_trajectory_midpoint count_mae=1.8532 proto_mse=1.214816
2026-05-20 07:57:56,002 INFO scenario=frozen_mlp_minibatch seed=19 method=passive_multi_round count_mae=2.0004 proto_mse=1.157094
2026-05-20 07:57:56,003 INFO scenario=frozen_mlp_minibatch seed=19 method=passive_mb_scale_only count_mae=0.6668 proto_mse=0.892943
2026-05-20 07:57:56,005 INFO scenario=frozen_mlp_minibatch seed=19 method=passive_mb_r12_coupled count_mae=0.6676 proto_mse=0.892943
2026-05-20 07:57:56,006 INFO scenario=frozen_mlp_minibatch seed=19 method=public_prior count_mae=0.0000 proto_mse=1.512597
2026-05-20 07:57:56,007 INFO scenario=frozen_mlp_minibatch seed=19 method=oracle_aggregate count_mae=0.0000 proto_mse=0.000000
2026-05-20 07:57:56,014 INFO scenario=frozen_mlp_minibatch seed=23 method=tango_vanilla count_mae=0.6939 proto_mse=0.734094
2026-05-20 07:57:56,015 INFO scenario=frozen_mlp_minibatch seed=23 method=tango_mb count_mae=0.4065 proto_mse=0.066794
2026-05-20 07:57:56,017 INFO scenario=frozen_mlp_minibatch seed=23 method=tango_joint count_mae=0.4457 proto_mse=0.438759
2026-05-20 07:57:56,021 INFO scenario=frozen_mlp_minibatch seed=23 method=tango_coupled count_mae=1.5049 proto_mse=0.406099
2026-05-20 07:57:56,022 INFO scenario=frozen_mlp_minibatch seed=23 method=tango_dopt count_mae=0.4457 proto_mse=0.438759
2026-05-20 07:57:56,024 INFO scenario=frozen_mlp_minibatch seed=23 method=tango_trajectory_midpoint count_mae=1.3830 proto_mse=0.408295
2026-05-20 07:57:56,026 INFO scenario=frozen_mlp_minibatch seed=23 method=passive_multi_round count_mae=1.2325 proto_mse=0.626852
2026-05-20 07:57:56,027 INFO scenario=frozen_mlp_minibatch seed=23 method=passive_mb_scale_only count_mae=0.4108 proto_mse=0.180120
2026-05-20 07:57:56,029 INFO scenario=frozen_mlp_minibatch seed=23 method=passive_mb_r12_coupled count_mae=0.4066 proto_mse=0.180120
2026-05-20 07:57:56,030 INFO scenario=frozen_mlp_minibatch seed=23 method=public_prior count_mae=0.0000 proto_mse=0.642517
2026-05-20 07:57:56,031 INFO scenario=frozen_mlp_minibatch seed=23 method=oracle_aggregate count_mae=0.0000 proto_mse=0.000000
2026-05-20 07:57:56,037 INFO scenario=frozen_mlp_minibatch seed=29 method=tango_vanilla count_mae=1.1096 proto_mse=1.072216
2026-05-20 07:57:56,038 INFO scenario=frozen_mlp_minibatch seed=29 method=tango_mb count_mae=0.5878 proto_mse=0.100282
2026-05-20 07:57:56,040 INFO scenario=frozen_mlp_minibatch seed=29 method=tango_joint count_mae=0.1216 proto_mse=0.672657
2026-05-20 07:57:56,044 INFO scenario=frozen_mlp_minibatch seed=29 method=tango_coupled count_mae=0.5748 proto_mse=0.661778
2026-05-20 07:57:56,045 INFO scenario=frozen_mlp_minibatch seed=29 method=tango_dopt count_mae=0.1216 proto_mse=0.672657
2026-05-20 07:57:56,047 INFO scenario=frozen_mlp_minibatch seed=29 method=tango_trajectory_midpoint count_mae=0.5136 proto_mse=0.662471
2026-05-20 07:57:56,049 INFO scenario=frozen_mlp_minibatch seed=29 method=passive_multi_round count_mae=1.7233 proto_mse=1.051808
2026-05-20 07:57:56,050 INFO scenario=frozen_mlp_minibatch seed=29 method=passive_mb_scale_only count_mae=0.5744 proto_mse=0.509278
2026-05-20 07:57:56,052 INFO scenario=frozen_mlp_minibatch seed=29 method=passive_mb_r12_coupled count_mae=0.5545 proto_mse=0.509278
2026-05-20 07:57:56,053 INFO scenario=frozen_mlp_minibatch seed=29 method=public_prior count_mae=0.0000 proto_mse=0.803462
2026-05-20 07:57:56,054 INFO scenario=frozen_mlp_minibatch seed=29 method=oracle_aggregate count_mae=0.0000 proto_mse=0.000000
2026-05-20 07:57:56,059 INFO scenario=frozen_mlp_minibatch seed=31 method=tango_vanilla count_mae=2.9924 proto_mse=4.317040
2026-05-20 07:57:56,061 INFO scenario=frozen_mlp_minibatch seed=31 method=tango_mb count_mae=0.6938 proto_mse=0.117591
2026-05-20 07:57:56,063 INFO scenario=frozen_mlp_minibatch seed=31 method=tango_joint count_mae=0.3574 proto_mse=0.725928
2026-05-20 07:57:56,066 INFO scenario=frozen_mlp_minibatch seed=31 method=tango_coupled count_mae=2.1202 proto_mse=0.681930
2026-05-20 07:57:56,068 INFO scenario=frozen_mlp_minibatch seed=31 method=tango_dopt count_mae=0.3574 proto_mse=0.725928
2026-05-20 07:57:56,070 INFO scenario=frozen_mlp_minibatch seed=31 method=tango_trajectory_midpoint count_mae=2.0014 proto_mse=0.684337
2026-05-20 07:57:56,072 INFO scenario=frozen_mlp_minibatch seed=31 method=passive_multi_round count_mae=2.0994 proto_mse=1.160004
2026-05-20 07:57:56,073 INFO scenario=frozen_mlp_minibatch seed=31 method=passive_mb_scale_only count_mae=0.6998 proto_mse=0.437663
2026-05-20 07:57:56,075 INFO scenario=frozen_mlp_minibatch seed=31 method=passive_mb_r12_coupled count_mae=0.6968 proto_mse=0.437663
2026-05-20 07:57:56,076 INFO scenario=frozen_mlp_minibatch seed=31 method=public_prior count_mae=0.0000 proto_mse=0.950232
2026-05-20 07:57:56,077 INFO scenario=frozen_mlp_minibatch seed=31 method=oracle_aggregate count_mae=0.0000 proto_mse=0.000000
2026-05-20 07:57:56,082 INFO scenario=frozen_mlp_minibatch seed=37 method=tango_vanilla count_mae=3.0854 proto_mse=2.862849
2026-05-20 07:57:56,084 INFO scenario=frozen_mlp_minibatch seed=37 method=tango_mb count_mae=0.4321 proto_mse=0.039999
2026-05-20 07:57:56,085 INFO scenario=frozen_mlp_minibatch seed=37 method=tango_joint count_mae=0.3295 proto_mse=0.472021
2026-05-20 07:57:56,089 INFO scenario=frozen_mlp_minibatch seed=37 method=tango_coupled count_mae=2.3751 proto_mse=0.424086
2026-05-20 07:57:56,091 INFO scenario=frozen_mlp_minibatch seed=37 method=tango_dopt count_mae=0.3295 proto_mse=0.472021
2026-05-20 07:57:56,093 INFO scenario=frozen_mlp_minibatch seed=37 method=tango_trajectory_midpoint count_mae=2.2266 proto_mse=0.425870
2026-05-20 07:57:56,095 INFO scenario=frozen_mlp_minibatch seed=37 method=passive_multi_round count_mae=1.2946 proto_mse=0.847429
2026-05-20 07:57:56,096 INFO scenario=frozen_mlp_minibatch seed=37 method=passive_mb_scale_only count_mae=0.4315 proto_mse=0.258223
2026-05-20 07:57:56,098 INFO scenario=frozen_mlp_minibatch seed=37 method=passive_mb_r12_coupled count_mae=0.4299 proto_mse=0.258223
2026-05-20 07:57:56,099 INFO scenario=frozen_mlp_minibatch seed=37 method=public_prior count_mae=0.0000 proto_mse=0.654102
2026-05-20 07:57:56,100 INFO scenario=frozen_mlp_minibatch seed=37 method=oracle_aggregate count_mae=0.0000 proto_mse=0.000000
2026-05-20 07:57:56,100 INFO scenario=balanced_clean effective_gradient_steps=3.0000
2026-05-20 07:57:56,102 INFO scenario=balanced_clean seed=3 method=tango_vanilla count_mae=0.0151 proto_mse=0.000179
2026-05-20 07:57:56,104 INFO scenario=balanced_clean seed=3 method=tango_mb count_mae=0.0147 proto_mse=0.000179
2026-05-20 07:57:56,105 INFO scenario=balanced_clean seed=3 method=tango_joint count_mae=0.0168 proto_mse=0.127295
2026-05-20 07:57:56,109 INFO scenario=balanced_clean seed=3 method=tango_coupled count_mae=0.0567 proto_mse=0.130935
2026-05-20 07:57:56,111 INFO scenario=balanced_clean seed=3 method=tango_dopt count_mae=0.0168 proto_mse=0.127295
2026-05-20 07:57:56,113 INFO scenario=balanced_clean seed=3 method=tango_trajectory_midpoint count_mae=0.0172 proto_mse=0.130867
2026-05-20 07:57:56,115 INFO scenario=balanced_clean seed=3 method=passive_multi_round count_mae=0.0147 proto_mse=0.127284
2026-05-20 07:57:56,116 INFO scenario=balanced_clean seed=3 method=passive_mb_scale_only count_mae=0.0147 proto_mse=0.127284
2026-05-20 07:57:56,118 INFO scenario=balanced_clean seed=3 method=passive_mb_r12_coupled count_mae=0.0147 proto_mse=0.127284
2026-05-20 07:57:56,120 INFO scenario=balanced_clean seed=3 method=public_prior count_mae=0.0000 proto_mse=0.404725
2026-05-20 07:57:56,121 INFO scenario=balanced_clean seed=3 method=oracle_aggregate count_mae=0.0000 proto_mse=0.000000
2026-05-20 07:57:56,123 INFO scenario=balanced_clean seed=7 method=tango_vanilla count_mae=0.0592 proto_mse=0.000219
2026-05-20 07:57:56,125 INFO scenario=balanced_clean seed=7 method=tango_mb count_mae=0.0226 proto_mse=0.000219
2026-05-20 07:57:56,127 INFO scenario=balanced_clean seed=7 method=tango_joint count_mae=0.0290 proto_mse=0.135237
2026-05-20 07:57:56,130 INFO scenario=balanced_clean seed=7 method=tango_coupled count_mae=0.1100 proto_mse=0.144671
2026-05-20 07:57:56,132 INFO scenario=balanced_clean seed=7 method=tango_dopt count_mae=0.0290 proto_mse=0.135237
2026-05-20 07:57:56,134 INFO scenario=balanced_clean seed=7 method=tango_trajectory_midpoint count_mae=0.0628 proto_mse=0.144864
2026-05-20 07:57:56,136 INFO scenario=balanced_clean seed=7 method=passive_multi_round count_mae=0.0226 proto_mse=0.135155
2026-05-20 07:57:56,137 INFO scenario=balanced_clean seed=7 method=passive_mb_scale_only count_mae=0.0226 proto_mse=0.135155
2026-05-20 07:57:56,138 INFO scenario=balanced_clean seed=7 method=passive_mb_r12_coupled count_mae=0.0226 proto_mse=0.135155
2026-05-20 07:57:56,140 INFO scenario=balanced_clean seed=7 method=public_prior count_mae=0.0000 proto_mse=0.440698
2026-05-20 07:57:56,141 INFO scenario=balanced_clean seed=7 method=oracle_aggregate count_mae=0.0000 proto_mse=0.000000
2026-05-20 07:57:56,143 INFO scenario=balanced_clean seed=11 method=tango_vanilla count_mae=0.0264 proto_mse=0.000157
2026-05-20 07:57:56,145 INFO scenario=balanced_clean seed=11 method=tango_mb count_mae=0.0100 proto_mse=0.000157
2026-05-20 07:57:56,146 INFO scenario=balanced_clean seed=11 method=tango_joint count_mae=0.0055 proto_mse=0.156046
2026-05-20 07:57:56,150 INFO scenario=balanced_clean seed=11 method=tango_coupled count_mae=0.0808 proto_mse=0.158510
2026-05-20 07:57:56,152 INFO scenario=balanced_clean seed=11 method=tango_dopt count_mae=0.0055 proto_mse=0.156046
2026-05-20 07:57:56,154 INFO scenario=balanced_clean seed=11 method=tango_trajectory_midpoint count_mae=0.0290 proto_mse=0.158610
2026-05-20 07:57:56,155 INFO scenario=balanced_clean seed=11 method=passive_multi_round count_mae=0.0100 proto_mse=0.155968
2026-05-20 07:57:56,157 INFO scenario=balanced_clean seed=11 method=passive_mb_scale_only count_mae=0.0100 proto_mse=0.155968
2026-05-20 07:57:56,158 INFO scenario=balanced_clean seed=11 method=passive_mb_r12_coupled count_mae=0.0100 proto_mse=0.155968
2026-05-20 07:57:56,159 INFO scenario=balanced_clean seed=11 method=public_prior count_mae=0.0000 proto_mse=0.410619
2026-05-20 07:57:56,160 INFO scenario=balanced_clean seed=11 method=oracle_aggregate count_mae=0.0000 proto_mse=0.000000
2026-05-20 07:57:56,163 INFO scenario=balanced_clean seed=19 method=tango_vanilla count_mae=0.0417 proto_mse=0.000094
2026-05-20 07:57:56,164 INFO scenario=balanced_clean seed=19 method=tango_mb count_mae=0.0110 proto_mse=0.000094
2026-05-20 07:57:56,166 INFO scenario=balanced_clean seed=19 method=tango_joint count_mae=0.0115 proto_mse=0.119896
2026-05-20 07:57:56,170 INFO scenario=balanced_clean seed=19 method=tango_coupled count_mae=0.1154 proto_mse=0.131167
2026-05-20 07:57:56,172 INFO scenario=balanced_clean seed=19 method=tango_dopt count_mae=0.0115 proto_mse=0.119896
2026-05-20 07:57:56,174 INFO scenario=balanced_clean seed=19 method=tango_trajectory_midpoint count_mae=0.0443 proto_mse=0.131873
2026-05-20 07:57:56,175 INFO scenario=balanced_clean seed=19 method=passive_multi_round count_mae=0.0110 proto_mse=0.119838
2026-05-20 07:57:56,177 INFO scenario=balanced_clean seed=19 method=passive_mb_scale_only count_mae=0.0110 proto_mse=0.119838
2026-05-20 07:57:56,178 INFO scenario=balanced_clean seed=19 method=passive_mb_r12_coupled count_mae=0.0110 proto_mse=0.119838
2026-05-20 07:57:56,179 INFO scenario=balanced_clean seed=19 method=public_prior count_mae=0.0000 proto_mse=0.376279
2026-05-20 07:57:56,180 INFO scenario=balanced_clean seed=19 method=oracle_aggregate count_mae=0.0000 proto_mse=0.000000
2026-05-20 07:57:56,183 INFO scenario=balanced_clean seed=23 method=tango_vanilla count_mae=0.0687 proto_mse=0.000125
2026-05-20 07:57:56,184 INFO scenario=balanced_clean seed=23 method=tango_mb count_mae=0.0141 proto_mse=0.000125
2026-05-20 07:57:56,186 INFO scenario=balanced_clean seed=23 method=tango_joint count_mae=0.0257 proto_mse=0.127722
2026-05-20 07:57:56,190 INFO scenario=balanced_clean seed=23 method=tango_coupled count_mae=0.1071 proto_mse=0.132220
2026-05-20 07:57:56,191 INFO scenario=balanced_clean seed=23 method=tango_dopt count_mae=0.0257 proto_mse=0.127722
2026-05-20 07:57:56,193 INFO scenario=balanced_clean seed=23 method=tango_trajectory_midpoint count_mae=0.0682 proto_mse=0.132548
2026-05-20 07:57:56,195 INFO scenario=balanced_clean seed=23 method=passive_multi_round count_mae=0.0141 proto_mse=0.127497
2026-05-20 07:57:56,196 INFO scenario=balanced_clean seed=23 method=passive_mb_scale_only count_mae=0.0141 proto_mse=0.127497
2026-05-20 07:57:56,198 INFO scenario=balanced_clean seed=23 method=passive_mb_r12_coupled count_mae=0.0141 proto_mse=0.127497
2026-05-20 07:57:56,199 INFO scenario=balanced_clean seed=23 method=public_prior count_mae=0.0000 proto_mse=0.394298
2026-05-20 07:57:56,200 INFO scenario=balanced_clean seed=23 method=oracle_aggregate count_mae=0.0000 proto_mse=0.000000
2026-05-20 07:57:56,203 INFO scenario=balanced_clean seed=29 method=tango_vanilla count_mae=0.0298 proto_mse=0.000177
2026-05-20 07:57:56,204 INFO scenario=balanced_clean seed=29 method=tango_mb count_mae=0.0224 proto_mse=0.000177
2026-05-20 07:57:56,206 INFO scenario=balanced_clean seed=29 method=tango_joint count_mae=0.0247 proto_mse=0.165285
2026-05-20 07:57:56,210 INFO scenario=balanced_clean seed=29 method=tango_coupled count_mae=0.0523 proto_mse=0.165766
2026-05-20 07:57:56,211 INFO scenario=balanced_clean seed=29 method=tango_dopt count_mae=0.0247 proto_mse=0.165285
2026-05-20 07:57:56,213 INFO scenario=balanced_clean seed=29 method=tango_trajectory_midpoint count_mae=0.0295 proto_mse=0.165908
2026-05-20 07:57:56,215 INFO scenario=balanced_clean seed=29 method=passive_multi_round count_mae=0.0224 proto_mse=0.165269
2026-05-20 07:57:56,216 INFO scenario=balanced_clean seed=29 method=passive_mb_scale_only count_mae=0.0224 proto_mse=0.165269
2026-05-20 07:57:56,218 INFO scenario=balanced_clean seed=29 method=passive_mb_r12_coupled count_mae=0.0224 proto_mse=0.165269
2026-05-20 07:57:56,219 INFO scenario=balanced_clean seed=29 method=public_prior count_mae=0.0000 proto_mse=0.446705
2026-05-20 07:57:56,220 INFO scenario=balanced_clean seed=29 method=oracle_aggregate count_mae=0.0000 proto_mse=0.000000
2026-05-20 07:57:56,223 INFO scenario=balanced_clean seed=31 method=tango_vanilla count_mae=0.0635 proto_mse=0.000164
2026-05-20 07:57:56,224 INFO scenario=balanced_clean seed=31 method=tango_mb count_mae=0.0149 proto_mse=0.000164
2026-05-20 07:57:56,226 INFO scenario=balanced_clean seed=31 method=tango_joint count_mae=0.0241 proto_mse=0.188375
2026-05-20 07:57:56,230 INFO scenario=balanced_clean seed=31 method=tango_coupled count_mae=0.1419 proto_mse=0.205306
2026-05-20 07:57:56,232 INFO scenario=balanced_clean seed=31 method=tango_dopt count_mae=0.0241 proto_mse=0.188375
2026-05-20 07:57:56,234 INFO scenario=balanced_clean seed=31 method=tango_trajectory_midpoint count_mae=0.0646 proto_mse=0.206017
2026-05-20 07:57:56,236 INFO scenario=balanced_clean seed=31 method=passive_multi_round count_mae=0.0149 proto_mse=0.188069
2026-05-20 07:57:56,237 INFO scenario=balanced_clean seed=31 method=passive_mb_scale_only count_mae=0.0149 proto_mse=0.188069
2026-05-20 07:57:56,239 INFO scenario=balanced_clean seed=31 method=passive_mb_r12_coupled count_mae=0.0149 proto_mse=0.188069
2026-05-20 07:57:56,240 INFO scenario=balanced_clean seed=31 method=public_prior count_mae=0.0000 proto_mse=0.465387
2026-05-20 07:57:56,241 INFO scenario=balanced_clean seed=31 method=oracle_aggregate count_mae=0.0000 proto_mse=0.000000
2026-05-20 07:57:56,243 INFO scenario=balanced_clean seed=37 method=tango_vanilla count_mae=0.0306 proto_mse=0.000089
2026-05-20 07:57:56,245 INFO scenario=balanced_clean seed=37 method=tango_mb count_mae=0.0118 proto_mse=0.000089
2026-05-20 07:57:56,247 INFO scenario=balanced_clean seed=37 method=tango_joint count_mae=0.0168 proto_mse=0.126136
2026-05-20 07:57:56,250 INFO scenario=balanced_clean seed=37 method=tango_coupled count_mae=0.1016 proto_mse=0.142503
2026-05-20 07:57:56,252 INFO scenario=balanced_clean seed=37 method=tango_dopt count_mae=0.0168 proto_mse=0.126136
2026-05-20 07:57:56,254 INFO scenario=balanced_clean seed=37 method=tango_trajectory_midpoint count_mae=0.0346 proto_mse=0.143365
2026-05-20 07:57:56,256 INFO scenario=balanced_clean seed=37 method=passive_multi_round count_mae=0.0118 proto_mse=0.126051
2026-05-20 07:57:56,257 INFO scenario=balanced_clean seed=37 method=passive_mb_scale_only count_mae=0.0118 proto_mse=0.126051
2026-05-20 07:57:56,259 INFO scenario=balanced_clean seed=37 method=passive_mb_r12_coupled count_mae=0.0118 proto_mse=0.126051
2026-05-20 07:57:56,260 INFO scenario=balanced_clean seed=37 method=public_prior count_mae=0.0000 proto_mse=0.362839
2026-05-20 07:57:56,261 INFO scenario=balanced_clean seed=37 method=oracle_aggregate count_mae=0.0000 proto_mse=0.000000
2026-05-20 07:57:56,261 INFO scenario=imbalanced_clean effective_gradient_steps=3.0000
2026-05-20 07:57:56,263 INFO scenario=imbalanced_clean seed=3 method=tango_vanilla count_mae=0.1138 proto_mse=0.000531
2026-05-20 07:57:56,265 INFO scenario=imbalanced_clean seed=3 method=tango_mb count_mae=0.1304 proto_mse=0.000531
2026-05-20 07:57:56,266 INFO scenario=imbalanced_clean seed=3 method=tango_joint count_mae=0.1202 proto_mse=0.264827
2026-05-20 07:57:56,270 INFO scenario=imbalanced_clean seed=3 method=tango_coupled count_mae=0.0823 proto_mse=0.312081
2026-05-20 07:57:56,272 INFO scenario=imbalanced_clean seed=3 method=tango_dopt count_mae=0.1202 proto_mse=0.264827
2026-05-20 07:57:56,274 INFO scenario=imbalanced_clean seed=3 method=tango_trajectory_midpoint count_mae=0.1083 proto_mse=0.309581
2026-05-20 07:57:56,275 INFO scenario=imbalanced_clean seed=3 method=passive_multi_round count_mae=0.1304 proto_mse=0.265950
2026-05-20 07:57:56,277 INFO scenario=imbalanced_clean seed=3 method=passive_mb_scale_only count_mae=0.1304 proto_mse=0.265950
2026-05-20 07:57:56,278 INFO scenario=imbalanced_clean seed=3 method=passive_mb_r12_coupled count_mae=0.1304 proto_mse=0.265950
2026-05-20 07:57:56,280 INFO scenario=imbalanced_clean seed=3 method=public_prior count_mae=2.6667 proto_mse=0.445430
2026-05-20 07:57:56,281 INFO scenario=imbalanced_clean seed=3 method=oracle_aggregate count_mae=0.0000 proto_mse=0.000000
2026-05-20 07:57:56,283 INFO scenario=imbalanced_clean seed=7 method=tango_vanilla count_mae=0.1878 proto_mse=0.000657
2026-05-20 07:57:56,285 INFO scenario=imbalanced_clean seed=7 method=tango_mb count_mae=0.1803 proto_mse=0.000657
2026-05-20 07:57:56,286 INFO scenario=imbalanced_clean seed=7 method=tango_joint count_mae=0.1836 proto_mse=0.297105
2026-05-20 07:57:56,290 INFO scenario=imbalanced_clean seed=7 method=tango_coupled count_mae=0.2447 proto_mse=0.323774
2026-05-20 07:57:56,292 INFO scenario=imbalanced_clean seed=7 method=tango_dopt count_mae=0.1836 proto_mse=0.297105
2026-05-20 07:57:56,294 INFO scenario=imbalanced_clean seed=7 method=tango_trajectory_midpoint count_mae=0.1930 proto_mse=0.328894
2026-05-20 07:57:56,295 INFO scenario=imbalanced_clean seed=7 method=passive_multi_round count_mae=0.1803 proto_mse=0.283718
2026-05-20 07:57:56,297 INFO scenario=imbalanced_clean seed=7 method=passive_mb_scale_only count_mae=0.1803 proto_mse=0.283718
2026-05-20 07:57:56,298 INFO scenario=imbalanced_clean seed=7 method=passive_mb_r12_coupled count_mae=0.1803 proto_mse=0.283718
2026-05-20 07:57:56,299 INFO scenario=imbalanced_clean seed=7 method=public_prior count_mae=2.6667 proto_mse=0.390214
2026-05-20 07:57:56,300 INFO scenario=imbalanced_clean seed=7 method=oracle_aggregate count_mae=0.0000 proto_mse=0.000000
2026-05-20 07:57:56,303 INFO scenario=imbalanced_clean seed=11 method=tango_vanilla count_mae=0.1078 proto_mse=0.000265
2026-05-20 07:57:56,304 INFO scenario=imbalanced_clean seed=11 method=tango_mb count_mae=0.1494 proto_mse=0.000265
2026-05-20 07:57:56,306 INFO scenario=imbalanced_clean seed=11 method=tango_joint count_mae=0.1417 proto_mse=0.302507
2026-05-20 07:57:56,310 INFO scenario=imbalanced_clean seed=11 method=tango_coupled count_mae=0.1336 proto_mse=0.265106
2026-05-20 07:57:56,311 INFO scenario=imbalanced_clean seed=11 method=tango_dopt count_mae=0.1417 proto_mse=0.302507
2026-05-20 07:57:56,314 INFO scenario=imbalanced_clean seed=11 method=tango_trajectory_midpoint count_mae=0.1143 proto_mse=0.265809
2026-05-20 07:57:56,315 INFO scenario=imbalanced_clean seed=11 method=passive_multi_round count_mae=0.1494 proto_mse=0.305565
2026-05-20 07:57:56,316 INFO scenario=imbalanced_clean seed=11 method=passive_mb_scale_only count_mae=0.1494 proto_mse=0.305565
2026-05-20 07:57:56,318 INFO scenario=imbalanced_clean seed=11 method=passive_mb_r12_coupled count_mae=0.1494 proto_mse=0.305565
2026-05-20 07:57:56,319 INFO scenario=imbalanced_clean seed=11 method=public_prior count_mae=2.6667 proto_mse=0.375039
2026-05-20 07:57:56,320 INFO scenario=imbalanced_clean seed=11 method=oracle_aggregate count_mae=0.0000 proto_mse=0.000000
2026-05-20 07:57:56,323 INFO scenario=imbalanced_clean seed=19 method=tango_vanilla count_mae=0.1444 proto_mse=0.000481
2026-05-20 07:57:56,324 INFO scenario=imbalanced_clean seed=19 method=tango_mb count_mae=0.1471 proto_mse=0.000481
2026-05-20 07:57:56,326 INFO scenario=imbalanced_clean seed=19 method=tango_joint count_mae=0.1455 proto_mse=0.253577
2026-05-20 07:57:56,330 INFO scenario=imbalanced_clean seed=19 method=tango_coupled count_mae=0.1803 proto_mse=0.412911
2026-05-20 07:57:56,331 INFO scenario=imbalanced_clean seed=19 method=tango_dopt count_mae=0.1455 proto_mse=0.253577
2026-05-20 07:57:56,333 INFO scenario=imbalanced_clean seed=19 method=tango_trajectory_midpoint count_mae=0.1452 proto_mse=0.418397
2026-05-20 07:57:56,335 INFO scenario=imbalanced_clean seed=19 method=passive_multi_round count_mae=0.1471 proto_mse=0.245613
2026-05-20 07:57:56,336 INFO scenario=imbalanced_clean seed=19 method=passive_mb_scale_only count_mae=0.1471 proto_mse=0.245613
2026-05-20 07:57:56,338 INFO scenario=imbalanced_clean seed=19 method=passive_mb_r12_coupled count_mae=0.1471 proto_mse=0.245613
2026-05-20 07:57:56,339 INFO scenario=imbalanced_clean seed=19 method=public_prior count_mae=2.6667 proto_mse=0.428503
2026-05-20 07:57:56,340 INFO scenario=imbalanced_clean seed=19 method=oracle_aggregate count_mae=0.0000 proto_mse=0.000000
2026-05-20 07:57:56,342 INFO scenario=imbalanced_clean seed=23 method=tango_vanilla count_mae=0.0643 proto_mse=0.000302
2026-05-20 07:57:56,344 INFO scenario=imbalanced_clean seed=23 method=tango_mb count_mae=0.1283 proto_mse=0.000302
2026-05-20 07:57:56,345 INFO scenario=imbalanced_clean seed=23 method=tango_joint count_mae=0.1148 proto_mse=0.212168
2026-05-20 07:57:56,349 INFO scenario=imbalanced_clean seed=23 method=tango_coupled count_mae=0.0094 proto_mse=0.172017
2026-05-20 07:57:56,351 INFO scenario=imbalanced_clean seed=23 method=tango_dopt count_mae=0.1148 proto_mse=0.212168
2026-05-20 07:57:56,353 INFO scenario=imbalanced_clean seed=23 method=tango_trajectory_midpoint count_mae=0.0601 proto_mse=0.170296
2026-05-20 07:57:56,355 INFO scenario=imbalanced_clean seed=23 method=passive_multi_round count_mae=0.1283 proto_mse=0.224140
2026-05-20 07:57:56,356 INFO scenario=imbalanced_clean seed=23 method=passive_mb_scale_only count_mae=0.1283 proto_mse=0.224140
2026-05-20 07:57:56,357 INFO scenario=imbalanced_clean seed=23 method=passive_mb_r12_coupled count_mae=0.1283 proto_mse=0.224140
2026-05-20 07:57:56,359 INFO scenario=imbalanced_clean seed=23 method=public_prior count_mae=2.6667 proto_mse=0.438730
2026-05-20 07:57:56,360 INFO scenario=imbalanced_clean seed=23 method=oracle_aggregate count_mae=0.0000 proto_mse=0.000000
2026-05-20 07:57:56,362 INFO scenario=imbalanced_clean seed=29 method=tango_vanilla count_mae=0.1360 proto_mse=0.000381
2026-05-20 07:57:56,364 INFO scenario=imbalanced_clean seed=29 method=tango_mb count_mae=0.1763 proto_mse=0.000381
2026-05-20 07:57:56,365 INFO scenario=imbalanced_clean seed=29 method=tango_joint count_mae=0.1704 proto_mse=0.311567
2026-05-20 07:57:56,369 INFO scenario=imbalanced_clean seed=29 method=tango_coupled count_mae=0.2087 proto_mse=0.348544
2026-05-20 07:57:56,371 INFO scenario=imbalanced_clean seed=29 method=tango_dopt count_mae=0.1704 proto_mse=0.311567
2026-05-20 07:57:56,373 INFO scenario=imbalanced_clean seed=29 method=tango_trajectory_midpoint count_mae=0.1412 proto_mse=0.352820
2026-05-20 07:57:56,374 INFO scenario=imbalanced_clean seed=29 method=passive_multi_round count_mae=0.1763 proto_mse=0.315462
2026-05-20 07:57:56,376 INFO scenario=imbalanced_clean seed=29 method=passive_mb_scale_only count_mae=0.1763 proto_mse=0.315462
2026-05-20 07:57:56,377 INFO scenario=imbalanced_clean seed=29 method=passive_mb_r12_coupled count_mae=0.1763 proto_mse=0.315462
2026-05-20 07:57:56,378 INFO scenario=imbalanced_clean seed=29 method=public_prior count_mae=2.6667 proto_mse=0.447008
2026-05-20 07:57:56,379 INFO scenario=imbalanced_clean seed=29 method=oracle_aggregate count_mae=0.0000 proto_mse=0.000000
2026-05-20 07:57:56,382 INFO scenario=imbalanced_clean seed=31 method=tango_vanilla count_mae=0.0648 proto_mse=0.000190
2026-05-20 07:57:56,383 INFO scenario=imbalanced_clean seed=31 method=tango_mb count_mae=0.1458 proto_mse=0.000190
2026-05-20 07:57:56,385 INFO scenario=imbalanced_clean seed=31 method=tango_joint count_mae=0.1360 proto_mse=0.310554
2026-05-20 07:57:56,389 INFO scenario=imbalanced_clean seed=31 method=tango_coupled count_mae=0.0701 proto_mse=0.212786
2026-05-20 07:57:56,390 INFO scenario=imbalanced_clean seed=31 method=tango_dopt count_mae=0.1360 proto_mse=0.310554
2026-05-20 07:57:56,392 INFO scenario=imbalanced_clean seed=31 method=tango_trajectory_midpoint count_mae=0.0706 proto_mse=0.212765
2026-05-20 07:57:56,394 INFO scenario=imbalanced_clean seed=31 method=passive_multi_round count_mae=0.1458 proto_mse=0.335138
2026-05-20 07:57:56,395 INFO scenario=imbalanced_clean seed=31 method=passive_mb_scale_only count_mae=0.1458 proto_mse=0.335138
2026-05-20 07:57:56,397 INFO scenario=imbalanced_clean seed=31 method=passive_mb_r12_coupled count_mae=0.1458 proto_mse=0.335138
2026-05-20 07:57:56,398 INFO scenario=imbalanced_clean seed=31 method=public_prior count_mae=2.6667 proto_mse=0.466650
2026-05-20 07:57:56,399 INFO scenario=imbalanced_clean seed=31 method=oracle_aggregate count_mae=0.0000 proto_mse=0.000000
2026-05-20 07:57:56,402 INFO scenario=imbalanced_clean seed=37 method=tango_vanilla count_mae=0.0665 proto_mse=0.000247
2026-05-20 07:57:56,403 INFO scenario=imbalanced_clean seed=37 method=tango_mb count_mae=0.1372 proto_mse=0.000247
2026-05-20 07:57:56,405 INFO scenario=imbalanced_clean seed=37 method=tango_joint count_mae=0.1246 proto_mse=0.252546
2026-05-20 07:57:56,409 INFO scenario=imbalanced_clean seed=37 method=tango_coupled count_mae=0.0659 proto_mse=0.247567
2026-05-20 07:57:56,410 INFO scenario=imbalanced_clean seed=37 method=tango_dopt count_mae=0.1246 proto_mse=0.252546
2026-05-20 07:57:56,412 INFO scenario=imbalanced_clean seed=37 method=tango_trajectory_midpoint count_mae=0.0583 proto_mse=0.245999
2026-05-20 07:57:56,414 INFO scenario=imbalanced_clean seed=37 method=passive_multi_round count_mae=0.1372 proto_mse=0.258440
2026-05-20 07:57:56,415 INFO scenario=imbalanced_clean seed=37 method=passive_mb_scale_only count_mae=0.1372 proto_mse=0.258440
2026-05-20 07:57:56,417 INFO scenario=imbalanced_clean seed=37 method=passive_mb_r12_coupled count_mae=0.1372 proto_mse=0.258440
2026-05-20 07:57:56,418 INFO scenario=imbalanced_clean seed=37 method=public_prior count_mae=2.6667 proto_mse=0.459534
2026-05-20 07:57:56,419 INFO scenario=imbalanced_clean seed=37 method=oracle_aggregate count_mae=0.0000 proto_mse=0.000000
2026-05-20 07:57:56,472 INFO wrote /workspace/artifacts/round13_metrics.json
2026-05-20 07:57:56,472 INFO phase2_primary={'scenario': 'minibatch_sgd', 'passive_prototype_mse_mean': 0.7532224427330506, 'passive_prototype_mse_median': 0.7508806811901247, 'passive_mb_scale_only_prototype_mse_mean': 0.15052416933561713, 'passive_mb_scale_only_prototype_mse_median': 0.1401890991638744, 'passive_mb_scale_only_prototype_mse_iqr': 0.03150480805586517, 'passive_mb_r12_coupled_prototype_mse_mean': 0.15052416933561713, 'tango_mb_prototype_mse_mean': 0.011025348154678465, 'tango_mb_prototype_mse_median': 0.011406367115738615, 'tango_mb_prototype_mse_iqr': 0.004729788087105695, 'tango_joint_prototype_mse_mean': 0.2831726120776326, 'tango_joint_prototype_mse_median': 0.2797289970554694, 'tango_joint_prototype_mse_iqr': 0.03787597130512049, 'tango_coupled_prototype_mse_mean': 0.2717895308628642, 'tango_coupled_prototype_mse_median': 0.2763648714899947, 'tango_dopt_prototype_mse_mean': 0.2831726120776326, 'tango_trajectory_midpoint_prototype_mse_mean': 0.2721443433342082, 'tango_mb_count_mae_mean': 0.10048982792321062, 'tango_joint_count_mae_mean': 0.1950344811839319, 'passive_count_mae_mean': 0.2947947378128666, 'count_mae_beats_passive': 1.0, 'tango_mb_vs_passive_gain_x': 68.31733856979658, 'active_over_r11_scaling_only_x': 13.652554751456455, 'phase2_primary_win': 1.0, 'best_new_direction': 'tango_coupled', 'any_new_direction_beats_tango_mb': 0.0, 'least_bad_new_direction_mse': 0.2717895308628642}
2026-05-20 07:57:56,472 INFO headline={'minibatch_tango_mb_mse_mean': 0.011025348154678465, 'minibatch_tango_mb_mse_median': 0.011406367115738615, 'minibatch_tango_joint_mse_mean': 0.2831726120776326, 'minibatch_tango_joint_mse_median': 0.2797289970554694, 'minibatch_passive_mse_mean': 0.7532224427330506, 'minibatch_passive_mb_scale_only_mse_mean': 0.15052416933561713, 'minibatch_phase2_win': 1.0, 'balanced_tango_mb_mse_mean': 0.00015058279086769904, 'best_new_direction': 'tango_coupled'}
2026-05-20 07:57:56,472 INFO lemma_mb_b_empirical={'within_step_weight_drift_mean': 0.11151655531317048, 'within_step_weight_drift_std': 0.0038869582240486904, 'note': 'Corrected from erroneous 0.42 in proofs.md Round 12'}
