2026-05-20 16:47:00,737 INFO Round 08 TANGO stress benchmark started
2026-05-20 16:47:00,737 INFO scenario=balanced_clean config={'n_classes': 3, 'class_counts': (8, 8, 8), 'dim_x': 10, 'prototype_scale': 2.0, 'within_class_std': 0.55, 'lr': 0.04, 'local_steps': 3, 'probe_rounds': (1, 2, 4, 8), 'bias_scale': 1.2, 'terminal_noise_std': 0.0, 'seeds': (3, 7, 11, 19, 23, 29, 31, 37)}
2026-05-20 16:47:00,782 INFO scenario=balanced_clean seed=3 rounds=1 proto_mse=0.127284 indiv_mse=0.391132 cond=7113553036423888.00
2026-05-20 16:47:00,783 INFO scenario=balanced_clean seed=3 rounds=2 proto_mse=0.000332 indiv_mse=0.264181 cond=459.64
2026-05-20 16:47:00,784 INFO scenario=balanced_clean seed=3 rounds=4 proto_mse=0.000191 indiv_mse=0.264039 cond=56.29
2026-05-20 16:47:00,786 INFO scenario=balanced_clean seed=3 rounds=8 proto_mse=0.000179 indiv_mse=0.264027 cond=23.75
2026-05-20 16:47:00,787 INFO scenario=balanced_clean seed=7 rounds=1 proto_mse=0.135155 indiv_mse=0.361476 cond=7113553036423888.00
2026-05-20 16:47:00,789 INFO scenario=balanced_clean seed=7 rounds=2 proto_mse=0.000402 indiv_mse=0.226723 cond=86.24
2026-05-20 16:47:00,790 INFO scenario=balanced_clean seed=7 rounds=4 proto_mse=0.000266 indiv_mse=0.226587 cond=36.52
2026-05-20 16:47:00,791 INFO scenario=balanced_clean seed=7 rounds=8 proto_mse=0.000219 indiv_mse=0.226540 cond=23.79
2026-05-20 16:47:00,792 INFO scenario=balanced_clean seed=11 rounds=1 proto_mse=0.155968 indiv_mse=0.487890 cond=7113553036423888.00
2026-05-20 16:47:00,793 INFO scenario=balanced_clean seed=11 rounds=2 proto_mse=0.000233 indiv_mse=0.281374 cond=79.43
2026-05-20 16:47:00,795 INFO scenario=balanced_clean seed=11 rounds=4 proto_mse=0.000129 indiv_mse=0.281460 cond=32.93
2026-05-20 16:47:00,796 INFO scenario=balanced_clean seed=11 rounds=8 proto_mse=0.000157 indiv_mse=0.281473 cond=24.21
2026-05-20 16:47:00,797 INFO scenario=balanced_clean seed=19 rounds=1 proto_mse=0.119838 indiv_mse=0.445332 cond=7113553036423888.00
2026-05-20 16:47:00,798 INFO scenario=balanced_clean seed=19 rounds=2 proto_mse=0.000256 indiv_mse=0.244877 cond=118.52
2026-05-20 16:47:00,799 INFO scenario=balanced_clean seed=19 rounds=4 proto_mse=0.000182 indiv_mse=0.244802 cond=46.34
2026-05-20 16:47:00,801 INFO scenario=balanced_clean seed=19 rounds=8 proto_mse=0.000094 indiv_mse=0.244715 cond=18.98
2026-05-20 16:47:00,802 INFO scenario=balanced_clean seed=23 rounds=1 proto_mse=0.127497 indiv_mse=0.505439 cond=7113553036423888.00
2026-05-20 16:47:00,803 INFO scenario=balanced_clean seed=23 rounds=2 proto_mse=0.000325 indiv_mse=0.359085 cond=94.13
2026-05-20 16:47:00,804 INFO scenario=balanced_clean seed=23 rounds=4 proto_mse=0.000254 indiv_mse=0.359150 cond=58.40
2026-05-20 16:47:00,806 INFO scenario=balanced_clean seed=23 rounds=8 proto_mse=0.000125 indiv_mse=0.359113 cond=20.57
2026-05-20 16:47:00,807 INFO scenario=balanced_clean seed=29 rounds=1 proto_mse=0.165269 indiv_mse=0.450899 cond=7113553036423888.00
2026-05-20 16:47:00,808 INFO scenario=balanced_clean seed=29 rounds=2 proto_mse=0.000273 indiv_mse=0.285903 cond=51.31
2026-05-20 16:47:00,809 INFO scenario=balanced_clean seed=29 rounds=4 proto_mse=0.000201 indiv_mse=0.285831 cond=33.49
2026-05-20 16:47:00,811 INFO scenario=balanced_clean seed=29 rounds=8 proto_mse=0.000177 indiv_mse=0.285807 cond=19.67
2026-05-20 16:47:00,812 INFO scenario=balanced_clean seed=31 rounds=1 proto_mse=0.188069 indiv_mse=0.420380 cond=7113553036423888.00
2026-05-20 16:47:00,813 INFO scenario=balanced_clean seed=31 rounds=2 proto_mse=0.000294 indiv_mse=0.232605 cond=91.50
2026-05-20 16:47:00,814 INFO scenario=balanced_clean seed=31 rounds=4 proto_mse=0.000181 indiv_mse=0.232492 cond=33.67
2026-05-20 16:47:00,816 INFO scenario=balanced_clean seed=31 rounds=8 proto_mse=0.000164 indiv_mse=0.232474 cond=18.65
2026-05-20 16:47:00,817 INFO scenario=balanced_clean seed=37 rounds=1 proto_mse=0.126051 indiv_mse=0.365168 cond=7113553036423888.00
2026-05-20 16:47:00,819 INFO scenario=balanced_clean seed=37 rounds=2 proto_mse=0.000079 indiv_mse=0.239196 cond=46.20
2026-05-20 16:47:00,820 INFO scenario=balanced_clean seed=37 rounds=4 proto_mse=0.000099 indiv_mse=0.239216 cond=34.22
2026-05-20 16:47:00,822 INFO scenario=balanced_clean seed=37 rounds=8 proto_mse=0.000089 indiv_mse=0.239206 cond=19.27
2026-05-20 16:47:00,822 INFO scenario=imbalanced_clean config={'n_classes': 3, 'class_counts': (4, 8, 12), 'dim_x': 10, 'prototype_scale': 2.0, 'within_class_std': 0.55, 'lr': 0.04, 'local_steps': 3, 'probe_rounds': (1, 2, 4, 8), 'bias_scale': 1.2, 'terminal_noise_std': 0.0, 'seeds': (3, 7, 11, 19, 23, 29, 31, 37)}
2026-05-20 16:47:00,823 INFO scenario=imbalanced_clean seed=3 rounds=1 proto_mse=0.265950 indiv_mse=0.453836 cond=7113553036423888.00
2026-05-20 16:47:00,824 INFO scenario=imbalanced_clean seed=3 rounds=2 proto_mse=0.000861 indiv_mse=0.269669 cond=459.64
2026-05-20 16:47:00,825 INFO scenario=imbalanced_clean seed=3 rounds=4 proto_mse=0.000901 indiv_mse=0.269547 cond=56.29
2026-05-20 16:47:00,827 INFO scenario=imbalanced_clean seed=3 rounds=8 proto_mse=0.000531 indiv_mse=0.269337 cond=23.75
2026-05-20 16:47:00,829 INFO scenario=imbalanced_clean seed=7 rounds=1 proto_mse=0.283718 indiv_mse=0.430695 cond=7113553036423888.00
2026-05-20 16:47:00,830 INFO scenario=imbalanced_clean seed=7 rounds=2 proto_mse=0.000876 indiv_mse=0.233792 cond=86.24
2026-05-20 16:47:00,831 INFO scenario=imbalanced_clean seed=7 rounds=4 proto_mse=0.000779 indiv_mse=0.233770 cond=36.52
2026-05-20 16:47:00,832 INFO scenario=imbalanced_clean seed=7 rounds=8 proto_mse=0.000657 indiv_mse=0.233694 cond=23.79
2026-05-20 16:47:00,833 INFO scenario=imbalanced_clean seed=11 rounds=1 proto_mse=0.305565 indiv_mse=0.501697 cond=7113553036423888.00
2026-05-20 16:47:00,834 INFO scenario=imbalanced_clean seed=11 rounds=2 proto_mse=0.000343 indiv_mse=0.288852 cond=79.43
2026-05-20 16:47:00,836 INFO scenario=imbalanced_clean seed=11 rounds=4 proto_mse=0.000151 indiv_mse=0.288742 cond=32.93
2026-05-20 16:47:00,838 INFO scenario=imbalanced_clean seed=11 rounds=8 proto_mse=0.000265 indiv_mse=0.288761 cond=24.21
2026-05-20 16:47:00,839 INFO scenario=imbalanced_clean seed=19 rounds=1 proto_mse=0.245613 indiv_mse=0.407933 cond=7113553036423888.00
2026-05-20 16:47:00,840 INFO scenario=imbalanced_clean seed=19 rounds=2 proto_mse=0.001504 indiv_mse=0.237761 cond=118.52
2026-05-20 16:47:00,841 INFO scenario=imbalanced_clean seed=19 rounds=4 proto_mse=0.001214 indiv_mse=0.237493 cond=46.34
2026-05-20 16:47:00,843 INFO scenario=imbalanced_clean seed=19 rounds=8 proto_mse=0.000481 indiv_mse=0.237149 cond=18.98
2026-05-20 16:47:00,844 INFO scenario=imbalanced_clean seed=23 rounds=1 proto_mse=0.224140 indiv_mse=0.496887 cond=7113553036423888.00
2026-05-20 16:47:00,845 INFO scenario=imbalanced_clean seed=23 rounds=2 proto_mse=0.001088 indiv_mse=0.342817 cond=94.13
2026-05-20 16:47:00,846 INFO scenario=imbalanced_clean seed=23 rounds=4 proto_mse=0.000438 indiv_mse=0.342258 cond=58.40
2026-05-20 16:47:00,848 INFO scenario=imbalanced_clean seed=23 rounds=8 proto_mse=0.000302 indiv_mse=0.342405 cond=20.57
2026-05-20 16:47:00,849 INFO scenario=imbalanced_clean seed=29 rounds=1 proto_mse=0.315462 indiv_mse=0.562530 cond=7113553036423888.00
2026-05-20 16:47:00,850 INFO scenario=imbalanced_clean seed=29 rounds=2 proto_mse=0.000915 indiv_mse=0.285123 cond=51.31
2026-05-20 16:47:00,851 INFO scenario=imbalanced_clean seed=29 rounds=4 proto_mse=0.000726 indiv_mse=0.285034 cond=33.49
2026-05-20 16:47:00,853 INFO scenario=imbalanced_clean seed=29 rounds=8 proto_mse=0.000381 indiv_mse=0.284917 cond=19.67
2026-05-20 16:47:00,854 INFO scenario=imbalanced_clean seed=31 rounds=1 proto_mse=0.335138 indiv_mse=0.465285 cond=7113553036423888.00
2026-05-20 16:47:00,856 INFO scenario=imbalanced_clean seed=31 rounds=2 proto_mse=0.000847 indiv_mse=0.232154 cond=91.50
2026-05-20 16:47:00,857 INFO scenario=imbalanced_clean seed=31 rounds=4 proto_mse=0.000380 indiv_mse=0.231918 cond=33.67
2026-05-20 16:47:00,859 INFO scenario=imbalanced_clean seed=31 rounds=8 proto_mse=0.000190 indiv_mse=0.231817 cond=18.65
2026-05-20 16:47:00,860 INFO scenario=imbalanced_clean seed=37 rounds=1 proto_mse=0.258440 indiv_mse=0.427499 cond=7113553036423888.00
2026-05-20 16:47:00,861 INFO scenario=imbalanced_clean seed=37 rounds=2 proto_mse=0.000309 indiv_mse=0.249465 cond=46.20
2026-05-20 16:47:00,862 INFO scenario=imbalanced_clean seed=37 rounds=4 proto_mse=0.000331 indiv_mse=0.249491 cond=34.22
2026-05-20 16:47:00,864 INFO scenario=imbalanced_clean seed=37 rounds=8 proto_mse=0.000247 indiv_mse=0.249398 cond=19.27
2026-05-20 16:47:00,864 INFO scenario=noisy_terminal_1e-3 config={'n_classes': 3, 'class_counts': (8, 8, 8), 'dim_x': 10, 'prototype_scale': 2.0, 'within_class_std': 0.55, 'lr': 0.04, 'local_steps': 3, 'probe_rounds': (1, 2, 4, 8), 'bias_scale': 1.2, 'terminal_noise_std': 0.001, 'seeds': (3, 7, 11, 19, 23, 29, 31, 37)}
2026-05-20 16:47:00,865 INFO scenario=noisy_terminal_1e-3 seed=3 rounds=1 proto_mse=0.127293 indiv_mse=0.391141 cond=7113553036423888.00
2026-05-20 16:47:00,866 INFO scenario=noisy_terminal_1e-3 seed=3 rounds=2 proto_mse=0.024941 indiv_mse=0.288789 cond=459.64
2026-05-20 16:47:00,868 INFO scenario=noisy_terminal_1e-3 seed=3 rounds=4 proto_mse=0.000826 indiv_mse=0.264674 cond=56.29
2026-05-20 16:47:00,870 INFO scenario=noisy_terminal_1e-3 seed=3 rounds=8 proto_mse=0.000176 indiv_mse=0.264024 cond=23.75
2026-05-20 16:47:00,871 INFO scenario=noisy_terminal_1e-3 seed=7 rounds=1 proto_mse=0.135483 indiv_mse=0.361804 cond=7113553036423888.00
2026-05-20 16:47:00,872 INFO scenario=noisy_terminal_1e-3 seed=7 rounds=2 proto_mse=0.001465 indiv_mse=0.227786 cond=86.24
2026-05-20 16:47:00,873 INFO scenario=noisy_terminal_1e-3 seed=7 rounds=4 proto_mse=0.000886 indiv_mse=0.227206 cond=36.52
2026-05-20 16:47:00,875 INFO scenario=noisy_terminal_1e-3 seed=7 rounds=8 proto_mse=0.000343 indiv_mse=0.226664 cond=23.79
2026-05-20 16:47:00,876 INFO scenario=noisy_terminal_1e-3 seed=11 rounds=1 proto_mse=0.155818 indiv_mse=0.437216 cond=7113553036423888.00
2026-05-20 16:47:00,878 INFO scenario=noisy_terminal_1e-3 seed=11 rounds=2 proto_mse=0.001389 indiv_mse=0.232539 cond=79.43
2026-05-20 16:47:00,879 INFO scenario=noisy_terminal_1e-3 seed=11 rounds=4 proto_mse=0.000423 indiv_mse=0.231573 cond=32.93
2026-05-20 16:47:00,881 INFO scenario=noisy_terminal_1e-3 seed=11 rounds=8 proto_mse=0.000393 indiv_mse=0.281842 cond=24.21
2026-05-20 16:47:00,882 INFO scenario=noisy_terminal_1e-3 seed=19 rounds=1 proto_mse=0.121112 indiv_mse=0.445562 cond=7113553036423888.00
2026-05-20 16:47:00,883 INFO scenario=noisy_terminal_1e-3 seed=19 rounds=2 proto_mse=0.001350 indiv_mse=0.245970 cond=118.52
2026-05-20 16:47:00,885 INFO scenario=noisy_terminal_1e-3 seed=19 rounds=4 proto_mse=0.000963 indiv_mse=0.245583 cond=46.34
2026-05-20 16:47:00,886 INFO scenario=noisy_terminal_1e-3 seed=19 rounds=8 proto_mse=0.000220 indiv_mse=0.244840 cond=18.98
2026-05-20 16:47:00,888 INFO scenario=noisy_terminal_1e-3 seed=23 rounds=1 proto_mse=0.127356 indiv_mse=0.508732 cond=7113553036423888.00
2026-05-20 16:47:00,889 INFO scenario=noisy_terminal_1e-3 seed=23 rounds=2 proto_mse=0.002099 indiv_mse=0.359975 cond=94.13
2026-05-20 16:47:00,890 INFO scenario=noisy_terminal_1e-3 seed=23 rounds=4 proto_mse=0.000461 indiv_mse=0.359382 cond=58.40
2026-05-20 16:47:00,892 INFO scenario=noisy_terminal_1e-3 seed=23 rounds=8 proto_mse=0.000194 indiv_mse=0.358526 cond=20.57
2026-05-20 16:47:00,893 INFO scenario=noisy_terminal_1e-3 seed=29 rounds=1 proto_mse=0.165530 indiv_mse=0.451160 cond=7113553036423888.00
2026-05-20 16:47:00,894 INFO scenario=noisy_terminal_1e-3 seed=29 rounds=2 proto_mse=0.001104 indiv_mse=0.286734 cond=51.31
2026-05-20 16:47:00,895 INFO scenario=noisy_terminal_1e-3 seed=29 rounds=4 proto_mse=0.000835 indiv_mse=0.286465 cond=33.49
2026-05-20 16:47:00,897 INFO scenario=noisy_terminal_1e-3 seed=29 rounds=8 proto_mse=0.000183 indiv_mse=0.285813 cond=19.67
2026-05-20 16:47:00,898 INFO scenario=noisy_terminal_1e-3 seed=31 rounds=1 proto_mse=0.188857 indiv_mse=0.421167 cond=7113553036423888.00
2026-05-20 16:47:00,899 INFO scenario=noisy_terminal_1e-3 seed=31 rounds=2 proto_mse=0.001941 indiv_mse=0.234252 cond=91.50
2026-05-20 16:47:00,900 INFO scenario=noisy_terminal_1e-3 seed=31 rounds=4 proto_mse=0.000693 indiv_mse=0.233003 cond=33.67
2026-05-20 16:47:00,901 INFO scenario=noisy_terminal_1e-3 seed=31 rounds=8 proto_mse=0.000527 indiv_mse=0.232837 cond=18.65
2026-05-20 16:47:00,902 INFO scenario=noisy_terminal_1e-3 seed=37 rounds=1 proto_mse=0.126945 indiv_mse=0.366062 cond=7113553036423888.00
2026-05-20 16:47:00,904 INFO scenario=noisy_terminal_1e-3 seed=37 rounds=2 proto_mse=0.000650 indiv_mse=0.239767 cond=46.20
2026-05-20 16:47:00,905 INFO scenario=noisy_terminal_1e-3 seed=37 rounds=4 proto_mse=0.000287 indiv_mse=0.239404 cond=34.22
2026-05-20 16:47:00,907 INFO scenario=noisy_terminal_1e-3 seed=37 rounds=8 proto_mse=0.000222 indiv_mse=0.239339 cond=19.27
2026-05-20 16:47:00,907 INFO scenario=weak_bias_poor_condition config={'n_classes': 3, 'class_counts': (8, 8, 8), 'dim_x': 10, 'prototype_scale': 2.0, 'within_class_std': 0.55, 'lr': 0.04, 'local_steps': 3, 'probe_rounds': (1, 2, 4, 8), 'bias_scale': 0.08, 'terminal_noise_std': 0.0, 'seeds': (3, 7, 11, 19, 23, 29, 31, 37)}
2026-05-20 16:47:00,908 INFO scenario=weak_bias_poor_condition seed=3 rounds=1 proto_mse=0.127284 indiv_mse=0.391132 cond=7113553036423888.00
2026-05-20 16:47:00,909 INFO scenario=weak_bias_poor_condition seed=3 rounds=2 proto_mse=0.000336 indiv_mse=0.264185 cond=7031.23
2026-05-20 16:47:00,910 INFO scenario=weak_bias_poor_condition seed=3 rounds=4 proto_mse=0.000267 indiv_mse=0.264115 cond=603.70
2026-05-20 16:47:00,912 INFO scenario=weak_bias_poor_condition seed=3 rounds=8 proto_mse=0.000288 indiv_mse=0.264136 cond=275.18
2026-05-20 16:47:00,913 INFO scenario=weak_bias_poor_condition seed=7 rounds=1 proto_mse=0.135155 indiv_mse=0.361476 cond=7113553036423888.00
2026-05-20 16:47:00,914 INFO scenario=weak_bias_poor_condition seed=7 rounds=2 proto_mse=0.000434 indiv_mse=0.226755 cond=729.84
2026-05-20 16:47:00,915 INFO scenario=weak_bias_poor_condition seed=7 rounds=4 proto_mse=0.000354 indiv_mse=0.226675 cond=472.90
2026-05-20 16:47:00,917 INFO scenario=weak_bias_poor_condition seed=7 rounds=8 proto_mse=0.000356 indiv_mse=0.226677 cond=279.67
2026-05-20 16:47:00,918 INFO scenario=weak_bias_poor_condition seed=11 rounds=1 proto_mse=0.155968 indiv_mse=0.487890 cond=7113553036423888.00
2026-05-20 16:47:00,919 INFO scenario=weak_bias_poor_condition seed=11 rounds=2 proto_mse=0.000371 indiv_mse=0.281627 cond=742.13
2026-05-20 16:47:00,921 INFO scenario=weak_bias_poor_condition seed=11 rounds=4 proto_mse=0.000329 indiv_mse=0.281556 cond=336.99
2026-05-20 16:47:00,922 INFO scenario=weak_bias_poor_condition seed=11 rounds=8 proto_mse=0.000340 indiv_mse=0.281572 cond=238.10
2026-05-20 16:47:00,923 INFO scenario=weak_bias_poor_condition seed=19 rounds=1 proto_mse=0.119838 indiv_mse=0.445332 cond=7113553036423888.00
2026-05-20 16:47:00,924 INFO scenario=weak_bias_poor_condition seed=19 rounds=2 proto_mse=0.000284 indiv_mse=0.244904 cond=1420.57
2026-05-20 16:47:00,926 INFO scenario=weak_bias_poor_condition seed=19 rounds=4 proto_mse=0.000243 indiv_mse=0.244864 cond=611.31
2026-05-20 16:47:00,928 INFO scenario=weak_bias_poor_condition seed=19 rounds=8 proto_mse=0.000253 indiv_mse=0.244874 cond=234.56
2026-05-20 16:47:00,929 INFO scenario=weak_bias_poor_condition seed=23 rounds=1 proto_mse=0.127497 indiv_mse=0.505439 cond=7113553036423888.00
2026-05-20 16:47:00,930 INFO scenario=weak_bias_poor_condition seed=23 rounds=2 proto_mse=0.000347 indiv_mse=0.359025 cond=847.20
2026-05-20 16:47:00,932 INFO scenario=weak_bias_poor_condition seed=23 rounds=4 proto_mse=0.000294 indiv_mse=0.358989 cond=559.98
2026-05-20 16:47:00,933 INFO scenario=weak_bias_poor_condition seed=23 rounds=8 proto_mse=0.000318 indiv_mse=0.359013 cond=236.66
2026-05-20 16:47:00,934 INFO scenario=weak_bias_poor_condition seed=29 rounds=1 proto_mse=0.165269 indiv_mse=0.450899 cond=7113553036423888.00
2026-05-20 16:47:00,935 INFO scenario=weak_bias_poor_condition seed=29 rounds=2 proto_mse=0.000470 indiv_mse=0.286100 cond=643.16
2026-05-20 16:47:00,937 INFO scenario=weak_bias_poor_condition seed=29 rounds=4 proto_mse=0.000397 indiv_mse=0.286027 cond=383.54
2026-05-20 16:47:00,938 INFO scenario=weak_bias_poor_condition seed=29 rounds=8 proto_mse=0.000412 indiv_mse=0.286042 cond=210.42
2026-05-20 16:47:00,939 INFO scenario=weak_bias_poor_condition seed=31 rounds=1 proto_mse=0.188069 indiv_mse=0.420380 cond=7113553036423888.00
2026-05-20 16:47:00,940 INFO scenario=weak_bias_poor_condition seed=31 rounds=2 proto_mse=0.000499 indiv_mse=0.232809 cond=729.96
2026-05-20 16:47:00,942 INFO scenario=weak_bias_poor_condition seed=31 rounds=4 proto_mse=0.000502 indiv_mse=0.232813 cond=373.70
2026-05-20 16:47:00,943 INFO scenario=weak_bias_poor_condition seed=31 rounds=8 proto_mse=0.000524 indiv_mse=0.232834 cond=218.51
2026-05-20 16:47:00,944 INFO scenario=weak_bias_poor_condition seed=37 rounds=1 proto_mse=0.126051 indiv_mse=0.365168 cond=7113553036423888.00
2026-05-20 16:47:00,945 INFO scenario=weak_bias_poor_condition seed=37 rounds=2 proto_mse=0.000253 indiv_mse=0.239370 cond=490.86
2026-05-20 16:47:00,947 INFO scenario=weak_bias_poor_condition seed=37 rounds=4 proto_mse=0.000248 indiv_mse=0.239365 cond=381.99
2026-05-20 16:47:00,949 INFO scenario=weak_bias_poor_condition seed=37 rounds=8 proto_mse=0.000237 indiv_mse=0.239354 cond=232.11
2026-05-20 16:47:00,949 INFO scenario=more_local_steps config={'n_classes': 3, 'class_counts': (8, 8, 8), 'dim_x': 10, 'prototype_scale': 2.0, 'within_class_std': 0.55, 'lr': 0.04, 'local_steps': 8, 'probe_rounds': (1, 2, 4, 8), 'bias_scale': 1.2, 'terminal_noise_std': 0.0, 'seeds': (3, 7, 11, 19, 23, 29, 31, 37)}
2026-05-20 16:47:00,950 INFO scenario=more_local_steps seed=3 rounds=1 proto_mse=0.128586 indiv_mse=0.392435 cond=7113553036423888.00
2026-05-20 16:47:00,951 INFO scenario=more_local_steps seed=3 rounds=2 proto_mse=0.003745 indiv_mse=0.267593 cond=459.64
2026-05-20 16:47:00,953 INFO scenario=more_local_steps seed=3 rounds=4 proto_mse=0.002239 indiv_mse=0.266087 cond=56.29
2026-05-20 16:47:00,955 INFO scenario=more_local_steps seed=3 rounds=8 proto_mse=0.002241 indiv_mse=0.266089 cond=23.75
2026-05-20 16:47:00,956 INFO scenario=more_local_steps seed=7 rounds=1 proto_mse=0.136908 indiv_mse=0.363229 cond=7113553036423888.00
2026-05-20 16:47:00,958 INFO scenario=more_local_steps seed=7 rounds=2 proto_mse=0.004431 indiv_mse=0.230752 cond=86.24
2026-05-20 16:47:00,960 INFO scenario=more_local_steps seed=7 rounds=4 proto_mse=0.003284 indiv_mse=0.229605 cond=36.52
2026-05-20 16:47:00,961 INFO scenario=more_local_steps seed=7 rounds=8 proto_mse=0.002735 indiv_mse=0.229056 cond=23.79
2026-05-20 16:47:00,963 INFO scenario=more_local_steps seed=11 rounds=1 proto_mse=0.157222 indiv_mse=0.484511 cond=7113553036423888.00
2026-05-20 16:47:00,964 INFO scenario=more_local_steps seed=11 rounds=2 proto_mse=0.002642 indiv_mse=0.281265 cond=79.43
2026-05-20 16:47:00,965 INFO scenario=more_local_steps seed=11 rounds=4 proto_mse=0.001581 indiv_mse=0.280709 cond=32.93
2026-05-20 16:47:00,968 INFO scenario=more_local_steps seed=11 rounds=8 proto_mse=0.001909 indiv_mse=0.280945 cond=24.21
2026-05-20 16:47:00,969 INFO scenario=more_local_steps seed=19 rounds=1 proto_mse=0.120966 indiv_mse=0.442482 cond=7113553036423888.00
2026-05-20 16:47:00,970 INFO scenario=more_local_steps seed=19 rounds=2 proto_mse=0.002814 indiv_mse=0.381248 cond=118.52
2026-05-20 16:47:00,972 INFO scenario=more_local_steps seed=19 rounds=4 proto_mse=0.002103 indiv_mse=0.383229 cond=46.34
2026-05-20 16:47:00,974 INFO scenario=more_local_steps seed=19 rounds=8 proto_mse=0.001254 indiv_mse=0.319998 cond=18.98
2026-05-20 16:47:00,975 INFO scenario=more_local_steps seed=23 rounds=1 proto_mse=0.128886 indiv_mse=0.502540 cond=7113553036423888.00
2026-05-20 16:47:00,976 INFO scenario=more_local_steps seed=23 rounds=2 proto_mse=0.003565 indiv_mse=0.359587 cond=94.13
2026-05-20 16:47:00,978 INFO scenario=more_local_steps seed=23 rounds=4 proto_mse=0.002727 indiv_mse=0.359303 cond=58.40
2026-05-20 16:47:00,980 INFO scenario=more_local_steps seed=23 rounds=8 proto_mse=0.001535 indiv_mse=0.358330 cond=20.57
2026-05-20 16:47:00,981 INFO scenario=more_local_steps seed=29 rounds=1 proto_mse=0.166625 indiv_mse=0.452255 cond=7113553036423888.00
2026-05-20 16:47:00,982 INFO scenario=more_local_steps seed=29 rounds=2 proto_mse=0.003330 indiv_mse=0.288960 cond=51.31
2026-05-20 16:47:00,983 INFO scenario=more_local_steps seed=29 rounds=4 proto_mse=0.002527 indiv_mse=0.288157 cond=33.49
2026-05-20 16:47:00,985 INFO scenario=more_local_steps seed=29 rounds=8 proto_mse=0.002268 indiv_mse=0.287898 cond=19.67
2026-05-20 16:47:00,986 INFO scenario=more_local_steps seed=31 rounds=1 proto_mse=0.189439 indiv_mse=0.421750 cond=7113553036423888.00
2026-05-20 16:47:00,988 INFO scenario=more_local_steps seed=31 rounds=2 proto_mse=0.003329 indiv_mse=0.235640 cond=91.50
2026-05-20 16:47:00,989 INFO scenario=more_local_steps seed=31 rounds=4 proto_mse=0.002337 indiv_mse=0.234648 cond=33.67
2026-05-20 16:47:00,991 INFO scenario=more_local_steps seed=31 rounds=8 proto_mse=0.002179 indiv_mse=0.234490 cond=18.65
2026-05-20 16:47:00,992 INFO scenario=more_local_steps seed=37 rounds=1 proto_mse=0.126923 indiv_mse=0.366040 cond=7113553036423888.00
2026-05-20 16:47:00,993 INFO scenario=more_local_steps seed=37 rounds=2 proto_mse=0.000972 indiv_mse=0.240089 cond=46.20
2026-05-20 16:47:00,994 INFO scenario=more_local_steps seed=37 rounds=4 proto_mse=0.001183 indiv_mse=0.240299 cond=34.22
2026-05-20 16:47:00,996 INFO scenario=more_local_steps seed=37 rounds=8 proto_mse=0.001142 indiv_mse=0.240259 cond=19.27
2026-05-20 16:47:00,996 INFO scenario=high_within_class_variance config={'n_classes': 3, 'class_counts': (8, 8, 8), 'dim_x': 10, 'prototype_scale': 2.0, 'within_class_std': 1.0, 'lr': 0.04, 'local_steps': 3, 'probe_rounds': (1, 2, 4, 8), 'bias_scale': 1.2, 'terminal_noise_std': 0.0, 'seeds': (3, 7, 11, 19, 23, 29, 31, 37)}
2026-05-20 16:47:00,997 INFO scenario=high_within_class_variance seed=3 rounds=1 proto_mse=0.136604 indiv_mse=1.192153 cond=7113553036423888.00
2026-05-20 16:47:00,998 INFO scenario=high_within_class_variance seed=3 rounds=2 proto_mse=0.000783 indiv_mse=1.051156 cond=459.64
2026-05-20 16:47:01,000 INFO scenario=high_within_class_variance seed=3 rounds=4 proto_mse=0.000448 indiv_mse=1.050459 cond=56.29
2026-05-20 16:47:01,001 INFO scenario=high_within_class_variance seed=3 rounds=8 proto_mse=0.000406 indiv_mse=1.050786 cond=23.75
2026-05-20 16:47:01,002 INFO scenario=high_within_class_variance seed=7 rounds=1 proto_mse=0.150114 indiv_mse=0.898283 cond=7113553036423888.00
2026-05-20 16:47:01,003 INFO scenario=high_within_class_variance seed=7 rounds=2 proto_mse=0.001156 indiv_mse=0.786386 cond=86.24
2026-05-20 16:47:01,004 INFO scenario=high_within_class_variance seed=7 rounds=4 proto_mse=0.000590 indiv_mse=0.748758 cond=36.52
2026-05-20 16:47:01,006 INFO scenario=high_within_class_variance seed=7 rounds=8 proto_mse=0.000513 indiv_mse=0.748681 cond=23.79
2026-05-20 16:47:01,007 INFO scenario=high_within_class_variance seed=11 rounds=1 proto_mse=0.193734 indiv_mse=1.100098 cond=7113553036423888.00
2026-05-20 16:47:01,009 INFO scenario=high_within_class_variance seed=11 rounds=2 proto_mse=0.000517 indiv_mse=0.905920 cond=79.43
2026-05-20 16:47:01,010 INFO scenario=high_within_class_variance seed=11 rounds=4 proto_mse=0.000294 indiv_mse=0.906418 cond=32.93
2026-05-20 16:47:01,011 INFO scenario=high_within_class_variance seed=11 rounds=8 proto_mse=0.000378 indiv_mse=0.905956 cond=24.21
2026-05-20 16:47:01,012 INFO scenario=high_within_class_variance seed=19 rounds=1 proto_mse=0.119299 indiv_mse=1.203526 cond=7113553036423888.00
2026-05-20 16:47:01,013 INFO scenario=high_within_class_variance seed=19 rounds=2 proto_mse=0.000545 indiv_mse=1.042607 cond=118.52
2026-05-20 16:47:01,015 INFO scenario=high_within_class_variance seed=19 rounds=4 proto_mse=0.000313 indiv_mse=1.027547 cond=46.34
2026-05-20 16:47:01,016 INFO scenario=high_within_class_variance seed=19 rounds=8 proto_mse=0.000186 indiv_mse=1.029018 cond=18.98
2026-05-20 16:47:01,018 INFO scenario=high_within_class_variance seed=23 rounds=1 proto_mse=0.136925 indiv_mse=1.377490 cond=7113553036423888.00
2026-05-20 16:47:01,019 INFO scenario=high_within_class_variance seed=23 rounds=2 proto_mse=0.001023 indiv_mse=1.162522 cond=94.13
2026-05-20 16:47:01,020 INFO scenario=high_within_class_variance seed=23 rounds=4 proto_mse=0.000622 indiv_mse=1.162528 cond=58.40
2026-05-20 16:47:01,022 INFO scenario=high_within_class_variance seed=23 rounds=8 proto_mse=0.000295 indiv_mse=1.162893 cond=20.57
2026-05-20 16:47:01,023 INFO scenario=high_within_class_variance seed=29 rounds=1 proto_mse=0.205149 indiv_mse=1.357352 cond=7113553036423888.00
2026-05-20 16:47:01,024 INFO scenario=high_within_class_variance seed=29 rounds=2 proto_mse=0.000691 indiv_mse=1.131762 cond=51.31
2026-05-20 16:47:01,025 INFO scenario=high_within_class_variance seed=29 rounds=4 proto_mse=0.000478 indiv_mse=1.131179 cond=33.49
2026-05-20 16:47:01,027 INFO scenario=high_within_class_variance seed=29 rounds=8 proto_mse=0.000492 indiv_mse=1.130046 cond=19.67
2026-05-20 16:47:01,028 INFO scenario=high_within_class_variance seed=31 rounds=1 proto_mse=0.247395 indiv_mse=1.289604 cond=7113553036423888.00
2026-05-20 16:47:01,029 INFO scenario=high_within_class_variance seed=31 rounds=2 proto_mse=0.000753 indiv_mse=0.943247 cond=91.50
2026-05-20 16:47:01,031 INFO scenario=high_within_class_variance seed=31 rounds=4 proto_mse=0.000484 indiv_mse=0.945971 cond=33.67
2026-05-20 16:47:01,032 INFO scenario=high_within_class_variance seed=31 rounds=8 proto_mse=0.000429 indiv_mse=0.945325 cond=18.65
2026-05-20 16:47:01,033 INFO scenario=high_within_class_variance seed=37 rounds=1 proto_mse=0.128685 indiv_mse=1.057600 cond=7113553036423888.00
2026-05-20 16:47:01,034 INFO scenario=high_within_class_variance seed=37 rounds=2 proto_mse=0.000155 indiv_mse=0.890311 cond=46.20
2026-05-20 16:47:01,035 INFO scenario=high_within_class_variance seed=37 rounds=4 proto_mse=0.000190 indiv_mse=0.890001 cond=34.22
2026-05-20 16:47:01,037 INFO scenario=high_within_class_variance seed=37 rounds=8 proto_mse=0.000161 indiv_mse=0.889962 cond=19.27
2026-05-20 16:47:01,040 INFO wrote /Users/yetao/Documents/06.My Papers/CQU/2026/06.TALON/artifacts/round08_metrics.json
2026-05-20 16:47:01,040 INFO wrote /Users/yetao/Documents/06.My Papers/CQU/2026/06.TALON/artifacts/round08_tango_stress.svg
2026-05-20 16:47:01,040 INFO headline={'balanced_active_probe_rounds': 8.0, 'balanced_active_prototype_mse_mean': 0.00015058279086769822, 'balanced_single_round_prototype_mse_mean': 0.14314149032715157, 'balanced_active_vs_single_round_proto_gain_x': 950.5833269680559, 'balanced_individual_mse_mean': 0.26666941892460394, 'balanced_within_class_variance_mean': 0.2531765239357706, 'noisy_active_prototype_mse_mean': 0.00028223111595524625, 'weak_bias_active_prototype_mse_mean': 0.00032950543032235957, 'weak_bias_condition_number_mean': 465.5124770024528, 'identifiability': 'terminal aggregate probes identify class moments under rank conditions but not individual within-class deviations'}
