2026-05-20 08:07:24,906 INFO Round 14 Phase-2 scoped closure benchmark started
2026-05-20 08:07:24,906 INFO scenario=minibatch_sgd effective_gradient_steps=18.0000
2026-05-20 08:07:24,917 INFO scenario=minibatch_sgd seed=3 method=tango_mb count_mae=0.0916 proto_mse=0.012437
2026-05-20 08:07:24,919 INFO scenario=minibatch_sgd seed=3 method=tango_joint count_mae=0.8476 proto_mse=0.269558
2026-05-20 08:07:24,920 INFO scenario=minibatch_sgd seed=3 method=tango_dopt count_mae=0.0525 proto_mse=0.271824
2026-05-20 08:07:24,924 INFO scenario=minibatch_sgd seed=3 method=tango_coupled count_mae=0.8609 proto_mse=0.269533
2026-05-20 08:07:24,926 INFO scenario=minibatch_sgd seed=3 method=passive_multi_round count_mae=0.2772 proto_mse=0.757128
2026-05-20 08:07:24,927 INFO scenario=minibatch_sgd seed=3 method=passive_mb_scale_only count_mae=0.0924 proto_mse=0.134670
2026-05-20 08:07:24,929 INFO scenario=minibatch_sgd seed=3 method=oracle_aggregate count_mae=0.0000 proto_mse=0.000000
2026-05-20 08:07:24,934 INFO scenario=minibatch_sgd seed=7 method=tango_mb count_mae=0.1519 proto_mse=0.015110
2026-05-20 08:07:24,936 INFO scenario=minibatch_sgd seed=7 method=tango_joint count_mae=1.5402 proto_mse=0.287018
2026-05-20 08:07:24,938 INFO scenario=minibatch_sgd seed=7 method=tango_dopt count_mae=0.2285 proto_mse=0.296604
2026-05-20 08:07:24,942 INFO scenario=minibatch_sgd seed=7 method=tango_coupled count_mae=1.5986 proto_mse=0.286608
2026-05-20 08:07:24,943 INFO scenario=minibatch_sgd seed=7 method=passive_multi_round count_mae=0.4487 proto_mse=0.780541
2026-05-20 08:07:24,945 INFO scenario=minibatch_sgd seed=7 method=passive_mb_scale_only count_mae=0.1496 proto_mse=0.145183
2026-05-20 08:07:24,946 INFO scenario=minibatch_sgd seed=7 method=oracle_aggregate count_mae=0.0000 proto_mse=0.000000
2026-05-20 08:07:24,952 INFO scenario=minibatch_sgd seed=11 method=tango_mb count_mae=0.0284 proto_mse=0.010376
2026-05-20 08:07:24,953 INFO scenario=minibatch_sgd seed=11 method=tango_joint count_mae=0.7065 proto_mse=0.283371
2026-05-20 08:07:24,955 INFO scenario=minibatch_sgd seed=11 method=tango_dopt count_mae=0.0883 proto_mse=0.287634
2026-05-20 08:07:24,959 INFO scenario=minibatch_sgd seed=11 method=tango_coupled count_mae=0.7608 proto_mse=0.283196
2026-05-20 08:07:24,961 INFO scenario=minibatch_sgd seed=11 method=passive_multi_round count_mae=0.0710 proto_mse=0.744634
2026-05-20 08:07:24,962 INFO scenario=minibatch_sgd seed=11 method=passive_mb_scale_only count_mae=0.0237 proto_mse=0.162631
2026-05-20 08:07:24,963 INFO scenario=minibatch_sgd seed=11 method=oracle_aggregate count_mae=0.0000 proto_mse=0.000000
2026-05-20 08:07:24,969 INFO scenario=minibatch_sgd seed=19 method=tango_mb count_mae=0.0985 proto_mse=0.007839
2026-05-20 08:07:24,971 INFO scenario=minibatch_sgd seed=19 method=tango_joint count_mae=1.8095 proto_mse=0.235352
2026-05-20 08:07:24,972 INFO scenario=minibatch_sgd seed=19 method=tango_dopt count_mae=0.1527 proto_mse=0.252104
2026-05-20 08:07:24,976 INFO scenario=minibatch_sgd seed=19 method=tango_coupled count_mae=1.8913 proto_mse=0.234810
2026-05-20 08:07:24,978 INFO scenario=minibatch_sgd seed=19 method=passive_multi_round count_mae=0.2463 proto_mse=0.720909
2026-05-20 08:07:24,979 INFO scenario=minibatch_sgd seed=19 method=passive_mb_scale_only count_mae=0.0821 proto_mse=0.126170
2026-05-20 08:07:24,980 INFO scenario=minibatch_sgd seed=19 method=oracle_aggregate count_mae=0.0000 proto_mse=0.000000
2026-05-20 08:07:24,986 INFO scenario=minibatch_sgd seed=23 method=tango_mb count_mae=0.1065 proto_mse=0.008769
2026-05-20 08:07:24,988 INFO scenario=minibatch_sgd seed=23 method=tango_joint count_mae=1.2689 proto_mse=0.256493
2026-05-20 08:07:24,990 INFO scenario=minibatch_sgd seed=23 method=tango_dopt count_mae=0.3429 proto_mse=0.266137
2026-05-20 08:07:24,994 INFO scenario=minibatch_sgd seed=23 method=tango_coupled count_mae=1.3208 proto_mse=0.256229
2026-05-20 08:07:24,995 INFO scenario=minibatch_sgd seed=23 method=passive_multi_round count_mae=0.2976 proto_mse=0.717698
2026-05-20 08:07:24,997 INFO scenario=minibatch_sgd seed=23 method=passive_mb_scale_only count_mae=0.0992 proto_mse=0.135195
2026-05-20 08:07:24,998 INFO scenario=minibatch_sgd seed=23 method=oracle_aggregate count_mae=0.0000 proto_mse=0.000000
2026-05-20 08:07:25,004 INFO scenario=minibatch_sgd seed=29 method=tango_mb count_mae=0.1374 proto_mse=0.013155
2026-05-20 08:07:25,005 INFO scenario=minibatch_sgd seed=29 method=tango_joint count_mae=0.4611 proto_mse=0.307485
2026-05-20 08:07:25,007 INFO scenario=minibatch_sgd seed=29 method=tango_dopt count_mae=0.1838 proto_mse=0.312208
2026-05-20 08:07:25,011 INFO scenario=minibatch_sgd seed=29 method=tango_coupled count_mae=0.4879 proto_mse=0.307419
2026-05-20 08:07:25,013 INFO scenario=minibatch_sgd seed=29 method=passive_multi_round count_mae=0.3840 proto_mse=0.788260
2026-05-20 08:07:25,014 INFO scenario=minibatch_sgd seed=29 method=passive_mb_scale_only count_mae=0.1280 proto_mse=0.173312
2026-05-20 08:07:25,015 INFO scenario=minibatch_sgd seed=29 method=oracle_aggregate count_mae=0.0000 proto_mse=0.000000
2026-05-20 08:07:25,021 INFO scenario=minibatch_sgd seed=31 method=tango_mb count_mae=0.1053 proto_mse=0.013602
2026-05-20 08:07:25,023 INFO scenario=minibatch_sgd seed=31 method=tango_joint count_mae=1.8474 proto_mse=0.309813
2026-05-20 08:07:25,024 INFO scenario=minibatch_sgd seed=31 method=tango_dopt count_mae=0.3046 proto_mse=0.332172
2026-05-20 08:07:25,028 INFO scenario=minibatch_sgd seed=31 method=tango_coupled count_mae=1.9328 proto_mse=0.308835
2026-05-20 08:07:25,030 INFO scenario=minibatch_sgd seed=31 method=passive_multi_round count_mae=0.3729 proto_mse=0.813874
2026-05-20 08:07:25,031 INFO scenario=minibatch_sgd seed=31 method=passive_mb_scale_only count_mae=0.1243 proto_mse=0.195856
2026-05-20 08:07:25,032 INFO scenario=minibatch_sgd seed=31 method=oracle_aggregate count_mae=0.0000 proto_mse=0.000000
2026-05-20 08:07:25,038 INFO scenario=minibatch_sgd seed=37 method=tango_mb count_mae=0.0843 proto_mse=0.006915
2026-05-20 08:07:25,040 INFO scenario=minibatch_sgd seed=37 method=tango_joint count_mae=2.0245 proto_mse=0.228227
2026-05-20 08:07:25,042 INFO scenario=minibatch_sgd seed=37 method=tango_dopt count_mae=0.2070 proto_mse=0.246698
2026-05-20 08:07:25,045 INFO scenario=minibatch_sgd seed=37 method=tango_coupled count_mae=2.1076 proto_mse=0.227685
2026-05-20 08:07:25,047 INFO scenario=minibatch_sgd seed=37 method=passive_multi_round count_mae=0.2606 proto_mse=0.702736
2026-05-20 08:07:25,049 INFO scenario=minibatch_sgd seed=37 method=passive_mb_scale_only count_mae=0.0869 proto_mse=0.131176
2026-05-20 08:07:25,050 INFO scenario=minibatch_sgd seed=37 method=oracle_aggregate count_mae=0.0000 proto_mse=0.000000
2026-05-20 08:07:25,050 INFO scenario=frozen_mlp_minibatch effective_gradient_steps=18.0000
2026-05-20 08:07:25,056 INFO scenario=frozen_mlp_minibatch seed=3 method=tango_mb count_mae=0.8653 proto_mse=0.081660
2026-05-20 08:07:25,057 INFO scenario=frozen_mlp_minibatch seed=3 method=tango_joint count_mae=0.7960 proto_mse=0.475128
2026-05-20 08:07:25,059 INFO scenario=frozen_mlp_minibatch seed=3 method=tango_dopt count_mae=0.2699 proto_mse=0.475421
2026-05-20 08:07:25,063 INFO scenario=frozen_mlp_minibatch seed=3 method=tango_coupled count_mae=0.7689 proto_mse=0.474550
2026-05-20 08:07:25,065 INFO scenario=frozen_mlp_minibatch seed=3 method=passive_multi_round count_mae=2.5851 proto_mse=1.285534
2026-05-20 08:07:25,067 INFO scenario=frozen_mlp_minibatch seed=3 method=passive_mb_scale_only count_mae=0.8617 proto_mse=0.315173
2026-05-20 08:07:25,068 INFO scenario=frozen_mlp_minibatch seed=3 method=oracle_aggregate count_mae=0.0000 proto_mse=0.000000
2026-05-20 08:07:25,075 INFO scenario=frozen_mlp_minibatch seed=7 method=tango_mb count_mae=0.4425 proto_mse=0.036962
2026-05-20 08:07:25,077 INFO scenario=frozen_mlp_minibatch seed=7 method=tango_joint count_mae=1.5824 proto_mse=0.398623
2026-05-20 08:07:25,079 INFO scenario=frozen_mlp_minibatch seed=7 method=tango_dopt count_mae=0.3280 proto_mse=0.411070
2026-05-20 08:07:25,083 INFO scenario=frozen_mlp_minibatch seed=7 method=tango_coupled count_mae=1.6832 proto_mse=0.397520
2026-05-20 08:07:25,085 INFO scenario=frozen_mlp_minibatch seed=7 method=passive_multi_round count_mae=1.3266 proto_mse=0.871102
2026-05-20 08:07:25,087 INFO scenario=frozen_mlp_minibatch seed=7 method=passive_mb_scale_only count_mae=0.4422 proto_mse=0.261337
2026-05-20 08:07:25,088 INFO scenario=frozen_mlp_minibatch seed=7 method=oracle_aggregate count_mae=0.0000 proto_mse=0.000000
2026-05-20 08:07:25,095 INFO scenario=frozen_mlp_minibatch seed=11 method=tango_mb count_mae=0.8913 proto_mse=0.128146
2026-05-20 08:07:25,097 INFO scenario=frozen_mlp_minibatch seed=11 method=tango_joint count_mae=0.8056 proto_mse=0.735694
2026-05-20 08:07:25,100 INFO scenario=frozen_mlp_minibatch seed=11 method=tango_dopt count_mae=0.2660 proto_mse=0.739593
2026-05-20 08:07:25,104 INFO scenario=frozen_mlp_minibatch seed=11 method=tango_coupled count_mae=0.9085 proto_mse=0.734823
2026-05-20 08:07:25,106 INFO scenario=frozen_mlp_minibatch seed=11 method=passive_multi_round count_mae=2.6806 proto_mse=1.304496
2026-05-20 08:07:25,108 INFO scenario=frozen_mlp_minibatch seed=11 method=passive_mb_scale_only count_mae=0.8935 proto_mse=0.527149
2026-05-20 08:07:25,109 INFO scenario=frozen_mlp_minibatch seed=11 method=oracle_aggregate count_mae=0.0000 proto_mse=0.000000
2026-05-20 08:07:25,116 INFO scenario=frozen_mlp_minibatch seed=19 method=tango_mb count_mae=0.6318 proto_mse=0.438114
2026-05-20 08:07:25,118 INFO scenario=frozen_mlp_minibatch seed=19 method=tango_joint count_mae=1.8474 proto_mse=1.214990
2026-05-20 08:07:25,120 INFO scenario=frozen_mlp_minibatch seed=19 method=tango_dopt count_mae=0.2104 proto_mse=1.251978
2026-05-20 08:07:25,125 INFO scenario=frozen_mlp_minibatch seed=19 method=tango_coupled count_mae=2.0644 proto_mse=1.211401
2026-05-20 08:07:25,130 INFO scenario=frozen_mlp_minibatch seed=19 method=passive_multi_round count_mae=2.0004 proto_mse=1.157094
2026-05-20 08:07:25,134 INFO scenario=frozen_mlp_minibatch seed=19 method=passive_mb_scale_only count_mae=0.6668 proto_mse=0.892943
2026-05-20 08:07:25,137 INFO scenario=frozen_mlp_minibatch seed=19 method=oracle_aggregate count_mae=0.0000 proto_mse=0.000000
2026-05-20 08:07:25,148 INFO scenario=frozen_mlp_minibatch seed=23 method=tango_mb count_mae=0.4065 proto_mse=0.066794
2026-05-20 08:07:25,152 INFO scenario=frozen_mlp_minibatch seed=23 method=tango_joint count_mae=1.3744 proto_mse=0.408581
2026-05-20 08:07:25,155 INFO scenario=frozen_mlp_minibatch seed=23 method=tango_dopt count_mae=0.4457 proto_mse=0.438759
2026-05-20 08:07:25,160 INFO scenario=frozen_mlp_minibatch seed=23 method=tango_coupled count_mae=1.5049 proto_mse=0.406099
2026-05-20 08:07:25,163 INFO scenario=frozen_mlp_minibatch seed=23 method=passive_multi_round count_mae=1.2325 proto_mse=0.626852
2026-05-20 08:07:25,165 INFO scenario=frozen_mlp_minibatch seed=23 method=passive_mb_scale_only count_mae=0.4108 proto_mse=0.180120
2026-05-20 08:07:25,166 INFO scenario=frozen_mlp_minibatch seed=23 method=oracle_aggregate count_mae=0.0000 proto_mse=0.000000
2026-05-20 08:07:25,173 INFO scenario=frozen_mlp_minibatch seed=29 method=tango_mb count_mae=0.5878 proto_mse=0.100282
2026-05-20 08:07:25,175 INFO scenario=frozen_mlp_minibatch seed=29 method=tango_joint count_mae=0.5108 proto_mse=0.662560
2026-05-20 08:07:25,177 INFO scenario=frozen_mlp_minibatch seed=29 method=tango_dopt count_mae=0.1216 proto_mse=0.672657
2026-05-20 08:07:25,182 INFO scenario=frozen_mlp_minibatch seed=29 method=tango_coupled count_mae=0.5748 proto_mse=0.661778
2026-05-20 08:07:25,183 INFO scenario=frozen_mlp_minibatch seed=29 method=passive_multi_round count_mae=1.7233 proto_mse=1.051808
2026-05-20 08:07:25,185 INFO scenario=frozen_mlp_minibatch seed=29 method=passive_mb_scale_only count_mae=0.5744 proto_mse=0.509278
2026-05-20 08:07:25,186 INFO scenario=frozen_mlp_minibatch seed=29 method=oracle_aggregate count_mae=0.0000 proto_mse=0.000000
2026-05-20 08:07:25,192 INFO scenario=frozen_mlp_minibatch seed=31 method=tango_mb count_mae=0.6938 proto_mse=0.117591
2026-05-20 08:07:25,194 INFO scenario=frozen_mlp_minibatch seed=31 method=tango_joint count_mae=1.9983 proto_mse=0.684450
2026-05-20 08:07:25,196 INFO scenario=frozen_mlp_minibatch seed=31 method=tango_dopt count_mae=0.3574 proto_mse=0.725928
2026-05-20 08:07:25,200 INFO scenario=frozen_mlp_minibatch seed=31 method=tango_coupled count_mae=2.1202 proto_mse=0.681930
2026-05-20 08:07:25,201 INFO scenario=frozen_mlp_minibatch seed=31 method=passive_multi_round count_mae=2.0994 proto_mse=1.160004
2026-05-20 08:07:25,203 INFO scenario=frozen_mlp_minibatch seed=31 method=passive_mb_scale_only count_mae=0.6998 proto_mse=0.437663
2026-05-20 08:07:25,204 INFO scenario=frozen_mlp_minibatch seed=31 method=oracle_aggregate count_mae=0.0000 proto_mse=0.000000
2026-05-20 08:07:25,210 INFO scenario=frozen_mlp_minibatch seed=37 method=tango_mb count_mae=0.4321 proto_mse=0.039999
2026-05-20 08:07:25,211 INFO scenario=frozen_mlp_minibatch seed=37 method=tango_joint count_mae=2.2192 proto_mse=0.426006
2026-05-20 08:07:25,213 INFO scenario=frozen_mlp_minibatch seed=37 method=tango_dopt count_mae=0.3295 proto_mse=0.472021
2026-05-20 08:07:25,217 INFO scenario=frozen_mlp_minibatch seed=37 method=tango_coupled count_mae=2.3751 proto_mse=0.424086
2026-05-20 08:07:25,219 INFO scenario=frozen_mlp_minibatch seed=37 method=passive_multi_round count_mae=1.2946 proto_mse=0.847429
2026-05-20 08:07:25,220 INFO scenario=frozen_mlp_minibatch seed=37 method=passive_mb_scale_only count_mae=0.4315 proto_mse=0.258223
2026-05-20 08:07:25,221 INFO scenario=frozen_mlp_minibatch seed=37 method=oracle_aggregate count_mae=0.0000 proto_mse=0.000000
2026-05-20 08:07:25,221 INFO scenario=minibatch_label_noise effective_gradient_steps=18.0000
2026-05-20 08:07:25,227 INFO scenario=minibatch_label_noise seed=3 method=tango_mb count_mae=0.0656 proto_mse=0.010358
2026-05-20 08:07:25,233 INFO scenario=minibatch_label_noise seed=3 method=tango_joint count_mae=0.8530 proto_mse=0.238396
2026-05-20 08:07:25,235 INFO scenario=minibatch_label_noise seed=3 method=tango_dopt count_mae=0.0471 proto_mse=0.242301
2026-05-20 08:07:25,239 INFO scenario=minibatch_label_noise seed=3 method=tango_coupled count_mae=0.8938 proto_mse=0.238264
2026-05-20 08:07:25,241 INFO scenario=minibatch_label_noise seed=3 method=passive_multi_round count_mae=0.2003 proto_mse=0.632082
2026-05-20 08:07:25,242 INFO scenario=minibatch_label_noise seed=3 method=passive_mb_scale_only count_mae=0.0668 proto_mse=0.133014
2026-05-20 08:07:25,243 INFO scenario=minibatch_label_noise seed=3 method=oracle_aggregate count_mae=0.0000 proto_mse=0.000000
2026-05-20 08:07:25,249 INFO scenario=minibatch_label_noise seed=7 method=tango_mb count_mae=0.9422 proto_mse=0.026011
2026-05-20 08:07:25,251 INFO scenario=minibatch_label_noise seed=7 method=tango_joint count_mae=1.8914 proto_mse=0.269239
2026-05-20 08:07:25,253 INFO scenario=minibatch_label_noise seed=7 method=tango_dopt count_mae=0.4285 proto_mse=0.269735
2026-05-20 08:07:25,256 INFO scenario=minibatch_label_noise seed=7 method=tango_coupled count_mae=1.9374 proto_mse=0.269054
2026-05-20 08:07:25,258 INFO scenario=minibatch_label_noise seed=7 method=passive_multi_round count_mae=2.8399 proto_mse=1.752008
2026-05-20 08:07:25,260 INFO scenario=minibatch_label_noise seed=7 method=passive_mb_scale_only count_mae=0.9466 proto_mse=0.153864
2026-05-20 08:07:25,261 INFO scenario=minibatch_label_noise seed=7 method=oracle_aggregate count_mae=0.0000 proto_mse=0.000000
2026-05-20 08:07:25,266 INFO scenario=minibatch_label_noise seed=11 method=tango_mb count_mae=0.0444 proto_mse=0.009281
2026-05-20 08:07:25,268 INFO scenario=minibatch_label_noise seed=11 method=tango_joint count_mae=0.7314 proto_mse=0.259331
2026-05-20 08:07:25,270 INFO scenario=minibatch_label_noise seed=11 method=tango_dopt count_mae=0.1127 proto_mse=0.264455
2026-05-20 08:07:25,274 INFO scenario=minibatch_label_noise seed=11 method=tango_coupled count_mae=0.8019 proto_mse=0.259054
2026-05-20 08:07:25,275 INFO scenario=minibatch_label_noise seed=11 method=passive_multi_round count_mae=0.1739 proto_mse=0.649732
2026-05-20 08:07:25,277 INFO scenario=minibatch_label_noise seed=11 method=passive_mb_scale_only count_mae=0.0580 proto_mse=0.161442
2026-05-20 08:07:25,278 INFO scenario=minibatch_label_noise seed=11 method=oracle_aggregate count_mae=0.0000 proto_mse=0.000000
2026-05-20 08:07:25,284 INFO scenario=minibatch_label_noise seed=19 method=tango_mb count_mae=1.0640 proto_mse=0.014102
2026-05-20 08:07:25,285 INFO scenario=minibatch_label_noise seed=19 method=tango_joint count_mae=2.1448 proto_mse=0.211789
2026-05-20 08:07:25,287 INFO scenario=minibatch_label_noise seed=19 method=tango_dopt count_mae=0.4768 proto_mse=0.220229
2026-05-20 08:07:25,291 INFO scenario=minibatch_label_noise seed=19 method=tango_coupled count_mae=2.2180 proto_mse=0.211476
2026-05-20 08:07:25,293 INFO scenario=minibatch_label_noise seed=19 method=passive_multi_round count_mae=3.1655 proto_mse=1.085562
2026-05-20 08:07:25,294 INFO scenario=minibatch_label_noise seed=19 method=passive_mb_scale_only count_mae=1.0552 proto_mse=0.130021
2026-05-20 08:07:25,295 INFO scenario=minibatch_label_noise seed=19 method=oracle_aggregate count_mae=0.0000 proto_mse=0.000000
2026-05-20 08:07:25,301 INFO scenario=minibatch_label_noise seed=23 method=tango_mb count_mae=1.1108 proto_mse=0.012550
2026-05-20 08:07:25,303 INFO scenario=minibatch_label_noise seed=23 method=tango_joint count_mae=1.6082 proto_mse=0.226849
2026-05-20 08:07:25,304 INFO scenario=minibatch_label_noise seed=23 method=tango_dopt count_mae=0.6766 proto_mse=0.233562
2026-05-20 08:07:25,308 INFO scenario=minibatch_label_noise seed=23 method=tango_coupled count_mae=1.6718 proto_mse=0.226639
2026-05-20 08:07:25,310 INFO scenario=minibatch_label_noise seed=23 method=passive_multi_round count_mae=3.3067 proto_mse=1.138093
2026-05-20 08:07:25,311 INFO scenario=minibatch_label_noise seed=23 method=passive_mb_scale_only count_mae=1.1022 proto_mse=0.137520
2026-05-20 08:07:25,312 INFO scenario=minibatch_label_noise seed=23 method=oracle_aggregate count_mae=0.0000 proto_mse=0.000000
2026-05-20 08:07:25,318 INFO scenario=minibatch_label_noise seed=29 method=tango_mb count_mae=0.6899 proto_mse=0.013528
2026-05-20 08:07:25,320 INFO scenario=minibatch_label_noise seed=29 method=tango_joint count_mae=0.6196 proto_mse=0.282849
2026-05-20 08:07:25,322 INFO scenario=minibatch_label_noise seed=29 method=tango_dopt count_mae=0.3790 proto_mse=0.285572
2026-05-20 08:07:25,326 INFO scenario=minibatch_label_noise seed=29 method=tango_coupled count_mae=0.6510 proto_mse=0.282803
2026-05-20 08:07:25,327 INFO scenario=minibatch_label_noise seed=29 method=passive_multi_round count_mae=2.0548 proto_mse=0.962954
2026-05-20 08:07:25,329 INFO scenario=minibatch_label_noise seed=29 method=passive_mb_scale_only count_mae=0.6849 proto_mse=0.172270
2026-05-20 08:07:25,330 INFO scenario=minibatch_label_noise seed=29 method=oracle_aggregate count_mae=0.0000 proto_mse=0.000000
2026-05-20 08:07:25,335 INFO scenario=minibatch_label_noise seed=31 method=tango_mb count_mae=0.5942 proto_mse=0.016253
2026-05-20 08:07:25,337 INFO scenario=minibatch_label_noise seed=31 method=tango_joint count_mae=2.0109 proto_mse=0.285348
2026-05-20 08:07:25,339 INFO scenario=minibatch_label_noise seed=31 method=tango_dopt count_mae=0.4572 proto_mse=0.298952
2026-05-20 08:07:25,343 INFO scenario=minibatch_label_noise seed=31 method=tango_coupled count_mae=2.0700 proto_mse=0.284900
2026-05-20 08:07:25,344 INFO scenario=minibatch_label_noise seed=31 method=passive_multi_round count_mae=1.7999 proto_mse=0.859147
2026-05-20 08:07:25,346 INFO scenario=minibatch_label_noise seed=31 method=passive_mb_scale_only count_mae=0.6000 proto_mse=0.195135
2026-05-20 08:07:25,347 INFO scenario=minibatch_label_noise seed=31 method=oracle_aggregate count_mae=0.0000 proto_mse=0.000000
2026-05-20 08:07:25,353 INFO scenario=minibatch_label_noise seed=37 method=tango_mb count_mae=0.6071 proto_mse=0.009678
2026-05-20 08:07:25,354 INFO scenario=minibatch_label_noise seed=37 method=tango_joint count_mae=2.2019 proto_mse=0.201776
2026-05-20 08:07:25,356 INFO scenario=minibatch_label_noise seed=37 method=tango_dopt count_mae=0.3814 proto_mse=0.214120
2026-05-20 08:07:25,360 INFO scenario=minibatch_label_noise seed=37 method=tango_coupled count_mae=2.2675 proto_mse=0.201470
2026-05-20 08:07:25,362 INFO scenario=minibatch_label_noise seed=37 method=passive_multi_round count_mae=1.7860 proto_mse=0.757070
2026-05-20 08:07:25,363 INFO scenario=minibatch_label_noise seed=37 method=passive_mb_scale_only count_mae=0.5953 proto_mse=0.130848
2026-05-20 08:07:25,364 INFO scenario=minibatch_label_noise seed=37 method=oracle_aggregate count_mae=0.0000 proto_mse=0.000000
2026-05-20 08:07:25,364 INFO scenario=minibatch_terminal_noise effective_gradient_steps=18.0000
2026-05-20 08:07:25,370 INFO scenario=minibatch_terminal_noise seed=3 method=tango_mb count_mae=0.1324 proto_mse=0.012002
2026-05-20 08:07:25,372 INFO scenario=minibatch_terminal_noise seed=3 method=tango_joint count_mae=0.8504 proto_mse=0.269286
2026-05-20 08:07:25,373 INFO scenario=minibatch_terminal_noise seed=3 method=tango_dopt count_mae=0.0545 proto_mse=0.271586
2026-05-20 08:07:25,377 INFO scenario=minibatch_terminal_noise seed=3 method=tango_coupled count_mae=0.8640 proto_mse=0.269261
2026-05-20 08:07:25,379 INFO scenario=minibatch_terminal_noise seed=3 method=passive_multi_round count_mae=0.2628 proto_mse=0.761221
2026-05-20 08:07:25,380 INFO scenario=minibatch_terminal_noise seed=3 method=passive_mb_scale_only count_mae=0.0876 proto_mse=0.134626
2026-05-20 08:07:25,382 INFO scenario=minibatch_terminal_noise seed=3 method=oracle_aggregate count_mae=0.0000 proto_mse=0.000000
2026-05-20 08:07:25,387 INFO scenario=minibatch_terminal_noise seed=7 method=tango_mb count_mae=0.1824 proto_mse=0.015113
2026-05-20 08:07:25,389 INFO scenario=minibatch_terminal_noise seed=7 method=tango_joint count_mae=1.5318 proto_mse=0.286986
2026-05-20 08:07:25,391 INFO scenario=minibatch_terminal_noise seed=7 method=tango_dopt count_mae=0.2348 proto_mse=0.296441
2026-05-20 08:07:25,395 INFO scenario=minibatch_terminal_noise seed=7 method=tango_coupled count_mae=1.5897 proto_mse=0.286581
2026-05-20 08:07:25,396 INFO scenario=minibatch_terminal_noise seed=7 method=passive_multi_round count_mae=0.4073 proto_mse=0.797109
2026-05-20 08:07:25,398 INFO scenario=minibatch_terminal_noise seed=7 method=passive_mb_scale_only count_mae=0.1358 proto_mse=0.144866
2026-05-20 08:07:25,399 INFO scenario=minibatch_terminal_noise seed=7 method=oracle_aggregate count_mae=0.0000 proto_mse=0.000000
2026-05-20 08:07:25,404 INFO scenario=minibatch_terminal_noise seed=11 method=tango_mb count_mae=0.0706 proto_mse=0.010463
2026-05-20 08:07:25,406 INFO scenario=minibatch_terminal_noise seed=11 method=tango_joint count_mae=0.7015 proto_mse=0.283402
2026-05-20 08:07:25,408 INFO scenario=minibatch_terminal_noise seed=11 method=tango_dopt count_mae=0.0776 proto_mse=0.287789
2026-05-20 08:07:25,412 INFO scenario=minibatch_terminal_noise seed=11 method=tango_coupled count_mae=0.7559 proto_mse=0.283225
2026-05-20 08:07:25,413 INFO scenario=minibatch_terminal_noise seed=11 method=passive_multi_round count_mae=0.1362 proto_mse=0.743979
2026-05-20 08:07:25,415 INFO scenario=minibatch_terminal_noise seed=11 method=passive_mb_scale_only count_mae=0.0454 proto_mse=0.162650
2026-05-20 08:07:25,416 INFO scenario=minibatch_terminal_noise seed=11 method=oracle_aggregate count_mae=0.0000 proto_mse=0.000000
2026-05-20 08:07:25,422 INFO scenario=minibatch_terminal_noise seed=19 method=tango_mb count_mae=0.1147 proto_mse=0.007869
2026-05-20 08:07:25,423 INFO scenario=minibatch_terminal_noise seed=19 method=tango_joint count_mae=1.8089 proto_mse=0.235229
2026-05-20 08:07:25,425 INFO scenario=minibatch_terminal_noise seed=19 method=tango_dopt count_mae=0.1385 proto_mse=0.252636
2026-05-20 08:07:25,429 INFO scenario=minibatch_terminal_noise seed=19 method=tango_coupled count_mae=1.8907 proto_mse=0.234686
2026-05-20 08:07:25,430 INFO scenario=minibatch_terminal_noise seed=19 method=passive_multi_round count_mae=0.2403 proto_mse=0.724500
2026-05-20 08:07:25,432 INFO scenario=minibatch_terminal_noise seed=19 method=passive_mb_scale_only count_mae=0.0801 proto_mse=0.126143
2026-05-20 08:07:25,433 INFO scenario=minibatch_terminal_noise seed=19 method=oracle_aggregate count_mae=0.0000 proto_mse=0.000000
2026-05-20 08:07:25,439 INFO scenario=minibatch_terminal_noise seed=23 method=tango_mb count_mae=0.0632 proto_mse=0.008616
2026-05-20 08:07:25,441 INFO scenario=minibatch_terminal_noise seed=23 method=tango_joint count_mae=1.2590 proto_mse=0.256539
2026-05-20 08:07:25,442 INFO scenario=minibatch_terminal_noise seed=23 method=tango_dopt count_mae=0.3152 proto_mse=0.266219
2026-05-20 08:07:25,446 INFO scenario=minibatch_terminal_noise seed=23 method=tango_coupled count_mae=1.3108 proto_mse=0.256277
2026-05-20 08:07:25,448 INFO scenario=minibatch_terminal_noise seed=23 method=passive_multi_round count_mae=0.3189 proto_mse=0.696004
2026-05-20 08:07:25,450 INFO scenario=minibatch_terminal_noise seed=23 method=passive_mb_scale_only count_mae=0.1063 proto_mse=0.135547
2026-05-20 08:07:25,451 INFO scenario=minibatch_terminal_noise seed=23 method=oracle_aggregate count_mae=0.0000 proto_mse=0.000000
2026-05-20 08:07:25,456 INFO scenario=minibatch_terminal_noise seed=29 method=tango_mb count_mae=0.1956 proto_mse=0.012952
2026-05-20 08:07:25,458 INFO scenario=minibatch_terminal_noise seed=29 method=tango_joint count_mae=0.4640 proto_mse=0.307520
2026-05-20 08:07:25,460 INFO scenario=minibatch_terminal_noise seed=29 method=tango_dopt count_mae=0.1883 proto_mse=0.312650
2026-05-20 08:07:25,464 INFO scenario=minibatch_terminal_noise seed=29 method=tango_coupled count_mae=0.4907 proto_mse=0.307455
2026-05-20 08:07:25,465 INFO scenario=minibatch_terminal_noise seed=29 method=passive_multi_round count_mae=0.3657 proto_mse=0.807066
2026-05-20 08:07:25,467 INFO scenario=minibatch_terminal_noise seed=29 method=passive_mb_scale_only count_mae=0.1219 proto_mse=0.173071
2026-05-20 08:07:25,468 INFO scenario=minibatch_terminal_noise seed=29 method=oracle_aggregate count_mae=0.0000 proto_mse=0.000000
2026-05-20 08:07:25,474 INFO scenario=minibatch_terminal_noise seed=31 method=tango_mb count_mae=0.0896 proto_mse=0.014139
2026-05-20 08:07:25,475 INFO scenario=minibatch_terminal_noise seed=31 method=tango_joint count_mae=1.8467 proto_mse=0.310066
2026-05-20 08:07:25,477 INFO scenario=minibatch_terminal_noise seed=31 method=tango_dopt count_mae=0.2985 proto_mse=0.332710
2026-05-20 08:07:25,481 INFO scenario=minibatch_terminal_noise seed=31 method=tango_coupled count_mae=1.9317 proto_mse=0.309095
2026-05-20 08:07:25,483 INFO scenario=minibatch_terminal_noise seed=31 method=passive_multi_round count_mae=0.3598 proto_mse=0.820850
2026-05-20 08:07:25,484 INFO scenario=minibatch_terminal_noise seed=31 method=passive_mb_scale_only count_mae=0.1199 proto_mse=0.195731
2026-05-20 08:07:25,485 INFO scenario=minibatch_terminal_noise seed=31 method=oracle_aggregate count_mae=0.0000 proto_mse=0.000000
2026-05-20 08:07:25,491 INFO scenario=minibatch_terminal_noise seed=37 method=tango_mb count_mae=0.0728 proto_mse=0.006964
2026-05-20 08:07:25,493 INFO scenario=minibatch_terminal_noise seed=37 method=tango_joint count_mae=2.0324 proto_mse=0.228326
2026-05-20 08:07:25,495 INFO scenario=minibatch_terminal_noise seed=37 method=tango_dopt count_mae=0.2045 proto_mse=0.247144
2026-05-20 08:07:25,499 INFO scenario=minibatch_terminal_noise seed=37 method=tango_coupled count_mae=2.1156 proto_mse=0.227783
2026-05-20 08:07:25,500 INFO scenario=minibatch_terminal_noise seed=37 method=passive_multi_round count_mae=0.2734 proto_mse=0.702896
2026-05-20 08:07:25,502 INFO scenario=minibatch_terminal_noise seed=37 method=passive_mb_scale_only count_mae=0.0911 proto_mse=0.131105
2026-05-20 08:07:25,503 INFO scenario=minibatch_terminal_noise seed=37 method=oracle_aggregate count_mae=0.0000 proto_mse=0.000000
2026-05-20 08:07:25,503 INFO scenario=balanced_clean effective_gradient_steps=3.0000
2026-05-20 08:07:25,505 INFO scenario=balanced_clean seed=3 method=tango_mb count_mae=0.0147 proto_mse=0.000179
2026-05-20 08:07:25,507 INFO scenario=balanced_clean seed=3 method=tango_joint count_mae=0.0151 proto_mse=0.130847
2026-05-20 08:07:25,509 INFO scenario=balanced_clean seed=3 method=tango_dopt count_mae=0.0168 proto_mse=0.127295
2026-05-20 08:07:25,513 INFO scenario=balanced_clean seed=3 method=tango_coupled count_mae=0.0567 proto_mse=0.130935
2026-05-20 08:07:25,514 INFO scenario=balanced_clean seed=3 method=passive_multi_round count_mae=0.0147 proto_mse=0.127284
2026-05-20 08:07:25,516 INFO scenario=balanced_clean seed=3 method=passive_mb_scale_only count_mae=0.0147 proto_mse=0.127284
2026-05-20 08:07:25,517 INFO scenario=balanced_clean seed=3 method=oracle_aggregate count_mae=0.0000 proto_mse=0.000000
2026-05-20 08:07:25,520 INFO scenario=balanced_clean seed=7 method=tango_mb count_mae=0.0226 proto_mse=0.000219
2026-05-20 08:07:25,521 INFO scenario=balanced_clean seed=7 method=tango_joint count_mae=0.0592 proto_mse=0.144878
2026-05-20 08:07:25,523 INFO scenario=balanced_clean seed=7 method=tango_dopt count_mae=0.0290 proto_mse=0.135237
2026-05-20 08:07:25,527 INFO scenario=balanced_clean seed=7 method=tango_coupled count_mae=0.1100 proto_mse=0.144671
2026-05-20 08:07:25,529 INFO scenario=balanced_clean seed=7 method=passive_multi_round count_mae=0.0226 proto_mse=0.135155
2026-05-20 08:07:25,530 INFO scenario=balanced_clean seed=7 method=passive_mb_scale_only count_mae=0.0226 proto_mse=0.135155
2026-05-20 08:07:25,531 INFO scenario=balanced_clean seed=7 method=oracle_aggregate count_mae=0.0000 proto_mse=0.000000
2026-05-20 08:07:25,534 INFO scenario=balanced_clean seed=11 method=tango_mb count_mae=0.0100 proto_mse=0.000157
2026-05-20 08:07:25,536 INFO scenario=balanced_clean seed=11 method=tango_joint count_mae=0.0264 proto_mse=0.158620
2026-05-20 08:07:25,538 INFO scenario=balanced_clean seed=11 method=tango_dopt count_mae=0.0055 proto_mse=0.156046
2026-05-20 08:07:25,542 INFO scenario=balanced_clean seed=11 method=tango_coupled count_mae=0.0808 proto_mse=0.158510
2026-05-20 08:07:25,543 INFO scenario=balanced_clean seed=11 method=passive_multi_round count_mae=0.0100 proto_mse=0.155968
2026-05-20 08:07:25,545 INFO scenario=balanced_clean seed=11 method=passive_mb_scale_only count_mae=0.0100 proto_mse=0.155968
2026-05-20 08:07:25,546 INFO scenario=balanced_clean seed=11 method=oracle_aggregate count_mae=0.0000 proto_mse=0.000000
2026-05-20 08:07:25,548 INFO scenario=balanced_clean seed=19 method=tango_mb count_mae=0.0110 proto_mse=0.000094
2026-05-20 08:07:25,550 INFO scenario=balanced_clean seed=19 method=tango_joint count_mae=0.0417 proto_mse=0.131916
2026-05-20 08:07:25,552 INFO scenario=balanced_clean seed=19 method=tango_dopt count_mae=0.0115 proto_mse=0.119896
2026-05-20 08:07:25,556 INFO scenario=balanced_clean seed=19 method=tango_coupled count_mae=0.1154 proto_mse=0.131167
2026-05-20 08:07:25,557 INFO scenario=balanced_clean seed=19 method=passive_multi_round count_mae=0.0110 proto_mse=0.119838
2026-05-20 08:07:25,559 INFO scenario=balanced_clean seed=19 method=passive_mb_scale_only count_mae=0.0110 proto_mse=0.119838
2026-05-20 08:07:25,560 INFO scenario=balanced_clean seed=19 method=oracle_aggregate count_mae=0.0000 proto_mse=0.000000
2026-05-20 08:07:25,563 INFO scenario=balanced_clean seed=23 method=tango_mb count_mae=0.0141 proto_mse=0.000125
2026-05-20 08:07:25,564 INFO scenario=balanced_clean seed=23 method=tango_joint count_mae=0.0687 proto_mse=0.132547
2026-05-20 08:07:25,566 INFO scenario=balanced_clean seed=23 method=tango_dopt count_mae=0.0257 proto_mse=0.127722
2026-05-20 08:07:25,570 INFO scenario=balanced_clean seed=23 method=tango_coupled count_mae=0.1071 proto_mse=0.132220
2026-05-20 08:07:25,572 INFO scenario=balanced_clean seed=23 method=passive_multi_round count_mae=0.0141 proto_mse=0.127497
2026-05-20 08:07:25,573 INFO scenario=balanced_clean seed=23 method=passive_mb_scale_only count_mae=0.0141 proto_mse=0.127497
2026-05-20 08:07:25,574 INFO scenario=balanced_clean seed=23 method=oracle_aggregate count_mae=0.0000 proto_mse=0.000000
2026-05-20 08:07:25,577 INFO scenario=balanced_clean seed=29 method=tango_mb count_mae=0.0224 proto_mse=0.000177
2026-05-20 08:07:25,578 INFO scenario=balanced_clean seed=29 method=tango_joint count_mae=0.0298 proto_mse=0.165915
2026-05-20 08:07:25,580 INFO scenario=balanced_clean seed=29 method=tango_dopt count_mae=0.0247 proto_mse=0.165285
2026-05-20 08:07:25,584 INFO scenario=balanced_clean seed=29 method=tango_coupled count_mae=0.0523 proto_mse=0.165766
2026-05-20 08:07:25,586 INFO scenario=balanced_clean seed=29 method=passive_multi_round count_mae=0.0224 proto_mse=0.165269
2026-05-20 08:07:25,587 INFO scenario=balanced_clean seed=29 method=passive_mb_scale_only count_mae=0.0224 proto_mse=0.165269
2026-05-20 08:07:25,588 INFO scenario=balanced_clean seed=29 method=oracle_aggregate count_mae=0.0000 proto_mse=0.000000
2026-05-20 08:07:25,591 INFO scenario=balanced_clean seed=31 method=tango_mb count_mae=0.0149 proto_mse=0.000164
2026-05-20 08:07:25,593 INFO scenario=balanced_clean seed=31 method=tango_joint count_mae=0.0635 proto_mse=0.206030
2026-05-20 08:07:25,594 INFO scenario=balanced_clean seed=31 method=tango_dopt count_mae=0.0241 proto_mse=0.188375
2026-05-20 08:07:25,598 INFO scenario=balanced_clean seed=31 method=tango_coupled count_mae=0.1419 proto_mse=0.205306
2026-05-20 08:07:25,600 INFO scenario=balanced_clean seed=31 method=passive_multi_round count_mae=0.0149 proto_mse=0.188069
2026-05-20 08:07:25,601 INFO scenario=balanced_clean seed=31 method=passive_mb_scale_only count_mae=0.0149 proto_mse=0.188069
2026-05-20 08:07:25,602 INFO scenario=balanced_clean seed=31 method=oracle_aggregate count_mae=0.0000 proto_mse=0.000000
2026-05-20 08:07:25,605 INFO scenario=balanced_clean seed=37 method=tango_mb count_mae=0.0118 proto_mse=0.000089
2026-05-20 08:07:25,607 INFO scenario=balanced_clean seed=37 method=tango_joint count_mae=0.0306 proto_mse=0.143392
2026-05-20 08:07:25,608 INFO scenario=balanced_clean seed=37 method=tango_dopt count_mae=0.0168 proto_mse=0.126136
2026-05-20 08:07:25,613 INFO scenario=balanced_clean seed=37 method=tango_coupled count_mae=0.1016 proto_mse=0.142503
2026-05-20 08:07:25,614 INFO scenario=balanced_clean seed=37 method=passive_multi_round count_mae=0.0118 proto_mse=0.126051
2026-05-20 08:07:25,616 INFO scenario=balanced_clean seed=37 method=passive_mb_scale_only count_mae=0.0118 proto_mse=0.126051
2026-05-20 08:07:25,617 INFO scenario=balanced_clean seed=37 method=oracle_aggregate count_mae=0.0000 proto_mse=0.000000
2026-05-20 08:07:25,638 INFO Running SHARD tier cross (synthetic level3_invert)...
2026-05-20 08:07:28,757 INFO SHARD synthetic: mean_rel_err=0.0000 match_acc=0.00 recon_mse=0.036415 (1.94s)
2026-05-20 08:07:28,761 INFO TANGO-MB terminal-only seed=3 proto_mse=0.012437 count_mae=0.0916
2026-05-20 08:07:28,765 INFO TANGO-MB terminal-only seed=7 proto_mse=0.015110 count_mae=0.1519
2026-05-20 08:07:28,769 INFO TANGO-MB terminal-only seed=11 proto_mse=0.010376 count_mae=0.0284
2026-05-20 08:07:28,772 INFO TANGO-MB terminal-only seed=19 proto_mse=0.007839 count_mae=0.0985
2026-05-20 08:07:28,776 INFO TANGO-MB terminal-only seed=23 proto_mse=0.008769 count_mae=0.1065
2026-05-20 08:07:28,780 INFO TANGO-MB terminal-only seed=29 proto_mse=0.013155 count_mae=0.1374
2026-05-20 08:07:28,784 INFO TANGO-MB terminal-only seed=31 proto_mse=0.013602 count_mae=0.1053
2026-05-20 08:07:28,787 INFO TANGO-MB terminal-only seed=37 proto_mse=0.006915 count_mae=0.0843
2026-05-20 08:07:28,793 INFO wrote /workspace/artifacts/round14_metrics.json
2026-05-20 08:07:28,793 INFO phase2_primary={'scenario': 'minibatch_sgd', 'passive_prototype_mse_mean': 0.7532224427330506, 'passive_prototype_mse_median': 0.7508806811901247, 'passive_mb_scale_only_prototype_mse_mean': 0.15052416933561713, 'passive_mb_scale_only_prototype_mse_median': 0.1401890991638744, 'passive_mb_scale_only_prototype_mse_iqr': 0.03150480805586517, 'tango_mb_prototype_mse_mean': 0.011025348154678465, 'tango_mb_prototype_mse_median': 0.011406367115738615, 'tango_mb_prototype_mse_iqr': 0.004729788087105695, 'tango_joint_prototype_mse_mean': 0.27216472139342146, 'tango_joint_prototype_mse_median': 0.2764648324792708, 'tango_joint_prototype_mse_iqr': 0.040926989983641915, 'tango_dopt_prototype_mse_mean': 0.2831726120776326, 'tango_dopt_prototype_mse_median': 0.2797289970554694, 'tango_dopt_prototype_mse_iqr': 0.03787597130512049, 'tango_coupled_prototype_mse_mean': 0.2717895308628642, 'tango_mb_count_mae_mean': 0.10048982792321062, 'tango_joint_count_mae_mean': 1.3132143389313646, 'tango_dopt_count_mae_mean': 0.1950344811839319, 'tango_mb_vs_passive_gain_x': 68.31733856979658, 'active_over_r11_scaling_only_x': 13.652554751456455, 'phase2_primary_win': 1.0, 'joint_vs_dopt_identical': 0.0, 'dopt_beats_joint': 0.0}
2026-05-20 08:07:28,793 INFO joint_vs_dopt_fix={'tango_joint': 'uniform round weights (round_weights=None)', 'tango_dopt': 'D-opt weights w_r propto 1/||p-uniform||', 'primary_joint_mse_mean': 0.27216472139342146, 'primary_dopt_mse_mean': 0.2831726120776326, 'primary_joint_mse_median': 0.2764648324792708, 'primary_dopt_mse_median': 0.2797289970554694, 'identical_on_primary': 0.0, 'dopt_beats_joint': 0.0}
2026-05-20 08:07:28,793 INFO shard_baseline_cross keys=['comparison_type', 'shard_intermediate', 'tango_terminal_minibatch_sgd', 'terminal_only_shard_level3', 'interpretation', 'require_baseline_comparison_vs_shard']
